 :: Extracting meta information
$ 5000  `git ls-remote --heads --tags 'https://github.com/martinjlogan/erlware'  2>&1`
>>> [repo] 2 branches, 0 tags
 :: Writing meta to "/home/pete/wefwefwef/docs/other/2893972575/meta.txt"
 :: Processing https://github.com/martinjlogan/erlware	{rev,branch,"ewl_copy","011befb65600b9cab37368d2efce88c766bc50b1"}
 :: Fetching repo code
$ cd "/home/pete/wefwefwef/docs/other/2893972575/erlware-branch-ewl_copy/erlware"
$ infinity  `curl --fail --silent --show-error --location --output 'ewl_copy.zip' 'https://github.com/martinjlogan/erlware/archive/ewl_copy.zip'  2>&1`
$ cd "/home/pete/wefwefwef/docs/erldocs_other.git"
$ cd "/home/pete/wefwefwef/docs/other/2893972575/erlware-branch-ewl_copy/erlware"
$ 5000  `find -P . -type l -delete  2>&1`
$ cd "/home/pete/wefwefwef/docs/erldocs_other.git"
$ cd "/home/pete/wefwefwef/docs/other/2893972575/erlware-branch-ewl_copy/erlware"
$ 5000  `find 'erlware-ewl_copy' -mindepth 1 -maxdepth 1 -exec mv -t . -- {} +  2>&1`
$ cd "/home/pete/wefwefwef/docs/erldocs_other.git"
 :: Getting dependencies
 :: Generating erldocs into /home/pete/wefwefwef/docs/other/2893972575/repo/ewl_copy
Building erlware
Generating XML for application erlware "/home/pete/wefwefwef/docs/other/2893972575/erlware-branch-ewl_copy/erlware" -> "/home/pete/wefwefwef/docs/other/2893972575/repo/ewl_copy/.xml/erlware"
/home/pete/wefwefwef/docs/other/2893972575/erlware-branch-ewl_copy/erlware/lib/ewlib/src/ewl_string_manip.erl: at line 14: can't find include file "eunit.hrl"
edoc: skipping source file '/home/pete/wefwefwef/docs/other/2893972575/erlware-branch-ewl_copy/erlware/lib/ewlib/src/ewl_string_manip.erl': {'EXIT',
                                                                                                                                       error}.
/home/pete/wefwefwef/docs/other/2893972575/erlware-branch-ewl_copy/erlware/lib/ewlib/src/ewl_file.erl, function delete_dir/1: at line 51: warning: tag @depricated not recognized.
/home/pete/wefwefwef/docs/other/2893972575/erlware-branch-ewl_copy/erlware/lib/ewlib/src/ewl_file.erl, function copy_dir/2: at line 129: warning: tag @depricated not recognized.
/home/pete/wefwefwef/docs/other/2893972575/erlware-branch-ewl_copy/erlware/lib/ewlib/src/ewl_file.erl, function copy_file/2: at line 135: warning: tag @depricated not recognized.
/home/pete/wefwefwef/docs/other/2893972575/erlware-branch-ewl_copy/erlware/lib/ewlib/src/ewl_package_paths.erl, function release_package_extended_rel_file_path/3: at line 44: @spec name does not match.
edoc: skipping source file '/home/pete/wefwefwef/docs/other/2893972575/erlware-branch-ewl_copy/erlware/lib/ewlib/src/ewl_package_paths.erl': {'EXIT',
                                                                                                                                        error}.
/home/pete/wefwefwef/docs/other/2893972575/erlware-branch-ewl_copy/erlware/lib/ewlib/src/ewl_config_diff.erl: at line 15: can't find include file "eunit.hrl"
edoc: skipping source file '/home/pete/wefwefwef/docs/other/2893972575/erlware-branch-ewl_copy/erlware/lib/ewlib/src/ewl_config_diff.erl': {'EXIT',
                                                                                                                                      error}.
/home/pete/wefwefwef/docs/other/2893972575/erlware-branch-ewl_copy/erlware/lib/ewlib/src/ewl_get_opt.erl: at line 37: can't find include file "eunit.hrl"
edoc: skipping source file '/home/pete/wefwefwef/docs/other/2893972575/erlware-branch-ewl_copy/erlware/lib/ewlib/src/ewl_get_opt.erl': {'EXIT',
                                                                                                                                  error}.
/home/pete/wefwefwef/docs/other/2893972575/erlware-branch-ewl_copy/erlware/lib/fslib/src/fs_test_lib.erl: at line 4: bad import declaration
edoc: skipping source file '/home/pete/wefwefwef/docs/other/2893972575/erlware-branch-ewl_copy/erlware/lib/fslib/src/fs_test_lib.erl': {'EXIT',
                                                                                                                                  error}.
/home/pete/wefwefwef/docs/other/2893972575/erlware-branch-ewl_copy/erlware/lib/fslib/src/fs_fixture_server.erl: at line 4: bad import declaration
edoc: skipping source file '/home/pete/wefwefwef/docs/other/2893972575/erlware-branch-ewl_copy/erlware/lib/fslib/src/fs_fixture_server.erl': {'EXIT',
                                                                                                                                        error}.
/home/pete/wefwefwef/docs/other/2893972575/erlware-branch-ewl_copy/erlware/lib/fslib/src/fs_process_data.erl: at line 4: bad import declaration
edoc: skipping source file '/home/pete/wefwefwef/docs/other/2893972575/erlware-branch-ewl_copy/erlware/lib/fslib/src/fs_process_data.erl': {'EXIT',
                                                                                                                                      error}.
/home/pete/wefwefwef/docs/other/2893972575/erlware-branch-ewl_copy/erlware/lib/fslib/src/fs_filemon.erl: at line 4: bad import declaration
edoc: skipping source file '/home/pete/wefwefwef/docs/other/2893972575/erlware-branch-ewl_copy/erlware/lib/fslib/src/fs_filemon.erl': {'EXIT',
                                                                                                                                 error}.
/home/pete/wefwefwef/docs/other/2893972575/erlware-branch-ewl_copy/erlware/lib/fslib/src/fs_boot_smithe.erl, function compair_version_strings/2: at line 340: unknown error parsing specification: {340,edoc_parser,
                                      ["syntax error before: ","':'"]}.
edoc: skipping source file '/home/pete/wefwefwef/docs/other/2893972575/erlware-branch-ewl_copy/erlware/lib/fslib/src/fs_boot_smithe.erl': {'EXIT',
                                                                                                                                     error}.
/home/pete/wefwefwef/docs/other/2893972575/erlware-branch-ewl_copy/erlware/lib/fslib/src/fs_message_bus.erl: at line 4: bad import declaration
edoc: skipping source file '/home/pete/wefwefwef/docs/other/2893972575/erlware-branch-ewl_copy/erlware/lib/fslib/src/fs_message_bus.erl': {'EXIT',
                                                                                                                                     error}.
/home/pete/wefwefwef/docs/other/2893972575/erlware-branch-ewl_copy/erlware/lib/fslib/test/fs_filemon_SUITE.erl: at line 4: bad import declaration
edoc: skipping source file '/home/pete/wefwefwef/docs/other/2893972575/erlware-branch-ewl_copy/erlware/lib/fslib/test/fs_filemon_SUITE.erl': {'EXIT',
                                                                                                                                        error}.
/home/pete/wefwefwef/docs/other/2893972575/erlware-branch-ewl_copy/erlware/lib/fslib/test/fs_lists_SUITE.erl: at line 4: bad import declaration
edoc: skipping source file '/home/pete/wefwefwef/docs/other/2893972575/erlware-branch-ewl_copy/erlware/lib/fslib/test/fs_lists_SUITE.erl': {'EXIT',
                                                                                                                                      error}.
/home/pete/wefwefwef/docs/other/2893972575/erlware-branch-ewl_copy/erlware/lib/fslib/test/fs_event_tracker_h_test.erl, function all/1: at line 46: @spec arity does not match.
edoc: skipping source file '/home/pete/wefwefwef/docs/other/2893972575/erlware-branch-ewl_copy/erlware/lib/fslib/test/fs_event_tracker_h_test.erl': {'EXIT',
                                                                                                                                               error}.
/home/pete/wefwefwef/docs/other/2893972575/erlware-branch-ewl_copy/erlware/lib/fslib/test/fs_web_util_SUITE.erl: at line 4: bad import declaration
edoc: skipping source file '/home/pete/wefwefwef/docs/other/2893972575/erlware-branch-ewl_copy/erlware/lib/fslib/test/fs_web_util_SUITE.erl': {'EXIT',
                                                                                                                                         error}.
/home/pete/wefwefwef/docs/other/2893972575/erlware-branch-ewl_copy/erlware/lib/fslib/test/fs_string_SUITE.erl: at line 4: bad import declaration
edoc: skipping source file '/home/pete/wefwefwef/docs/other/2893972575/erlware-branch-ewl_copy/erlware/lib/fslib/test/fs_string_SUITE.erl': {'EXIT',
                                                                                                                                       error}.
/home/pete/wefwefwef/docs/other/2893972575/erlware-branch-ewl_copy/erlware/lib/fslib/test/fs_file_test.erl, function all/1: at line 44: @spec arity does not match.
edoc: skipping source file '/home/pete/wefwefwef/docs/other/2893972575/erlware-branch-ewl_copy/erlware/lib/fslib/test/fs_file_test.erl': {'EXIT',
                                                                                                                                    error}.
/home/pete/wefwefwef/docs/other/2893972575/erlware-branch-ewl_copy/erlware/lib/fslib/test/fs_exit_handler_test.erl, function all/1: at line 51: @spec arity does not match.
edoc: skipping source file '/home/pete/wefwefwef/docs/other/2893972575/erlware-branch-ewl_copy/erlware/lib/fslib/test/fs_exit_handler_test.erl': {'EXIT',
                                                                                                                                            error}.
/home/pete/wefwefwef/docs/other/2893972575/erlware-branch-ewl_copy/erlware/lib/fslib/test/fs_exit_handler_h_test.erl, function all/1: at line 51: @spec arity does not match.
edoc: skipping source file '/home/pete/wefwefwef/docs/other/2893972575/erlware-branch-ewl_copy/erlware/lib/fslib/test/fs_exit_handler_h_test.erl': {'EXIT',
                                                                                                                                              error}.
/home/pete/wefwefwef/docs/other/2893972575/erlware-branch-ewl_copy/erlware/lib/fslib/test/fs_weighted_distribution_test.erl, function all/1: at line 47: @spec arity does not match.
edoc: skipping source file '/home/pete/wefwefwef/docs/other/2893972575/erlware-branch-ewl_copy/erlware/lib/fslib/test/fs_weighted_distribution_test.erl': {'EXIT',
                                                                                                                                                     error}.
/home/pete/wefwefwef/docs/other/2893972575/erlware-branch-ewl_copy/erlware/lib/ewrepo/src/ewr_deps_engine.erl: at line 33: can't find include file "eunit.hrl"
edoc: skipping source file '/home/pete/wefwefwef/docs/other/2893972575/erlware-branch-ewl_copy/erlware/lib/ewrepo/src/ewr_deps_engine.erl': {'EXIT',
                                                                                                                                       error}.
/home/pete/wefwefwef/docs/other/2893972575/erlware-branch-ewl_copy/erlware/lib/ewrepo/src/ewr_repo_paths.erl: at line 30: can't find include file "eunit.hrl"
edoc: skipping source file '/home/pete/wefwefwef/docs/other/2893972575/erlware-branch-ewl_copy/erlware/lib/ewrepo/src/ewr_repo_paths.erl': {'EXIT',
                                                                                                                                      error}.
/home/pete/wefwefwef/docs/other/2893972575/erlware-branch-ewl_copy/erlware/lib/ewrepo/src/ewr_util.erl: at line 32: can't find include file "eunit.hrl"
edoc: skipping source file '/home/pete/wefwefwef/docs/other/2893972575/erlware-branch-ewl_copy/erlware/lib/ewrepo/src/ewr_util.erl': {'EXIT',
                                                                                                                                error}.
/home/pete/wefwefwef/docs/other/2893972575/erlware-branch-ewl_copy/erlware/lib/ewrepo/src/ewr_source_repo_paths.erl: at line 30: can't find include file "eunit.hrl"
edoc: skipping source file '/home/pete/wefwefwef/docs/other/2893972575/erlware-branch-ewl_copy/erlware/lib/ewrepo/src/ewr_source_repo_paths.erl': {'EXIT',
                                                                                                                                             error}.
/home/pete/wefwefwef/docs/other/2893972575/erlware-branch-ewl_copy/erlware/lib/ewrepo/src/ewr_resolver.erl: at line 34: can't find include file "eunit.hrl"
edoc: skipping source file '/home/pete/wefwefwef/docs/other/2893972575/erlware-branch-ewl_copy/erlware/lib/ewrepo/src/ewr_resolver.erl': {'EXIT',
                                                                                                                                    error}.
/home/pete/wefwefwef/docs/other/2893972575/erlware-branch-ewl_copy/erlware/lib/ewrepo/src/ewr_doc_repo_paths.erl: at line 30: can't find include file "eunit.hrl"
edoc: skipping source file '/home/pete/wefwefwef/docs/other/2893972575/erlware-branch-ewl_copy/erlware/lib/ewrepo/src/ewr_doc_repo_paths.erl': {'EXIT',
                                                                                                                                          error}.
/home/pete/wefwefwef/docs/other/2893972575/erlware-branch-ewl_copy/erlware/lib/ewrepo/src/ewr_fetch.erl: at line 62: can't find include file "eunit.hrl"
edoc: skipping source file '/home/pete/wefwefwef/docs/other/2893972575/erlware-branch-ewl_copy/erlware/lib/ewrepo/src/ewr_fetch.erl': {'EXIT',
                                                                                                                                 error}.
/home/pete/wefwefwef/docs/other/2893972575/erlware-branch-ewl_copy/erlware/lib/ewrepo/src/ewr_depends.erl: at line 35: can't find include file "eunit.hrl"
edoc: skipping source file '/home/pete/wefwefwef/docs/other/2893972575/erlware-branch-ewl_copy/erlware/lib/ewrepo/src/ewr_depends.erl': {'EXIT',
                                                                                                                                   error}.
/home/pete/wefwefwef/docs/other/2893972575/erlware-branch-ewl_copy/erlware/lib/gas/src/gas_transform.erl: at line 14: can't find include file "eunit.hrl"
edoc: skipping source file '/home/pete/wefwefwef/docs/other/2893972575/erlware-branch-ewl_copy/erlware/lib/gas/src/gas_transform.erl': {'EXIT',
                                                                                                                                  error}.
edoc: error in doclet 'edoc_doclet': {'EXIT',error}.
Error generating erlware XMLs. Using fallback ...
No documentation was generated!
Woot, finished in 0 Minutes 2 Seconds
 :: Discovering other repos
$ 5000  `rm -r '/home/pete/wefwefwef/docs/other/2893972575/erlware-branch-ewl_copy'  2>&1`
 :: Processing https://github.com/martinjlogan/erlware	{rev,branch,"master","9e824ce5037e143273cd01a77181094cf2e3345a"}
 :: Fetching repo code
$ cd "/home/pete/wefwefwef/docs/other/2893972575/erlware-branch-master/erlware"
$ infinity  `curl --fail --silent --show-error --location --output 'master.zip' 'https://github.com/martinjlogan/erlware/archive/master.zip'  2>&1`
$ cd "/home/pete/wefwefwef/docs/erldocs_other.git"
$ cd "/home/pete/wefwefwef/docs/other/2893972575/erlware-branch-master/erlware"
$ 5000  `find -P . -type l -delete  2>&1`
$ cd "/home/pete/wefwefwef/docs/erldocs_other.git"
$ cd "/home/pete/wefwefwef/docs/other/2893972575/erlware-branch-master/erlware"
$ 5000  `find 'erlware-master' -mindepth 1 -maxdepth 1 -exec mv -t . -- {} +  2>&1`
$ cd "/home/pete/wefwefwef/docs/erldocs_other.git"
 :: Getting dependencies
 :: Generating erldocs into /home/pete/wefwefwef/docs/other/2893972575/repo/master
Building erlware
Generating XML for application erlware "/home/pete/wefwefwef/docs/other/2893972575/erlware-branch-master/erlware" -> "/home/pete/wefwefwef/docs/other/2893972575/repo/master/.xml/erlware"
/home/pete/wefwefwef/docs/other/2893972575/erlware-branch-master/erlware/lib/ewlib/src/ewl_string_manip.erl: at line 14: can't find include file "eunit.hrl"
edoc: skipping source file '/home/pete/wefwefwef/docs/other/2893972575/erlware-branch-master/erlware/lib/ewlib/src/ewl_string_manip.erl': {'EXIT',
                                                                                                                                     error}.
/home/pete/wefwefwef/docs/other/2893972575/erlware-branch-master/erlware/lib/ewlib/src/ewl_file.erl, function delete_dir/1: at line 51: warning: tag @depricated not recognized.
/home/pete/wefwefwef/docs/other/2893972575/erlware-branch-master/erlware/lib/ewlib/src/ewl_file.erl, function copy_dir/2: at line 129: warning: tag @depricated not recognized.
/home/pete/wefwefwef/docs/other/2893972575/erlware-branch-master/erlware/lib/ewlib/src/ewl_file.erl, function copy_file/2: at line 135: warning: tag @depricated not recognized.
/home/pete/wefwefwef/docs/other/2893972575/erlware-branch-master/erlware/lib/ewlib/src/ewl_package_paths.erl, function release_package_extended_rel_file_path/3: at line 44: @spec name does not match.
edoc: skipping source file '/home/pete/wefwefwef/docs/other/2893972575/erlware-branch-master/erlware/lib/ewlib/src/ewl_package_paths.erl': {'EXIT',
                                                                                                                                      error}.
/home/pete/wefwefwef/docs/other/2893972575/erlware-branch-master/erlware/lib/ewlib/src/ewl_config_diff.erl: at line 15: can't find include file "eunit.hrl"
edoc: skipping source file '/home/pete/wefwefwef/docs/other/2893972575/erlware-branch-master/erlware/lib/ewlib/src/ewl_config_diff.erl': {'EXIT',
                                                                                                                                    error}.
/home/pete/wefwefwef/docs/other/2893972575/erlware-branch-master/erlware/lib/ewlib/src/ewl_get_opt.erl: at line 37: can't find include file "eunit.hrl"
edoc: skipping source file '/home/pete/wefwefwef/docs/other/2893972575/erlware-branch-master/erlware/lib/ewlib/src/ewl_get_opt.erl': {'EXIT',
                                                                                                                                error}.
/home/pete/wefwefwef/docs/other/2893972575/erlware-branch-master/erlware/lib/fslib/src/fs_test_lib.erl: at line 4: bad import declaration
edoc: skipping source file '/home/pete/wefwefwef/docs/other/2893972575/erlware-branch-master/erlware/lib/fslib/src/fs_test_lib.erl': {'EXIT',
                                                                                                                                error}.
/home/pete/wefwefwef/docs/other/2893972575/erlware-branch-master/erlware/lib/fslib/src/fs_fixture_server.erl: at line 4: bad import declaration
edoc: skipping source file '/home/pete/wefwefwef/docs/other/2893972575/erlware-branch-master/erlware/lib/fslib/src/fs_fixture_server.erl': {'EXIT',
                                                                                                                                      error}.
/home/pete/wefwefwef/docs/other/2893972575/erlware-branch-master/erlware/lib/fslib/src/fs_process_data.erl: at line 4: bad import declaration
edoc: skipping source file '/home/pete/wefwefwef/docs/other/2893972575/erlware-branch-master/erlware/lib/fslib/src/fs_process_data.erl': {'EXIT',
                                                                                                                                    error}.
/home/pete/wefwefwef/docs/other/2893972575/erlware-branch-master/erlware/lib/fslib/src/fs_filemon.erl: at line 4: bad import declaration
edoc: skipping source file '/home/pete/wefwefwef/docs/other/2893972575/erlware-branch-master/erlware/lib/fslib/src/fs_filemon.erl': {'EXIT',
                                                                                                                               error}.
/home/pete/wefwefwef/docs/other/2893972575/erlware-branch-master/erlware/lib/fslib/src/fs_boot_smithe.erl, function compair_version_strings/2: at line 340: unknown error parsing specification: {340,edoc_parser,
                                      ["syntax error before: ","':'"]}.
edoc: skipping source file '/home/pete/wefwefwef/docs/other/2893972575/erlware-branch-master/erlware/lib/fslib/src/fs_boot_smithe.erl': {'EXIT',
                                                                                                                                   error}.
/home/pete/wefwefwef/docs/other/2893972575/erlware-branch-master/erlware/lib/fslib/src/fs_message_bus.erl: at line 4: bad import declaration
edoc: skipping source file '/home/pete/wefwefwef/docs/other/2893972575/erlware-branch-master/erlware/lib/fslib/src/fs_message_bus.erl': {'EXIT',
                                                                                                                                   error}.
/home/pete/wefwefwef/docs/other/2893972575/erlware-branch-master/erlware/lib/fslib/test/fs_filemon_SUITE.erl: at line 4: bad import declaration
edoc: skipping source file '/home/pete/wefwefwef/docs/other/2893972575/erlware-branch-master/erlware/lib/fslib/test/fs_filemon_SUITE.erl': {'EXIT',
                                                                                                                                      error}.
/home/pete/wefwefwef/docs/other/2893972575/erlware-branch-master/erlware/lib/fslib/test/fs_lists_SUITE.erl: at line 4: bad import declaration
edoc: skipping source file '/home/pete/wefwefwef/docs/other/2893972575/erlware-branch-master/erlware/lib/fslib/test/fs_lists_SUITE.erl': {'EXIT',
                                                                                                                                    error}.
/home/pete/wefwefwef/docs/other/2893972575/erlware-branch-master/erlware/lib/fslib/test/fs_event_tracker_h_test.erl, function all/1: at line 46: @spec arity does not match.
edoc: skipping source file '/home/pete/wefwefwef/docs/other/2893972575/erlware-branch-master/erlware/lib/fslib/test/fs_event_tracker_h_test.erl': {'EXIT',
                                                                                                                                             error}.
/home/pete/wefwefwef/docs/other/2893972575/erlware-branch-master/erlware/lib/fslib/test/fs_web_util_SUITE.erl: at line 4: bad import declaration
edoc: skipping source file '/home/pete/wefwefwef/docs/other/2893972575/erlware-branch-master/erlware/lib/fslib/test/fs_web_util_SUITE.erl': {'EXIT',
                                                                                                                                       error}.
/home/pete/wefwefwef/docs/other/2893972575/erlware-branch-master/erlware/lib/fslib/test/fs_string_SUITE.erl: at line 4: bad import declaration
edoc: skipping source file '/home/pete/wefwefwef/docs/other/2893972575/erlware-branch-master/erlware/lib/fslib/test/fs_string_SUITE.erl': {'EXIT',
                                                                                                                                     error}.
/home/pete/wefwefwef/docs/other/2893972575/erlware-branch-master/erlware/lib/fslib/test/fs_file_test.erl, function all/1: at line 44: @spec arity does not match.
edoc: skipping source file '/home/pete/wefwefwef/docs/other/2893972575/erlware-branch-master/erlware/lib/fslib/test/fs_file_test.erl': {'EXIT',
                                                                                                                                  error}.
/home/pete/wefwefwef/docs/other/2893972575/erlware-branch-master/erlware/lib/fslib/test/fs_exit_handler_test.erl, function all/1: at line 51: @spec arity does not match.
edoc: skipping source file '/home/pete/wefwefwef/docs/other/2893972575/erlware-branch-master/erlware/lib/fslib/test/fs_exit_handler_test.erl': {'EXIT',
                                                                                                                                          error}.
/home/pete/wefwefwef/docs/other/2893972575/erlware-branch-master/erlware/lib/fslib/test/fs_exit_handler_h_test.erl, function all/1: at line 51: @spec arity does not match.
edoc: skipping source file '/home/pete/wefwefwef/docs/other/2893972575/erlware-branch-master/erlware/lib/fslib/test/fs_exit_handler_h_test.erl': {'EXIT',
                                                                                                                                            error}.
/home/pete/wefwefwef/docs/other/2893972575/erlware-branch-master/erlware/lib/fslib/test/fs_weighted_distribution_test.erl, function all/1: at line 47: @spec arity does not match.
edoc: skipping source file '/home/pete/wefwefwef/docs/other/2893972575/erlware-branch-master/erlware/lib/fslib/test/fs_weighted_distribution_test.erl': {'EXIT',
                                                                                                                                                   error}.
/home/pete/wefwefwef/docs/other/2893972575/erlware-branch-master/erlware/lib/ewrepo/src/ewr_deps_engine.erl: at line 33: can't find include file "eunit.hrl"
edoc: skipping source file '/home/pete/wefwefwef/docs/other/2893972575/erlware-branch-master/erlware/lib/ewrepo/src/ewr_deps_engine.erl': {'EXIT',
                                                                                                                                     error}.
/home/pete/wefwefwef/docs/other/2893972575/erlware-branch-master/erlware/lib/ewrepo/src/ewr_repo_paths.erl: at line 30: can't find include file "eunit.hrl"
edoc: skipping source file '/home/pete/wefwefwef/docs/other/2893972575/erlware-branch-master/erlware/lib/ewrepo/src/ewr_repo_paths.erl': {'EXIT',
                                                                                                                                    error}.
/home/pete/wefwefwef/docs/other/2893972575/erlware-branch-master/erlware/lib/ewrepo/src/ewr_util.erl: at line 32: can't find include file "eunit.hrl"
edoc: skipping source file '/home/pete/wefwefwef/docs/other/2893972575/erlware-branch-master/erlware/lib/ewrepo/src/ewr_util.erl': {'EXIT',
                                                                                                                              error}.
/home/pete/wefwefwef/docs/other/2893972575/erlware-branch-master/erlware/lib/ewrepo/src/ewr_source_repo_paths.erl: at line 30: can't find include file "eunit.hrl"
edoc: skipping source file '/home/pete/wefwefwef/docs/other/2893972575/erlware-branch-master/erlware/lib/ewrepo/src/ewr_source_repo_paths.erl': {'EXIT',
                                                                                                                                           error}.
/home/pete/wefwefwef/docs/other/2893972575/erlware-branch-master/erlware/lib/ewrepo/src/ewr_resolver.erl: at line 34: can't find include file "eunit.hrl"
edoc: skipping source file '/home/pete/wefwefwef/docs/other/2893972575/erlware-branch-master/erlware/lib/ewrepo/src/ewr_resolver.erl': {'EXIT',
                                                                                                                                  error}.
/home/pete/wefwefwef/docs/other/2893972575/erlware-branch-master/erlware/lib/ewrepo/src/ewr_doc_repo_paths.erl: at line 30: can't find include file "eunit.hrl"
edoc: skipping source file '/home/pete/wefwefwef/docs/other/2893972575/erlware-branch-master/erlware/lib/ewrepo/src/ewr_doc_repo_paths.erl': {'EXIT',
                                                                                                                                        error}.
/home/pete/wefwefwef/docs/other/2893972575/erlware-branch-master/erlware/lib/ewrepo/src/ewr_fetch.erl: at line 62: can't find include file "eunit.hrl"
edoc: skipping source file '/home/pete/wefwefwef/docs/other/2893972575/erlware-branch-master/erlware/lib/ewrepo/src/ewr_fetch.erl': {'EXIT',
                                                                                                                               error}.
/home/pete/wefwefwef/docs/other/2893972575/erlware-branch-master/erlware/lib/ewrepo/src/ewr_depends.erl: at line 35: can't find include file "eunit.hrl"
edoc: skipping source file '/home/pete/wefwefwef/docs/other/2893972575/erlware-branch-master/erlware/lib/ewrepo/src/ewr_depends.erl': {'EXIT',
                                                                                                                                 error}.
/home/pete/wefwefwef/docs/other/2893972575/erlware-branch-master/erlware/lib/gas/src/gas_transform.erl: at line 14: can't find include file "eunit.hrl"
edoc: skipping source file '/home/pete/wefwefwef/docs/other/2893972575/erlware-branch-master/erlware/lib/gas/src/gas_transform.erl': {'EXIT',
                                                                                                                                error}.
edoc: error in doclet 'edoc_doclet': {'EXIT',error}.
Error generating erlware XMLs. Using fallback ...
No documentation was generated!
Woot, finished in 0 Minutes 1 Seconds
 :: Discovering other repos
$ 5000  `rm -r '/home/pete/wefwefwef/docs/other/2893972575/erlware-branch-master'  2>&1`
 :: Erldocs finishing up
$ 5000  `rm -r '/home/pete/wefwefwef/docs/other/2893972575/erlware'  2>&1`
$ 5000  `rm -r '/home/pete/wefwefwef/docs/other/2893972575/repo/ewl_copy'  2>&1`
$ 5000  `rm -r '/home/pete/wefwefwef/docs/other/2893972575/repo/master'  2>&1`
