 :: Extracting meta information
$ 5000  `git ls-remote --heads --tags 'https://github.com/samuelrivas/samerlib_tests'  2>&1`
>>> [repo] 5 branches, 0 tags
 :: Writing meta to "/home/pete/wefwefwef/docs/other/2331918027/meta.txt"
 :: Processing https://github.com/samuelrivas/samerlib_tests	{rev,branch,"develop","a89702e31f2134ef1f1c865cccb99ca554942c00"}
 :: Fetching repo code
$ cd "/home/pete/wefwefwef/docs/other/2331918027/samerlib_tests-branch-develop/samerlib_tests"
$ infinity  `curl --fail --silent --show-error --location --output 'develop.zip' 'https://github.com/samuelrivas/samerlib_tests/archive/develop.zip'  2>&1`
$ cd "/home/pete/wefwefwef/docs/erldocs_other.git"
$ cd "/home/pete/wefwefwef/docs/other/2331918027/samerlib_tests-branch-develop/samerlib_tests"
$ 5000  `find -P . -type l -delete  2>&1`
$ cd "/home/pete/wefwefwef/docs/erldocs_other.git"
$ cd "/home/pete/wefwefwef/docs/other/2331918027/samerlib_tests-branch-develop/samerlib_tests"
$ 5000  `find 'samerlib_tests-develop' -mindepth 1 -maxdepth 1 -exec mv -t . -- {} +  2>&1`
$ cd "/home/pete/wefwefwef/docs/erldocs_other.git"
 :: Getting dependencies
 :: Generating erldocs into /home/pete/wefwefwef/docs/other/2331918027/repo/develop
Building samerlib_tests
Generating Type Specs - "/home/pete/wefwefwef/docs/other/2331918027/samerlib_tests-branch-develop/samerlib_tests/src/sel_int_proper.erl"
/home/pete/wefwefwef/docs/other/2331918027/samerlib_tests-branch-develop/samerlib_tests/src/sel_int_proper.erl: at line 34: can't find include lib "proper/include/proper.hrl"
EDoc could not process file '/home/pete/wefwefwef/docs/other/2331918027/samerlib_tests-branch-develop/samerlib_tests/src/sel_int_proper.erl'
Error generating type specs for "/home/pete/wefwefwef/docs/other/2331918027/samerlib_tests-branch-develop/samerlib_tests/src/sel_int_proper.erl"
Generating Type Specs - "/home/pete/wefwefwef/docs/other/2331918027/samerlib_tests-branch-develop/samerlib_tests/src/sel_lists_proper.erl"
/home/pete/wefwefwef/docs/other/2331918027/samerlib_tests-branch-develop/samerlib_tests/src/sel_lists_proper.erl: at line 30: can't find include lib "proper/include/proper.hrl"
EDoc could not process file '/home/pete/wefwefwef/docs/other/2331918027/samerlib_tests-branch-develop/samerlib_tests/src/sel_lists_proper.erl'
Error generating type specs for "/home/pete/wefwefwef/docs/other/2331918027/samerlib_tests-branch-develop/samerlib_tests/src/sel_lists_proper.erl"
Generating Type Specs - "/home/pete/wefwefwef/docs/other/2331918027/samerlib_tests-branch-develop/samerlib_tests/src/sel_process_proper.erl"
/home/pete/wefwefwef/docs/other/2331918027/samerlib_tests-branch-develop/samerlib_tests/src/sel_process_proper.erl: at line 30: can't find include lib "proper/include/proper.hrl"
EDoc could not process file '/home/pete/wefwefwef/docs/other/2331918027/samerlib_tests-branch-develop/samerlib_tests/src/sel_process_proper.erl'
Error generating type specs for "/home/pete/wefwefwef/docs/other/2331918027/samerlib_tests-branch-develop/samerlib_tests/src/sel_process_proper.erl"
Generating Type Specs - "/home/pete/wefwefwef/docs/other/2331918027/samerlib_tests-branch-develop/samerlib_tests/src/sel_string_proper.erl"
/home/pete/wefwefwef/docs/other/2331918027/samerlib_tests-branch-develop/samerlib_tests/src/sel_string_proper.erl: at line 30: can't find include lib "proper/include/proper.hrl"
EDoc could not process file '/home/pete/wefwefwef/docs/other/2331918027/samerlib_tests-branch-develop/samerlib_tests/src/sel_string_proper.erl'
Error generating type specs for "/home/pete/wefwefwef/docs/other/2331918027/samerlib_tests-branch-develop/samerlib_tests/src/sel_string_proper.erl"
Generating Type Specs - "/home/pete/wefwefwef/docs/other/2331918027/samerlib_tests-branch-develop/samerlib_tests/src/sel_test_eunit.erl"
Generating Type Specs - "/home/pete/wefwefwef/docs/other/2331918027/samerlib_tests-branch-develop/samerlib_tests/src/yalog_eunit.erl"
/home/pete/wefwefwef/docs/other/2331918027/samerlib_tests-branch-develop/samerlib_tests/src/yalog_eunit.erl: at line 31: can't find include lib "samerlib/include/yalog.hrl"
EDoc could not process file '/home/pete/wefwefwef/docs/other/2331918027/samerlib_tests-branch-develop/samerlib_tests/src/yalog_eunit.erl'
Error generating type specs for "/home/pete/wefwefwef/docs/other/2331918027/samerlib_tests-branch-develop/samerlib_tests/src/yalog_eunit.erl"
Generating XML for application samerlib_tests "/home/pete/wefwefwef/docs/other/2331918027/samerlib_tests-branch-develop/samerlib_tests" -> "/home/pete/wefwefwef/docs/other/2331918027/repo/develop/.xml/samerlib_tests"
/home/pete/wefwefwef/docs/other/2331918027/samerlib_tests-branch-develop/samerlib_tests/src/sel_lists_proper.erl: at line 30: can't find include lib "proper/include/proper.hrl"
edoc: skipping source file '/home/pete/wefwefwef/docs/other/2331918027/samerlib_tests-branch-develop/samerlib_tests/src/sel_lists_proper.erl': {'EXIT',
                                                                                                                                          error}.
/home/pete/wefwefwef/docs/other/2331918027/samerlib_tests-branch-develop/samerlib_tests/src/yalog_eunit.erl: at line 31: can't find include lib "samerlib/include/yalog.hrl"
edoc: skipping source file '/home/pete/wefwefwef/docs/other/2331918027/samerlib_tests-branch-develop/samerlib_tests/src/yalog_eunit.erl': {'EXIT',
                                                                                                                                     error}.
/home/pete/wefwefwef/docs/other/2331918027/samerlib_tests-branch-develop/samerlib_tests/src/sel_int_proper.erl: at line 34: can't find include lib "proper/include/proper.hrl"
edoc: skipping source file '/home/pete/wefwefwef/docs/other/2331918027/samerlib_tests-branch-develop/samerlib_tests/src/sel_int_proper.erl': {'EXIT',
                                                                                                                                        error}.
/home/pete/wefwefwef/docs/other/2331918027/samerlib_tests-branch-develop/samerlib_tests/src/sel_string_proper.erl: at line 30: can't find include lib "proper/include/proper.hrl"
edoc: skipping source file '/home/pete/wefwefwef/docs/other/2331918027/samerlib_tests-branch-develop/samerlib_tests/src/sel_string_proper.erl': {'EXIT',
                                                                                                                                           error}.
/home/pete/wefwefwef/docs/other/2331918027/samerlib_tests-branch-develop/samerlib_tests/src/sel_process_proper.erl: at line 30: can't find include lib "proper/include/proper.hrl"
edoc: skipping source file '/home/pete/wefwefwef/docs/other/2331918027/samerlib_tests-branch-develop/samerlib_tests/src/sel_process_proper.erl': {'EXIT',
                                                                                                                                            error}.
edoc: error in doclet 'edoc_doclet': {'EXIT',error}.
Error generating samerlib_tests XMLs. Using fallback ...
Generating XML samerlib_tests - sel_int_proper "/home/pete/wefwefwef/docs/other/2331918027/samerlib_tests-branch-develop/samerlib_tests/src/sel_int_proper.erl" -> "/home/pete/wefwefwef/docs/other/2331918027/repo/develop/.xml/samerlib_tests/sel_int_proper.xml"
/home/pete/wefwefwef/docs/other/2331918027/samerlib_tests-branch-develop/samerlib_tests/src/sel_int_proper.erl: at line 34: can't find include lib "proper/include/proper.hrl"
Error generating XML ("/home/pete/wefwefwef/docs/other/2331918027/samerlib_tests-branch-develop/samerlib_tests/src/sel_int_proper.erl"): {'EXIT',
                                                                                                                                          error}
Generating XML samerlib_tests - sel_lists_proper "/home/pete/wefwefwef/docs/other/2331918027/samerlib_tests-branch-develop/samerlib_tests/src/sel_lists_proper.erl" -> "/home/pete/wefwefwef/docs/other/2331918027/repo/develop/.xml/samerlib_tests/sel_lists_proper.xml"
/home/pete/wefwefwef/docs/other/2331918027/samerlib_tests-branch-develop/samerlib_tests/src/sel_lists_proper.erl: at line 30: can't find include lib "proper/include/proper.hrl"
Error generating XML ("/home/pete/wefwefwef/docs/other/2331918027/samerlib_tests-branch-develop/samerlib_tests/src/sel_lists_proper.erl"): {'EXIT',
                                                                                                                                            error}
Generating XML samerlib_tests - sel_process_proper "/home/pete/wefwefwef/docs/other/2331918027/samerlib_tests-branch-develop/samerlib_tests/src/sel_process_proper.erl" -> "/home/pete/wefwefwef/docs/other/2331918027/repo/develop/.xml/samerlib_tests/sel_process_proper.xml"
/home/pete/wefwefwef/docs/other/2331918027/samerlib_tests-branch-develop/samerlib_tests/src/sel_process_proper.erl: at line 30: can't find include lib "proper/include/proper.hrl"
Error generating XML ("/home/pete/wefwefwef/docs/other/2331918027/samerlib_tests-branch-develop/samerlib_tests/src/sel_process_proper.erl"): {'EXIT',
                                                                                                                                              error}
Generating XML samerlib_tests - sel_string_proper "/home/pete/wefwefwef/docs/other/2331918027/samerlib_tests-branch-develop/samerlib_tests/src/sel_string_proper.erl" -> "/home/pete/wefwefwef/docs/other/2331918027/repo/develop/.xml/samerlib_tests/sel_string_proper.xml"
/home/pete/wefwefwef/docs/other/2331918027/samerlib_tests-branch-develop/samerlib_tests/src/sel_string_proper.erl: at line 30: can't find include lib "proper/include/proper.hrl"
Error generating XML ("/home/pete/wefwefwef/docs/other/2331918027/samerlib_tests-branch-develop/samerlib_tests/src/sel_string_proper.erl"): {'EXIT',
                                                                                                                                             error}
Generating XML samerlib_tests - sel_test_eunit "/home/pete/wefwefwef/docs/other/2331918027/samerlib_tests-branch-develop/samerlib_tests/src/sel_test_eunit.erl" -> "/home/pete/wefwefwef/docs/other/2331918027/repo/develop/.xml/samerlib_tests/sel_test_eunit.xml"
Generating XML samerlib_tests - yalog_eunit "/home/pete/wefwefwef/docs/other/2331918027/samerlib_tests-branch-develop/samerlib_tests/src/yalog_eunit.erl" -> "/home/pete/wefwefwef/docs/other/2331918027/repo/develop/.xml/samerlib_tests/yalog_eunit.xml"
/home/pete/wefwefwef/docs/other/2331918027/samerlib_tests-branch-develop/samerlib_tests/src/yalog_eunit.erl: at line 31: can't find include lib "samerlib/include/yalog.hrl"
Error generating XML ("/home/pete/wefwefwef/docs/other/2331918027/samerlib_tests-branch-develop/samerlib_tests/src/yalog_eunit.erl"): {'EXIT',
                                                                                                                                       error}
Generating HTML - sel_test_eunit "/home/pete/wefwefwef/docs/other/2331918027/repo/develop/.xml/samerlib_tests/sel_test_eunit.xml"
Reading XML for "/home/pete/wefwefwef/docs/other/2331918027/repo/develop/.xml/samerlib_tests/sel_test_eunit.xml"
Reading XML for "/home/pete/wefwefwef/docs/other/2331918027/repo/develop/.xml/specs_sel_test_eunit.xml"
Creating index.html ...
Creating erldocs_index.js ...
Woot, finished in 0 Minutes 0 Seconds
 :: Discovering other repos
$ 5000  `rm -r '/home/pete/wefwefwef/docs/other/2331918027/samerlib_tests-branch-develop'  2>&1`
 :: Processing https://github.com/samuelrivas/samerlib_tests	{rev,branch,"master","d3c9aefac72348c06d24a42a6ebee6bd075d90c6"}
 :: Fetching repo code
$ cd "/home/pete/wefwefwef/docs/other/2331918027/samerlib_tests-branch-master/samerlib_tests"
$ infinity  `curl --fail --silent --show-error --location --output 'master.zip' 'https://github.com/samuelrivas/samerlib_tests/archive/master.zip'  2>&1`
$ cd "/home/pete/wefwefwef/docs/erldocs_other.git"
$ cd "/home/pete/wefwefwef/docs/other/2331918027/samerlib_tests-branch-master/samerlib_tests"
$ 5000  `find -P . -type l -delete  2>&1`
$ cd "/home/pete/wefwefwef/docs/erldocs_other.git"
$ cd "/home/pete/wefwefwef/docs/other/2331918027/samerlib_tests-branch-master/samerlib_tests"
$ 5000  `find 'samerlib_tests-master' -mindepth 1 -maxdepth 1 -exec mv -t . -- {} +  2>&1`
$ cd "/home/pete/wefwefwef/docs/erldocs_other.git"
 :: Getting dependencies
 :: Generating erldocs into /home/pete/wefwefwef/docs/other/2331918027/repo/master
Building samerlib_tests
Generating Type Specs - "/home/pete/wefwefwef/docs/other/2331918027/samerlib_tests-branch-master/samerlib_tests/src/yalog_eunit.erl"
/home/pete/wefwefwef/docs/other/2331918027/samerlib_tests-branch-master/samerlib_tests/src/yalog_eunit.erl: at line 31: can't find include lib "samerlib/include/yalog.hrl"
EDoc could not process file '/home/pete/wefwefwef/docs/other/2331918027/samerlib_tests-branch-master/samerlib_tests/src/yalog_eunit.erl'
Error generating type specs for "/home/pete/wefwefwef/docs/other/2331918027/samerlib_tests-branch-master/samerlib_tests/src/yalog_eunit.erl"
Generating XML for application samerlib_tests "/home/pete/wefwefwef/docs/other/2331918027/samerlib_tests-branch-master/samerlib_tests" -> "/home/pete/wefwefwef/docs/other/2331918027/repo/master/.xml/samerlib_tests"
/home/pete/wefwefwef/docs/other/2331918027/samerlib_tests-branch-master/samerlib_tests/src/yalog_eunit.erl: at line 31: can't find include lib "samerlib/include/yalog.hrl"
edoc: skipping source file '/home/pete/wefwefwef/docs/other/2331918027/samerlib_tests-branch-master/samerlib_tests/src/yalog_eunit.erl': {'EXIT',
                                                                                                                                    error}.
edoc: error in doclet 'edoc_doclet': {'EXIT',error}.
Error generating samerlib_tests XMLs. Using fallback ...
Generating XML samerlib_tests - yalog_eunit "/home/pete/wefwefwef/docs/other/2331918027/samerlib_tests-branch-master/samerlib_tests/src/yalog_eunit.erl" -> "/home/pete/wefwefwef/docs/other/2331918027/repo/master/.xml/samerlib_tests/yalog_eunit.xml"
/home/pete/wefwefwef/docs/other/2331918027/samerlib_tests-branch-master/samerlib_tests/src/yalog_eunit.erl: at line 31: can't find include lib "samerlib/include/yalog.hrl"
Error generating XML ("/home/pete/wefwefwef/docs/other/2331918027/samerlib_tests-branch-master/samerlib_tests/src/yalog_eunit.erl"): {'EXIT',
                                                                                                                                      error}
No documentation was generated!
Woot, finished in 0 Minutes 0 Seconds
 :: Discovering other repos
$ 5000  `rm -r '/home/pete/wefwefwef/docs/other/2331918027/samerlib_tests-branch-master'  2>&1`
 :: Processing https://github.com/samuelrivas/samerlib_tests	{rev,branch,"wip-async-queues","4a3af34a96e5c7894e7ff5ebf978bc2648916ef2"}
 :: Fetching repo code
$ cd "/home/pete/wefwefwef/docs/other/2331918027/samerlib_tests-branch-wip-async-queues/samerlib_tests"
$ infinity  `curl --fail --silent --show-error --location --output 'wip-async-queues.zip' 'https://github.com/samuelrivas/samerlib_tests/archive/wip-async-queues.zip'  2>&1`
$ cd "/home/pete/wefwefwef/docs/erldocs_other.git"
$ cd "/home/pete/wefwefwef/docs/other/2331918027/samerlib_tests-branch-wip-async-queues/samerlib_tests"
$ 5000  `find -P . -type l -delete  2>&1`
$ cd "/home/pete/wefwefwef/docs/erldocs_other.git"
$ cd "/home/pete/wefwefwef/docs/other/2331918027/samerlib_tests-branch-wip-async-queues/samerlib_tests"
$ 5000  `find 'samerlib_tests-wip-async-queues' -mindepth 1 -maxdepth 1 -exec mv -t . -- {} +  2>&1`
$ cd "/home/pete/wefwefwef/docs/erldocs_other.git"
 :: Getting dependencies
 :: Generating erldocs into /home/pete/wefwefwef/docs/other/2331918027/repo/wip-async-queues
Building samerlib_tests
Generating Type Specs - "/home/pete/wefwefwef/docs/other/2331918027/samerlib_tests-branch-wip-async-queues/samerlib_tests/src/sel_async_queue_fsm_proper.erl"
/home/pete/wefwefwef/docs/other/2331918027/samerlib_tests-branch-wip-async-queues/samerlib_tests/src/sel_async_queue_fsm_proper.erl: at line 35: can't find include lib "proper/include/proper.hrl"
EDoc could not process file '/home/pete/wefwefwef/docs/other/2331918027/samerlib_tests-branch-wip-async-queues/samerlib_tests/src/sel_async_queue_fsm_proper.erl'
Error generating type specs for "/home/pete/wefwefwef/docs/other/2331918027/samerlib_tests-branch-wip-async-queues/samerlib_tests/src/sel_async_queue_fsm_proper.erl"
Generating Type Specs - "/home/pete/wefwefwef/docs/other/2331918027/samerlib_tests-branch-wip-async-queues/samerlib_tests/src/sel_async_queue_proper.erl"
/home/pete/wefwefwef/docs/other/2331918027/samerlib_tests-branch-wip-async-queues/samerlib_tests/src/sel_async_queue_proper.erl: at line 30: can't find include lib "proper/include/proper.hrl"
EDoc could not process file '/home/pete/wefwefwef/docs/other/2331918027/samerlib_tests-branch-wip-async-queues/samerlib_tests/src/sel_async_queue_proper.erl'
Error generating type specs for "/home/pete/wefwefwef/docs/other/2331918027/samerlib_tests-branch-wip-async-queues/samerlib_tests/src/sel_async_queue_proper.erl"
Generating Type Specs - "/home/pete/wefwefwef/docs/other/2331918027/samerlib_tests-branch-wip-async-queues/samerlib_tests/src/sel_lists_proper.erl"
/home/pete/wefwefwef/docs/other/2331918027/samerlib_tests-branch-wip-async-queues/samerlib_tests/src/sel_lists_proper.erl: at line 30: can't find include lib "proper/include/proper.hrl"
EDoc could not process file '/home/pete/wefwefwef/docs/other/2331918027/samerlib_tests-branch-wip-async-queues/samerlib_tests/src/sel_lists_proper.erl'
Error generating type specs for "/home/pete/wefwefwef/docs/other/2331918027/samerlib_tests-branch-wip-async-queues/samerlib_tests/src/sel_lists_proper.erl"
Generating Type Specs - "/home/pete/wefwefwef/docs/other/2331918027/samerlib_tests-branch-wip-async-queues/samerlib_tests/src/sel_process_proper.erl"
/home/pete/wefwefwef/docs/other/2331918027/samerlib_tests-branch-wip-async-queues/samerlib_tests/src/sel_process_proper.erl: at line 30: can't find include lib "proper/include/proper.hrl"
EDoc could not process file '/home/pete/wefwefwef/docs/other/2331918027/samerlib_tests-branch-wip-async-queues/samerlib_tests/src/sel_process_proper.erl'
Error generating type specs for "/home/pete/wefwefwef/docs/other/2331918027/samerlib_tests-branch-wip-async-queues/samerlib_tests/src/sel_process_proper.erl"
Generating Type Specs - "/home/pete/wefwefwef/docs/other/2331918027/samerlib_tests-branch-wip-async-queues/samerlib_tests/src/sel_test_eunit.erl"
Generating Type Specs - "/home/pete/wefwefwef/docs/other/2331918027/samerlib_tests-branch-wip-async-queues/samerlib_tests/src/yalog_eunit.erl"
/home/pete/wefwefwef/docs/other/2331918027/samerlib_tests-branch-wip-async-queues/samerlib_tests/src/yalog_eunit.erl: at line 31: can't find include lib "samerlib/include/yalog.hrl"
EDoc could not process file '/home/pete/wefwefwef/docs/other/2331918027/samerlib_tests-branch-wip-async-queues/samerlib_tests/src/yalog_eunit.erl'
Error generating type specs for "/home/pete/wefwefwef/docs/other/2331918027/samerlib_tests-branch-wip-async-queues/samerlib_tests/src/yalog_eunit.erl"
Generating XML for application samerlib_tests "/home/pete/wefwefwef/docs/other/2331918027/samerlib_tests-branch-wip-async-queues/samerlib_tests" -> "/home/pete/wefwefwef/docs/other/2331918027/repo/wip-async-queues/.xml/samerlib_tests"
/home/pete/wefwefwef/docs/other/2331918027/samerlib_tests-branch-wip-async-queues/samerlib_tests/src/sel_async_queue_proper.erl: at line 30: can't find include lib "proper/include/proper.hrl"
edoc: skipping source file '/home/pete/wefwefwef/docs/other/2331918027/samerlib_tests-branch-wip-async-queues/samerlib_tests/src/sel_async_queue_proper.erl': {'EXIT',
                                                                                                                                                         error}.
/home/pete/wefwefwef/docs/other/2331918027/samerlib_tests-branch-wip-async-queues/samerlib_tests/src/sel_lists_proper.erl: at line 30: can't find include lib "proper/include/proper.hrl"
edoc: skipping source file '/home/pete/wefwefwef/docs/other/2331918027/samerlib_tests-branch-wip-async-queues/samerlib_tests/src/sel_lists_proper.erl': {'EXIT',
                                                                                                                                                   error}.
/home/pete/wefwefwef/docs/other/2331918027/samerlib_tests-branch-wip-async-queues/samerlib_tests/src/yalog_eunit.erl: at line 31: can't find include lib "samerlib/include/yalog.hrl"
edoc: skipping source file '/home/pete/wefwefwef/docs/other/2331918027/samerlib_tests-branch-wip-async-queues/samerlib_tests/src/yalog_eunit.erl': {'EXIT',
                                                                                                                                              error}.
/home/pete/wefwefwef/docs/other/2331918027/samerlib_tests-branch-wip-async-queues/samerlib_tests/src/sel_async_queue_fsm_proper.erl: at line 35: can't find include lib "proper/include/proper.hrl"
edoc: skipping source file '/home/pete/wefwefwef/docs/other/2331918027/samerlib_tests-branch-wip-async-queues/samerlib_tests/src/sel_async_queue_fsm_proper.erl': {'EXIT',
                                                                                                                                                             error}.
/home/pete/wefwefwef/docs/other/2331918027/samerlib_tests-branch-wip-async-queues/samerlib_tests/src/sel_process_proper.erl: at line 30: can't find include lib "proper/include/proper.hrl"
edoc: skipping source file '/home/pete/wefwefwef/docs/other/2331918027/samerlib_tests-branch-wip-async-queues/samerlib_tests/src/sel_process_proper.erl': {'EXIT',
                                                                                                                                                     error}.
edoc: error in doclet 'edoc_doclet': {'EXIT',error}.
Error generating samerlib_tests XMLs. Using fallback ...
Generating XML samerlib_tests - sel_async_queue_fsm_proper "/home/pete/wefwefwef/docs/other/2331918027/samerlib_tests-branch-wip-async-queues/samerlib_tests/src/sel_async_queue_fsm_proper.erl" -> "/home/pete/wefwefwef/docs/other/2331918027/repo/wip-async-queues/.xml/samerlib_tests/sel_async_queue_fsm_proper.xml"
/home/pete/wefwefwef/docs/other/2331918027/samerlib_tests-branch-wip-async-queues/samerlib_tests/src/sel_async_queue_fsm_proper.erl: at line 35: can't find include lib "proper/include/proper.hrl"
Error generating XML ("/home/pete/wefwefwef/docs/other/2331918027/samerlib_tests-branch-wip-async-queues/samerlib_tests/src/sel_async_queue_fsm_proper.erl"): {'EXIT',
                                                                                                                                                               error}
Generating XML samerlib_tests - sel_async_queue_proper "/home/pete/wefwefwef/docs/other/2331918027/samerlib_tests-branch-wip-async-queues/samerlib_tests/src/sel_async_queue_proper.erl" -> "/home/pete/wefwefwef/docs/other/2331918027/repo/wip-async-queues/.xml/samerlib_tests/sel_async_queue_proper.xml"
/home/pete/wefwefwef/docs/other/2331918027/samerlib_tests-branch-wip-async-queues/samerlib_tests/src/sel_async_queue_proper.erl: at line 30: can't find include lib "proper/include/proper.hrl"
Error generating XML ("/home/pete/wefwefwef/docs/other/2331918027/samerlib_tests-branch-wip-async-queues/samerlib_tests/src/sel_async_queue_proper.erl"): {'EXIT',
                                                                                                                                                           error}
Generating XML samerlib_tests - sel_lists_proper "/home/pete/wefwefwef/docs/other/2331918027/samerlib_tests-branch-wip-async-queues/samerlib_tests/src/sel_lists_proper.erl" -> "/home/pete/wefwefwef/docs/other/2331918027/repo/wip-async-queues/.xml/samerlib_tests/sel_lists_proper.xml"
/home/pete/wefwefwef/docs/other/2331918027/samerlib_tests-branch-wip-async-queues/samerlib_tests/src/sel_lists_proper.erl: at line 30: can't find include lib "proper/include/proper.hrl"
Error generating XML ("/home/pete/wefwefwef/docs/other/2331918027/samerlib_tests-branch-wip-async-queues/samerlib_tests/src/sel_lists_proper.erl"): {'EXIT',
                                                                                                                                                     error}
Generating XML samerlib_tests - sel_process_proper "/home/pete/wefwefwef/docs/other/2331918027/samerlib_tests-branch-wip-async-queues/samerlib_tests/src/sel_process_proper.erl" -> "/home/pete/wefwefwef/docs/other/2331918027/repo/wip-async-queues/.xml/samerlib_tests/sel_process_proper.xml"
/home/pete/wefwefwef/docs/other/2331918027/samerlib_tests-branch-wip-async-queues/samerlib_tests/src/sel_process_proper.erl: at line 30: can't find include lib "proper/include/proper.hrl"
Error generating XML ("/home/pete/wefwefwef/docs/other/2331918027/samerlib_tests-branch-wip-async-queues/samerlib_tests/src/sel_process_proper.erl"): {'EXIT',
                                                                                                                                                       error}
Generating XML samerlib_tests - sel_test_eunit "/home/pete/wefwefwef/docs/other/2331918027/samerlib_tests-branch-wip-async-queues/samerlib_tests/src/sel_test_eunit.erl" -> "/home/pete/wefwefwef/docs/other/2331918027/repo/wip-async-queues/.xml/samerlib_tests/sel_test_eunit.xml"
Generating XML samerlib_tests - yalog_eunit "/home/pete/wefwefwef/docs/other/2331918027/samerlib_tests-branch-wip-async-queues/samerlib_tests/src/yalog_eunit.erl" -> "/home/pete/wefwefwef/docs/other/2331918027/repo/wip-async-queues/.xml/samerlib_tests/yalog_eunit.xml"
/home/pete/wefwefwef/docs/other/2331918027/samerlib_tests-branch-wip-async-queues/samerlib_tests/src/yalog_eunit.erl: at line 31: can't find include lib "samerlib/include/yalog.hrl"
Error generating XML ("/home/pete/wefwefwef/docs/other/2331918027/samerlib_tests-branch-wip-async-queues/samerlib_tests/src/yalog_eunit.erl"): {'EXIT',
                                                                                                                                                error}
Generating HTML - sel_test_eunit "/home/pete/wefwefwef/docs/other/2331918027/repo/wip-async-queues/.xml/samerlib_tests/sel_test_eunit.xml"
Reading XML for "/home/pete/wefwefwef/docs/other/2331918027/repo/wip-async-queues/.xml/samerlib_tests/sel_test_eunit.xml"
Reading XML for "/home/pete/wefwefwef/docs/other/2331918027/repo/wip-async-queues/.xml/specs_sel_test_eunit.xml"
Creating index.html ...
Creating erldocs_index.js ...
Woot, finished in 0 Minutes 0 Seconds
 :: Discovering other repos
$ 5000  `rm -r '/home/pete/wefwefwef/docs/other/2331918027/samerlib_tests-branch-wip-async-queues'  2>&1`
 :: Processing https://github.com/samuelrivas/samerlib_tests	{rev,branch,"wip-math","a89702e31f2134ef1f1c865cccb99ca554942c00"}
 :: Fetching repo code
$ cd "/home/pete/wefwefwef/docs/other/2331918027/samerlib_tests-branch-wip-math/samerlib_tests"
$ infinity  `curl --fail --silent --show-error --location --output 'wip-math.zip' 'https://github.com/samuelrivas/samerlib_tests/archive/wip-math.zip'  2>&1`
$ cd "/home/pete/wefwefwef/docs/erldocs_other.git"
$ cd "/home/pete/wefwefwef/docs/other/2331918027/samerlib_tests-branch-wip-math/samerlib_tests"
$ 5000  `find -P . -type l -delete  2>&1`
$ cd "/home/pete/wefwefwef/docs/erldocs_other.git"
$ cd "/home/pete/wefwefwef/docs/other/2331918027/samerlib_tests-branch-wip-math/samerlib_tests"
$ 5000  `find 'samerlib_tests-wip-math' -mindepth 1 -maxdepth 1 -exec mv -t . -- {} +  2>&1`
$ cd "/home/pete/wefwefwef/docs/erldocs_other.git"
 :: Getting dependencies
 :: Generating erldocs into /home/pete/wefwefwef/docs/other/2331918027/repo/wip-math
Building samerlib_tests
Generating Type Specs - "/home/pete/wefwefwef/docs/other/2331918027/samerlib_tests-branch-wip-math/samerlib_tests/src/sel_int_proper.erl"
/home/pete/wefwefwef/docs/other/2331918027/samerlib_tests-branch-wip-math/samerlib_tests/src/sel_int_proper.erl: at line 34: can't find include lib "proper/include/proper.hrl"
EDoc could not process file '/home/pete/wefwefwef/docs/other/2331918027/samerlib_tests-branch-wip-math/samerlib_tests/src/sel_int_proper.erl'
Error generating type specs for "/home/pete/wefwefwef/docs/other/2331918027/samerlib_tests-branch-wip-math/samerlib_tests/src/sel_int_proper.erl"
Generating Type Specs - "/home/pete/wefwefwef/docs/other/2331918027/samerlib_tests-branch-wip-math/samerlib_tests/src/sel_lists_proper.erl"
/home/pete/wefwefwef/docs/other/2331918027/samerlib_tests-branch-wip-math/samerlib_tests/src/sel_lists_proper.erl: at line 30: can't find include lib "proper/include/proper.hrl"
EDoc could not process file '/home/pete/wefwefwef/docs/other/2331918027/samerlib_tests-branch-wip-math/samerlib_tests/src/sel_lists_proper.erl'
Error generating type specs for "/home/pete/wefwefwef/docs/other/2331918027/samerlib_tests-branch-wip-math/samerlib_tests/src/sel_lists_proper.erl"
Generating Type Specs - "/home/pete/wefwefwef/docs/other/2331918027/samerlib_tests-branch-wip-math/samerlib_tests/src/sel_process_proper.erl"
/home/pete/wefwefwef/docs/other/2331918027/samerlib_tests-branch-wip-math/samerlib_tests/src/sel_process_proper.erl: at line 30: can't find include lib "proper/include/proper.hrl"
EDoc could not process file '/home/pete/wefwefwef/docs/other/2331918027/samerlib_tests-branch-wip-math/samerlib_tests/src/sel_process_proper.erl'
Error generating type specs for "/home/pete/wefwefwef/docs/other/2331918027/samerlib_tests-branch-wip-math/samerlib_tests/src/sel_process_proper.erl"
Generating Type Specs - "/home/pete/wefwefwef/docs/other/2331918027/samerlib_tests-branch-wip-math/samerlib_tests/src/sel_string_proper.erl"
/home/pete/wefwefwef/docs/other/2331918027/samerlib_tests-branch-wip-math/samerlib_tests/src/sel_string_proper.erl: at line 30: can't find include lib "proper/include/proper.hrl"
EDoc could not process file '/home/pete/wefwefwef/docs/other/2331918027/samerlib_tests-branch-wip-math/samerlib_tests/src/sel_string_proper.erl'
Error generating type specs for "/home/pete/wefwefwef/docs/other/2331918027/samerlib_tests-branch-wip-math/samerlib_tests/src/sel_string_proper.erl"
Generating Type Specs - "/home/pete/wefwefwef/docs/other/2331918027/samerlib_tests-branch-wip-math/samerlib_tests/src/sel_test_eunit.erl"
Generating Type Specs - "/home/pete/wefwefwef/docs/other/2331918027/samerlib_tests-branch-wip-math/samerlib_tests/src/yalog_eunit.erl"
/home/pete/wefwefwef/docs/other/2331918027/samerlib_tests-branch-wip-math/samerlib_tests/src/yalog_eunit.erl: at line 31: can't find include lib "samerlib/include/yalog.hrl"
EDoc could not process file '/home/pete/wefwefwef/docs/other/2331918027/samerlib_tests-branch-wip-math/samerlib_tests/src/yalog_eunit.erl'
Error generating type specs for "/home/pete/wefwefwef/docs/other/2331918027/samerlib_tests-branch-wip-math/samerlib_tests/src/yalog_eunit.erl"
Generating XML for application samerlib_tests "/home/pete/wefwefwef/docs/other/2331918027/samerlib_tests-branch-wip-math/samerlib_tests" -> "/home/pete/wefwefwef/docs/other/2331918027/repo/wip-math/.xml/samerlib_tests"
/home/pete/wefwefwef/docs/other/2331918027/samerlib_tests-branch-wip-math/samerlib_tests/src/sel_lists_proper.erl: at line 30: can't find include lib "proper/include/proper.hrl"
edoc: skipping source file '/home/pete/wefwefwef/docs/other/2331918027/samerlib_tests-branch-wip-math/samerlib_tests/src/sel_lists_proper.erl': {'EXIT',
                                                                                                                                           error}.
/home/pete/wefwefwef/docs/other/2331918027/samerlib_tests-branch-wip-math/samerlib_tests/src/yalog_eunit.erl: at line 31: can't find include lib "samerlib/include/yalog.hrl"
edoc: skipping source file '/home/pete/wefwefwef/docs/other/2331918027/samerlib_tests-branch-wip-math/samerlib_tests/src/yalog_eunit.erl': {'EXIT',
                                                                                                                                      error}.
/home/pete/wefwefwef/docs/other/2331918027/samerlib_tests-branch-wip-math/samerlib_tests/src/sel_int_proper.erl: at line 34: can't find include lib "proper/include/proper.hrl"
edoc: skipping source file '/home/pete/wefwefwef/docs/other/2331918027/samerlib_tests-branch-wip-math/samerlib_tests/src/sel_int_proper.erl': {'EXIT',
                                                                                                                                         error}.
/home/pete/wefwefwef/docs/other/2331918027/samerlib_tests-branch-wip-math/samerlib_tests/src/sel_string_proper.erl: at line 30: can't find include lib "proper/include/proper.hrl"
edoc: skipping source file '/home/pete/wefwefwef/docs/other/2331918027/samerlib_tests-branch-wip-math/samerlib_tests/src/sel_string_proper.erl': {'EXIT',
                                                                                                                                            error}.
/home/pete/wefwefwef/docs/other/2331918027/samerlib_tests-branch-wip-math/samerlib_tests/src/sel_process_proper.erl: at line 30: can't find include lib "proper/include/proper.hrl"
edoc: skipping source file '/home/pete/wefwefwef/docs/other/2331918027/samerlib_tests-branch-wip-math/samerlib_tests/src/sel_process_proper.erl': {'EXIT',
                                                                                                                                             error}.
edoc: error in doclet 'edoc_doclet': {'EXIT',error}.
Error generating samerlib_tests XMLs. Using fallback ...
Generating XML samerlib_tests - sel_int_proper "/home/pete/wefwefwef/docs/other/2331918027/samerlib_tests-branch-wip-math/samerlib_tests/src/sel_int_proper.erl" -> "/home/pete/wefwefwef/docs/other/2331918027/repo/wip-math/.xml/samerlib_tests/sel_int_proper.xml"
/home/pete/wefwefwef/docs/other/2331918027/samerlib_tests-branch-wip-math/samerlib_tests/src/sel_int_proper.erl: at line 34: can't find include lib "proper/include/proper.hrl"
Error generating XML ("/home/pete/wefwefwef/docs/other/2331918027/samerlib_tests-branch-wip-math/samerlib_tests/src/sel_int_proper.erl"): {'EXIT',
                                                                                                                                           error}
Generating XML samerlib_tests - sel_lists_proper "/home/pete/wefwefwef/docs/other/2331918027/samerlib_tests-branch-wip-math/samerlib_tests/src/sel_lists_proper.erl" -> "/home/pete/wefwefwef/docs/other/2331918027/repo/wip-math/.xml/samerlib_tests/sel_lists_proper.xml"
/home/pete/wefwefwef/docs/other/2331918027/samerlib_tests-branch-wip-math/samerlib_tests/src/sel_lists_proper.erl: at line 30: can't find include lib "proper/include/proper.hrl"
Error generating XML ("/home/pete/wefwefwef/docs/other/2331918027/samerlib_tests-branch-wip-math/samerlib_tests/src/sel_lists_proper.erl"): {'EXIT',
                                                                                                                                             error}
Generating XML samerlib_tests - sel_process_proper "/home/pete/wefwefwef/docs/other/2331918027/samerlib_tests-branch-wip-math/samerlib_tests/src/sel_process_proper.erl" -> "/home/pete/wefwefwef/docs/other/2331918027/repo/wip-math/.xml/samerlib_tests/sel_process_proper.xml"
/home/pete/wefwefwef/docs/other/2331918027/samerlib_tests-branch-wip-math/samerlib_tests/src/sel_process_proper.erl: at line 30: can't find include lib "proper/include/proper.hrl"
Error generating XML ("/home/pete/wefwefwef/docs/other/2331918027/samerlib_tests-branch-wip-math/samerlib_tests/src/sel_process_proper.erl"): {'EXIT',
                                                                                                                                               error}
Generating XML samerlib_tests - sel_string_proper "/home/pete/wefwefwef/docs/other/2331918027/samerlib_tests-branch-wip-math/samerlib_tests/src/sel_string_proper.erl" -> "/home/pete/wefwefwef/docs/other/2331918027/repo/wip-math/.xml/samerlib_tests/sel_string_proper.xml"
/home/pete/wefwefwef/docs/other/2331918027/samerlib_tests-branch-wip-math/samerlib_tests/src/sel_string_proper.erl: at line 30: can't find include lib "proper/include/proper.hrl"
Error generating XML ("/home/pete/wefwefwef/docs/other/2331918027/samerlib_tests-branch-wip-math/samerlib_tests/src/sel_string_proper.erl"): {'EXIT',
                                                                                                                                              error}
Generating XML samerlib_tests - sel_test_eunit "/home/pete/wefwefwef/docs/other/2331918027/samerlib_tests-branch-wip-math/samerlib_tests/src/sel_test_eunit.erl" -> "/home/pete/wefwefwef/docs/other/2331918027/repo/wip-math/.xml/samerlib_tests/sel_test_eunit.xml"
Generating XML samerlib_tests - yalog_eunit "/home/pete/wefwefwef/docs/other/2331918027/samerlib_tests-branch-wip-math/samerlib_tests/src/yalog_eunit.erl" -> "/home/pete/wefwefwef/docs/other/2331918027/repo/wip-math/.xml/samerlib_tests/yalog_eunit.xml"
/home/pete/wefwefwef/docs/other/2331918027/samerlib_tests-branch-wip-math/samerlib_tests/src/yalog_eunit.erl: at line 31: can't find include lib "samerlib/include/yalog.hrl"
Error generating XML ("/home/pete/wefwefwef/docs/other/2331918027/samerlib_tests-branch-wip-math/samerlib_tests/src/yalog_eunit.erl"): {'EXIT',
                                                                                                                                        error}
Generating HTML - sel_test_eunit "/home/pete/wefwefwef/docs/other/2331918027/repo/wip-math/.xml/samerlib_tests/sel_test_eunit.xml"
Reading XML for "/home/pete/wefwefwef/docs/other/2331918027/repo/wip-math/.xml/samerlib_tests/sel_test_eunit.xml"
Reading XML for "/home/pete/wefwefwef/docs/other/2331918027/repo/wip-math/.xml/specs_sel_test_eunit.xml"
Creating index.html ...
Creating erldocs_index.js ...
Woot, finished in 0 Minutes 0 Seconds
 :: Discovering other repos
$ 5000  `rm -r '/home/pete/wefwefwef/docs/other/2331918027/samerlib_tests-branch-wip-math'  2>&1`
 :: Processing https://github.com/samuelrivas/samerlib_tests	{rev,branch,"wip-sqrt","2da02dc7557220321d86338c15927b836057ca7d"}
 :: Fetching repo code
$ cd "/home/pete/wefwefwef/docs/other/2331918027/samerlib_tests-branch-wip-sqrt/samerlib_tests"
$ infinity  `curl --fail --silent --show-error --location --output 'wip-sqrt.zip' 'https://github.com/samuelrivas/samerlib_tests/archive/wip-sqrt.zip'  2>&1`
$ cd "/home/pete/wefwefwef/docs/erldocs_other.git"
$ cd "/home/pete/wefwefwef/docs/other/2331918027/samerlib_tests-branch-wip-sqrt/samerlib_tests"
$ 5000  `find -P . -type l -delete  2>&1`
$ cd "/home/pete/wefwefwef/docs/erldocs_other.git"
$ cd "/home/pete/wefwefwef/docs/other/2331918027/samerlib_tests-branch-wip-sqrt/samerlib_tests"
$ 5000  `find 'samerlib_tests-wip-sqrt' -mindepth 1 -maxdepth 1 -exec mv -t . -- {} +  2>&1`
$ cd "/home/pete/wefwefwef/docs/erldocs_other.git"
 :: Getting dependencies
 :: Generating erldocs into /home/pete/wefwefwef/docs/other/2331918027/repo/wip-sqrt
Building samerlib_tests
Generating Type Specs - "/home/pete/wefwefwef/docs/other/2331918027/samerlib_tests-branch-wip-sqrt/samerlib_tests/src/sel_int_bench.erl"
Generating Type Specs - "/home/pete/wefwefwef/docs/other/2331918027/samerlib_tests-branch-wip-sqrt/samerlib_tests/src/sel_int_proper.erl"
/home/pete/wefwefwef/docs/other/2331918027/samerlib_tests-branch-wip-sqrt/samerlib_tests/src/sel_int_proper.erl: at line 34: can't find include lib "proper/include/proper.hrl"
EDoc could not process file '/home/pete/wefwefwef/docs/other/2331918027/samerlib_tests-branch-wip-sqrt/samerlib_tests/src/sel_int_proper.erl'
Error generating type specs for "/home/pete/wefwefwef/docs/other/2331918027/samerlib_tests-branch-wip-sqrt/samerlib_tests/src/sel_int_proper.erl"
Generating Type Specs - "/home/pete/wefwefwef/docs/other/2331918027/samerlib_tests-branch-wip-sqrt/samerlib_tests/src/sel_lists_proper.erl"
/home/pete/wefwefwef/docs/other/2331918027/samerlib_tests-branch-wip-sqrt/samerlib_tests/src/sel_lists_proper.erl: at line 30: can't find include lib "proper/include/proper.hrl"
EDoc could not process file '/home/pete/wefwefwef/docs/other/2331918027/samerlib_tests-branch-wip-sqrt/samerlib_tests/src/sel_lists_proper.erl'
Error generating type specs for "/home/pete/wefwefwef/docs/other/2331918027/samerlib_tests-branch-wip-sqrt/samerlib_tests/src/sel_lists_proper.erl"
Generating Type Specs - "/home/pete/wefwefwef/docs/other/2331918027/samerlib_tests-branch-wip-sqrt/samerlib_tests/src/sel_process_proper.erl"
/home/pete/wefwefwef/docs/other/2331918027/samerlib_tests-branch-wip-sqrt/samerlib_tests/src/sel_process_proper.erl: at line 30: can't find include lib "proper/include/proper.hrl"
EDoc could not process file '/home/pete/wefwefwef/docs/other/2331918027/samerlib_tests-branch-wip-sqrt/samerlib_tests/src/sel_process_proper.erl'
Error generating type specs for "/home/pete/wefwefwef/docs/other/2331918027/samerlib_tests-branch-wip-sqrt/samerlib_tests/src/sel_process_proper.erl"
Generating Type Specs - "/home/pete/wefwefwef/docs/other/2331918027/samerlib_tests-branch-wip-sqrt/samerlib_tests/src/sel_string_proper.erl"
/home/pete/wefwefwef/docs/other/2331918027/samerlib_tests-branch-wip-sqrt/samerlib_tests/src/sel_string_proper.erl: at line 30: can't find include lib "proper/include/proper.hrl"
EDoc could not process file '/home/pete/wefwefwef/docs/other/2331918027/samerlib_tests-branch-wip-sqrt/samerlib_tests/src/sel_string_proper.erl'
Error generating type specs for "/home/pete/wefwefwef/docs/other/2331918027/samerlib_tests-branch-wip-sqrt/samerlib_tests/src/sel_string_proper.erl"
Generating Type Specs - "/home/pete/wefwefwef/docs/other/2331918027/samerlib_tests-branch-wip-sqrt/samerlib_tests/src/sel_test_eunit.erl"
Generating Type Specs - "/home/pete/wefwefwef/docs/other/2331918027/samerlib_tests-branch-wip-sqrt/samerlib_tests/src/yalog_eunit.erl"
/home/pete/wefwefwef/docs/other/2331918027/samerlib_tests-branch-wip-sqrt/samerlib_tests/src/yalog_eunit.erl: at line 31: can't find include lib "samerlib/include/yalog.hrl"
EDoc could not process file '/home/pete/wefwefwef/docs/other/2331918027/samerlib_tests-branch-wip-sqrt/samerlib_tests/src/yalog_eunit.erl'
Error generating type specs for "/home/pete/wefwefwef/docs/other/2331918027/samerlib_tests-branch-wip-sqrt/samerlib_tests/src/yalog_eunit.erl"
Generating XML for application samerlib_tests "/home/pete/wefwefwef/docs/other/2331918027/samerlib_tests-branch-wip-sqrt/samerlib_tests" -> "/home/pete/wefwefwef/docs/other/2331918027/repo/wip-sqrt/.xml/samerlib_tests"
/home/pete/wefwefwef/docs/other/2331918027/samerlib_tests-branch-wip-sqrt/samerlib_tests/src/sel_lists_proper.erl: at line 30: can't find include lib "proper/include/proper.hrl"
edoc: skipping source file '/home/pete/wefwefwef/docs/other/2331918027/samerlib_tests-branch-wip-sqrt/samerlib_tests/src/sel_lists_proper.erl': {'EXIT',
                                                                                                                                           error}.
/home/pete/wefwefwef/docs/other/2331918027/samerlib_tests-branch-wip-sqrt/samerlib_tests/src/yalog_eunit.erl: at line 31: can't find include lib "samerlib/include/yalog.hrl"
edoc: skipping source file '/home/pete/wefwefwef/docs/other/2331918027/samerlib_tests-branch-wip-sqrt/samerlib_tests/src/yalog_eunit.erl': {'EXIT',
                                                                                                                                      error}.
/home/pete/wefwefwef/docs/other/2331918027/samerlib_tests-branch-wip-sqrt/samerlib_tests/src/sel_int_proper.erl: at line 34: can't find include lib "proper/include/proper.hrl"
edoc: skipping source file '/home/pete/wefwefwef/docs/other/2331918027/samerlib_tests-branch-wip-sqrt/samerlib_tests/src/sel_int_proper.erl': {'EXIT',
                                                                                                                                         error}.
/home/pete/wefwefwef/docs/other/2331918027/samerlib_tests-branch-wip-sqrt/samerlib_tests/src/sel_string_proper.erl: at line 30: can't find include lib "proper/include/proper.hrl"
edoc: skipping source file '/home/pete/wefwefwef/docs/other/2331918027/samerlib_tests-branch-wip-sqrt/samerlib_tests/src/sel_string_proper.erl': {'EXIT',
                                                                                                                                            error}.
/home/pete/wefwefwef/docs/other/2331918027/samerlib_tests-branch-wip-sqrt/samerlib_tests/src/sel_process_proper.erl: at line 30: can't find include lib "proper/include/proper.hrl"
edoc: skipping source file '/home/pete/wefwefwef/docs/other/2331918027/samerlib_tests-branch-wip-sqrt/samerlib_tests/src/sel_process_proper.erl': {'EXIT',
                                                                                                                                             error}.
edoc: error in doclet 'edoc_doclet': {'EXIT',error}.
Error generating samerlib_tests XMLs. Using fallback ...
Generating XML samerlib_tests - sel_int_bench "/home/pete/wefwefwef/docs/other/2331918027/samerlib_tests-branch-wip-sqrt/samerlib_tests/src/sel_int_bench.erl" -> "/home/pete/wefwefwef/docs/other/2331918027/repo/wip-sqrt/.xml/samerlib_tests/sel_int_bench.xml"
Generating XML samerlib_tests - sel_int_proper "/home/pete/wefwefwef/docs/other/2331918027/samerlib_tests-branch-wip-sqrt/samerlib_tests/src/sel_int_proper.erl" -> "/home/pete/wefwefwef/docs/other/2331918027/repo/wip-sqrt/.xml/samerlib_tests/sel_int_proper.xml"
/home/pete/wefwefwef/docs/other/2331918027/samerlib_tests-branch-wip-sqrt/samerlib_tests/src/sel_int_proper.erl: at line 34: can't find include lib "proper/include/proper.hrl"
Error generating XML ("/home/pete/wefwefwef/docs/other/2331918027/samerlib_tests-branch-wip-sqrt/samerlib_tests/src/sel_int_proper.erl"): {'EXIT',
                                                                                                                                           error}
Generating XML samerlib_tests - sel_lists_proper "/home/pete/wefwefwef/docs/other/2331918027/samerlib_tests-branch-wip-sqrt/samerlib_tests/src/sel_lists_proper.erl" -> "/home/pete/wefwefwef/docs/other/2331918027/repo/wip-sqrt/.xml/samerlib_tests/sel_lists_proper.xml"
/home/pete/wefwefwef/docs/other/2331918027/samerlib_tests-branch-wip-sqrt/samerlib_tests/src/sel_lists_proper.erl: at line 30: can't find include lib "proper/include/proper.hrl"
Error generating XML ("/home/pete/wefwefwef/docs/other/2331918027/samerlib_tests-branch-wip-sqrt/samerlib_tests/src/sel_lists_proper.erl"): {'EXIT',
                                                                                                                                             error}
Generating XML samerlib_tests - sel_process_proper "/home/pete/wefwefwef/docs/other/2331918027/samerlib_tests-branch-wip-sqrt/samerlib_tests/src/sel_process_proper.erl" -> "/home/pete/wefwefwef/docs/other/2331918027/repo/wip-sqrt/.xml/samerlib_tests/sel_process_proper.xml"
/home/pete/wefwefwef/docs/other/2331918027/samerlib_tests-branch-wip-sqrt/samerlib_tests/src/sel_process_proper.erl: at line 30: can't find include lib "proper/include/proper.hrl"
Error generating XML ("/home/pete/wefwefwef/docs/other/2331918027/samerlib_tests-branch-wip-sqrt/samerlib_tests/src/sel_process_proper.erl"): {'EXIT',
                                                                                                                                               error}
Generating XML samerlib_tests - sel_string_proper "/home/pete/wefwefwef/docs/other/2331918027/samerlib_tests-branch-wip-sqrt/samerlib_tests/src/sel_string_proper.erl" -> "/home/pete/wefwefwef/docs/other/2331918027/repo/wip-sqrt/.xml/samerlib_tests/sel_string_proper.xml"
/home/pete/wefwefwef/docs/other/2331918027/samerlib_tests-branch-wip-sqrt/samerlib_tests/src/sel_string_proper.erl: at line 30: can't find include lib "proper/include/proper.hrl"
Error generating XML ("/home/pete/wefwefwef/docs/other/2331918027/samerlib_tests-branch-wip-sqrt/samerlib_tests/src/sel_string_proper.erl"): {'EXIT',
                                                                                                                                              error}
Generating XML samerlib_tests - sel_test_eunit "/home/pete/wefwefwef/docs/other/2331918027/samerlib_tests-branch-wip-sqrt/samerlib_tests/src/sel_test_eunit.erl" -> "/home/pete/wefwefwef/docs/other/2331918027/repo/wip-sqrt/.xml/samerlib_tests/sel_test_eunit.xml"
Generating XML samerlib_tests - yalog_eunit "/home/pete/wefwefwef/docs/other/2331918027/samerlib_tests-branch-wip-sqrt/samerlib_tests/src/yalog_eunit.erl" -> "/home/pete/wefwefwef/docs/other/2331918027/repo/wip-sqrt/.xml/samerlib_tests/yalog_eunit.xml"
/home/pete/wefwefwef/docs/other/2331918027/samerlib_tests-branch-wip-sqrt/samerlib_tests/src/yalog_eunit.erl: at line 31: can't find include lib "samerlib/include/yalog.hrl"
Error generating XML ("/home/pete/wefwefwef/docs/other/2331918027/samerlib_tests-branch-wip-sqrt/samerlib_tests/src/yalog_eunit.erl"): {'EXIT',
                                                                                                                                        error}
Generating HTML - sel_int_bench "/home/pete/wefwefwef/docs/other/2331918027/repo/wip-sqrt/.xml/samerlib_tests/sel_int_bench.xml"
Reading XML for "/home/pete/wefwefwef/docs/other/2331918027/repo/wip-sqrt/.xml/samerlib_tests/sel_int_bench.xml"
Reading XML for "/home/pete/wefwefwef/docs/other/2331918027/repo/wip-sqrt/.xml/specs_sel_int_bench.xml"
Generating HTML - sel_test_eunit "/home/pete/wefwefwef/docs/other/2331918027/repo/wip-sqrt/.xml/samerlib_tests/sel_test_eunit.xml"
Reading XML for "/home/pete/wefwefwef/docs/other/2331918027/repo/wip-sqrt/.xml/samerlib_tests/sel_test_eunit.xml"
Reading XML for "/home/pete/wefwefwef/docs/other/2331918027/repo/wip-sqrt/.xml/specs_sel_test_eunit.xml"
Creating index.html ...
Creating erldocs_index.js ...
Woot, finished in 0 Minutes 0 Seconds
 :: Discovering other repos
$ 5000  `rm -r '/home/pete/wefwefwef/docs/other/2331918027/samerlib_tests-branch-wip-sqrt'  2>&1`
 :: Erldocs finishing up
$ 5000  `rm -r '/home/pete/wefwefwef/docs/other/2331918027/samerlib_tests'  2>&1`
$ 5000  `rm -r '/home/pete/wefwefwef/docs/other/2331918027/repo/master'  2>&1`
