 :: Extracting meta information
$ 5000  `git ls-remote --heads --tags 'https://github.com/rabbitmq/rabbitmq-status'  2>&1`
>>> [repo] 10 branches, 2 tags
 :: Writing meta to "/home/pete/wefwefwef/docs/other/2320924048/meta.txt"
 :: Processing https://github.com/rabbitmq/rabbitmq-status	{rev,tag,"rabbitmq_v2_0_0","66593bbef5048c18e9f38f5054a691251820dda5",undefined,[],[]}
 :: Fetching repo code
$ cd "/home/pete/wefwefwef/docs/other/2320924048/rabbitmq-status-tag-rabbitmq_v2_0_0/rabbitmq-status"
$ infinity  `curl --fail --silent --show-error --location --output 'rabbitmq_v2_0_0.zip' 'https://github.com/rabbitmq/rabbitmq-status/archive/rabbitmq_v2_0_0.zip'  2>&1`
$ cd "/home/pete/wefwefwef/docs/erldocs_other.git"
$ cd "/home/pete/wefwefwef/docs/other/2320924048/rabbitmq-status-tag-rabbitmq_v2_0_0/rabbitmq-status"
$ 5000  `find -P . -type l -delete  2>&1`
$ cd "/home/pete/wefwefwef/docs/erldocs_other.git"
$ cd "/home/pete/wefwefwef/docs/other/2320924048/rabbitmq-status-tag-rabbitmq_v2_0_0/rabbitmq-status"
$ 5000  `find 'rabbitmq-status-rabbitmq_v2_0_0' -mindepth 1 -maxdepth 1 -exec mv -t . -- {} +  2>&1`
$ cd "/home/pete/wefwefwef/docs/erldocs_other.git"
 :: Getting dependencies
 :: Generating erldocs into /home/pete/wefwefwef/docs/other/2320924048/repo/rabbitmq_v2_0_0
Building rabbitmq-status
Generating Type Specs - "/home/pete/wefwefwef/docs/other/2320924048/rabbitmq-status-tag-rabbitmq_v2_0_0/rabbitmq-status/src/rabbit_status.erl"
Generating Type Specs - "/home/pete/wefwefwef/docs/other/2320924048/rabbitmq-status-tag-rabbitmq_v2_0_0/rabbitmq-status/src/rabbit_status_app.erl"
Generating Type Specs - "/home/pete/wefwefwef/docs/other/2320924048/rabbitmq-status-tag-rabbitmq_v2_0_0/rabbitmq-status/src/rabbit_status_sup.erl"
Generating Type Specs - "/home/pete/wefwefwef/docs/other/2320924048/rabbitmq-status-tag-rabbitmq_v2_0_0/rabbitmq-status/src/rabbit_status_web.erl"
/home/pete/wefwefwef/docs/other/2320924048/rabbitmq-status-tag-rabbitmq_v2_0_0/rabbitmq-status/src/rabbit_status_web.erl: at line 34: can't find include lib "rabbit_common/include/rabbit.hrl"
EDoc could not process file '/home/pete/wefwefwef/docs/other/2320924048/rabbitmq-status-tag-rabbitmq_v2_0_0/rabbitmq-status/src/rabbit_status_web.erl'
Error generating type specs for "/home/pete/wefwefwef/docs/other/2320924048/rabbitmq-status-tag-rabbitmq_v2_0_0/rabbitmq-status/src/rabbit_status_web.erl"
Generating Type Specs - "/home/pete/wefwefwef/docs/other/2320924048/rabbitmq-status-tag-rabbitmq_v2_0_0/rabbitmq-status/src/status_render.erl"
/home/pete/wefwefwef/docs/other/2320924048/rabbitmq-status-tag-rabbitmq_v2_0_0/rabbitmq-status/src/status_render.erl: at line 26: can't find include lib "rabbit_common/include/rabbit.hrl"
EDoc could not process file '/home/pete/wefwefwef/docs/other/2320924048/rabbitmq-status-tag-rabbitmq_v2_0_0/rabbitmq-status/src/status_render.erl'
Error generating type specs for "/home/pete/wefwefwef/docs/other/2320924048/rabbitmq-status-tag-rabbitmq_v2_0_0/rabbitmq-status/src/status_render.erl"
Generating XML for application rabbitmq-status "/home/pete/wefwefwef/docs/other/2320924048/rabbitmq-status-tag-rabbitmq_v2_0_0/rabbitmq-status" -> "/home/pete/wefwefwef/docs/other/2320924048/repo/rabbitmq_v2_0_0/.xml/rabbitmq-status"
/home/pete/wefwefwef/docs/other/2320924048/rabbitmq-status-tag-rabbitmq_v2_0_0/rabbitmq-status/src/status_render.erl: at line 26: can't find include lib "rabbit_common/include/rabbit.hrl"
edoc: skipping source file '/home/pete/wefwefwef/docs/other/2320924048/rabbitmq-status-tag-rabbitmq_v2_0_0/rabbitmq-status/src/status_render.erl': {'EXIT',
                                                                                                                                              error}.
/home/pete/wefwefwef/docs/other/2320924048/rabbitmq-status-tag-rabbitmq_v2_0_0/rabbitmq-status/src/rabbit_status_web.erl: at line 34: can't find include lib "rabbit_common/include/rabbit.hrl"
edoc: skipping source file '/home/pete/wefwefwef/docs/other/2320924048/rabbitmq-status-tag-rabbitmq_v2_0_0/rabbitmq-status/src/rabbit_status_web.erl': {'EXIT',
                                                                                                                                                  error}.
edoc: error in doclet 'edoc_doclet': {'EXIT',error}.
Error generating rabbitmq-status XMLs. Using fallback ...
Generating XML rabbitmq-status - rabbit_status "/home/pete/wefwefwef/docs/other/2320924048/rabbitmq-status-tag-rabbitmq_v2_0_0/rabbitmq-status/src/rabbit_status.erl" -> "/home/pete/wefwefwef/docs/other/2320924048/repo/rabbitmq_v2_0_0/.xml/rabbitmq-status/rabbit_status.xml"
Generating XML rabbitmq-status - rabbit_status_app "/home/pete/wefwefwef/docs/other/2320924048/rabbitmq-status-tag-rabbitmq_v2_0_0/rabbitmq-status/src/rabbit_status_app.erl" -> "/home/pete/wefwefwef/docs/other/2320924048/repo/rabbitmq_v2_0_0/.xml/rabbitmq-status/rabbit_status_app.xml"
Generating XML rabbitmq-status - rabbit_status_sup "/home/pete/wefwefwef/docs/other/2320924048/rabbitmq-status-tag-rabbitmq_v2_0_0/rabbitmq-status/src/rabbit_status_sup.erl" -> "/home/pete/wefwefwef/docs/other/2320924048/repo/rabbitmq_v2_0_0/.xml/rabbitmq-status/rabbit_status_sup.xml"
Generating XML rabbitmq-status - rabbit_status_web "/home/pete/wefwefwef/docs/other/2320924048/rabbitmq-status-tag-rabbitmq_v2_0_0/rabbitmq-status/src/rabbit_status_web.erl" -> "/home/pete/wefwefwef/docs/other/2320924048/repo/rabbitmq_v2_0_0/.xml/rabbitmq-status/rabbit_status_web.xml"
/home/pete/wefwefwef/docs/other/2320924048/rabbitmq-status-tag-rabbitmq_v2_0_0/rabbitmq-status/src/rabbit_status_web.erl: at line 34: can't find include lib "rabbit_common/include/rabbit.hrl"
Error generating XML ("/home/pete/wefwefwef/docs/other/2320924048/rabbitmq-status-tag-rabbitmq_v2_0_0/rabbitmq-status/src/rabbit_status_web.erl"): {'EXIT',
                                                                                                                                                    error}
Generating XML rabbitmq-status - status_render "/home/pete/wefwefwef/docs/other/2320924048/rabbitmq-status-tag-rabbitmq_v2_0_0/rabbitmq-status/src/status_render.erl" -> "/home/pete/wefwefwef/docs/other/2320924048/repo/rabbitmq_v2_0_0/.xml/rabbitmq-status/status_render.xml"
/home/pete/wefwefwef/docs/other/2320924048/rabbitmq-status-tag-rabbitmq_v2_0_0/rabbitmq-status/src/status_render.erl: at line 26: can't find include lib "rabbit_common/include/rabbit.hrl"
Error generating XML ("/home/pete/wefwefwef/docs/other/2320924048/rabbitmq-status-tag-rabbitmq_v2_0_0/rabbitmq-status/src/status_render.erl"): {'EXIT',
                                                                                                                                                error}
Generating HTML - rabbit_status "/home/pete/wefwefwef/docs/other/2320924048/repo/rabbitmq_v2_0_0/.xml/rabbitmq-status/rabbit_status.xml"
Reading XML for "/home/pete/wefwefwef/docs/other/2320924048/repo/rabbitmq_v2_0_0/.xml/rabbitmq-status/rabbit_status.xml"
Reading XML for "/home/pete/wefwefwef/docs/other/2320924048/repo/rabbitmq_v2_0_0/.xml/specs_rabbit_status.xml"
Generating HTML - rabbit_status_app "/home/pete/wefwefwef/docs/other/2320924048/repo/rabbitmq_v2_0_0/.xml/rabbitmq-status/rabbit_status_app.xml"
Reading XML for "/home/pete/wefwefwef/docs/other/2320924048/repo/rabbitmq_v2_0_0/.xml/rabbitmq-status/rabbit_status_app.xml"
Reading XML for "/home/pete/wefwefwef/docs/other/2320924048/repo/rabbitmq_v2_0_0/.xml/specs_rabbit_status_app.xml"
Generating HTML - rabbit_status_sup "/home/pete/wefwefwef/docs/other/2320924048/repo/rabbitmq_v2_0_0/.xml/rabbitmq-status/rabbit_status_sup.xml"
Reading XML for "/home/pete/wefwefwef/docs/other/2320924048/repo/rabbitmq_v2_0_0/.xml/rabbitmq-status/rabbit_status_sup.xml"
Reading XML for "/home/pete/wefwefwef/docs/other/2320924048/repo/rabbitmq_v2_0_0/.xml/specs_rabbit_status_sup.xml"
Creating index.html ...
Creating erldocs_index.js ...
Woot, finished in 0 Minutes 0 Seconds
 :: Discovering other repos
$ 5000  `rm -r '/home/pete/wefwefwef/docs/other/2320924048/rabbitmq-status-tag-rabbitmq_v2_0_0'  2>&1`
 :: Processing https://github.com/rabbitmq/rabbitmq-status	{rev,tag,"rabbitmq_v2_1_0","8ff4434e8eb993797f95b6e90fe16a33923591a1",undefined,[],[]}
 :: Fetching repo code
$ cd "/home/pete/wefwefwef/docs/other/2320924048/rabbitmq-status-tag-rabbitmq_v2_1_0/rabbitmq-status"
$ infinity  `curl --fail --silent --show-error --location --output 'rabbitmq_v2_1_0.zip' 'https://github.com/rabbitmq/rabbitmq-status/archive/rabbitmq_v2_1_0.zip'  2>&1`
$ cd "/home/pete/wefwefwef/docs/erldocs_other.git"
$ cd "/home/pete/wefwefwef/docs/other/2320924048/rabbitmq-status-tag-rabbitmq_v2_1_0/rabbitmq-status"
$ 5000  `find -P . -type l -delete  2>&1`
$ cd "/home/pete/wefwefwef/docs/erldocs_other.git"
$ cd "/home/pete/wefwefwef/docs/other/2320924048/rabbitmq-status-tag-rabbitmq_v2_1_0/rabbitmq-status"
$ 5000  `find 'rabbitmq-status-rabbitmq_v2_1_0' -mindepth 1 -maxdepth 1 -exec mv -t . -- {} +  2>&1`
$ cd "/home/pete/wefwefwef/docs/erldocs_other.git"
 :: Getting dependencies
 :: Generating erldocs into /home/pete/wefwefwef/docs/other/2320924048/repo/rabbitmq_v2_1_0
Building rabbitmq-status
Generating Type Specs - "/home/pete/wefwefwef/docs/other/2320924048/rabbitmq-status-tag-rabbitmq_v2_1_0/rabbitmq-status/src/rabbit_status.erl"
Generating Type Specs - "/home/pete/wefwefwef/docs/other/2320924048/rabbitmq-status-tag-rabbitmq_v2_1_0/rabbitmq-status/src/rabbit_status_app.erl"
Generating Type Specs - "/home/pete/wefwefwef/docs/other/2320924048/rabbitmq-status-tag-rabbitmq_v2_1_0/rabbitmq-status/src/rabbit_status_sup.erl"
Generating Type Specs - "/home/pete/wefwefwef/docs/other/2320924048/rabbitmq-status-tag-rabbitmq_v2_1_0/rabbitmq-status/src/rabbit_status_web.erl"
/home/pete/wefwefwef/docs/other/2320924048/rabbitmq-status-tag-rabbitmq_v2_1_0/rabbitmq-status/src/rabbit_status_web.erl: at line 34: can't find include lib "rabbit_common/include/rabbit.hrl"
EDoc could not process file '/home/pete/wefwefwef/docs/other/2320924048/rabbitmq-status-tag-rabbitmq_v2_1_0/rabbitmq-status/src/rabbit_status_web.erl'
Error generating type specs for "/home/pete/wefwefwef/docs/other/2320924048/rabbitmq-status-tag-rabbitmq_v2_1_0/rabbitmq-status/src/rabbit_status_web.erl"
Generating Type Specs - "/home/pete/wefwefwef/docs/other/2320924048/rabbitmq-status-tag-rabbitmq_v2_1_0/rabbitmq-status/src/status_render.erl"
/home/pete/wefwefwef/docs/other/2320924048/rabbitmq-status-tag-rabbitmq_v2_1_0/rabbitmq-status/src/status_render.erl: at line 26: can't find include lib "rabbit_common/include/rabbit.hrl"
EDoc could not process file '/home/pete/wefwefwef/docs/other/2320924048/rabbitmq-status-tag-rabbitmq_v2_1_0/rabbitmq-status/src/status_render.erl'
Error generating type specs for "/home/pete/wefwefwef/docs/other/2320924048/rabbitmq-status-tag-rabbitmq_v2_1_0/rabbitmq-status/src/status_render.erl"
Generating XML for application rabbitmq-status "/home/pete/wefwefwef/docs/other/2320924048/rabbitmq-status-tag-rabbitmq_v2_1_0/rabbitmq-status" -> "/home/pete/wefwefwef/docs/other/2320924048/repo/rabbitmq_v2_1_0/.xml/rabbitmq-status"
/home/pete/wefwefwef/docs/other/2320924048/rabbitmq-status-tag-rabbitmq_v2_1_0/rabbitmq-status/src/status_render.erl: at line 26: can't find include lib "rabbit_common/include/rabbit.hrl"
edoc: skipping source file '/home/pete/wefwefwef/docs/other/2320924048/rabbitmq-status-tag-rabbitmq_v2_1_0/rabbitmq-status/src/status_render.erl': {'EXIT',
                                                                                                                                              error}.
/home/pete/wefwefwef/docs/other/2320924048/rabbitmq-status-tag-rabbitmq_v2_1_0/rabbitmq-status/src/rabbit_status_web.erl: at line 34: can't find include lib "rabbit_common/include/rabbit.hrl"
edoc: skipping source file '/home/pete/wefwefwef/docs/other/2320924048/rabbitmq-status-tag-rabbitmq_v2_1_0/rabbitmq-status/src/rabbit_status_web.erl': {'EXIT',
                                                                                                                                                  error}.
edoc: error in doclet 'edoc_doclet': {'EXIT',error}.
Error generating rabbitmq-status XMLs. Using fallback ...
Generating XML rabbitmq-status - rabbit_status "/home/pete/wefwefwef/docs/other/2320924048/rabbitmq-status-tag-rabbitmq_v2_1_0/rabbitmq-status/src/rabbit_status.erl" -> "/home/pete/wefwefwef/docs/other/2320924048/repo/rabbitmq_v2_1_0/.xml/rabbitmq-status/rabbit_status.xml"
Generating XML rabbitmq-status - rabbit_status_app "/home/pete/wefwefwef/docs/other/2320924048/rabbitmq-status-tag-rabbitmq_v2_1_0/rabbitmq-status/src/rabbit_status_app.erl" -> "/home/pete/wefwefwef/docs/other/2320924048/repo/rabbitmq_v2_1_0/.xml/rabbitmq-status/rabbit_status_app.xml"
Generating XML rabbitmq-status - rabbit_status_sup "/home/pete/wefwefwef/docs/other/2320924048/rabbitmq-status-tag-rabbitmq_v2_1_0/rabbitmq-status/src/rabbit_status_sup.erl" -> "/home/pete/wefwefwef/docs/other/2320924048/repo/rabbitmq_v2_1_0/.xml/rabbitmq-status/rabbit_status_sup.xml"
Generating XML rabbitmq-status - rabbit_status_web "/home/pete/wefwefwef/docs/other/2320924048/rabbitmq-status-tag-rabbitmq_v2_1_0/rabbitmq-status/src/rabbit_status_web.erl" -> "/home/pete/wefwefwef/docs/other/2320924048/repo/rabbitmq_v2_1_0/.xml/rabbitmq-status/rabbit_status_web.xml"
/home/pete/wefwefwef/docs/other/2320924048/rabbitmq-status-tag-rabbitmq_v2_1_0/rabbitmq-status/src/rabbit_status_web.erl: at line 34: can't find include lib "rabbit_common/include/rabbit.hrl"
Error generating XML ("/home/pete/wefwefwef/docs/other/2320924048/rabbitmq-status-tag-rabbitmq_v2_1_0/rabbitmq-status/src/rabbit_status_web.erl"): {'EXIT',
                                                                                                                                                    error}
Generating XML rabbitmq-status - status_render "/home/pete/wefwefwef/docs/other/2320924048/rabbitmq-status-tag-rabbitmq_v2_1_0/rabbitmq-status/src/status_render.erl" -> "/home/pete/wefwefwef/docs/other/2320924048/repo/rabbitmq_v2_1_0/.xml/rabbitmq-status/status_render.xml"
/home/pete/wefwefwef/docs/other/2320924048/rabbitmq-status-tag-rabbitmq_v2_1_0/rabbitmq-status/src/status_render.erl: at line 26: can't find include lib "rabbit_common/include/rabbit.hrl"
Error generating XML ("/home/pete/wefwefwef/docs/other/2320924048/rabbitmq-status-tag-rabbitmq_v2_1_0/rabbitmq-status/src/status_render.erl"): {'EXIT',
                                                                                                                                                error}
Generating HTML - rabbit_status "/home/pete/wefwefwef/docs/other/2320924048/repo/rabbitmq_v2_1_0/.xml/rabbitmq-status/rabbit_status.xml"
Reading XML for "/home/pete/wefwefwef/docs/other/2320924048/repo/rabbitmq_v2_1_0/.xml/rabbitmq-status/rabbit_status.xml"
Reading XML for "/home/pete/wefwefwef/docs/other/2320924048/repo/rabbitmq_v2_1_0/.xml/specs_rabbit_status.xml"
Generating HTML - rabbit_status_app "/home/pete/wefwefwef/docs/other/2320924048/repo/rabbitmq_v2_1_0/.xml/rabbitmq-status/rabbit_status_app.xml"
Reading XML for "/home/pete/wefwefwef/docs/other/2320924048/repo/rabbitmq_v2_1_0/.xml/rabbitmq-status/rabbit_status_app.xml"
Reading XML for "/home/pete/wefwefwef/docs/other/2320924048/repo/rabbitmq_v2_1_0/.xml/specs_rabbit_status_app.xml"
Generating HTML - rabbit_status_sup "/home/pete/wefwefwef/docs/other/2320924048/repo/rabbitmq_v2_1_0/.xml/rabbitmq-status/rabbit_status_sup.xml"
Reading XML for "/home/pete/wefwefwef/docs/other/2320924048/repo/rabbitmq_v2_1_0/.xml/rabbitmq-status/rabbit_status_sup.xml"
Reading XML for "/home/pete/wefwefwef/docs/other/2320924048/repo/rabbitmq_v2_1_0/.xml/specs_rabbit_status_sup.xml"
Creating index.html ...
Creating erldocs_index.js ...
Woot, finished in 0 Minutes 0 Seconds
 :: Discovering other repos
$ 5000  `rm -r '/home/pete/wefwefwef/docs/other/2320924048/rabbitmq-status-tag-rabbitmq_v2_1_0'  2>&1`
 :: Processing https://github.com/rabbitmq/rabbitmq-status	{rev,branch,"bug21935","8d23ac9bc1e9ce35e418f637e5b0eb3421ca915a",undefined,[],[]}
 :: Fetching repo code
$ cd "/home/pete/wefwefwef/docs/other/2320924048/rabbitmq-status-branch-bug21935/rabbitmq-status"
$ infinity  `curl --fail --silent --show-error --location --output 'bug21935.zip' 'https://github.com/rabbitmq/rabbitmq-status/archive/bug21935.zip'  2>&1`
$ cd "/home/pete/wefwefwef/docs/erldocs_other.git"
$ cd "/home/pete/wefwefwef/docs/other/2320924048/rabbitmq-status-branch-bug21935/rabbitmq-status"
$ 5000  `find -P . -type l -delete  2>&1`
$ cd "/home/pete/wefwefwef/docs/erldocs_other.git"
$ cd "/home/pete/wefwefwef/docs/other/2320924048/rabbitmq-status-branch-bug21935/rabbitmq-status"
$ 5000  `find 'rabbitmq-status-bug21935' -mindepth 1 -maxdepth 1 -exec mv -t . -- {} +  2>&1`
$ cd "/home/pete/wefwefwef/docs/erldocs_other.git"
 :: Getting dependencies
 :: Generating erldocs into /home/pete/wefwefwef/docs/other/2320924048/repo/bug21935
Building rabbitmq-status
Generating Type Specs - "/home/pete/wefwefwef/docs/other/2320924048/rabbitmq-status-branch-bug21935/rabbitmq-status/src/rabbit_status.erl"
Generating Type Specs - "/home/pete/wefwefwef/docs/other/2320924048/rabbitmq-status-branch-bug21935/rabbitmq-status/src/rabbit_status_app.erl"
Generating Type Specs - "/home/pete/wefwefwef/docs/other/2320924048/rabbitmq-status-branch-bug21935/rabbitmq-status/src/rabbit_status_sup.erl"
Generating Type Specs - "/home/pete/wefwefwef/docs/other/2320924048/rabbitmq-status-branch-bug21935/rabbitmq-status/src/rabbit_status_web.erl"
/home/pete/wefwefwef/docs/other/2320924048/rabbitmq-status-branch-bug21935/rabbitmq-status/src/rabbit_status_web.erl: at line 32: can't find include lib "rabbit_common/include/rabbit.hrl"
EDoc could not process file '/home/pete/wefwefwef/docs/other/2320924048/rabbitmq-status-branch-bug21935/rabbitmq-status/src/rabbit_status_web.erl'
Error generating type specs for "/home/pete/wefwefwef/docs/other/2320924048/rabbitmq-status-branch-bug21935/rabbitmq-status/src/rabbit_status_web.erl"
Generating Type Specs - "/home/pete/wefwefwef/docs/other/2320924048/rabbitmq-status-branch-bug21935/rabbitmq-status/src/status_render.erl"
/home/pete/wefwefwef/docs/other/2320924048/rabbitmq-status-branch-bug21935/rabbitmq-status/src/status_render.erl: at line 26: can't find include lib "rabbit_common/include/rabbit.hrl"
EDoc could not process file '/home/pete/wefwefwef/docs/other/2320924048/rabbitmq-status-branch-bug21935/rabbitmq-status/src/status_render.erl'
Error generating type specs for "/home/pete/wefwefwef/docs/other/2320924048/rabbitmq-status-branch-bug21935/rabbitmq-status/src/status_render.erl"
Generating XML for application rabbitmq-status "/home/pete/wefwefwef/docs/other/2320924048/rabbitmq-status-branch-bug21935/rabbitmq-status" -> "/home/pete/wefwefwef/docs/other/2320924048/repo/bug21935/.xml/rabbitmq-status"
/home/pete/wefwefwef/docs/other/2320924048/rabbitmq-status-branch-bug21935/rabbitmq-status/src/status_render.erl: at line 26: can't find include lib "rabbit_common/include/rabbit.hrl"
edoc: skipping source file '/home/pete/wefwefwef/docs/other/2320924048/rabbitmq-status-branch-bug21935/rabbitmq-status/src/status_render.erl': {'EXIT',
                                                                                                                                          error}.
/home/pete/wefwefwef/docs/other/2320924048/rabbitmq-status-branch-bug21935/rabbitmq-status/src/rabbit_status_web.erl: at line 32: can't find include lib "rabbit_common/include/rabbit.hrl"
edoc: skipping source file '/home/pete/wefwefwef/docs/other/2320924048/rabbitmq-status-branch-bug21935/rabbitmq-status/src/rabbit_status_web.erl': {'EXIT',
                                                                                                                                              error}.
edoc: error in doclet 'edoc_doclet': {'EXIT',error}.
Error generating rabbitmq-status XMLs. Using fallback ...
Generating XML rabbitmq-status - rabbit_status "/home/pete/wefwefwef/docs/other/2320924048/rabbitmq-status-branch-bug21935/rabbitmq-status/src/rabbit_status.erl" -> "/home/pete/wefwefwef/docs/other/2320924048/repo/bug21935/.xml/rabbitmq-status/rabbit_status.xml"
Generating XML rabbitmq-status - rabbit_status_app "/home/pete/wefwefwef/docs/other/2320924048/rabbitmq-status-branch-bug21935/rabbitmq-status/src/rabbit_status_app.erl" -> "/home/pete/wefwefwef/docs/other/2320924048/repo/bug21935/.xml/rabbitmq-status/rabbit_status_app.xml"
Generating XML rabbitmq-status - rabbit_status_sup "/home/pete/wefwefwef/docs/other/2320924048/rabbitmq-status-branch-bug21935/rabbitmq-status/src/rabbit_status_sup.erl" -> "/home/pete/wefwefwef/docs/other/2320924048/repo/bug21935/.xml/rabbitmq-status/rabbit_status_sup.xml"
Generating XML rabbitmq-status - rabbit_status_web "/home/pete/wefwefwef/docs/other/2320924048/rabbitmq-status-branch-bug21935/rabbitmq-status/src/rabbit_status_web.erl" -> "/home/pete/wefwefwef/docs/other/2320924048/repo/bug21935/.xml/rabbitmq-status/rabbit_status_web.xml"
/home/pete/wefwefwef/docs/other/2320924048/rabbitmq-status-branch-bug21935/rabbitmq-status/src/rabbit_status_web.erl: at line 32: can't find include lib "rabbit_common/include/rabbit.hrl"
Error generating XML ("/home/pete/wefwefwef/docs/other/2320924048/rabbitmq-status-branch-bug21935/rabbitmq-status/src/rabbit_status_web.erl"): {'EXIT',
                                                                                                                                                error}
Generating XML rabbitmq-status - status_render "/home/pete/wefwefwef/docs/other/2320924048/rabbitmq-status-branch-bug21935/rabbitmq-status/src/status_render.erl" -> "/home/pete/wefwefwef/docs/other/2320924048/repo/bug21935/.xml/rabbitmq-status/status_render.xml"
/home/pete/wefwefwef/docs/other/2320924048/rabbitmq-status-branch-bug21935/rabbitmq-status/src/status_render.erl: at line 26: can't find include lib "rabbit_common/include/rabbit.hrl"
Error generating XML ("/home/pete/wefwefwef/docs/other/2320924048/rabbitmq-status-branch-bug21935/rabbitmq-status/src/status_render.erl"): {'EXIT',
                                                                                                                                            error}
Generating HTML - rabbit_status "/home/pete/wefwefwef/docs/other/2320924048/repo/bug21935/.xml/rabbitmq-status/rabbit_status.xml"
Reading XML for "/home/pete/wefwefwef/docs/other/2320924048/repo/bug21935/.xml/rabbitmq-status/rabbit_status.xml"
Reading XML for "/home/pete/wefwefwef/docs/other/2320924048/repo/bug21935/.xml/specs_rabbit_status.xml"
Generating HTML - rabbit_status_app "/home/pete/wefwefwef/docs/other/2320924048/repo/bug21935/.xml/rabbitmq-status/rabbit_status_app.xml"
Reading XML for "/home/pete/wefwefwef/docs/other/2320924048/repo/bug21935/.xml/rabbitmq-status/rabbit_status_app.xml"
Reading XML for "/home/pete/wefwefwef/docs/other/2320924048/repo/bug21935/.xml/specs_rabbit_status_app.xml"
Generating HTML - rabbit_status_sup "/home/pete/wefwefwef/docs/other/2320924048/repo/bug21935/.xml/rabbitmq-status/rabbit_status_sup.xml"
Reading XML for "/home/pete/wefwefwef/docs/other/2320924048/repo/bug21935/.xml/rabbitmq-status/rabbit_status_sup.xml"
Reading XML for "/home/pete/wefwefwef/docs/other/2320924048/repo/bug21935/.xml/specs_rabbit_status_sup.xml"
Creating index.html ...
Creating erldocs_index.js ...
Woot, finished in 0 Minutes 0 Seconds
 :: Discovering other repos
$ 5000  `rm -r '/home/pete/wefwefwef/docs/other/2320924048/rabbitmq-status-branch-bug21935'  2>&1`
 :: Processing https://github.com/rabbitmq/rabbitmq-status	{rev,branch,"bug22845","3aaf67a1d6dd65edd44c9a018288a81b47015f3d",undefined,[],[]}
 :: Fetching repo code
$ cd "/home/pete/wefwefwef/docs/other/2320924048/rabbitmq-status-branch-bug22845/rabbitmq-status"
$ infinity  `curl --fail --silent --show-error --location --output 'bug22845.zip' 'https://github.com/rabbitmq/rabbitmq-status/archive/bug22845.zip'  2>&1`
$ cd "/home/pete/wefwefwef/docs/erldocs_other.git"
$ cd "/home/pete/wefwefwef/docs/other/2320924048/rabbitmq-status-branch-bug22845/rabbitmq-status"
$ 5000  `find -P . -type l -delete  2>&1`
$ cd "/home/pete/wefwefwef/docs/erldocs_other.git"
$ cd "/home/pete/wefwefwef/docs/other/2320924048/rabbitmq-status-branch-bug22845/rabbitmq-status"
$ 5000  `find 'rabbitmq-status-bug22845' -mindepth 1 -maxdepth 1 -exec mv -t . -- {} +  2>&1`
$ cd "/home/pete/wefwefwef/docs/erldocs_other.git"
 :: Getting dependencies
 :: Generating erldocs into /home/pete/wefwefwef/docs/other/2320924048/repo/bug22845
Building rabbitmq-status
Generating Type Specs - "/home/pete/wefwefwef/docs/other/2320924048/rabbitmq-status-branch-bug22845/rabbitmq-status/src/rabbit_status.erl"
Generating Type Specs - "/home/pete/wefwefwef/docs/other/2320924048/rabbitmq-status-branch-bug22845/rabbitmq-status/src/rabbit_status_app.erl"
Generating Type Specs - "/home/pete/wefwefwef/docs/other/2320924048/rabbitmq-status-branch-bug22845/rabbitmq-status/src/rabbit_status_sup.erl"
Generating Type Specs - "/home/pete/wefwefwef/docs/other/2320924048/rabbitmq-status-branch-bug22845/rabbitmq-status/src/rabbit_status_web.erl"
/home/pete/wefwefwef/docs/other/2320924048/rabbitmq-status-branch-bug22845/rabbitmq-status/src/rabbit_status_web.erl: at line 34: can't find include lib "rabbit_common/include/rabbit.hrl"
EDoc could not process file '/home/pete/wefwefwef/docs/other/2320924048/rabbitmq-status-branch-bug22845/rabbitmq-status/src/rabbit_status_web.erl'
Error generating type specs for "/home/pete/wefwefwef/docs/other/2320924048/rabbitmq-status-branch-bug22845/rabbitmq-status/src/rabbit_status_web.erl"
Generating Type Specs - "/home/pete/wefwefwef/docs/other/2320924048/rabbitmq-status-branch-bug22845/rabbitmq-status/src/status_render.erl"
/home/pete/wefwefwef/docs/other/2320924048/rabbitmq-status-branch-bug22845/rabbitmq-status/src/status_render.erl: at line 26: can't find include lib "rabbit_common/include/rabbit.hrl"
EDoc could not process file '/home/pete/wefwefwef/docs/other/2320924048/rabbitmq-status-branch-bug22845/rabbitmq-status/src/status_render.erl'
Error generating type specs for "/home/pete/wefwefwef/docs/other/2320924048/rabbitmq-status-branch-bug22845/rabbitmq-status/src/status_render.erl"
Generating XML for application rabbitmq-status "/home/pete/wefwefwef/docs/other/2320924048/rabbitmq-status-branch-bug22845/rabbitmq-status" -> "/home/pete/wefwefwef/docs/other/2320924048/repo/bug22845/.xml/rabbitmq-status"
/home/pete/wefwefwef/docs/other/2320924048/rabbitmq-status-branch-bug22845/rabbitmq-status/src/status_render.erl: at line 26: can't find include lib "rabbit_common/include/rabbit.hrl"
edoc: skipping source file '/home/pete/wefwefwef/docs/other/2320924048/rabbitmq-status-branch-bug22845/rabbitmq-status/src/status_render.erl': {'EXIT',
                                                                                                                                          error}.
/home/pete/wefwefwef/docs/other/2320924048/rabbitmq-status-branch-bug22845/rabbitmq-status/src/rabbit_status_web.erl: at line 34: can't find include lib "rabbit_common/include/rabbit.hrl"
edoc: skipping source file '/home/pete/wefwefwef/docs/other/2320924048/rabbitmq-status-branch-bug22845/rabbitmq-status/src/rabbit_status_web.erl': {'EXIT',
                                                                                                                                              error}.
edoc: error in doclet 'edoc_doclet': {'EXIT',error}.
Error generating rabbitmq-status XMLs. Using fallback ...
Generating XML rabbitmq-status - rabbit_status "/home/pete/wefwefwef/docs/other/2320924048/rabbitmq-status-branch-bug22845/rabbitmq-status/src/rabbit_status.erl" -> "/home/pete/wefwefwef/docs/other/2320924048/repo/bug22845/.xml/rabbitmq-status/rabbit_status.xml"
Generating XML rabbitmq-status - rabbit_status_app "/home/pete/wefwefwef/docs/other/2320924048/rabbitmq-status-branch-bug22845/rabbitmq-status/src/rabbit_status_app.erl" -> "/home/pete/wefwefwef/docs/other/2320924048/repo/bug22845/.xml/rabbitmq-status/rabbit_status_app.xml"
Generating XML rabbitmq-status - rabbit_status_sup "/home/pete/wefwefwef/docs/other/2320924048/rabbitmq-status-branch-bug22845/rabbitmq-status/src/rabbit_status_sup.erl" -> "/home/pete/wefwefwef/docs/other/2320924048/repo/bug22845/.xml/rabbitmq-status/rabbit_status_sup.xml"
Generating XML rabbitmq-status - rabbit_status_web "/home/pete/wefwefwef/docs/other/2320924048/rabbitmq-status-branch-bug22845/rabbitmq-status/src/rabbit_status_web.erl" -> "/home/pete/wefwefwef/docs/other/2320924048/repo/bug22845/.xml/rabbitmq-status/rabbit_status_web.xml"
/home/pete/wefwefwef/docs/other/2320924048/rabbitmq-status-branch-bug22845/rabbitmq-status/src/rabbit_status_web.erl: at line 34: can't find include lib "rabbit_common/include/rabbit.hrl"
Error generating XML ("/home/pete/wefwefwef/docs/other/2320924048/rabbitmq-status-branch-bug22845/rabbitmq-status/src/rabbit_status_web.erl"): {'EXIT',
                                                                                                                                                error}
Generating XML rabbitmq-status - status_render "/home/pete/wefwefwef/docs/other/2320924048/rabbitmq-status-branch-bug22845/rabbitmq-status/src/status_render.erl" -> "/home/pete/wefwefwef/docs/other/2320924048/repo/bug22845/.xml/rabbitmq-status/status_render.xml"
/home/pete/wefwefwef/docs/other/2320924048/rabbitmq-status-branch-bug22845/rabbitmq-status/src/status_render.erl: at line 26: can't find include lib "rabbit_common/include/rabbit.hrl"
Error generating XML ("/home/pete/wefwefwef/docs/other/2320924048/rabbitmq-status-branch-bug22845/rabbitmq-status/src/status_render.erl"): {'EXIT',
                                                                                                                                            error}
Generating HTML - rabbit_status "/home/pete/wefwefwef/docs/other/2320924048/repo/bug22845/.xml/rabbitmq-status/rabbit_status.xml"
Reading XML for "/home/pete/wefwefwef/docs/other/2320924048/repo/bug22845/.xml/rabbitmq-status/rabbit_status.xml"
Reading XML for "/home/pete/wefwefwef/docs/other/2320924048/repo/bug22845/.xml/specs_rabbit_status.xml"
Generating HTML - rabbit_status_app "/home/pete/wefwefwef/docs/other/2320924048/repo/bug22845/.xml/rabbitmq-status/rabbit_status_app.xml"
Reading XML for "/home/pete/wefwefwef/docs/other/2320924048/repo/bug22845/.xml/rabbitmq-status/rabbit_status_app.xml"
Reading XML for "/home/pete/wefwefwef/docs/other/2320924048/repo/bug22845/.xml/specs_rabbit_status_app.xml"
Generating HTML - rabbit_status_sup "/home/pete/wefwefwef/docs/other/2320924048/repo/bug22845/.xml/rabbitmq-status/rabbit_status_sup.xml"
Reading XML for "/home/pete/wefwefwef/docs/other/2320924048/repo/bug22845/.xml/rabbitmq-status/rabbit_status_sup.xml"
Reading XML for "/home/pete/wefwefwef/docs/other/2320924048/repo/bug22845/.xml/specs_rabbit_status_sup.xml"
Creating index.html ...
Creating erldocs_index.js ...
Woot, finished in 0 Minutes 0 Seconds
 :: Discovering other repos
$ 5000  `rm -r '/home/pete/wefwefwef/docs/other/2320924048/rabbitmq-status-branch-bug22845'  2>&1`
 :: Processing https://github.com/rabbitmq/rabbitmq-status	{rev,branch,"bug22963","4fb957f5aec8963dbf570891faf6f28e06c1859c",undefined,[],[]}
 :: Fetching repo code
$ cd "/home/pete/wefwefwef/docs/other/2320924048/rabbitmq-status-branch-bug22963/rabbitmq-status"
$ infinity  `curl --fail --silent --show-error --location --output 'bug22963.zip' 'https://github.com/rabbitmq/rabbitmq-status/archive/bug22963.zip'  2>&1`
$ cd "/home/pete/wefwefwef/docs/erldocs_other.git"
$ cd "/home/pete/wefwefwef/docs/other/2320924048/rabbitmq-status-branch-bug22963/rabbitmq-status"
$ 5000  `find -P . -type l -delete  2>&1`
$ cd "/home/pete/wefwefwef/docs/erldocs_other.git"
$ cd "/home/pete/wefwefwef/docs/other/2320924048/rabbitmq-status-branch-bug22963/rabbitmq-status"
$ 5000  `find 'rabbitmq-status-bug22963' -mindepth 1 -maxdepth 1 -exec mv -t . -- {} +  2>&1`
$ cd "/home/pete/wefwefwef/docs/erldocs_other.git"
 :: Getting dependencies
 :: Generating erldocs into /home/pete/wefwefwef/docs/other/2320924048/repo/bug22963
Building rabbitmq-status
Generating Type Specs - "/home/pete/wefwefwef/docs/other/2320924048/rabbitmq-status-branch-bug22963/rabbitmq-status/src/rabbit_status.erl"
Generating Type Specs - "/home/pete/wefwefwef/docs/other/2320924048/rabbitmq-status-branch-bug22963/rabbitmq-status/src/rabbit_status_app.erl"
Generating Type Specs - "/home/pete/wefwefwef/docs/other/2320924048/rabbitmq-status-branch-bug22963/rabbitmq-status/src/rabbit_status_sup.erl"
Generating Type Specs - "/home/pete/wefwefwef/docs/other/2320924048/rabbitmq-status-branch-bug22963/rabbitmq-status/src/rabbit_status_web.erl"
/home/pete/wefwefwef/docs/other/2320924048/rabbitmq-status-branch-bug22963/rabbitmq-status/src/rabbit_status_web.erl: at line 34: can't find include lib "rabbit_common/include/rabbit.hrl"
EDoc could not process file '/home/pete/wefwefwef/docs/other/2320924048/rabbitmq-status-branch-bug22963/rabbitmq-status/src/rabbit_status_web.erl'
Error generating type specs for "/home/pete/wefwefwef/docs/other/2320924048/rabbitmq-status-branch-bug22963/rabbitmq-status/src/rabbit_status_web.erl"
Generating Type Specs - "/home/pete/wefwefwef/docs/other/2320924048/rabbitmq-status-branch-bug22963/rabbitmq-status/src/status_render.erl"
/home/pete/wefwefwef/docs/other/2320924048/rabbitmq-status-branch-bug22963/rabbitmq-status/src/status_render.erl: at line 26: can't find include lib "rabbit_common/include/rabbit.hrl"
EDoc could not process file '/home/pete/wefwefwef/docs/other/2320924048/rabbitmq-status-branch-bug22963/rabbitmq-status/src/status_render.erl'
Error generating type specs for "/home/pete/wefwefwef/docs/other/2320924048/rabbitmq-status-branch-bug22963/rabbitmq-status/src/status_render.erl"
Generating XML for application rabbitmq-status "/home/pete/wefwefwef/docs/other/2320924048/rabbitmq-status-branch-bug22963/rabbitmq-status" -> "/home/pete/wefwefwef/docs/other/2320924048/repo/bug22963/.xml/rabbitmq-status"
/home/pete/wefwefwef/docs/other/2320924048/rabbitmq-status-branch-bug22963/rabbitmq-status/src/status_render.erl: at line 26: can't find include lib "rabbit_common/include/rabbit.hrl"
edoc: skipping source file '/home/pete/wefwefwef/docs/other/2320924048/rabbitmq-status-branch-bug22963/rabbitmq-status/src/status_render.erl': {'EXIT',
                                                                                                                                          error}.
/home/pete/wefwefwef/docs/other/2320924048/rabbitmq-status-branch-bug22963/rabbitmq-status/src/rabbit_status_web.erl: at line 34: can't find include lib "rabbit_common/include/rabbit.hrl"
edoc: skipping source file '/home/pete/wefwefwef/docs/other/2320924048/rabbitmq-status-branch-bug22963/rabbitmq-status/src/rabbit_status_web.erl': {'EXIT',
                                                                                                                                              error}.
edoc: error in doclet 'edoc_doclet': {'EXIT',error}.
Error generating rabbitmq-status XMLs. Using fallback ...
Generating XML rabbitmq-status - rabbit_status "/home/pete/wefwefwef/docs/other/2320924048/rabbitmq-status-branch-bug22963/rabbitmq-status/src/rabbit_status.erl" -> "/home/pete/wefwefwef/docs/other/2320924048/repo/bug22963/.xml/rabbitmq-status/rabbit_status.xml"
Generating XML rabbitmq-status - rabbit_status_app "/home/pete/wefwefwef/docs/other/2320924048/rabbitmq-status-branch-bug22963/rabbitmq-status/src/rabbit_status_app.erl" -> "/home/pete/wefwefwef/docs/other/2320924048/repo/bug22963/.xml/rabbitmq-status/rabbit_status_app.xml"
Generating XML rabbitmq-status - rabbit_status_sup "/home/pete/wefwefwef/docs/other/2320924048/rabbitmq-status-branch-bug22963/rabbitmq-status/src/rabbit_status_sup.erl" -> "/home/pete/wefwefwef/docs/other/2320924048/repo/bug22963/.xml/rabbitmq-status/rabbit_status_sup.xml"
Generating XML rabbitmq-status - rabbit_status_web "/home/pete/wefwefwef/docs/other/2320924048/rabbitmq-status-branch-bug22963/rabbitmq-status/src/rabbit_status_web.erl" -> "/home/pete/wefwefwef/docs/other/2320924048/repo/bug22963/.xml/rabbitmq-status/rabbit_status_web.xml"
/home/pete/wefwefwef/docs/other/2320924048/rabbitmq-status-branch-bug22963/rabbitmq-status/src/rabbit_status_web.erl: at line 34: can't find include lib "rabbit_common/include/rabbit.hrl"
Error generating XML ("/home/pete/wefwefwef/docs/other/2320924048/rabbitmq-status-branch-bug22963/rabbitmq-status/src/rabbit_status_web.erl"): {'EXIT',
                                                                                                                                                error}
Generating XML rabbitmq-status - status_render "/home/pete/wefwefwef/docs/other/2320924048/rabbitmq-status-branch-bug22963/rabbitmq-status/src/status_render.erl" -> "/home/pete/wefwefwef/docs/other/2320924048/repo/bug22963/.xml/rabbitmq-status/status_render.xml"
/home/pete/wefwefwef/docs/other/2320924048/rabbitmq-status-branch-bug22963/rabbitmq-status/src/status_render.erl: at line 26: can't find include lib "rabbit_common/include/rabbit.hrl"
Error generating XML ("/home/pete/wefwefwef/docs/other/2320924048/rabbitmq-status-branch-bug22963/rabbitmq-status/src/status_render.erl"): {'EXIT',
                                                                                                                                            error}
Generating HTML - rabbit_status "/home/pete/wefwefwef/docs/other/2320924048/repo/bug22963/.xml/rabbitmq-status/rabbit_status.xml"
Reading XML for "/home/pete/wefwefwef/docs/other/2320924048/repo/bug22963/.xml/rabbitmq-status/rabbit_status.xml"
Reading XML for "/home/pete/wefwefwef/docs/other/2320924048/repo/bug22963/.xml/specs_rabbit_status.xml"
Generating HTML - rabbit_status_app "/home/pete/wefwefwef/docs/other/2320924048/repo/bug22963/.xml/rabbitmq-status/rabbit_status_app.xml"
Reading XML for "/home/pete/wefwefwef/docs/other/2320924048/repo/bug22963/.xml/rabbitmq-status/rabbit_status_app.xml"
Reading XML for "/home/pete/wefwefwef/docs/other/2320924048/repo/bug22963/.xml/specs_rabbit_status_app.xml"
Generating HTML - rabbit_status_sup "/home/pete/wefwefwef/docs/other/2320924048/repo/bug22963/.xml/rabbitmq-status/rabbit_status_sup.xml"
Reading XML for "/home/pete/wefwefwef/docs/other/2320924048/repo/bug22963/.xml/rabbitmq-status/rabbit_status_sup.xml"
Reading XML for "/home/pete/wefwefwef/docs/other/2320924048/repo/bug22963/.xml/specs_rabbit_status_sup.xml"
Creating index.html ...
Creating erldocs_index.js ...
Woot, finished in 0 Minutes 0 Seconds
 :: Discovering other repos
$ 5000  `rm -r '/home/pete/wefwefwef/docs/other/2320924048/rabbitmq-status-branch-bug22963'  2>&1`
 :: Processing https://github.com/rabbitmq/rabbitmq-status	{rev,branch,"bug22982","c49628b26d40334e108a9385e7281bcf476567a2",undefined,[],[]}
 :: Fetching repo code
$ cd "/home/pete/wefwefwef/docs/other/2320924048/rabbitmq-status-branch-bug22982/rabbitmq-status"
$ infinity  `curl --fail --silent --show-error --location --output 'bug22982.zip' 'https://github.com/rabbitmq/rabbitmq-status/archive/bug22982.zip'  2>&1`
$ cd "/home/pete/wefwefwef/docs/erldocs_other.git"
$ cd "/home/pete/wefwefwef/docs/other/2320924048/rabbitmq-status-branch-bug22982/rabbitmq-status"
$ 5000  `find -P . -type l -delete  2>&1`
$ cd "/home/pete/wefwefwef/docs/erldocs_other.git"
$ cd "/home/pete/wefwefwef/docs/other/2320924048/rabbitmq-status-branch-bug22982/rabbitmq-status"
$ 5000  `find 'rabbitmq-status-bug22982' -mindepth 1 -maxdepth 1 -exec mv -t . -- {} +  2>&1`
$ cd "/home/pete/wefwefwef/docs/erldocs_other.git"
 :: Getting dependencies
 :: Generating erldocs into /home/pete/wefwefwef/docs/other/2320924048/repo/bug22982
Building rabbitmq-status
Generating Type Specs - "/home/pete/wefwefwef/docs/other/2320924048/rabbitmq-status-branch-bug22982/rabbitmq-status/src/rabbit_status.erl"
Generating Type Specs - "/home/pete/wefwefwef/docs/other/2320924048/rabbitmq-status-branch-bug22982/rabbitmq-status/src/rabbit_status_app.erl"
Generating Type Specs - "/home/pete/wefwefwef/docs/other/2320924048/rabbitmq-status-branch-bug22982/rabbitmq-status/src/rabbit_status_sup.erl"
Generating Type Specs - "/home/pete/wefwefwef/docs/other/2320924048/rabbitmq-status-branch-bug22982/rabbitmq-status/src/rabbit_status_web.erl"
/home/pete/wefwefwef/docs/other/2320924048/rabbitmq-status-branch-bug22982/rabbitmq-status/src/rabbit_status_web.erl: at line 34: can't find include lib "rabbit_common/include/rabbit.hrl"
EDoc could not process file '/home/pete/wefwefwef/docs/other/2320924048/rabbitmq-status-branch-bug22982/rabbitmq-status/src/rabbit_status_web.erl'
Error generating type specs for "/home/pete/wefwefwef/docs/other/2320924048/rabbitmq-status-branch-bug22982/rabbitmq-status/src/rabbit_status_web.erl"
Generating Type Specs - "/home/pete/wefwefwef/docs/other/2320924048/rabbitmq-status-branch-bug22982/rabbitmq-status/src/status_render.erl"
/home/pete/wefwefwef/docs/other/2320924048/rabbitmq-status-branch-bug22982/rabbitmq-status/src/status_render.erl: at line 26: can't find include lib "rabbit_common/include/rabbit.hrl"
EDoc could not process file '/home/pete/wefwefwef/docs/other/2320924048/rabbitmq-status-branch-bug22982/rabbitmq-status/src/status_render.erl'
Error generating type specs for "/home/pete/wefwefwef/docs/other/2320924048/rabbitmq-status-branch-bug22982/rabbitmq-status/src/status_render.erl"
Generating XML for application rabbitmq-status "/home/pete/wefwefwef/docs/other/2320924048/rabbitmq-status-branch-bug22982/rabbitmq-status" -> "/home/pete/wefwefwef/docs/other/2320924048/repo/bug22982/.xml/rabbitmq-status"
/home/pete/wefwefwef/docs/other/2320924048/rabbitmq-status-branch-bug22982/rabbitmq-status/src/status_render.erl: at line 26: can't find include lib "rabbit_common/include/rabbit.hrl"
edoc: skipping source file '/home/pete/wefwefwef/docs/other/2320924048/rabbitmq-status-branch-bug22982/rabbitmq-status/src/status_render.erl': {'EXIT',
                                                                                                                                          error}.
/home/pete/wefwefwef/docs/other/2320924048/rabbitmq-status-branch-bug22982/rabbitmq-status/src/rabbit_status_web.erl: at line 34: can't find include lib "rabbit_common/include/rabbit.hrl"
edoc: skipping source file '/home/pete/wefwefwef/docs/other/2320924048/rabbitmq-status-branch-bug22982/rabbitmq-status/src/rabbit_status_web.erl': {'EXIT',
                                                                                                                                              error}.
edoc: error in doclet 'edoc_doclet': {'EXIT',error}.
Error generating rabbitmq-status XMLs. Using fallback ...
Generating XML rabbitmq-status - rabbit_status "/home/pete/wefwefwef/docs/other/2320924048/rabbitmq-status-branch-bug22982/rabbitmq-status/src/rabbit_status.erl" -> "/home/pete/wefwefwef/docs/other/2320924048/repo/bug22982/.xml/rabbitmq-status/rabbit_status.xml"
Generating XML rabbitmq-status - rabbit_status_app "/home/pete/wefwefwef/docs/other/2320924048/rabbitmq-status-branch-bug22982/rabbitmq-status/src/rabbit_status_app.erl" -> "/home/pete/wefwefwef/docs/other/2320924048/repo/bug22982/.xml/rabbitmq-status/rabbit_status_app.xml"
Generating XML rabbitmq-status - rabbit_status_sup "/home/pete/wefwefwef/docs/other/2320924048/rabbitmq-status-branch-bug22982/rabbitmq-status/src/rabbit_status_sup.erl" -> "/home/pete/wefwefwef/docs/other/2320924048/repo/bug22982/.xml/rabbitmq-status/rabbit_status_sup.xml"
Generating XML rabbitmq-status - rabbit_status_web "/home/pete/wefwefwef/docs/other/2320924048/rabbitmq-status-branch-bug22982/rabbitmq-status/src/rabbit_status_web.erl" -> "/home/pete/wefwefwef/docs/other/2320924048/repo/bug22982/.xml/rabbitmq-status/rabbit_status_web.xml"
/home/pete/wefwefwef/docs/other/2320924048/rabbitmq-status-branch-bug22982/rabbitmq-status/src/rabbit_status_web.erl: at line 34: can't find include lib "rabbit_common/include/rabbit.hrl"
Error generating XML ("/home/pete/wefwefwef/docs/other/2320924048/rabbitmq-status-branch-bug22982/rabbitmq-status/src/rabbit_status_web.erl"): {'EXIT',
                                                                                                                                                error}
Generating XML rabbitmq-status - status_render "/home/pete/wefwefwef/docs/other/2320924048/rabbitmq-status-branch-bug22982/rabbitmq-status/src/status_render.erl" -> "/home/pete/wefwefwef/docs/other/2320924048/repo/bug22982/.xml/rabbitmq-status/status_render.xml"
/home/pete/wefwefwef/docs/other/2320924048/rabbitmq-status-branch-bug22982/rabbitmq-status/src/status_render.erl: at line 26: can't find include lib "rabbit_common/include/rabbit.hrl"
Error generating XML ("/home/pete/wefwefwef/docs/other/2320924048/rabbitmq-status-branch-bug22982/rabbitmq-status/src/status_render.erl"): {'EXIT',
                                                                                                                                            error}
Generating HTML - rabbit_status "/home/pete/wefwefwef/docs/other/2320924048/repo/bug22982/.xml/rabbitmq-status/rabbit_status.xml"
Reading XML for "/home/pete/wefwefwef/docs/other/2320924048/repo/bug22982/.xml/rabbitmq-status/rabbit_status.xml"
Reading XML for "/home/pete/wefwefwef/docs/other/2320924048/repo/bug22982/.xml/specs_rabbit_status.xml"
Generating HTML - rabbit_status_app "/home/pete/wefwefwef/docs/other/2320924048/repo/bug22982/.xml/rabbitmq-status/rabbit_status_app.xml"
Reading XML for "/home/pete/wefwefwef/docs/other/2320924048/repo/bug22982/.xml/rabbitmq-status/rabbit_status_app.xml"
Reading XML for "/home/pete/wefwefwef/docs/other/2320924048/repo/bug22982/.xml/specs_rabbit_status_app.xml"
Generating HTML - rabbit_status_sup "/home/pete/wefwefwef/docs/other/2320924048/repo/bug22982/.xml/rabbitmq-status/rabbit_status_sup.xml"
Reading XML for "/home/pete/wefwefwef/docs/other/2320924048/repo/bug22982/.xml/rabbitmq-status/rabbit_status_sup.xml"
Reading XML for "/home/pete/wefwefwef/docs/other/2320924048/repo/bug22982/.xml/specs_rabbit_status_sup.xml"
Creating index.html ...
Creating erldocs_index.js ...
Woot, finished in 0 Minutes 0 Seconds
 :: Discovering other repos
$ 5000  `rm -r '/home/pete/wefwefwef/docs/other/2320924048/rabbitmq-status-branch-bug22982'  2>&1`
 :: Processing https://github.com/rabbitmq/rabbitmq-status	{rev,branch,"bug23130","46915a2098c396acde4400d9db7e6570daa93126",undefined,[],[]}
 :: Fetching repo code
$ cd "/home/pete/wefwefwef/docs/other/2320924048/rabbitmq-status-branch-bug23130/rabbitmq-status"
$ infinity  `curl --fail --silent --show-error --location --output 'bug23130.zip' 'https://github.com/rabbitmq/rabbitmq-status/archive/bug23130.zip'  2>&1`
$ cd "/home/pete/wefwefwef/docs/erldocs_other.git"
$ cd "/home/pete/wefwefwef/docs/other/2320924048/rabbitmq-status-branch-bug23130/rabbitmq-status"
$ 5000  `find -P . -type l -delete  2>&1`
$ cd "/home/pete/wefwefwef/docs/erldocs_other.git"
$ cd "/home/pete/wefwefwef/docs/other/2320924048/rabbitmq-status-branch-bug23130/rabbitmq-status"
$ 5000  `find 'rabbitmq-status-bug23130' -mindepth 1 -maxdepth 1 -exec mv -t . -- {} +  2>&1`
$ cd "/home/pete/wefwefwef/docs/erldocs_other.git"
 :: Getting dependencies
 :: Generating erldocs into /home/pete/wefwefwef/docs/other/2320924048/repo/bug23130
Building rabbitmq-status
Generating Type Specs - "/home/pete/wefwefwef/docs/other/2320924048/rabbitmq-status-branch-bug23130/rabbitmq-status/src/rabbit_status.erl"
Generating Type Specs - "/home/pete/wefwefwef/docs/other/2320924048/rabbitmq-status-branch-bug23130/rabbitmq-status/src/rabbit_status_app.erl"
Generating Type Specs - "/home/pete/wefwefwef/docs/other/2320924048/rabbitmq-status-branch-bug23130/rabbitmq-status/src/rabbit_status_sup.erl"
Generating Type Specs - "/home/pete/wefwefwef/docs/other/2320924048/rabbitmq-status-branch-bug23130/rabbitmq-status/src/rabbit_status_web.erl"
/home/pete/wefwefwef/docs/other/2320924048/rabbitmq-status-branch-bug23130/rabbitmq-status/src/rabbit_status_web.erl: at line 34: can't find include lib "rabbit_common/include/rabbit.hrl"
EDoc could not process file '/home/pete/wefwefwef/docs/other/2320924048/rabbitmq-status-branch-bug23130/rabbitmq-status/src/rabbit_status_web.erl'
Error generating type specs for "/home/pete/wefwefwef/docs/other/2320924048/rabbitmq-status-branch-bug23130/rabbitmq-status/src/rabbit_status_web.erl"
Generating Type Specs - "/home/pete/wefwefwef/docs/other/2320924048/rabbitmq-status-branch-bug23130/rabbitmq-status/src/status_render.erl"
/home/pete/wefwefwef/docs/other/2320924048/rabbitmq-status-branch-bug23130/rabbitmq-status/src/status_render.erl: at line 26: can't find include lib "rabbit_common/include/rabbit.hrl"
EDoc could not process file '/home/pete/wefwefwef/docs/other/2320924048/rabbitmq-status-branch-bug23130/rabbitmq-status/src/status_render.erl'
Error generating type specs for "/home/pete/wefwefwef/docs/other/2320924048/rabbitmq-status-branch-bug23130/rabbitmq-status/src/status_render.erl"
Generating XML for application rabbitmq-status "/home/pete/wefwefwef/docs/other/2320924048/rabbitmq-status-branch-bug23130/rabbitmq-status" -> "/home/pete/wefwefwef/docs/other/2320924048/repo/bug23130/.xml/rabbitmq-status"
/home/pete/wefwefwef/docs/other/2320924048/rabbitmq-status-branch-bug23130/rabbitmq-status/src/status_render.erl: at line 26: can't find include lib "rabbit_common/include/rabbit.hrl"
edoc: skipping source file '/home/pete/wefwefwef/docs/other/2320924048/rabbitmq-status-branch-bug23130/rabbitmq-status/src/status_render.erl': {'EXIT',
                                                                                                                                          error}.
/home/pete/wefwefwef/docs/other/2320924048/rabbitmq-status-branch-bug23130/rabbitmq-status/src/rabbit_status_web.erl: at line 34: can't find include lib "rabbit_common/include/rabbit.hrl"
edoc: skipping source file '/home/pete/wefwefwef/docs/other/2320924048/rabbitmq-status-branch-bug23130/rabbitmq-status/src/rabbit_status_web.erl': {'EXIT',
                                                                                                                                              error}.
edoc: error in doclet 'edoc_doclet': {'EXIT',error}.
Error generating rabbitmq-status XMLs. Using fallback ...
Generating XML rabbitmq-status - rabbit_status "/home/pete/wefwefwef/docs/other/2320924048/rabbitmq-status-branch-bug23130/rabbitmq-status/src/rabbit_status.erl" -> "/home/pete/wefwefwef/docs/other/2320924048/repo/bug23130/.xml/rabbitmq-status/rabbit_status.xml"
Generating XML rabbitmq-status - rabbit_status_app "/home/pete/wefwefwef/docs/other/2320924048/rabbitmq-status-branch-bug23130/rabbitmq-status/src/rabbit_status_app.erl" -> "/home/pete/wefwefwef/docs/other/2320924048/repo/bug23130/.xml/rabbitmq-status/rabbit_status_app.xml"
Generating XML rabbitmq-status - rabbit_status_sup "/home/pete/wefwefwef/docs/other/2320924048/rabbitmq-status-branch-bug23130/rabbitmq-status/src/rabbit_status_sup.erl" -> "/home/pete/wefwefwef/docs/other/2320924048/repo/bug23130/.xml/rabbitmq-status/rabbit_status_sup.xml"
Generating XML rabbitmq-status - rabbit_status_web "/home/pete/wefwefwef/docs/other/2320924048/rabbitmq-status-branch-bug23130/rabbitmq-status/src/rabbit_status_web.erl" -> "/home/pete/wefwefwef/docs/other/2320924048/repo/bug23130/.xml/rabbitmq-status/rabbit_status_web.xml"
/home/pete/wefwefwef/docs/other/2320924048/rabbitmq-status-branch-bug23130/rabbitmq-status/src/rabbit_status_web.erl: at line 34: can't find include lib "rabbit_common/include/rabbit.hrl"
Error generating XML ("/home/pete/wefwefwef/docs/other/2320924048/rabbitmq-status-branch-bug23130/rabbitmq-status/src/rabbit_status_web.erl"): {'EXIT',
                                                                                                                                                error}
Generating XML rabbitmq-status - status_render "/home/pete/wefwefwef/docs/other/2320924048/rabbitmq-status-branch-bug23130/rabbitmq-status/src/status_render.erl" -> "/home/pete/wefwefwef/docs/other/2320924048/repo/bug23130/.xml/rabbitmq-status/status_render.xml"
/home/pete/wefwefwef/docs/other/2320924048/rabbitmq-status-branch-bug23130/rabbitmq-status/src/status_render.erl: at line 26: can't find include lib "rabbit_common/include/rabbit.hrl"
Error generating XML ("/home/pete/wefwefwef/docs/other/2320924048/rabbitmq-status-branch-bug23130/rabbitmq-status/src/status_render.erl"): {'EXIT',
                                                                                                                                            error}
Generating HTML - rabbit_status "/home/pete/wefwefwef/docs/other/2320924048/repo/bug23130/.xml/rabbitmq-status/rabbit_status.xml"
Reading XML for "/home/pete/wefwefwef/docs/other/2320924048/repo/bug23130/.xml/rabbitmq-status/rabbit_status.xml"
Reading XML for "/home/pete/wefwefwef/docs/other/2320924048/repo/bug23130/.xml/specs_rabbit_status.xml"
Generating HTML - rabbit_status_app "/home/pete/wefwefwef/docs/other/2320924048/repo/bug23130/.xml/rabbitmq-status/rabbit_status_app.xml"
Reading XML for "/home/pete/wefwefwef/docs/other/2320924048/repo/bug23130/.xml/rabbitmq-status/rabbit_status_app.xml"
Reading XML for "/home/pete/wefwefwef/docs/other/2320924048/repo/bug23130/.xml/specs_rabbit_status_app.xml"
Generating HTML - rabbit_status_sup "/home/pete/wefwefwef/docs/other/2320924048/repo/bug23130/.xml/rabbitmq-status/rabbit_status_sup.xml"
Reading XML for "/home/pete/wefwefwef/docs/other/2320924048/repo/bug23130/.xml/rabbitmq-status/rabbit_status_sup.xml"
Reading XML for "/home/pete/wefwefwef/docs/other/2320924048/repo/bug23130/.xml/specs_rabbit_status_sup.xml"
Creating index.html ...
Creating erldocs_index.js ...
Woot, finished in 0 Minutes 0 Seconds
 :: Discovering other repos
$ 5000  `rm -r '/home/pete/wefwefwef/docs/other/2320924048/rabbitmq-status-branch-bug23130'  2>&1`
 :: Processing https://github.com/rabbitmq/rabbitmq-status	{rev,branch,"bug23253","a5b8f93a554faabcc673a192f97d23203c5d4583",undefined,[],[]}
 :: Fetching repo code
$ cd "/home/pete/wefwefwef/docs/other/2320924048/rabbitmq-status-branch-bug23253/rabbitmq-status"
$ infinity  `curl --fail --silent --show-error --location --output 'bug23253.zip' 'https://github.com/rabbitmq/rabbitmq-status/archive/bug23253.zip'  2>&1`
$ cd "/home/pete/wefwefwef/docs/erldocs_other.git"
$ cd "/home/pete/wefwefwef/docs/other/2320924048/rabbitmq-status-branch-bug23253/rabbitmq-status"
$ 5000  `find -P . -type l -delete  2>&1`
$ cd "/home/pete/wefwefwef/docs/erldocs_other.git"
$ cd "/home/pete/wefwefwef/docs/other/2320924048/rabbitmq-status-branch-bug23253/rabbitmq-status"
$ 5000  `find 'rabbitmq-status-bug23253' -mindepth 1 -maxdepth 1 -exec mv -t . -- {} +  2>&1`
$ cd "/home/pete/wefwefwef/docs/erldocs_other.git"
 :: Getting dependencies
 :: Generating erldocs into /home/pete/wefwefwef/docs/other/2320924048/repo/bug23253
Building rabbitmq-status
Generating Type Specs - "/home/pete/wefwefwef/docs/other/2320924048/rabbitmq-status-branch-bug23253/rabbitmq-status/src/rabbit_status.erl"
Generating Type Specs - "/home/pete/wefwefwef/docs/other/2320924048/rabbitmq-status-branch-bug23253/rabbitmq-status/src/rabbit_status_app.erl"
Generating Type Specs - "/home/pete/wefwefwef/docs/other/2320924048/rabbitmq-status-branch-bug23253/rabbitmq-status/src/rabbit_status_sup.erl"
Generating Type Specs - "/home/pete/wefwefwef/docs/other/2320924048/rabbitmq-status-branch-bug23253/rabbitmq-status/src/rabbit_status_web.erl"
/home/pete/wefwefwef/docs/other/2320924048/rabbitmq-status-branch-bug23253/rabbitmq-status/src/rabbit_status_web.erl: at line 34: can't find include lib "rabbit_common/include/rabbit.hrl"
EDoc could not process file '/home/pete/wefwefwef/docs/other/2320924048/rabbitmq-status-branch-bug23253/rabbitmq-status/src/rabbit_status_web.erl'
Error generating type specs for "/home/pete/wefwefwef/docs/other/2320924048/rabbitmq-status-branch-bug23253/rabbitmq-status/src/rabbit_status_web.erl"
Generating Type Specs - "/home/pete/wefwefwef/docs/other/2320924048/rabbitmq-status-branch-bug23253/rabbitmq-status/src/status_render.erl"
/home/pete/wefwefwef/docs/other/2320924048/rabbitmq-status-branch-bug23253/rabbitmq-status/src/status_render.erl: at line 26: can't find include lib "rabbit_common/include/rabbit.hrl"
EDoc could not process file '/home/pete/wefwefwef/docs/other/2320924048/rabbitmq-status-branch-bug23253/rabbitmq-status/src/status_render.erl'
Error generating type specs for "/home/pete/wefwefwef/docs/other/2320924048/rabbitmq-status-branch-bug23253/rabbitmq-status/src/status_render.erl"
Generating XML for application rabbitmq-status "/home/pete/wefwefwef/docs/other/2320924048/rabbitmq-status-branch-bug23253/rabbitmq-status" -> "/home/pete/wefwefwef/docs/other/2320924048/repo/bug23253/.xml/rabbitmq-status"
/home/pete/wefwefwef/docs/other/2320924048/rabbitmq-status-branch-bug23253/rabbitmq-status/src/status_render.erl: at line 26: can't find include lib "rabbit_common/include/rabbit.hrl"
edoc: skipping source file '/home/pete/wefwefwef/docs/other/2320924048/rabbitmq-status-branch-bug23253/rabbitmq-status/src/status_render.erl': {'EXIT',
                                                                                                                                          error}.
/home/pete/wefwefwef/docs/other/2320924048/rabbitmq-status-branch-bug23253/rabbitmq-status/src/rabbit_status_web.erl: at line 34: can't find include lib "rabbit_common/include/rabbit.hrl"
edoc: skipping source file '/home/pete/wefwefwef/docs/other/2320924048/rabbitmq-status-branch-bug23253/rabbitmq-status/src/rabbit_status_web.erl': {'EXIT',
                                                                                                                                              error}.
edoc: error in doclet 'edoc_doclet': {'EXIT',error}.
Error generating rabbitmq-status XMLs. Using fallback ...
Generating XML rabbitmq-status - rabbit_status "/home/pete/wefwefwef/docs/other/2320924048/rabbitmq-status-branch-bug23253/rabbitmq-status/src/rabbit_status.erl" -> "/home/pete/wefwefwef/docs/other/2320924048/repo/bug23253/.xml/rabbitmq-status/rabbit_status.xml"
Generating XML rabbitmq-status - rabbit_status_app "/home/pete/wefwefwef/docs/other/2320924048/rabbitmq-status-branch-bug23253/rabbitmq-status/src/rabbit_status_app.erl" -> "/home/pete/wefwefwef/docs/other/2320924048/repo/bug23253/.xml/rabbitmq-status/rabbit_status_app.xml"
Generating XML rabbitmq-status - rabbit_status_sup "/home/pete/wefwefwef/docs/other/2320924048/rabbitmq-status-branch-bug23253/rabbitmq-status/src/rabbit_status_sup.erl" -> "/home/pete/wefwefwef/docs/other/2320924048/repo/bug23253/.xml/rabbitmq-status/rabbit_status_sup.xml"
Generating XML rabbitmq-status - rabbit_status_web "/home/pete/wefwefwef/docs/other/2320924048/rabbitmq-status-branch-bug23253/rabbitmq-status/src/rabbit_status_web.erl" -> "/home/pete/wefwefwef/docs/other/2320924048/repo/bug23253/.xml/rabbitmq-status/rabbit_status_web.xml"
/home/pete/wefwefwef/docs/other/2320924048/rabbitmq-status-branch-bug23253/rabbitmq-status/src/rabbit_status_web.erl: at line 34: can't find include lib "rabbit_common/include/rabbit.hrl"
Error generating XML ("/home/pete/wefwefwef/docs/other/2320924048/rabbitmq-status-branch-bug23253/rabbitmq-status/src/rabbit_status_web.erl"): {'EXIT',
                                                                                                                                                error}
Generating XML rabbitmq-status - status_render "/home/pete/wefwefwef/docs/other/2320924048/rabbitmq-status-branch-bug23253/rabbitmq-status/src/status_render.erl" -> "/home/pete/wefwefwef/docs/other/2320924048/repo/bug23253/.xml/rabbitmq-status/status_render.xml"
/home/pete/wefwefwef/docs/other/2320924048/rabbitmq-status-branch-bug23253/rabbitmq-status/src/status_render.erl: at line 26: can't find include lib "rabbit_common/include/rabbit.hrl"
Error generating XML ("/home/pete/wefwefwef/docs/other/2320924048/rabbitmq-status-branch-bug23253/rabbitmq-status/src/status_render.erl"): {'EXIT',
                                                                                                                                            error}
Generating HTML - rabbit_status "/home/pete/wefwefwef/docs/other/2320924048/repo/bug23253/.xml/rabbitmq-status/rabbit_status.xml"
Reading XML for "/home/pete/wefwefwef/docs/other/2320924048/repo/bug23253/.xml/rabbitmq-status/rabbit_status.xml"
Reading XML for "/home/pete/wefwefwef/docs/other/2320924048/repo/bug23253/.xml/specs_rabbit_status.xml"
Generating HTML - rabbit_status_app "/home/pete/wefwefwef/docs/other/2320924048/repo/bug23253/.xml/rabbitmq-status/rabbit_status_app.xml"
Reading XML for "/home/pete/wefwefwef/docs/other/2320924048/repo/bug23253/.xml/rabbitmq-status/rabbit_status_app.xml"
Reading XML for "/home/pete/wefwefwef/docs/other/2320924048/repo/bug23253/.xml/specs_rabbit_status_app.xml"
Generating HTML - rabbit_status_sup "/home/pete/wefwefwef/docs/other/2320924048/repo/bug23253/.xml/rabbitmq-status/rabbit_status_sup.xml"
Reading XML for "/home/pete/wefwefwef/docs/other/2320924048/repo/bug23253/.xml/rabbitmq-status/rabbit_status_sup.xml"
Reading XML for "/home/pete/wefwefwef/docs/other/2320924048/repo/bug23253/.xml/specs_rabbit_status_sup.xml"
Creating index.html ...
Creating erldocs_index.js ...
Woot, finished in 0 Minutes 0 Seconds
 :: Discovering other repos
$ 5000  `rm -r '/home/pete/wefwefwef/docs/other/2320924048/rabbitmq-status-branch-bug23253'  2>&1`
 :: Processing https://github.com/rabbitmq/rabbitmq-status	{rev,branch,"bug23274","34476d131a7c43bce3adce86557085d049a62e29",undefined,[],[]}
 :: Fetching repo code
$ cd "/home/pete/wefwefwef/docs/other/2320924048/rabbitmq-status-branch-bug23274/rabbitmq-status"
$ infinity  `curl --fail --silent --show-error --location --output 'bug23274.zip' 'https://github.com/rabbitmq/rabbitmq-status/archive/bug23274.zip'  2>&1`
$ cd "/home/pete/wefwefwef/docs/erldocs_other.git"
$ cd "/home/pete/wefwefwef/docs/other/2320924048/rabbitmq-status-branch-bug23274/rabbitmq-status"
$ 5000  `find -P . -type l -delete  2>&1`
$ cd "/home/pete/wefwefwef/docs/erldocs_other.git"
$ cd "/home/pete/wefwefwef/docs/other/2320924048/rabbitmq-status-branch-bug23274/rabbitmq-status"
$ 5000  `find 'rabbitmq-status-bug23274' -mindepth 1 -maxdepth 1 -exec mv -t . -- {} +  2>&1`
$ cd "/home/pete/wefwefwef/docs/erldocs_other.git"
 :: Getting dependencies
 :: Generating erldocs into /home/pete/wefwefwef/docs/other/2320924048/repo/bug23274
Building rabbitmq-status
Generating Type Specs - "/home/pete/wefwefwef/docs/other/2320924048/rabbitmq-status-branch-bug23274/rabbitmq-status/src/rabbit_status.erl"
Generating Type Specs - "/home/pete/wefwefwef/docs/other/2320924048/rabbitmq-status-branch-bug23274/rabbitmq-status/src/rabbit_status_app.erl"
Generating Type Specs - "/home/pete/wefwefwef/docs/other/2320924048/rabbitmq-status-branch-bug23274/rabbitmq-status/src/rabbit_status_sup.erl"
Generating Type Specs - "/home/pete/wefwefwef/docs/other/2320924048/rabbitmq-status-branch-bug23274/rabbitmq-status/src/rabbit_status_web.erl"
/home/pete/wefwefwef/docs/other/2320924048/rabbitmq-status-branch-bug23274/rabbitmq-status/src/rabbit_status_web.erl: at line 34: can't find include lib "rabbit_common/include/rabbit.hrl"
EDoc could not process file '/home/pete/wefwefwef/docs/other/2320924048/rabbitmq-status-branch-bug23274/rabbitmq-status/src/rabbit_status_web.erl'
Error generating type specs for "/home/pete/wefwefwef/docs/other/2320924048/rabbitmq-status-branch-bug23274/rabbitmq-status/src/rabbit_status_web.erl"
Generating Type Specs - "/home/pete/wefwefwef/docs/other/2320924048/rabbitmq-status-branch-bug23274/rabbitmq-status/src/status_render.erl"
/home/pete/wefwefwef/docs/other/2320924048/rabbitmq-status-branch-bug23274/rabbitmq-status/src/status_render.erl: at line 26: can't find include lib "rabbit_common/include/rabbit.hrl"
EDoc could not process file '/home/pete/wefwefwef/docs/other/2320924048/rabbitmq-status-branch-bug23274/rabbitmq-status/src/status_render.erl'
Error generating type specs for "/home/pete/wefwefwef/docs/other/2320924048/rabbitmq-status-branch-bug23274/rabbitmq-status/src/status_render.erl"
Generating XML for application rabbitmq-status "/home/pete/wefwefwef/docs/other/2320924048/rabbitmq-status-branch-bug23274/rabbitmq-status" -> "/home/pete/wefwefwef/docs/other/2320924048/repo/bug23274/.xml/rabbitmq-status"
/home/pete/wefwefwef/docs/other/2320924048/rabbitmq-status-branch-bug23274/rabbitmq-status/src/status_render.erl: at line 26: can't find include lib "rabbit_common/include/rabbit.hrl"
edoc: skipping source file '/home/pete/wefwefwef/docs/other/2320924048/rabbitmq-status-branch-bug23274/rabbitmq-status/src/status_render.erl': {'EXIT',
                                                                                                                                          error}.
/home/pete/wefwefwef/docs/other/2320924048/rabbitmq-status-branch-bug23274/rabbitmq-status/src/rabbit_status_web.erl: at line 34: can't find include lib "rabbit_common/include/rabbit.hrl"
edoc: skipping source file '/home/pete/wefwefwef/docs/other/2320924048/rabbitmq-status-branch-bug23274/rabbitmq-status/src/rabbit_status_web.erl': {'EXIT',
                                                                                                                                              error}.
edoc: error in doclet 'edoc_doclet': {'EXIT',error}.
Error generating rabbitmq-status XMLs. Using fallback ...
Generating XML rabbitmq-status - rabbit_status "/home/pete/wefwefwef/docs/other/2320924048/rabbitmq-status-branch-bug23274/rabbitmq-status/src/rabbit_status.erl" -> "/home/pete/wefwefwef/docs/other/2320924048/repo/bug23274/.xml/rabbitmq-status/rabbit_status.xml"
Generating XML rabbitmq-status - rabbit_status_app "/home/pete/wefwefwef/docs/other/2320924048/rabbitmq-status-branch-bug23274/rabbitmq-status/src/rabbit_status_app.erl" -> "/home/pete/wefwefwef/docs/other/2320924048/repo/bug23274/.xml/rabbitmq-status/rabbit_status_app.xml"
Generating XML rabbitmq-status - rabbit_status_sup "/home/pete/wefwefwef/docs/other/2320924048/rabbitmq-status-branch-bug23274/rabbitmq-status/src/rabbit_status_sup.erl" -> "/home/pete/wefwefwef/docs/other/2320924048/repo/bug23274/.xml/rabbitmq-status/rabbit_status_sup.xml"
Generating XML rabbitmq-status - rabbit_status_web "/home/pete/wefwefwef/docs/other/2320924048/rabbitmq-status-branch-bug23274/rabbitmq-status/src/rabbit_status_web.erl" -> "/home/pete/wefwefwef/docs/other/2320924048/repo/bug23274/.xml/rabbitmq-status/rabbit_status_web.xml"
/home/pete/wefwefwef/docs/other/2320924048/rabbitmq-status-branch-bug23274/rabbitmq-status/src/rabbit_status_web.erl: at line 34: can't find include lib "rabbit_common/include/rabbit.hrl"
Error generating XML ("/home/pete/wefwefwef/docs/other/2320924048/rabbitmq-status-branch-bug23274/rabbitmq-status/src/rabbit_status_web.erl"): {'EXIT',
                                                                                                                                                error}
Generating XML rabbitmq-status - status_render "/home/pete/wefwefwef/docs/other/2320924048/rabbitmq-status-branch-bug23274/rabbitmq-status/src/status_render.erl" -> "/home/pete/wefwefwef/docs/other/2320924048/repo/bug23274/.xml/rabbitmq-status/status_render.xml"
/home/pete/wefwefwef/docs/other/2320924048/rabbitmq-status-branch-bug23274/rabbitmq-status/src/status_render.erl: at line 26: can't find include lib "rabbit_common/include/rabbit.hrl"
Error generating XML ("/home/pete/wefwefwef/docs/other/2320924048/rabbitmq-status-branch-bug23274/rabbitmq-status/src/status_render.erl"): {'EXIT',
                                                                                                                                            error}
Generating HTML - rabbit_status "/home/pete/wefwefwef/docs/other/2320924048/repo/bug23274/.xml/rabbitmq-status/rabbit_status.xml"
Reading XML for "/home/pete/wefwefwef/docs/other/2320924048/repo/bug23274/.xml/rabbitmq-status/rabbit_status.xml"
Reading XML for "/home/pete/wefwefwef/docs/other/2320924048/repo/bug23274/.xml/specs_rabbit_status.xml"
Generating HTML - rabbit_status_app "/home/pete/wefwefwef/docs/other/2320924048/repo/bug23274/.xml/rabbitmq-status/rabbit_status_app.xml"
Reading XML for "/home/pete/wefwefwef/docs/other/2320924048/repo/bug23274/.xml/rabbitmq-status/rabbit_status_app.xml"
Reading XML for "/home/pete/wefwefwef/docs/other/2320924048/repo/bug23274/.xml/specs_rabbit_status_app.xml"
Generating HTML - rabbit_status_sup "/home/pete/wefwefwef/docs/other/2320924048/repo/bug23274/.xml/rabbitmq-status/rabbit_status_sup.xml"
Reading XML for "/home/pete/wefwefwef/docs/other/2320924048/repo/bug23274/.xml/rabbitmq-status/rabbit_status_sup.xml"
Reading XML for "/home/pete/wefwefwef/docs/other/2320924048/repo/bug23274/.xml/specs_rabbit_status_sup.xml"
Creating index.html ...
Creating erldocs_index.js ...
Woot, finished in 0 Minutes 0 Seconds
 :: Discovering other repos
$ 5000  `rm -r '/home/pete/wefwefwef/docs/other/2320924048/rabbitmq-status-branch-bug23274'  2>&1`
 :: Processing https://github.com/rabbitmq/rabbitmq-status	{rev,branch,"bug23284","9cd92e8620174008eb15a36bf2688563e60e0042",undefined,[],[]}
 :: Fetching repo code
$ cd "/home/pete/wefwefwef/docs/other/2320924048/rabbitmq-status-branch-bug23284/rabbitmq-status"
$ infinity  `curl --fail --silent --show-error --location --output 'bug23284.zip' 'https://github.com/rabbitmq/rabbitmq-status/archive/bug23284.zip'  2>&1`
$ cd "/home/pete/wefwefwef/docs/erldocs_other.git"
$ cd "/home/pete/wefwefwef/docs/other/2320924048/rabbitmq-status-branch-bug23284/rabbitmq-status"
$ 5000  `find -P . -type l -delete  2>&1`
$ cd "/home/pete/wefwefwef/docs/erldocs_other.git"
$ cd "/home/pete/wefwefwef/docs/other/2320924048/rabbitmq-status-branch-bug23284/rabbitmq-status"
$ 5000  `find 'rabbitmq-status-bug23284' -mindepth 1 -maxdepth 1 -exec mv -t . -- {} +  2>&1`
$ cd "/home/pete/wefwefwef/docs/erldocs_other.git"
 :: Getting dependencies
 :: Generating erldocs into /home/pete/wefwefwef/docs/other/2320924048/repo/bug23284
Building rabbitmq-status
Generating Type Specs - "/home/pete/wefwefwef/docs/other/2320924048/rabbitmq-status-branch-bug23284/rabbitmq-status/src/rabbit_status.erl"
Generating Type Specs - "/home/pete/wefwefwef/docs/other/2320924048/rabbitmq-status-branch-bug23284/rabbitmq-status/src/rabbit_status_app.erl"
Generating Type Specs - "/home/pete/wefwefwef/docs/other/2320924048/rabbitmq-status-branch-bug23284/rabbitmq-status/src/rabbit_status_sup.erl"
Generating Type Specs - "/home/pete/wefwefwef/docs/other/2320924048/rabbitmq-status-branch-bug23284/rabbitmq-status/src/rabbit_status_web.erl"
/home/pete/wefwefwef/docs/other/2320924048/rabbitmq-status-branch-bug23284/rabbitmq-status/src/rabbit_status_web.erl: at line 34: can't find include lib "rabbit_common/include/rabbit.hrl"
EDoc could not process file '/home/pete/wefwefwef/docs/other/2320924048/rabbitmq-status-branch-bug23284/rabbitmq-status/src/rabbit_status_web.erl'
Error generating type specs for "/home/pete/wefwefwef/docs/other/2320924048/rabbitmq-status-branch-bug23284/rabbitmq-status/src/rabbit_status_web.erl"
Generating Type Specs - "/home/pete/wefwefwef/docs/other/2320924048/rabbitmq-status-branch-bug23284/rabbitmq-status/src/status_render.erl"
/home/pete/wefwefwef/docs/other/2320924048/rabbitmq-status-branch-bug23284/rabbitmq-status/src/status_render.erl: at line 26: can't find include lib "rabbit_common/include/rabbit.hrl"
EDoc could not process file '/home/pete/wefwefwef/docs/other/2320924048/rabbitmq-status-branch-bug23284/rabbitmq-status/src/status_render.erl'
Error generating type specs for "/home/pete/wefwefwef/docs/other/2320924048/rabbitmq-status-branch-bug23284/rabbitmq-status/src/status_render.erl"
Generating XML for application rabbitmq-status "/home/pete/wefwefwef/docs/other/2320924048/rabbitmq-status-branch-bug23284/rabbitmq-status" -> "/home/pete/wefwefwef/docs/other/2320924048/repo/bug23284/.xml/rabbitmq-status"
/home/pete/wefwefwef/docs/other/2320924048/rabbitmq-status-branch-bug23284/rabbitmq-status/src/status_render.erl: at line 26: can't find include lib "rabbit_common/include/rabbit.hrl"
edoc: skipping source file '/home/pete/wefwefwef/docs/other/2320924048/rabbitmq-status-branch-bug23284/rabbitmq-status/src/status_render.erl': {'EXIT',
                                                                                                                                          error}.
/home/pete/wefwefwef/docs/other/2320924048/rabbitmq-status-branch-bug23284/rabbitmq-status/src/rabbit_status_web.erl: at line 34: can't find include lib "rabbit_common/include/rabbit.hrl"
edoc: skipping source file '/home/pete/wefwefwef/docs/other/2320924048/rabbitmq-status-branch-bug23284/rabbitmq-status/src/rabbit_status_web.erl': {'EXIT',
                                                                                                                                              error}.
edoc: error in doclet 'edoc_doclet': {'EXIT',error}.
Error generating rabbitmq-status XMLs. Using fallback ...
Generating XML rabbitmq-status - rabbit_status "/home/pete/wefwefwef/docs/other/2320924048/rabbitmq-status-branch-bug23284/rabbitmq-status/src/rabbit_status.erl" -> "/home/pete/wefwefwef/docs/other/2320924048/repo/bug23284/.xml/rabbitmq-status/rabbit_status.xml"
Generating XML rabbitmq-status - rabbit_status_app "/home/pete/wefwefwef/docs/other/2320924048/rabbitmq-status-branch-bug23284/rabbitmq-status/src/rabbit_status_app.erl" -> "/home/pete/wefwefwef/docs/other/2320924048/repo/bug23284/.xml/rabbitmq-status/rabbit_status_app.xml"
Generating XML rabbitmq-status - rabbit_status_sup "/home/pete/wefwefwef/docs/other/2320924048/rabbitmq-status-branch-bug23284/rabbitmq-status/src/rabbit_status_sup.erl" -> "/home/pete/wefwefwef/docs/other/2320924048/repo/bug23284/.xml/rabbitmq-status/rabbit_status_sup.xml"
Generating XML rabbitmq-status - rabbit_status_web "/home/pete/wefwefwef/docs/other/2320924048/rabbitmq-status-branch-bug23284/rabbitmq-status/src/rabbit_status_web.erl" -> "/home/pete/wefwefwef/docs/other/2320924048/repo/bug23284/.xml/rabbitmq-status/rabbit_status_web.xml"
/home/pete/wefwefwef/docs/other/2320924048/rabbitmq-status-branch-bug23284/rabbitmq-status/src/rabbit_status_web.erl: at line 34: can't find include lib "rabbit_common/include/rabbit.hrl"
Error generating XML ("/home/pete/wefwefwef/docs/other/2320924048/rabbitmq-status-branch-bug23284/rabbitmq-status/src/rabbit_status_web.erl"): {'EXIT',
                                                                                                                                                error}
Generating XML rabbitmq-status - status_render "/home/pete/wefwefwef/docs/other/2320924048/rabbitmq-status-branch-bug23284/rabbitmq-status/src/status_render.erl" -> "/home/pete/wefwefwef/docs/other/2320924048/repo/bug23284/.xml/rabbitmq-status/status_render.xml"
/home/pete/wefwefwef/docs/other/2320924048/rabbitmq-status-branch-bug23284/rabbitmq-status/src/status_render.erl: at line 26: can't find include lib "rabbit_common/include/rabbit.hrl"
Error generating XML ("/home/pete/wefwefwef/docs/other/2320924048/rabbitmq-status-branch-bug23284/rabbitmq-status/src/status_render.erl"): {'EXIT',
                                                                                                                                            error}
Generating HTML - rabbit_status "/home/pete/wefwefwef/docs/other/2320924048/repo/bug23284/.xml/rabbitmq-status/rabbit_status.xml"
Reading XML for "/home/pete/wefwefwef/docs/other/2320924048/repo/bug23284/.xml/rabbitmq-status/rabbit_status.xml"
Reading XML for "/home/pete/wefwefwef/docs/other/2320924048/repo/bug23284/.xml/specs_rabbit_status.xml"
Generating HTML - rabbit_status_app "/home/pete/wefwefwef/docs/other/2320924048/repo/bug23284/.xml/rabbitmq-status/rabbit_status_app.xml"
Reading XML for "/home/pete/wefwefwef/docs/other/2320924048/repo/bug23284/.xml/rabbitmq-status/rabbit_status_app.xml"
Reading XML for "/home/pete/wefwefwef/docs/other/2320924048/repo/bug23284/.xml/specs_rabbit_status_app.xml"
Generating HTML - rabbit_status_sup "/home/pete/wefwefwef/docs/other/2320924048/repo/bug23284/.xml/rabbitmq-status/rabbit_status_sup.xml"
Reading XML for "/home/pete/wefwefwef/docs/other/2320924048/repo/bug23284/.xml/rabbitmq-status/rabbit_status_sup.xml"
Reading XML for "/home/pete/wefwefwef/docs/other/2320924048/repo/bug23284/.xml/specs_rabbit_status_sup.xml"
Creating index.html ...
Creating erldocs_index.js ...
Woot, finished in 0 Minutes 0 Seconds
 :: Discovering other repos
$ 5000  `rm -r '/home/pete/wefwefwef/docs/other/2320924048/rabbitmq-status-branch-bug23284'  2>&1`
 :: Processing https://github.com/rabbitmq/rabbitmq-status	{rev,branch,"junk","358272ff1055fbda371c21130dc07b97280f1dc4",undefined,[],[]}
 :: Fetching repo code
$ cd "/home/pete/wefwefwef/docs/other/2320924048/rabbitmq-status-branch-junk/rabbitmq-status"
$ infinity  `curl --fail --silent --show-error --location --output 'junk.zip' 'https://github.com/rabbitmq/rabbitmq-status/archive/junk.zip'  2>&1`
$ cd "/home/pete/wefwefwef/docs/erldocs_other.git"
$ cd "/home/pete/wefwefwef/docs/other/2320924048/rabbitmq-status-branch-junk/rabbitmq-status"
$ 5000  `find -P . -type l -delete  2>&1`
$ cd "/home/pete/wefwefwef/docs/erldocs_other.git"
$ cd "/home/pete/wefwefwef/docs/other/2320924048/rabbitmq-status-branch-junk/rabbitmq-status"
$ 5000  `find 'rabbitmq-status-junk' -mindepth 1 -maxdepth 1 -exec mv -t . -- {} +  2>&1`
$ cd "/home/pete/wefwefwef/docs/erldocs_other.git"
>>> [stdout] "find: `rabbitmq-status-junk': No such file or directory"
 :: Error running eo_core:
	[{eo_os,chk,2,[{file,"src/eo_os.erl"},{line,55}]},
         {eo_scm,fetch,2,[{file,"src/eo_scm.erl"},{line,87}]},
         {eo_core,copy_repo,5,[{file,"src/eo_core.erl"},{line,235}]},
         {eo_core,do,7,[{file,"src/eo_core.erl"},{line,94}]},
         {eo_core,'-main_/1-lc$^0/1-0-',8,
                  [{file,"src/eo_core.erl"},{line,77}]},
         {eo_core,'-main_/1-lc$^0/1-0-',8,
                  [{file,"src/eo_core.erl"},{line,78}]},
         {eo_core,main_,1,[{file,"src/eo_core.erl"},{line,77}]},
         {eo_core,main,1,[{file,"src/eo_core.erl"},{line,47}]}]
{throw,{sh,mv_all,error,1,
           [{"find: `rabbitmq-status-junk': No such file or directory"}]}}
