 :: Extracting meta information
$ 5000  `git ls-remote --heads --tags 'https://github.com/russelldb/shop'  2>&1`
>>> [repo] 1 branches, 0 tags
 :: Writing meta to "/home/pete/wefwefwef/docs/other/1888906029/meta.txt"
 :: Processing https://github.com/russelldb/shop	{rev,branch,"master","09c0de542e3f8817d3630d4d7b8c16a526fa27aa",undefined,[],[]}
 :: Fetching repo code
$ cd "/home/pete/wefwefwef/docs/other/1888906029/shop-branch-master/shop"
$ infinity  `curl --fail --silent --show-error --location --output 'master.zip' 'https://github.com/russelldb/shop/archive/master.zip'  2>&1`
$ cd "/home/pete/wefwefwef/docs/erldocs_other.git"
$ cd "/home/pete/wefwefwef/docs/other/1888906029/shop-branch-master/shop"
$ 5000  `find -P . -type l -delete  2>&1`
$ cd "/home/pete/wefwefwef/docs/erldocs_other.git"
$ cd "/home/pete/wefwefwef/docs/other/1888906029/shop-branch-master/shop"
$ 5000  `find 'shop-master' -mindepth 1 -maxdepth 1 -exec mv -t . -- {} +  2>&1`
$ cd "/home/pete/wefwefwef/docs/erldocs_other.git"
 :: Getting dependencies
$ cd "/home/pete/wefwefwef/docs/other/1888906029/shop-branch-master/shop"
$ 5000  `ls -1 deps/  2>&1`
$ cd "/home/pete/wefwefwef/docs/erldocs_other.git"
>>> [rebar] deps = []
 :: Generating erldocs into /home/pete/wefwefwef/docs/other/1888906029/repo/master
Building web
Generating Type Specs - "/home/pete/wefwefwef/docs/other/1888906029/shop-branch-master/shop/apps/web/src/dispatch_watcher.erl"
Generating Type Specs - "/home/pete/wefwefwef/docs/other/1888906029/shop-branch-master/shop/apps/web/src/item_resource.erl"
/home/pete/wefwefwef/docs/other/1888906029/shop-branch-master/shop/apps/web/src/item_resource.erl: at line 13: can't find include lib "webmachine/include/webmachine.hrl"
EDoc could not process file '/home/pete/wefwefwef/docs/other/1888906029/shop-branch-master/shop/apps/web/src/item_resource.erl'
Error generating type specs for "/home/pete/wefwefwef/docs/other/1888906029/shop-branch-master/shop/apps/web/src/item_resource.erl"
Generating Type Specs - "/home/pete/wefwefwef/docs/other/1888906029/shop-branch-master/shop/apps/web/src/static_resource.erl"
/home/pete/wefwefwef/docs/other/1888906029/shop-branch-master/shop/apps/web/src/static_resource.erl: at line 8: can't find include lib "webmachine/include/webmachine.hrl"
EDoc could not process file '/home/pete/wefwefwef/docs/other/1888906029/shop-branch-master/shop/apps/web/src/static_resource.erl'
Error generating type specs for "/home/pete/wefwefwef/docs/other/1888906029/shop-branch-master/shop/apps/web/src/static_resource.erl"
Generating Type Specs - "/home/pete/wefwefwef/docs/other/1888906029/shop-branch-master/shop/apps/web/src/web.erl"
Generating Type Specs - "/home/pete/wefwefwef/docs/other/1888906029/shop-branch-master/shop/apps/web/src/web_app.erl"
Generating Type Specs - "/home/pete/wefwefwef/docs/other/1888906029/shop-branch-master/shop/apps/web/src/web_sup.erl"
Generating XML for application web "/home/pete/wefwefwef/docs/other/1888906029/shop-branch-master/shop/apps/web" -> "/home/pete/wefwefwef/docs/other/1888906029/repo/master/.xml/web"
/home/pete/wefwefwef/docs/other/1888906029/shop-branch-master/shop/apps/web/src/static_resource.erl: at line 8: can't find include lib "webmachine/include/webmachine.hrl"
edoc: skipping source file '/home/pete/wefwefwef/docs/other/1888906029/shop-branch-master/shop/apps/web/src/static_resource.erl': {'EXIT',
                                                                                                                             error}.
/home/pete/wefwefwef/docs/other/1888906029/shop-branch-master/shop/apps/web/src/item_resource.erl: at line 13: can't find include lib "webmachine/include/webmachine.hrl"
edoc: skipping source file '/home/pete/wefwefwef/docs/other/1888906029/shop-branch-master/shop/apps/web/src/item_resource.erl': {'EXIT',
                                                                                                                           error}.
edoc: error in doclet 'edoc_doclet': {'EXIT',error}.
Error generating web XMLs. Using fallback ...
Generating XML web - dispatch_watcher "/home/pete/wefwefwef/docs/other/1888906029/shop-branch-master/shop/apps/web/src/dispatch_watcher.erl" -> "/home/pete/wefwefwef/docs/other/1888906029/repo/master/.xml/web/dispatch_watcher.xml"
Generating XML web - item_resource "/home/pete/wefwefwef/docs/other/1888906029/shop-branch-master/shop/apps/web/src/item_resource.erl" -> "/home/pete/wefwefwef/docs/other/1888906029/repo/master/.xml/web/item_resource.xml"
/home/pete/wefwefwef/docs/other/1888906029/shop-branch-master/shop/apps/web/src/item_resource.erl: at line 13: can't find include lib "webmachine/include/webmachine.hrl"
Error generating XML ("/home/pete/wefwefwef/docs/other/1888906029/shop-branch-master/shop/apps/web/src/item_resource.erl"): {'EXIT',
                                                                                                                             error}
Generating XML web - static_resource "/home/pete/wefwefwef/docs/other/1888906029/shop-branch-master/shop/apps/web/src/static_resource.erl" -> "/home/pete/wefwefwef/docs/other/1888906029/repo/master/.xml/web/static_resource.xml"
/home/pete/wefwefwef/docs/other/1888906029/shop-branch-master/shop/apps/web/src/static_resource.erl: at line 8: can't find include lib "webmachine/include/webmachine.hrl"
Error generating XML ("/home/pete/wefwefwef/docs/other/1888906029/shop-branch-master/shop/apps/web/src/static_resource.erl"): {'EXIT',
                                                                                                                               error}
Generating XML web - web "/home/pete/wefwefwef/docs/other/1888906029/shop-branch-master/shop/apps/web/src/web.erl" -> "/home/pete/wefwefwef/docs/other/1888906029/repo/master/.xml/web/web.xml"
Generating XML web - web_app "/home/pete/wefwefwef/docs/other/1888906029/shop-branch-master/shop/apps/web/src/web_app.erl" -> "/home/pete/wefwefwef/docs/other/1888906029/repo/master/.xml/web/web_app.xml"
Generating XML web - web_sup "/home/pete/wefwefwef/docs/other/1888906029/shop-branch-master/shop/apps/web/src/web_sup.erl" -> "/home/pete/wefwefwef/docs/other/1888906029/repo/master/.xml/web/web_sup.xml"
Generating HTML - web "/home/pete/wefwefwef/docs/other/1888906029/repo/master/.xml/web/web.xml"
Generating HTML - web_sup "/home/pete/wefwefwef/docs/other/1888906029/repo/master/.xml/web/web_sup.xml"
Generating HTML - dispatch_watcher "/home/pete/wefwefwef/docs/other/1888906029/repo/master/.xml/web/dispatch_watcher.xml"
Generating HTML - web_app "/home/pete/wefwefwef/docs/other/1888906029/repo/master/.xml/web/web_app.xml"
Reading XML for "/home/pete/wefwefwef/docs/other/1888906029/repo/master/.xml/web/web.xml"
Reading XML for "/home/pete/wefwefwef/docs/other/1888906029/repo/master/.xml/web/web_sup.xml"
Reading XML for "/home/pete/wefwefwef/docs/other/1888906029/repo/master/.xml/web/dispatch_watcher.xml"
Reading XML for "/home/pete/wefwefwef/docs/other/1888906029/repo/master/.xml/web/web_app.xml"
Reading XML for "/home/pete/wefwefwef/docs/other/1888906029/repo/master/.xml/specs_web_app.xml"
Reading XML for "/home/pete/wefwefwef/docs/other/1888906029/repo/master/.xml/specs_web.xml"
Reading XML for "/home/pete/wefwefwef/docs/other/1888906029/repo/master/.xml/specs_web_sup.xml"
Reading XML for "/home/pete/wefwefwef/docs/other/1888906029/repo/master/.xml/specs_dispatch_watcher.xml"
Building store
Generating Type Specs - "/home/pete/wefwefwef/docs/other/1888906029/shop-branch-master/shop/apps/store/src/store_app.erl"
Generating Type Specs - "/home/pete/wefwefwef/docs/other/1888906029/shop-branch-master/shop/apps/store/src/store_auth_event_handler.erl"
Generating Type Specs - "/home/pete/wefwefwef/docs/other/1888906029/shop-branch-master/shop/apps/store/src/store_authenticator.erl"
Generating Type Specs - "/home/pete/wefwefwef/docs/other/1888906029/shop-branch-master/shop/apps/store/src/store_authenticator_behaviour.erl"
Generating Type Specs - "/home/pete/wefwefwef/docs/other/1888906029/shop-branch-master/shop/apps/store/src/store_db.erl"
Generating Type Specs - "/home/pete/wefwefwef/docs/other/1888906029/shop-branch-master/shop/apps/store/src/store_db_behaviour.erl"
Generating Type Specs - "/home/pete/wefwefwef/docs/other/1888906029/shop-branch-master/shop/apps/store/src/store_ets_session.erl"
Generating Type Specs - "/home/pete/wefwefwef/docs/other/1888906029/shop-branch-master/shop/apps/store/src/store_event_manager.erl"
Generating Type Specs - "/home/pete/wefwefwef/docs/other/1888906029/shop-branch-master/shop/apps/store/src/store_mnesia_authenticator.erl"
Generating Type Specs - "/home/pete/wefwefwef/docs/other/1888906029/shop-branch-master/shop/apps/store/src/store_mnesia_db.erl"
Generating Type Specs - "/home/pete/wefwefwef/docs/other/1888906029/shop-branch-master/shop/apps/store/src/store_session.erl"
Generating Type Specs - "/home/pete/wefwefwef/docs/other/1888906029/shop-branch-master/shop/apps/store/src/store_session_behaviour.erl"
Generating Type Specs - "/home/pete/wefwefwef/docs/other/1888906029/shop-branch-master/shop/apps/store/src/store_sup.erl"
Generating Type Specs - "/home/pete/wefwefwef/docs/other/1888906029/shop-branch-master/shop/apps/store/src/store_util.erl"
Generating XML for application store "/home/pete/wefwefwef/docs/other/1888906029/shop-branch-master/shop/apps/store" -> "/home/pete/wefwefwef/docs/other/1888906029/repo/master/.xml/store"
/home/pete/wefwefwef/docs/other/1888906029/shop-branch-master/shop/apps/store/src/store_mnesia_authenticator.erl, function valid_password/2: at line 58: unknown error parsing specification: {58,edoc_parser,
                                      ["syntax error before: ",[]]}.
edoc: skipping source file '/home/pete/wefwefwef/docs/other/1888906029/shop-branch-master/shop/apps/store/src/store_mnesia_authenticator.erl': {'EXIT',
                                                                                                                                          error}.
/home/pete/wefwefwef/docs/other/1888906029/shop-branch-master/shop/apps/store/src/store_session.erl, function start_link/1: at line 30: @spec arity does not match.
edoc: skipping source file '/home/pete/wefwefwef/docs/other/1888906029/shop-branch-master/shop/apps/store/src/store_session.erl': {'EXIT',
                                                                                                                             error}.
/home/pete/wefwefwef/docs/other/1888906029/shop-branch-master/shop/apps/store/src/store_mnesia_db.erl, function object_counter/1: at line 25: unknown error parsing specification: {25,edoc_parser,
                                      ["syntax error before: ","'.'"]}.
edoc: skipping source file '/home/pete/wefwefwef/docs/other/1888906029/shop-branch-master/shop/apps/store/src/store_mnesia_db.erl': {'EXIT',
                                                                                                                               error}.
/home/pete/wefwefwef/docs/other/1888906029/shop-branch-master/shop/apps/store/src/store_util.erl, function is_valid_behaviour/2: at line 29: @spec arity does not match.
edoc: skipping source file '/home/pete/wefwefwef/docs/other/1888906029/shop-branch-master/shop/apps/store/src/store_util.erl': {'EXIT',
                                                                                                                          error}.
/home/pete/wefwefwef/docs/other/1888906029/shop-branch-master/shop/apps/store/src/store_db.erl, function start_link/1: at line 32: @spec arity does not match.
edoc: skipping source file '/home/pete/wefwefwef/docs/other/1888906029/shop-branch-master/shop/apps/store/src/store_db.erl': {'EXIT',
                                                                                                                        error}.
/home/pete/wefwefwef/docs/other/1888906029/shop-branch-master/shop/apps/store/src/store_authenticator_behaviour.erl, function behaviour_info/1: at line 22: unknown error parsing specification: {22,edoc_parser,
                                      ["syntax error before: ",[]]}.
edoc: skipping source file '/home/pete/wefwefwef/docs/other/1888906029/shop-branch-master/shop/apps/store/src/store_authenticator_behaviour.erl': {'EXIT',
                                                                                                                                             error}.
/home/pete/wefwefwef/docs/other/1888906029/shop-branch-master/shop/apps/store/src/store_db_behaviour.erl, function behaviour_info/1: at line 22: unknown error parsing specification: {22,edoc_parser,
                                      ["syntax error before: ",[]]}.
edoc: skipping source file '/home/pete/wefwefwef/docs/other/1888906029/shop-branch-master/shop/apps/store/src/store_db_behaviour.erl': {'EXIT',
                                                                                                                                  error}.
/home/pete/wefwefwef/docs/other/1888906029/shop-branch-master/shop/apps/store/src/store_authenticator.erl, function stop/0: at line 41: unknown error parsing specification: {41,edoc_parser,
                                      ["syntax error before: ",[]]}.
edoc: skipping source file '/home/pete/wefwefwef/docs/other/1888906029/shop-branch-master/shop/apps/store/src/store_authenticator.erl': {'EXIT',
                                                                                                                                   error}.
edoc: error in doclet 'edoc_doclet': {'EXIT',error}.
Error generating store XMLs. Using fallback ...
Generating XML store - store_app "/home/pete/wefwefwef/docs/other/1888906029/shop-branch-master/shop/apps/store/src/store_app.erl" -> "/home/pete/wefwefwef/docs/other/1888906029/repo/master/.xml/store/store_app.xml"
Generating XML store - store_auth_event_handler "/home/pete/wefwefwef/docs/other/1888906029/shop-branch-master/shop/apps/store/src/store_auth_event_handler.erl" -> "/home/pete/wefwefwef/docs/other/1888906029/repo/master/.xml/store/store_auth_event_handler.xml"
Generating XML store - store_authenticator "/home/pete/wefwefwef/docs/other/1888906029/shop-branch-master/shop/apps/store/src/store_authenticator.erl" -> "/home/pete/wefwefwef/docs/other/1888906029/repo/master/.xml/store/store_authenticator.xml"
/home/pete/wefwefwef/docs/other/1888906029/shop-branch-master/shop/apps/store/src/store_authenticator.erl, function stop/0: at line 41: unknown error parsing specification: {41,edoc_parser,
                                      ["syntax error before: ",[]]}.
Error generating XML ("/home/pete/wefwefwef/docs/other/1888906029/shop-branch-master/shop/apps/store/src/store_authenticator.erl"): {'EXIT',
                                                                                                                                     error}
Generating XML store - store_authenticator_behaviour "/home/pete/wefwefwef/docs/other/1888906029/shop-branch-master/shop/apps/store/src/store_authenticator_behaviour.erl" -> "/home/pete/wefwefwef/docs/other/1888906029/repo/master/.xml/store/store_authenticator_behaviour.xml"
/home/pete/wefwefwef/docs/other/1888906029/shop-branch-master/shop/apps/store/src/store_authenticator_behaviour.erl, function behaviour_info/1: at line 22: unknown error parsing specification: {22,edoc_parser,
                                      ["syntax error before: ",[]]}.
Error generating XML ("/home/pete/wefwefwef/docs/other/1888906029/shop-branch-master/shop/apps/store/src/store_authenticator_behaviour.erl"): {'EXIT',
                                                                                                                                               error}
Generating XML store - store_db "/home/pete/wefwefwef/docs/other/1888906029/shop-branch-master/shop/apps/store/src/store_db.erl" -> "/home/pete/wefwefwef/docs/other/1888906029/repo/master/.xml/store/store_db.xml"
/home/pete/wefwefwef/docs/other/1888906029/shop-branch-master/shop/apps/store/src/store_db.erl, function start_link/1: at line 32: @spec arity does not match.
Error generating XML ("/home/pete/wefwefwef/docs/other/1888906029/shop-branch-master/shop/apps/store/src/store_db.erl"): {'EXIT',
                                                                                                                          error}
Generating XML store - store_db_behaviour "/home/pete/wefwefwef/docs/other/1888906029/shop-branch-master/shop/apps/store/src/store_db_behaviour.erl" -> "/home/pete/wefwefwef/docs/other/1888906029/repo/master/.xml/store/store_db_behaviour.xml"
/home/pete/wefwefwef/docs/other/1888906029/shop-branch-master/shop/apps/store/src/store_db_behaviour.erl, function behaviour_info/1: at line 22: unknown error parsing specification: {22,edoc_parser,
                                      ["syntax error before: ",[]]}.
Error generating XML ("/home/pete/wefwefwef/docs/other/1888906029/shop-branch-master/shop/apps/store/src/store_db_behaviour.erl"): {'EXIT',
                                                                                                                                    error}
Generating XML store - store_ets_session "/home/pete/wefwefwef/docs/other/1888906029/shop-branch-master/shop/apps/store/src/store_ets_session.erl" -> "/home/pete/wefwefwef/docs/other/1888906029/repo/master/.xml/store/store_ets_session.xml"
Generating XML store - store_event_manager "/home/pete/wefwefwef/docs/other/1888906029/shop-branch-master/shop/apps/store/src/store_event_manager.erl" -> "/home/pete/wefwefwef/docs/other/1888906029/repo/master/.xml/store/store_event_manager.xml"
Generating XML store - store_mnesia_authenticator "/home/pete/wefwefwef/docs/other/1888906029/shop-branch-master/shop/apps/store/src/store_mnesia_authenticator.erl" -> "/home/pete/wefwefwef/docs/other/1888906029/repo/master/.xml/store/store_mnesia_authenticator.xml"
/home/pete/wefwefwef/docs/other/1888906029/shop-branch-master/shop/apps/store/src/store_mnesia_authenticator.erl, function valid_password/2: at line 58: unknown error parsing specification: {58,edoc_parser,
                                      ["syntax error before: ",[]]}.
Error generating XML ("/home/pete/wefwefwef/docs/other/1888906029/shop-branch-master/shop/apps/store/src/store_mnesia_authenticator.erl"): {'EXIT',
                                                                                                                                            error}
Generating XML store - store_mnesia_db "/home/pete/wefwefwef/docs/other/1888906029/shop-branch-master/shop/apps/store/src/store_mnesia_db.erl" -> "/home/pete/wefwefwef/docs/other/1888906029/repo/master/.xml/store/store_mnesia_db.xml"
/home/pete/wefwefwef/docs/other/1888906029/shop-branch-master/shop/apps/store/src/store_mnesia_db.erl, function object_counter/1: at line 25: unknown error parsing specification: {25,edoc_parser,
                                      ["syntax error before: ","'.'"]}.
Error generating XML ("/home/pete/wefwefwef/docs/other/1888906029/shop-branch-master/shop/apps/store/src/store_mnesia_db.erl"): {'EXIT',
                                                                                                                                 error}
Generating XML store - store_session "/home/pete/wefwefwef/docs/other/1888906029/shop-branch-master/shop/apps/store/src/store_session.erl" -> "/home/pete/wefwefwef/docs/other/1888906029/repo/master/.xml/store/store_session.xml"
/home/pete/wefwefwef/docs/other/1888906029/shop-branch-master/shop/apps/store/src/store_session.erl, function start_link/1: at line 30: @spec arity does not match.
Error generating XML ("/home/pete/wefwefwef/docs/other/1888906029/shop-branch-master/shop/apps/store/src/store_session.erl"): {'EXIT',
                                                                                                                               error}
Generating XML store - store_session_behaviour "/home/pete/wefwefwef/docs/other/1888906029/shop-branch-master/shop/apps/store/src/store_session_behaviour.erl" -> "/home/pete/wefwefwef/docs/other/1888906029/repo/master/.xml/store/store_session_behaviour.xml"
Generating XML store - store_sup "/home/pete/wefwefwef/docs/other/1888906029/shop-branch-master/shop/apps/store/src/store_sup.erl" -> "/home/pete/wefwefwef/docs/other/1888906029/repo/master/.xml/store/store_sup.xml"
Generating XML store - store_util "/home/pete/wefwefwef/docs/other/1888906029/shop-branch-master/shop/apps/store/src/store_util.erl" -> "/home/pete/wefwefwef/docs/other/1888906029/repo/master/.xml/store/store_util.xml"
/home/pete/wefwefwef/docs/other/1888906029/shop-branch-master/shop/apps/store/src/store_util.erl, function is_valid_behaviour/2: at line 29: @spec arity does not match.
Error generating XML ("/home/pete/wefwefwef/docs/other/1888906029/shop-branch-master/shop/apps/store/src/store_util.erl"): {'EXIT',
                                                                                                                            error}
Generating HTML - store_sup "/home/pete/wefwefwef/docs/other/1888906029/repo/master/.xml/store/store_sup.xml"
Generating HTML - store_event_manager "/home/pete/wefwefwef/docs/other/1888906029/repo/master/.xml/store/store_event_manager.xml"
Generating HTML - store_app "/home/pete/wefwefwef/docs/other/1888906029/repo/master/.xml/store/store_app.xml"
Generating HTML - store_session_behaviour "/home/pete/wefwefwef/docs/other/1888906029/repo/master/.xml/store/store_session_behaviour.xml"
Reading XML for "/home/pete/wefwefwef/docs/other/1888906029/repo/master/.xml/store/store_sup.xml"
Reading XML for "/home/pete/wefwefwef/docs/other/1888906029/repo/master/.xml/store/store_event_manager.xml"
Reading XML for "/home/pete/wefwefwef/docs/other/1888906029/repo/master/.xml/store/store_app.xml"
Reading XML for "/home/pete/wefwefwef/docs/other/1888906029/repo/master/.xml/store/store_session_behaviour.xml"
Reading XML for "/home/pete/wefwefwef/docs/other/1888906029/repo/master/.xml/specs_store_event_manager.xml"
Reading XML for "/home/pete/wefwefwef/docs/other/1888906029/repo/master/.xml/specs_store_sup.xml"
Reading XML for "/home/pete/wefwefwef/docs/other/1888906029/repo/master/.xml/specs_store_app.xml"
Reading XML for "/home/pete/wefwefwef/docs/other/1888906029/repo/master/.xml/specs_store_session_behaviour.xml"
Generating HTML - store_auth_event_handler "/home/pete/wefwefwef/docs/other/1888906029/repo/master/.xml/store/store_auth_event_handler.xml"
Reading XML for "/home/pete/wefwefwef/docs/other/1888906029/repo/master/.xml/store/store_auth_event_handler.xml"
Reading XML for "/home/pete/wefwefwef/docs/other/1888906029/repo/master/.xml/specs_store_auth_event_handler.xml"
Generating HTML - store_ets_session "/home/pete/wefwefwef/docs/other/1888906029/repo/master/.xml/store/store_ets_session.xml"
Reading XML for "/home/pete/wefwefwef/docs/other/1888906029/repo/master/.xml/store/store_ets_session.xml"
Reading XML for "/home/pete/wefwefwef/docs/other/1888906029/repo/master/.xml/specs_store_ets_session.xml"
Building basket
Generating Type Specs - "/home/pete/wefwefwef/docs/other/1888906029/shop-branch-master/shop/apps/basket/src/basket_app.erl"
Generating Type Specs - "/home/pete/wefwefwef/docs/other/1888906029/shop-branch-master/shop/apps/basket/src/basket_server.erl"
/home/pete/wefwefwef/docs/other/1888906029/shop-branch-master/shop/apps/basket/src/basket_server.erl: at line 95: syntax error before: '->'
EDoc could not process file '/home/pete/wefwefwef/docs/other/1888906029/shop-branch-master/shop/apps/basket/src/basket_server.erl'
Error generating type specs for "/home/pete/wefwefwef/docs/other/1888906029/shop-branch-master/shop/apps/basket/src/basket_server.erl"
Generating Type Specs - "/home/pete/wefwefwef/docs/other/1888906029/shop-branch-master/shop/apps/basket/src/basket_sup.erl"
Generating XML for application basket "/home/pete/wefwefwef/docs/other/1888906029/shop-branch-master/shop/apps/basket" -> "/home/pete/wefwefwef/docs/other/1888906029/repo/master/.xml/basket"
/home/pete/wefwefwef/docs/other/1888906029/shop-branch-master/shop/apps/basket/src/basket_server.erl: at line 95: syntax error before: '->'
edoc: skipping source file '/home/pete/wefwefwef/docs/other/1888906029/shop-branch-master/shop/apps/basket/src/basket_server.erl': {'EXIT',
                                                                                                                              error}.
edoc: error in doclet 'edoc_doclet': {'EXIT',error}.
Error generating basket XMLs. Using fallback ...
Generating XML basket - basket_app "/home/pete/wefwefwef/docs/other/1888906029/shop-branch-master/shop/apps/basket/src/basket_app.erl" -> "/home/pete/wefwefwef/docs/other/1888906029/repo/master/.xml/basket/basket_app.xml"
Generating XML basket - basket_server "/home/pete/wefwefwef/docs/other/1888906029/shop-branch-master/shop/apps/basket/src/basket_server.erl" -> "/home/pete/wefwefwef/docs/other/1888906029/repo/master/.xml/basket/basket_server.xml"
/home/pete/wefwefwef/docs/other/1888906029/shop-branch-master/shop/apps/basket/src/basket_server.erl: at line 95: syntax error before: '->'
Error generating XML ("/home/pete/wefwefwef/docs/other/1888906029/shop-branch-master/shop/apps/basket/src/basket_server.erl"): {'EXIT',
                                                                                                                                error}
Generating XML basket - basket_sup "/home/pete/wefwefwef/docs/other/1888906029/shop-branch-master/shop/apps/basket/src/basket_sup.erl" -> "/home/pete/wefwefwef/docs/other/1888906029/repo/master/.xml/basket/basket_sup.xml"
Generating HTML - basket_app "/home/pete/wefwefwef/docs/other/1888906029/repo/master/.xml/basket/basket_app.xml"
Reading XML for "/home/pete/wefwefwef/docs/other/1888906029/repo/master/.xml/basket/basket_app.xml"
Reading XML for "/home/pete/wefwefwef/docs/other/1888906029/repo/master/.xml/specs_basket_app.xml"
Generating HTML - basket_sup "/home/pete/wefwefwef/docs/other/1888906029/repo/master/.xml/basket/basket_sup.xml"
Reading XML for "/home/pete/wefwefwef/docs/other/1888906029/repo/master/.xml/basket/basket_sup.xml"
Reading XML for "/home/pete/wefwefwef/docs/other/1888906029/repo/master/.xml/specs_basket_sup.xml"
Building shop
Generating XML for application shop "/home/pete/wefwefwef/docs/other/1888906029/shop-branch-master/shop" -> "/home/pete/wefwefwef/docs/other/1888906029/repo/master/.xml/shop"
/home/pete/wefwefwef/docs/other/1888906029/shop-branch-master/shop/apps/basket/src/basket_server.erl: at line 95: syntax error before: '->'
edoc: skipping source file '/home/pete/wefwefwef/docs/other/1888906029/shop-branch-master/shop/apps/basket/src/basket_server.erl': {'EXIT',
                                                                                                                              error}.
/home/pete/wefwefwef/docs/other/1888906029/shop-branch-master/shop/apps/web/src/static_resource.erl: at line 8: can't find include lib "webmachine/include/webmachine.hrl"
edoc: skipping source file '/home/pete/wefwefwef/docs/other/1888906029/shop-branch-master/shop/apps/web/src/static_resource.erl': {'EXIT',
                                                                                                                             error}.
/home/pete/wefwefwef/docs/other/1888906029/shop-branch-master/shop/apps/web/src/item_resource.erl: at line 13: can't find include lib "webmachine/include/webmachine.hrl"
edoc: skipping source file '/home/pete/wefwefwef/docs/other/1888906029/shop-branch-master/shop/apps/web/src/item_resource.erl': {'EXIT',
                                                                                                                           error}.
/home/pete/wefwefwef/docs/other/1888906029/shop-branch-master/shop/apps/store/src/store_mnesia_authenticator.erl, function valid_password/2: at line 58: unknown error parsing specification: {58,edoc_parser,
                                      ["syntax error before: ",[]]}.
edoc: skipping source file '/home/pete/wefwefwef/docs/other/1888906029/shop-branch-master/shop/apps/store/src/store_mnesia_authenticator.erl': {'EXIT',
                                                                                                                                          error}.
/home/pete/wefwefwef/docs/other/1888906029/shop-branch-master/shop/apps/store/src/store_session.erl, function start_link/1: at line 30: @spec arity does not match.
edoc: skipping source file '/home/pete/wefwefwef/docs/other/1888906029/shop-branch-master/shop/apps/store/src/store_session.erl': {'EXIT',
                                                                                                                             error}.
/home/pete/wefwefwef/docs/other/1888906029/shop-branch-master/shop/apps/store/src/store_mnesia_db.erl, function object_counter/1: at line 25: unknown error parsing specification: {25,edoc_parser,
                                      ["syntax error before: ","'.'"]}.
edoc: skipping source file '/home/pete/wefwefwef/docs/other/1888906029/shop-branch-master/shop/apps/store/src/store_mnesia_db.erl': {'EXIT',
                                                                                                                               error}.
/home/pete/wefwefwef/docs/other/1888906029/shop-branch-master/shop/apps/store/src/store_util.erl, function is_valid_behaviour/2: at line 29: @spec arity does not match.
edoc: skipping source file '/home/pete/wefwefwef/docs/other/1888906029/shop-branch-master/shop/apps/store/src/store_util.erl': {'EXIT',
                                                                                                                          error}.
/home/pete/wefwefwef/docs/other/1888906029/shop-branch-master/shop/apps/store/src/store_db.erl, function start_link/1: at line 32: @spec arity does not match.
edoc: skipping source file '/home/pete/wefwefwef/docs/other/1888906029/shop-branch-master/shop/apps/store/src/store_db.erl': {'EXIT',
                                                                                                                        error}.
/home/pete/wefwefwef/docs/other/1888906029/shop-branch-master/shop/apps/store/src/store_authenticator_behaviour.erl, function behaviour_info/1: at line 22: unknown error parsing specification: {22,edoc_parser,
                                      ["syntax error before: ",[]]}.
edoc: skipping source file '/home/pete/wefwefwef/docs/other/1888906029/shop-branch-master/shop/apps/store/src/store_authenticator_behaviour.erl': {'EXIT',
                                                                                                                                             error}.
/home/pete/wefwefwef/docs/other/1888906029/shop-branch-master/shop/apps/store/src/store_db_behaviour.erl, function behaviour_info/1: at line 22: unknown error parsing specification: {22,edoc_parser,
                                      ["syntax error before: ",[]]}.
edoc: skipping source file '/home/pete/wefwefwef/docs/other/1888906029/shop-branch-master/shop/apps/store/src/store_db_behaviour.erl': {'EXIT',
                                                                                                                                  error}.
/home/pete/wefwefwef/docs/other/1888906029/shop-branch-master/shop/apps/store/src/store_authenticator.erl, function stop/0: at line 41: unknown error parsing specification: {41,edoc_parser,
                                      ["syntax error before: ",[]]}.
edoc: skipping source file '/home/pete/wefwefwef/docs/other/1888906029/shop-branch-master/shop/apps/store/src/store_authenticator.erl': {'EXIT',
                                                                                                                                   error}.
/home/pete/wefwefwef/docs/other/1888906029/shop-branch-master/shop/apps/store/test/test_store_mnesia_authenticator.erl, function auth_test_/0: at line 28: unknown error parsing specification: {28,edoc_parser,
                                      ["syntax error before: ",[]]}.
edoc: skipping source file '/home/pete/wefwefwef/docs/other/1888906029/shop-branch-master/shop/apps/store/test/test_store_mnesia_authenticator.erl': {'EXIT',
                                                                                                                                                error}.
/home/pete/wefwefwef/docs/other/1888906029/shop-branch-master/shop/apps/store/test/store_test_db.erl, function q/1: at line 65: unknown error parsing specification: {65,edoc_parser,
                                      ["syntax error before: ",[]]}.
edoc: skipping source file '/home/pete/wefwefwef/docs/other/1888906029/shop-branch-master/shop/apps/store/test/store_test_db.erl': {'EXIT',
                                                                                                                              error}.
/home/pete/wefwefwef/docs/other/1888906029/shop-branch-master/shop/apps/store/test/test_store_session.erl, function init_test_/0: at line 30: unknown error parsing specification: {30,edoc_parser,
                                      ["syntax error before: ",[]]}.
edoc: skipping source file '/home/pete/wefwefwef/docs/other/1888906029/shop-branch-master/shop/apps/store/test/test_store_session.erl': {'EXIT',
                                                                                                                                   error}.
/home/pete/wefwefwef/docs/other/1888906029/shop-branch-master/shop/apps/store/test/test_store_ets_session.erl, function init_test_/0: at line 16: unknown error parsing specification: {16,edoc_parser,
                                      ["syntax error before: ",[]]}.
edoc: skipping source file '/home/pete/wefwefwef/docs/other/1888906029/shop-branch-master/shop/apps/store/test/test_store_ets_session.erl': {'EXIT',
                                                                                                                                       error}.
edoc: error in doclet 'edoc_doclet': {'EXIT',error}.
Error generating shop XMLs. Using fallback ...
Creating index.html ...
Creating erldocs_index.js ...
Woot, finished in 0 Minutes 2 Seconds
 :: Discovering other repos
$ 5000  `rm -r '/home/pete/wefwefwef/docs/other/1888906029/shop-branch-master'  2>&1`
 :: Finishing up
$ 5000  `rm -r '/home/pete/wefwefwef/docs/other/1888906029/shop'  2>&1`
