 :: Extracting meta information
$ 5000  `git ls-remote --heads --tags 'https://github.com/norton/erlang-starter-kit'  2>&1`
>>> [repo] 2 branches, 0 tags
 :: Writing meta to "/home/pete/wefwefwef/docs/other/8788784132/meta.txt"
 :: Processing https://github.com/norton/erlang-starter-kit	{rev,branch,"dev","01f11ebcd698017d19e3e09ebc75826cb23f2234",undefined,[],[]}
 :: Fetching repo code
$ cd "/home/pete/wefwefwef/docs/other/8788784132/erlang-starter-kit-branch-dev/erlang-starter-kit"
$ infinity  `curl --fail --silent --show-error --location --output 'dev.zip' 'https://github.com/norton/erlang-starter-kit/archive/dev.zip'  2>&1`
$ cd "/home/pete/wefwefwef/docs/erldocs_other.git"
$ cd "/home/pete/wefwefwef/docs/other/8788784132/erlang-starter-kit-branch-dev/erlang-starter-kit"
$ 5000  `find -P . -type l -delete  2>&1`
$ cd "/home/pete/wefwefwef/docs/erldocs_other.git"
$ cd "/home/pete/wefwefwef/docs/other/8788784132/erlang-starter-kit-branch-dev/erlang-starter-kit"
$ 5000  `find 'erlang-starter-kit-dev' -mindepth 1 -maxdepth 1 -exec mv -t . -- {} +  2>&1`
$ cd "/home/pete/wefwefwef/docs/erldocs_other.git"
 :: Getting dependencies
$ cd "/home/pete/wefwefwef/docs/other/8788784132/erlang-starter-kit-branch-dev/erlang-starter-kit"
$ infinity  `rebar --config '/home/pete/wefwefwef/docs/other/8788784132/erlang-starter-kit-branch-dev/rebar_deps' get-deps  2>&1`
$ cd "/home/pete/wefwefwef/docs/erldocs_other.git"
$ cd "/home/pete/wefwefwef/docs/other/8788784132/erlang-starter-kit-branch-dev/erlang-starter-kit"
$ 5000  `find -P . -type l -delete  2>&1`
$ cd "/home/pete/wefwefwef/docs/erldocs_other.git"
$ cd "/home/pete/wefwefwef/docs/other/8788784132/erlang-starter-kit-branch-dev/erlang-starter-kit"
$ 5000  `ls -1 deps/  2>&1`
$ cd "/home/pete/wefwefwef/docs/erldocs_other.git"
>>> [rebar] deps = ["eper","meck","proper","qc","rebar","triq"]
 :: Generating erldocs into /home/pete/wefwefwef/docs/other/8788784132/repo/dev
Building erlang-starter-kit
Generating Type Specs - "/home/pete/wefwefwef/docs/other/8788784132/erlang-starter-kit-branch-dev/erlang-starter-kit/init.erl"
/home/pete/wefwefwef/docs/other/8788784132/erlang-starter-kit-branch-dev/erlang-starter-kit/init.erl: at line 3: syntax error before: '='
EDoc could not process file '/home/pete/wefwefwef/docs/other/8788784132/erlang-starter-kit-branch-dev/erlang-starter-kit/init.erl'
Error generating type specs for "/home/pete/wefwefwef/docs/other/8788784132/erlang-starter-kit-branch-dev/erlang-starter-kit/init.erl"
Generating XML for application erlang-starter-kit "/home/pete/wefwefwef/docs/other/8788784132/erlang-starter-kit-branch-dev/erlang-starter-kit" -> "/home/pete/wefwefwef/docs/other/8788784132/repo/dev/.xml/erlang-starter-kit"
/home/pete/wefwefwef/docs/other/8788784132/erlang-starter-kit-branch-dev/erlang-starter-kit/deps/rebar/priv/templates/simplelib.erl: at line 1: bad module declaration
edoc: skipping source file '/home/pete/wefwefwef/docs/other/8788784132/erlang-starter-kit-branch-dev/erlang-starter-kit/deps/rebar/priv/templates/simplelib.erl': {'EXIT',
                                                                                                                                                             error}.
/home/pete/wefwefwef/docs/other/8788784132/erlang-starter-kit-branch-dev/erlang-starter-kit/deps/rebar/priv/templates/simpleapp_app.erl: at line 1: syntax error before: _app
edoc: skipping source file '/home/pete/wefwefwef/docs/other/8788784132/erlang-starter-kit-branch-dev/erlang-starter-kit/deps/rebar/priv/templates/simpleapp_app.erl': {'EXIT',
                                                                                                                                                                 error}.
/home/pete/wefwefwef/docs/other/8788784132/erlang-starter-kit-branch-dev/erlang-starter-kit/deps/rebar/priv/templates/simpleapp_sup.erl: at line 1: syntax error before: _sup
edoc: skipping source file '/home/pete/wefwefwef/docs/other/8788784132/erlang-starter-kit-branch-dev/erlang-starter-kit/deps/rebar/priv/templates/simpleapp_sup.erl': {'EXIT',
                                                                                                                                                                 error}.
/home/pete/wefwefwef/docs/other/8788784132/erlang-starter-kit-branch-dev/erlang-starter-kit/deps/rebar/priv/templates/simpleevent.erl: at line 1: bad module declaration
edoc: skipping source file '/home/pete/wefwefwef/docs/other/8788784132/erlang-starter-kit-branch-dev/erlang-starter-kit/deps/rebar/priv/templates/simpleevent.erl': {'EXIT',
                                                                                                                                                               error}.
/home/pete/wefwefwef/docs/other/8788784132/erlang-starter-kit-branch-dev/erlang-starter-kit/deps/rebar/priv/templates/basicnif.erl: at line 1: bad module declaration
edoc: skipping source file '/home/pete/wefwefwef/docs/other/8788784132/erlang-starter-kit-branch-dev/erlang-starter-kit/deps/rebar/priv/templates/basicnif.erl': {'EXIT',
                                                                                                                                                            error}.
/home/pete/wefwefwef/docs/other/8788784132/erlang-starter-kit-branch-dev/erlang-starter-kit/deps/rebar/priv/templates/simplesrv.erl: at line 1: bad module declaration
edoc: skipping source file '/home/pete/wefwefwef/docs/other/8788784132/erlang-starter-kit-branch-dev/erlang-starter-kit/deps/rebar/priv/templates/simplesrv.erl': {'EXIT',
                                                                                                                                                             error}.
/home/pete/wefwefwef/docs/other/8788784132/erlang-starter-kit-branch-dev/erlang-starter-kit/deps/rebar/priv/templates/simplefsm.erl: at line 1: bad module declaration
edoc: skipping source file '/home/pete/wefwefwef/docs/other/8788784132/erlang-starter-kit-branch-dev/erlang-starter-kit/deps/rebar/priv/templates/simplefsm.erl': {'EXIT',
                                                                                                                                                             error}.
/home/pete/wefwefwef/docs/other/8788784132/erlang-starter-kit-branch-dev/erlang-starter-kit/deps/rebar/priv/templates/ctsuite.erl: at line 3: syntax error before: _SUITE
edoc: skipping source file '/home/pete/wefwefwef/docs/other/8788784132/erlang-starter-kit-branch-dev/erlang-starter-kit/deps/rebar/priv/templates/ctsuite.erl': {'EXIT',
                                                                                                                                                           error}.
/home/pete/wefwefwef/docs/other/8788784132/erlang-starter-kit-branch-dev/erlang-starter-kit/deps/rebar/priv/templates/simplemod.erl: at line 1: bad module declaration
edoc: skipping source file '/home/pete/wefwefwef/docs/other/8788784132/erlang-starter-kit-branch-dev/erlang-starter-kit/deps/rebar/priv/templates/simplemod.erl': {'EXIT',
                                                                                                                                                             error}.
/home/pete/wefwefwef/docs/other/8788784132/erlang-starter-kit-branch-dev/erlang-starter-kit/deps/rebar/priv/templates/simplemod_tests.erl: at line 1: syntax error before: _tests
edoc: skipping source file '/home/pete/wefwefwef/docs/other/8788784132/erlang-starter-kit-branch-dev/erlang-starter-kit/deps/rebar/priv/templates/simplemod_tests.erl': {'EXIT',
                                                                                                                                                                   error}.
/home/pete/wefwefwef/docs/other/8788784132/erlang-starter-kit-branch-dev/erlang-starter-kit/deps/rebar/inttest/tdeps_update/a.erl: at line 1: bad module declaration
edoc: skipping source file '/home/pete/wefwefwef/docs/other/8788784132/erlang-starter-kit-branch-dev/erlang-starter-kit/deps/rebar/inttest/tdeps_update/a.erl': {'EXIT',
                                                                                                                                                           error}.
/home/pete/wefwefwef/docs/other/8788784132/erlang-starter-kit-branch-dev/erlang-starter-kit/deps/rebar/inttest/ct3/test_SUITE.erl: at line 31: can't find include lib "ct.hrl"
edoc: skipping source file '/home/pete/wefwefwef/docs/other/8788784132/erlang-starter-kit-branch-dev/erlang-starter-kit/deps/rebar/inttest/ct3/test_SUITE.erl': {'EXIT',
                                                                                                                                                           error}.
/home/pete/wefwefwef/docs/other/8788784132/erlang-starter-kit-branch-dev/erlang-starter-kit/deps/rebar/inttest/proto_gpb/proto_gpb_rt.erl: at line 33: can't find include lib "deps/retest/include/retest.hrl"
edoc: skipping source file '/home/pete/wefwefwef/docs/other/8788784132/erlang-starter-kit-branch-dev/erlang-starter-kit/deps/rebar/inttest/proto_gpb/proto_gpb_rt.erl': {'EXIT',
                                                                                                                                                                   error}.
/home/pete/wefwefwef/docs/other/8788784132/erlang-starter-kit-branch-dev/erlang-starter-kit/deps/rebar/inttest/tplugins/bad_plugin.erl: at line 6: syntax error before: '>'
edoc: skipping source file '/home/pete/wefwefwef/docs/other/8788784132/erlang-starter-kit-branch-dev/erlang-starter-kit/deps/rebar/inttest/tplugins/bad_plugin.erl': {'EXIT',
                                                                                                                                                                error}.
/home/pete/wefwefwef/docs/other/8788784132/erlang-starter-kit-branch-dev/erlang-starter-kit/deps/qc/src/qc.erl, in module footer: at line 37: tag @doc not allowed here.
/home/pete/wefwefwef/docs/other/8788784132/erlang-starter-kit-branch-dev/erlang-starter-kit/deps/qc/src/qc.erl, in module footer: at line 41: multiple @doc tag.
/home/pete/wefwefwef/docs/other/8788784132/erlang-starter-kit-branch-dev/erlang-starter-kit/deps/qc/src/qc.erl, in module footer: at line 47: multiple @doc tag.
/home/pete/wefwefwef/docs/other/8788784132/erlang-starter-kit-branch-dev/erlang-starter-kit/deps/qc/src/qc.erl, in module footer: at line 51: multiple @doc tag.
/home/pete/wefwefwef/docs/other/8788784132/erlang-starter-kit-branch-dev/erlang-starter-kit/deps/qc/src/qc.erl, in module footer: at line 58: multiple @doc tag.
/home/pete/wefwefwef/docs/other/8788784132/erlang-starter-kit-branch-dev/erlang-starter-kit/deps/qc/src/qc.erl, in module footer: at line 62: multiple @doc tag.
/home/pete/wefwefwef/docs/other/8788784132/erlang-starter-kit-branch-dev/erlang-starter-kit/deps/qc/src/qc.erl, in module footer: at line 67: multiple @doc tag.
/home/pete/wefwefwef/docs/other/8788784132/erlang-starter-kit-branch-dev/erlang-starter-kit/deps/qc/src/qc.erl, in module footer: at line 82: multiple @doc tag.
/home/pete/wefwefwef/docs/other/8788784132/erlang-starter-kit-branch-dev/erlang-starter-kit/deps/qc/src/qc.erl, in module footer: at line 95: multiple @doc tag.
/home/pete/wefwefwef/docs/other/8788784132/erlang-starter-kit-branch-dev/erlang-starter-kit/deps/qc/src/qc.erl, in module footer: at line 132: multiple @doc tag.
edoc: skipping source file '/home/pete/wefwefwef/docs/other/8788784132/erlang-starter-kit-branch-dev/erlang-starter-kit/deps/qc/src/qc.erl': {'EXIT',
                                                                                                                                        error}.
/home/pete/wefwefwef/docs/other/8788784132/erlang-starter-kit-branch-dev/erlang-starter-kit/deps/qc/test/demo/qc_statem_ets.erl, in module footer: at line 25: warning: tag @NOTE not recognized.
/home/pete/wefwefwef/docs/other/8788784132/erlang-starter-kit-branch-dev/erlang-starter-kit/deps/proper/src/proper_types.erl: at line 26: can't find include file "compile_flags.hrl"
edoc: skipping source file '/home/pete/wefwefwef/docs/other/8788784132/erlang-starter-kit-branch-dev/erlang-starter-kit/deps/proper/src/proper_types.erl': {'EXIT',
                                                                                                                                                      error}.
/home/pete/wefwefwef/docs/other/8788784132/erlang-starter-kit-branch-dev/erlang-starter-kit/deps/proper/src/proper_typeserver.erl: at line 26: can't find include file "compile_flags.hrl"
edoc: skipping source file '/home/pete/wefwefwef/docs/other/8788784132/erlang-starter-kit-branch-dev/erlang-starter-kit/deps/proper/src/proper_typeserver.erl': {'EXIT',
                                                                                                                                                           error}.
/home/pete/wefwefwef/docs/other/8788784132/erlang-starter-kit-branch-dev/erlang-starter-kit/deps/proper/src/vararg.erl: at line 26: can't find include file "compile_flags.hrl"
edoc: skipping source file '/home/pete/wefwefwef/docs/other/8788784132/erlang-starter-kit-branch-dev/erlang-starter-kit/deps/proper/src/vararg.erl': {'EXIT',
                                                                                                                                                error}.
/home/pete/wefwefwef/docs/other/8788784132/erlang-starter-kit-branch-dev/erlang-starter-kit/deps/proper/src/proper_symb.erl: at line 26: can't find include file "compile_flags.hrl"
edoc: skipping source file '/home/pete/wefwefwef/docs/other/8788784132/erlang-starter-kit-branch-dev/erlang-starter-kit/deps/proper/src/proper_symb.erl': {'EXIT',
                                                                                                                                                     error}.
/home/pete/wefwefwef/docs/other/8788784132/erlang-starter-kit-branch-dev/erlang-starter-kit/deps/proper/src/proper_queue.erl: at line 26: can't find include file "compile_flags.hrl"
edoc: skipping source file '/home/pete/wefwefwef/docs/other/8788784132/erlang-starter-kit-branch-dev/erlang-starter-kit/deps/proper/src/proper_queue.erl': {'EXIT',
                                                                                                                                                      error}.
/home/pete/wefwefwef/docs/other/8788784132/erlang-starter-kit-branch-dev/erlang-starter-kit/deps/proper/src/proper_gen.erl: at line 26: can't find include file "compile_flags.hrl"
edoc: skipping source file '/home/pete/wefwefwef/docs/other/8788784132/erlang-starter-kit-branch-dev/erlang-starter-kit/deps/proper/src/proper_gen.erl': {'EXIT',
                                                                                                                                                    error}.
/home/pete/wefwefwef/docs/other/8788784132/erlang-starter-kit-branch-dev/erlang-starter-kit/deps/proper/src/proper_unicode.erl, function unicode_codepoint/1: at line 47: warning: tag @private_type not recognized.
/home/pete/wefwefwef/docs/other/8788784132/erlang-starter-kit-branch-dev/erlang-starter-kit/deps/proper/src/proper_unicode.erl, function unicode_codepoint/1: at line 48: warning: tag @alias not recognized.
/home/pete/wefwefwef/docs/other/8788784132/erlang-starter-kit-branch-dev/erlang-starter-kit/deps/proper/src/proper_arith.erl: at line 26: can't find include file "compile_flags.hrl"
edoc: skipping source file '/home/pete/wefwefwef/docs/other/8788784132/erlang-starter-kit-branch-dev/erlang-starter-kit/deps/proper/src/proper_arith.erl': {'EXIT',
                                                                                                                                                      error}.
/home/pete/wefwefwef/docs/other/8788784132/erlang-starter-kit-branch-dev/erlang-starter-kit/deps/proper/src/proper_fsm.erl: at line 26: can't find include file "compile_flags.hrl"
edoc: skipping source file '/home/pete/wefwefwef/docs/other/8788784132/erlang-starter-kit-branch-dev/erlang-starter-kit/deps/proper/src/proper_fsm.erl': {'EXIT',
                                                                                                                                                    error}.
/home/pete/wefwefwef/docs/other/8788784132/erlang-starter-kit-branch-dev/erlang-starter-kit/deps/proper/src/proper_shrink.erl: at line 26: can't find include file "compile_flags.hrl"
edoc: skipping source file '/home/pete/wefwefwef/docs/other/8788784132/erlang-starter-kit-branch-dev/erlang-starter-kit/deps/proper/src/proper_shrink.erl': {'EXIT',
                                                                                                                                                       error}.
/home/pete/wefwefwef/docs/other/8788784132/erlang-starter-kit-branch-dev/erlang-starter-kit/deps/proper/src/proper_array.erl: at line 26: can't find include file "compile_flags.hrl"
edoc: skipping source file '/home/pete/wefwefwef/docs/other/8788784132/erlang-starter-kit-branch-dev/erlang-starter-kit/deps/proper/src/proper_array.erl': {'EXIT',
                                                                                                                                                      error}.
/home/pete/wefwefwef/docs/other/8788784132/erlang-starter-kit-branch-dev/erlang-starter-kit/deps/proper/src/proper_transformer.erl: at line 26: can't find include file "compile_flags.hrl"
edoc: skipping source file '/home/pete/wefwefwef/docs/other/8788784132/erlang-starter-kit-branch-dev/erlang-starter-kit/deps/proper/src/proper_transformer.erl': {'EXIT',
                                                                                                                                                            error}.
/home/pete/wefwefwef/docs/other/8788784132/erlang-starter-kit-branch-dev/erlang-starter-kit/deps/proper/src/proper_gb_trees.erl: at line 26: can't find include file "compile_flags.hrl"
edoc: skipping source file '/home/pete/wefwefwef/docs/other/8788784132/erlang-starter-kit-branch-dev/erlang-starter-kit/deps/proper/src/proper_gb_trees.erl': {'EXIT',
                                                                                                                                                         error}.
/home/pete/wefwefwef/docs/other/8788784132/erlang-starter-kit-branch-dev/erlang-starter-kit/deps/proper/src/proper_orddict.erl: at line 26: can't find include file "compile_flags.hrl"
edoc: skipping source file '/home/pete/wefwefwef/docs/other/8788784132/erlang-starter-kit-branch-dev/erlang-starter-kit/deps/proper/src/proper_orddict.erl': {'EXIT',
                                                                                                                                                        error}.
/home/pete/wefwefwef/docs/other/8788784132/erlang-starter-kit-branch-dev/erlang-starter-kit/deps/proper/src/proper_sets.erl: at line 26: can't find include file "compile_flags.hrl"
edoc: skipping source file '/home/pete/wefwefwef/docs/other/8788784132/erlang-starter-kit-branch-dev/erlang-starter-kit/deps/proper/src/proper_sets.erl': {'EXIT',
                                                                                                                                                     error}.
/home/pete/wefwefwef/docs/other/8788784132/erlang-starter-kit-branch-dev/erlang-starter-kit/deps/proper/src/proper_prop_remover.erl: at line 26: can't find include file "compile_flags.hrl"
edoc: skipping source file '/home/pete/wefwefwef/docs/other/8788784132/erlang-starter-kit-branch-dev/erlang-starter-kit/deps/proper/src/proper_prop_remover.erl': {'EXIT',
                                                                                                                                                             error}.
/home/pete/wefwefwef/docs/other/8788784132/erlang-starter-kit-branch-dev/erlang-starter-kit/deps/proper/src/proper_gb_sets.erl: at line 26: can't find include file "compile_flags.hrl"
edoc: skipping source file '/home/pete/wefwefwef/docs/other/8788784132/erlang-starter-kit-branch-dev/erlang-starter-kit/deps/proper/src/proper_gb_sets.erl': {'EXIT',
                                                                                                                                                        error}.
/home/pete/wefwefwef/docs/other/8788784132/erlang-starter-kit-branch-dev/erlang-starter-kit/deps/proper/src/proper.erl: at line 26: can't find include file "compile_flags.hrl"
edoc: skipping source file '/home/pete/wefwefwef/docs/other/8788784132/erlang-starter-kit-branch-dev/erlang-starter-kit/deps/proper/src/proper.erl': {'EXIT',
                                                                                                                                                error}.
/home/pete/wefwefwef/docs/other/8788784132/erlang-starter-kit-branch-dev/erlang-starter-kit/deps/proper/src/proper_ordsets.erl: at line 26: can't find include file "compile_flags.hrl"
edoc: skipping source file '/home/pete/wefwefwef/docs/other/8788784132/erlang-starter-kit-branch-dev/erlang-starter-kit/deps/proper/src/proper_ordsets.erl': {'EXIT',
                                                                                                                                                        error}.
/home/pete/wefwefwef/docs/other/8788784132/erlang-starter-kit-branch-dev/erlang-starter-kit/deps/proper/src/proper_statem.erl: at line 26: can't find include file "compile_flags.hrl"
edoc: skipping source file '/home/pete/wefwefwef/docs/other/8788784132/erlang-starter-kit-branch-dev/erlang-starter-kit/deps/proper/src/proper_statem.erl': {'EXIT',
                                                                                                                                                       error}.
/home/pete/wefwefwef/docs/other/8788784132/erlang-starter-kit-branch-dev/erlang-starter-kit/deps/proper/src/proper_dict.erl: at line 26: can't find include file "compile_flags.hrl"
edoc: skipping source file '/home/pete/wefwefwef/docs/other/8788784132/erlang-starter-kit-branch-dev/erlang-starter-kit/deps/proper/src/proper_dict.erl': {'EXIT',
                                                                                                                                                     error}.
edoc: error in layout 'docgen_edoc_xml_cb': {'EXIT',
                                       {function_clause,
                                        [{docgen_edoc_xml_cb,t_type,
                                          [[{xmlElement,binary,[],[],
                                             {xmlNamespace,[],[]},
                                             [{type,1},{tuple,...},{...}|...],
                                             1,
                                             [{...}],
                                             [],...}]],
                                          [{file,"docgen_edoc_xml_cb.erl"},
                                           {line,1003}]},
                                         {docgen_edoc_xml_cb,seq,4,
                                          [{file,"docgen_edoc_xml_cb.erl"},
                                           {line,1116}]},
                                         {docgen_edoc_xml_cb,t_tuple,1,
                                          [{file,"docgen_edoc_xml_cb.erl"},
                                           {line,1059}]},
                                         {docgen_edoc_xml_cb,t_fun,1,
                                          [{file,"docgen_edoc_xml_cb.erl"},
                                           {line,1063}]},
                                         {docgen_edoc_xml_cb,funcheader,1,
                                          [{file,"docgen_edoc_xml_cb.erl"},
                                           {line,827}]},
                                         {docgen_edoc_xml_cb,function,2,
                                          [{file,"docgen_edoc_xml_cb.erl"},
                                           {line,769}]},
                                         {lists,flatmap,2,
                                          [{file,"lists.erl"},{line,1248}]},
                                         {lists,flatmap,2,
                                          [{file,[...]},{line,...}]}]}}.
edoc: error in doclet 'edoc_doclet': {'EXIT',error}.
Error generating erlang-starter-kit XMLs. Using fallback ...
Generating XML erlang-starter-kit - init "/home/pete/wefwefwef/docs/other/8788784132/erlang-starter-kit-branch-dev/erlang-starter-kit/init.erl" -> "/home/pete/wefwefwef/docs/other/8788784132/repo/dev/.xml/erlang-starter-kit/init.xml"
/home/pete/wefwefwef/docs/other/8788784132/erlang-starter-kit-branch-dev/erlang-starter-kit/init.erl: at line 3: syntax error before: '='
Error generating XML ("/home/pete/wefwefwef/docs/other/8788784132/erlang-starter-kit-branch-dev/erlang-starter-kit/init.erl"): {'EXIT',
                                                                                                                                error}
No documentation was generated!
Woot, finished in 0 Minutes 7 Seconds
 :: Discovering other repos
$ 5000  `rm -r '/home/pete/wefwefwef/docs/other/8788784132/erlang-starter-kit-branch-dev'  2>&1`
 :: Processing https://github.com/norton/erlang-starter-kit	{rev,branch,"master","01f11ebcd698017d19e3e09ebc75826cb23f2234",undefined,[],[]}
 :: Fetching repo code
$ cd "/home/pete/wefwefwef/docs/other/8788784132/erlang-starter-kit-branch-master/erlang-starter-kit"
$ infinity  `curl --fail --silent --show-error --location --output 'master.zip' 'https://github.com/norton/erlang-starter-kit/archive/master.zip'  2>&1`
$ cd "/home/pete/wefwefwef/docs/erldocs_other.git"
$ cd "/home/pete/wefwefwef/docs/other/8788784132/erlang-starter-kit-branch-master/erlang-starter-kit"
$ 5000  `find -P . -type l -delete  2>&1`
$ cd "/home/pete/wefwefwef/docs/erldocs_other.git"
$ cd "/home/pete/wefwefwef/docs/other/8788784132/erlang-starter-kit-branch-master/erlang-starter-kit"
$ 5000  `find 'erlang-starter-kit-master' -mindepth 1 -maxdepth 1 -exec mv -t . -- {} +  2>&1`
$ cd "/home/pete/wefwefwef/docs/erldocs_other.git"
 :: Getting dependencies
$ cd "/home/pete/wefwefwef/docs/other/8788784132/erlang-starter-kit-branch-master/erlang-starter-kit"
$ infinity  `rebar --config '/home/pete/wefwefwef/docs/other/8788784132/erlang-starter-kit-branch-master/rebar_deps' get-deps  2>&1`
$ cd "/home/pete/wefwefwef/docs/erldocs_other.git"
$ cd "/home/pete/wefwefwef/docs/other/8788784132/erlang-starter-kit-branch-master/erlang-starter-kit"
$ 5000  `find -P . -type l -delete  2>&1`
$ cd "/home/pete/wefwefwef/docs/erldocs_other.git"
$ cd "/home/pete/wefwefwef/docs/other/8788784132/erlang-starter-kit-branch-master/erlang-starter-kit"
$ 5000  `ls -1 deps/  2>&1`
$ cd "/home/pete/wefwefwef/docs/erldocs_other.git"
>>> [rebar] deps = ["eper","meck","proper","qc","rebar","triq"]
 :: Generating erldocs into /home/pete/wefwefwef/docs/other/8788784132/repo/master
Building erlang-starter-kit
Generating Type Specs - "/home/pete/wefwefwef/docs/other/8788784132/erlang-starter-kit-branch-master/erlang-starter-kit/init.erl"
/home/pete/wefwefwef/docs/other/8788784132/erlang-starter-kit-branch-master/erlang-starter-kit/init.erl: at line 3: syntax error before: '='
EDoc could not process file '/home/pete/wefwefwef/docs/other/8788784132/erlang-starter-kit-branch-master/erlang-starter-kit/init.erl'
Error generating type specs for "/home/pete/wefwefwef/docs/other/8788784132/erlang-starter-kit-branch-master/erlang-starter-kit/init.erl"
Generating XML for application erlang-starter-kit "/home/pete/wefwefwef/docs/other/8788784132/erlang-starter-kit-branch-master/erlang-starter-kit" -> "/home/pete/wefwefwef/docs/other/8788784132/repo/master/.xml/erlang-starter-kit"
/home/pete/wefwefwef/docs/other/8788784132/erlang-starter-kit-branch-master/erlang-starter-kit/deps/rebar/priv/templates/simplelib.erl: at line 1: bad module declaration
edoc: skipping source file '/home/pete/wefwefwef/docs/other/8788784132/erlang-starter-kit-branch-master/erlang-starter-kit/deps/rebar/priv/templates/simplelib.erl': {'EXIT',
                                                                                                                                                                error}.
/home/pete/wefwefwef/docs/other/8788784132/erlang-starter-kit-branch-master/erlang-starter-kit/deps/rebar/priv/templates/simpleapp_app.erl: at line 1: syntax error before: _app
edoc: skipping source file '/home/pete/wefwefwef/docs/other/8788784132/erlang-starter-kit-branch-master/erlang-starter-kit/deps/rebar/priv/templates/simpleapp_app.erl': {'EXIT',
                                                                                                                                                                    error}.
/home/pete/wefwefwef/docs/other/8788784132/erlang-starter-kit-branch-master/erlang-starter-kit/deps/rebar/priv/templates/simpleapp_sup.erl: at line 1: syntax error before: _sup
edoc: skipping source file '/home/pete/wefwefwef/docs/other/8788784132/erlang-starter-kit-branch-master/erlang-starter-kit/deps/rebar/priv/templates/simpleapp_sup.erl': {'EXIT',
                                                                                                                                                                    error}.
/home/pete/wefwefwef/docs/other/8788784132/erlang-starter-kit-branch-master/erlang-starter-kit/deps/rebar/priv/templates/simpleevent.erl: at line 1: bad module declaration
edoc: skipping source file '/home/pete/wefwefwef/docs/other/8788784132/erlang-starter-kit-branch-master/erlang-starter-kit/deps/rebar/priv/templates/simpleevent.erl': {'EXIT',
                                                                                                                                                                  error}.
/home/pete/wefwefwef/docs/other/8788784132/erlang-starter-kit-branch-master/erlang-starter-kit/deps/rebar/priv/templates/basicnif.erl: at line 1: bad module declaration
edoc: skipping source file '/home/pete/wefwefwef/docs/other/8788784132/erlang-starter-kit-branch-master/erlang-starter-kit/deps/rebar/priv/templates/basicnif.erl': {'EXIT',
                                                                                                                                                               error}.
/home/pete/wefwefwef/docs/other/8788784132/erlang-starter-kit-branch-master/erlang-starter-kit/deps/rebar/priv/templates/simplesrv.erl: at line 1: bad module declaration
edoc: skipping source file '/home/pete/wefwefwef/docs/other/8788784132/erlang-starter-kit-branch-master/erlang-starter-kit/deps/rebar/priv/templates/simplesrv.erl': {'EXIT',
                                                                                                                                                                error}.
/home/pete/wefwefwef/docs/other/8788784132/erlang-starter-kit-branch-master/erlang-starter-kit/deps/rebar/priv/templates/simplefsm.erl: at line 1: bad module declaration
edoc: skipping source file '/home/pete/wefwefwef/docs/other/8788784132/erlang-starter-kit-branch-master/erlang-starter-kit/deps/rebar/priv/templates/simplefsm.erl': {'EXIT',
                                                                                                                                                                error}.
/home/pete/wefwefwef/docs/other/8788784132/erlang-starter-kit-branch-master/erlang-starter-kit/deps/rebar/priv/templates/ctsuite.erl: at line 3: syntax error before: _SUITE
edoc: skipping source file '/home/pete/wefwefwef/docs/other/8788784132/erlang-starter-kit-branch-master/erlang-starter-kit/deps/rebar/priv/templates/ctsuite.erl': {'EXIT',
                                                                                                                                                              error}.
/home/pete/wefwefwef/docs/other/8788784132/erlang-starter-kit-branch-master/erlang-starter-kit/deps/rebar/priv/templates/simplemod.erl: at line 1: bad module declaration
edoc: skipping source file '/home/pete/wefwefwef/docs/other/8788784132/erlang-starter-kit-branch-master/erlang-starter-kit/deps/rebar/priv/templates/simplemod.erl': {'EXIT',
                                                                                                                                                                error}.
/home/pete/wefwefwef/docs/other/8788784132/erlang-starter-kit-branch-master/erlang-starter-kit/deps/rebar/priv/templates/simplemod_tests.erl: at line 1: syntax error before: _tests
edoc: skipping source file '/home/pete/wefwefwef/docs/other/8788784132/erlang-starter-kit-branch-master/erlang-starter-kit/deps/rebar/priv/templates/simplemod_tests.erl': {'EXIT',
                                                                                                                                                                      error}.
/home/pete/wefwefwef/docs/other/8788784132/erlang-starter-kit-branch-master/erlang-starter-kit/deps/rebar/inttest/tdeps_update/a.erl: at line 1: bad module declaration
edoc: skipping source file '/home/pete/wefwefwef/docs/other/8788784132/erlang-starter-kit-branch-master/erlang-starter-kit/deps/rebar/inttest/tdeps_update/a.erl': {'EXIT',
                                                                                                                                                              error}.
/home/pete/wefwefwef/docs/other/8788784132/erlang-starter-kit-branch-master/erlang-starter-kit/deps/rebar/inttest/ct3/test_SUITE.erl: at line 31: can't find include lib "ct.hrl"
edoc: skipping source file '/home/pete/wefwefwef/docs/other/8788784132/erlang-starter-kit-branch-master/erlang-starter-kit/deps/rebar/inttest/ct3/test_SUITE.erl': {'EXIT',
                                                                                                                                                              error}.
/home/pete/wefwefwef/docs/other/8788784132/erlang-starter-kit-branch-master/erlang-starter-kit/deps/rebar/inttest/proto_gpb/proto_gpb_rt.erl: at line 33: can't find include lib "deps/retest/include/retest.hrl"
edoc: skipping source file '/home/pete/wefwefwef/docs/other/8788784132/erlang-starter-kit-branch-master/erlang-starter-kit/deps/rebar/inttest/proto_gpb/proto_gpb_rt.erl': {'EXIT',
                                                                                                                                                                      error}.
/home/pete/wefwefwef/docs/other/8788784132/erlang-starter-kit-branch-master/erlang-starter-kit/deps/rebar/inttest/tplugins/bad_plugin.erl: at line 6: syntax error before: '>'
edoc: skipping source file '/home/pete/wefwefwef/docs/other/8788784132/erlang-starter-kit-branch-master/erlang-starter-kit/deps/rebar/inttest/tplugins/bad_plugin.erl': {'EXIT',
                                                                                                                                                                   error}.
/home/pete/wefwefwef/docs/other/8788784132/erlang-starter-kit-branch-master/erlang-starter-kit/deps/qc/src/qc.erl, in module footer: at line 37: tag @doc not allowed here.
/home/pete/wefwefwef/docs/other/8788784132/erlang-starter-kit-branch-master/erlang-starter-kit/deps/qc/src/qc.erl, in module footer: at line 41: multiple @doc tag.
/home/pete/wefwefwef/docs/other/8788784132/erlang-starter-kit-branch-master/erlang-starter-kit/deps/qc/src/qc.erl, in module footer: at line 47: multiple @doc tag.
/home/pete/wefwefwef/docs/other/8788784132/erlang-starter-kit-branch-master/erlang-starter-kit/deps/qc/src/qc.erl, in module footer: at line 51: multiple @doc tag.
/home/pete/wefwefwef/docs/other/8788784132/erlang-starter-kit-branch-master/erlang-starter-kit/deps/qc/src/qc.erl, in module footer: at line 58: multiple @doc tag.
/home/pete/wefwefwef/docs/other/8788784132/erlang-starter-kit-branch-master/erlang-starter-kit/deps/qc/src/qc.erl, in module footer: at line 62: multiple @doc tag.
/home/pete/wefwefwef/docs/other/8788784132/erlang-starter-kit-branch-master/erlang-starter-kit/deps/qc/src/qc.erl, in module footer: at line 67: multiple @doc tag.
/home/pete/wefwefwef/docs/other/8788784132/erlang-starter-kit-branch-master/erlang-starter-kit/deps/qc/src/qc.erl, in module footer: at line 82: multiple @doc tag.
/home/pete/wefwefwef/docs/other/8788784132/erlang-starter-kit-branch-master/erlang-starter-kit/deps/qc/src/qc.erl, in module footer: at line 95: multiple @doc tag.
/home/pete/wefwefwef/docs/other/8788784132/erlang-starter-kit-branch-master/erlang-starter-kit/deps/qc/src/qc.erl, in module footer: at line 132: multiple @doc tag.
edoc: skipping source file '/home/pete/wefwefwef/docs/other/8788784132/erlang-starter-kit-branch-master/erlang-starter-kit/deps/qc/src/qc.erl': {'EXIT',
                                                                                                                                           error}.
/home/pete/wefwefwef/docs/other/8788784132/erlang-starter-kit-branch-master/erlang-starter-kit/deps/qc/test/demo/qc_statem_ets.erl, in module footer: at line 25: warning: tag @NOTE not recognized.
/home/pete/wefwefwef/docs/other/8788784132/erlang-starter-kit-branch-master/erlang-starter-kit/deps/proper/src/proper_types.erl: at line 26: can't find include file "compile_flags.hrl"
edoc: skipping source file '/home/pete/wefwefwef/docs/other/8788784132/erlang-starter-kit-branch-master/erlang-starter-kit/deps/proper/src/proper_types.erl': {'EXIT',
                                                                                                                                                         error}.
/home/pete/wefwefwef/docs/other/8788784132/erlang-starter-kit-branch-master/erlang-starter-kit/deps/proper/src/proper_typeserver.erl: at line 26: can't find include file "compile_flags.hrl"
edoc: skipping source file '/home/pete/wefwefwef/docs/other/8788784132/erlang-starter-kit-branch-master/erlang-starter-kit/deps/proper/src/proper_typeserver.erl': {'EXIT',
                                                                                                                                                              error}.
/home/pete/wefwefwef/docs/other/8788784132/erlang-starter-kit-branch-master/erlang-starter-kit/deps/proper/src/vararg.erl: at line 26: can't find include file "compile_flags.hrl"
edoc: skipping source file '/home/pete/wefwefwef/docs/other/8788784132/erlang-starter-kit-branch-master/erlang-starter-kit/deps/proper/src/vararg.erl': {'EXIT',
                                                                                                                                                   error}.
/home/pete/wefwefwef/docs/other/8788784132/erlang-starter-kit-branch-master/erlang-starter-kit/deps/proper/src/proper_symb.erl: at line 26: can't find include file "compile_flags.hrl"
edoc: skipping source file '/home/pete/wefwefwef/docs/other/8788784132/erlang-starter-kit-branch-master/erlang-starter-kit/deps/proper/src/proper_symb.erl': {'EXIT',
                                                                                                                                                        error}.
/home/pete/wefwefwef/docs/other/8788784132/erlang-starter-kit-branch-master/erlang-starter-kit/deps/proper/src/proper_queue.erl: at line 26: can't find include file "compile_flags.hrl"
edoc: skipping source file '/home/pete/wefwefwef/docs/other/8788784132/erlang-starter-kit-branch-master/erlang-starter-kit/deps/proper/src/proper_queue.erl': {'EXIT',
                                                                                                                                                         error}.
/home/pete/wefwefwef/docs/other/8788784132/erlang-starter-kit-branch-master/erlang-starter-kit/deps/proper/src/proper_gen.erl: at line 26: can't find include file "compile_flags.hrl"
edoc: skipping source file '/home/pete/wefwefwef/docs/other/8788784132/erlang-starter-kit-branch-master/erlang-starter-kit/deps/proper/src/proper_gen.erl': {'EXIT',
                                                                                                                                                       error}.
/home/pete/wefwefwef/docs/other/8788784132/erlang-starter-kit-branch-master/erlang-starter-kit/deps/proper/src/proper_unicode.erl, function unicode_codepoint/1: at line 47: warning: tag @private_type not recognized.
/home/pete/wefwefwef/docs/other/8788784132/erlang-starter-kit-branch-master/erlang-starter-kit/deps/proper/src/proper_unicode.erl, function unicode_codepoint/1: at line 48: warning: tag @alias not recognized.
/home/pete/wefwefwef/docs/other/8788784132/erlang-starter-kit-branch-master/erlang-starter-kit/deps/proper/src/proper_arith.erl: at line 26: can't find include file "compile_flags.hrl"
edoc: skipping source file '/home/pete/wefwefwef/docs/other/8788784132/erlang-starter-kit-branch-master/erlang-starter-kit/deps/proper/src/proper_arith.erl': {'EXIT',
                                                                                                                                                         error}.
/home/pete/wefwefwef/docs/other/8788784132/erlang-starter-kit-branch-master/erlang-starter-kit/deps/proper/src/proper_fsm.erl: at line 26: can't find include file "compile_flags.hrl"
edoc: skipping source file '/home/pete/wefwefwef/docs/other/8788784132/erlang-starter-kit-branch-master/erlang-starter-kit/deps/proper/src/proper_fsm.erl': {'EXIT',
                                                                                                                                                       error}.
/home/pete/wefwefwef/docs/other/8788784132/erlang-starter-kit-branch-master/erlang-starter-kit/deps/proper/src/proper_shrink.erl: at line 26: can't find include file "compile_flags.hrl"
edoc: skipping source file '/home/pete/wefwefwef/docs/other/8788784132/erlang-starter-kit-branch-master/erlang-starter-kit/deps/proper/src/proper_shrink.erl': {'EXIT',
                                                                                                                                                          error}.
/home/pete/wefwefwef/docs/other/8788784132/erlang-starter-kit-branch-master/erlang-starter-kit/deps/proper/src/proper_array.erl: at line 26: can't find include file "compile_flags.hrl"
edoc: skipping source file '/home/pete/wefwefwef/docs/other/8788784132/erlang-starter-kit-branch-master/erlang-starter-kit/deps/proper/src/proper_array.erl': {'EXIT',
                                                                                                                                                         error}.
/home/pete/wefwefwef/docs/other/8788784132/erlang-starter-kit-branch-master/erlang-starter-kit/deps/proper/src/proper_transformer.erl: at line 26: can't find include file "compile_flags.hrl"
edoc: skipping source file '/home/pete/wefwefwef/docs/other/8788784132/erlang-starter-kit-branch-master/erlang-starter-kit/deps/proper/src/proper_transformer.erl': {'EXIT',
                                                                                                                                                               error}.
/home/pete/wefwefwef/docs/other/8788784132/erlang-starter-kit-branch-master/erlang-starter-kit/deps/proper/src/proper_gb_trees.erl: at line 26: can't find include file "compile_flags.hrl"
edoc: skipping source file '/home/pete/wefwefwef/docs/other/8788784132/erlang-starter-kit-branch-master/erlang-starter-kit/deps/proper/src/proper_gb_trees.erl': {'EXIT',
                                                                                                                                                            error}.
/home/pete/wefwefwef/docs/other/8788784132/erlang-starter-kit-branch-master/erlang-starter-kit/deps/proper/src/proper_orddict.erl: at line 26: can't find include file "compile_flags.hrl"
edoc: skipping source file '/home/pete/wefwefwef/docs/other/8788784132/erlang-starter-kit-branch-master/erlang-starter-kit/deps/proper/src/proper_orddict.erl': {'EXIT',
                                                                                                                                                           error}.
/home/pete/wefwefwef/docs/other/8788784132/erlang-starter-kit-branch-master/erlang-starter-kit/deps/proper/src/proper_sets.erl: at line 26: can't find include file "compile_flags.hrl"
edoc: skipping source file '/home/pete/wefwefwef/docs/other/8788784132/erlang-starter-kit-branch-master/erlang-starter-kit/deps/proper/src/proper_sets.erl': {'EXIT',
                                                                                                                                                        error}.
/home/pete/wefwefwef/docs/other/8788784132/erlang-starter-kit-branch-master/erlang-starter-kit/deps/proper/src/proper_prop_remover.erl: at line 26: can't find include file "compile_flags.hrl"
edoc: skipping source file '/home/pete/wefwefwef/docs/other/8788784132/erlang-starter-kit-branch-master/erlang-starter-kit/deps/proper/src/proper_prop_remover.erl': {'EXIT',
                                                                                                                                                                error}.
/home/pete/wefwefwef/docs/other/8788784132/erlang-starter-kit-branch-master/erlang-starter-kit/deps/proper/src/proper_gb_sets.erl: at line 26: can't find include file "compile_flags.hrl"
edoc: skipping source file '/home/pete/wefwefwef/docs/other/8788784132/erlang-starter-kit-branch-master/erlang-starter-kit/deps/proper/src/proper_gb_sets.erl': {'EXIT',
                                                                                                                                                           error}.
/home/pete/wefwefwef/docs/other/8788784132/erlang-starter-kit-branch-master/erlang-starter-kit/deps/proper/src/proper.erl: at line 26: can't find include file "compile_flags.hrl"
edoc: skipping source file '/home/pete/wefwefwef/docs/other/8788784132/erlang-starter-kit-branch-master/erlang-starter-kit/deps/proper/src/proper.erl': {'EXIT',
                                                                                                                                                   error}.
/home/pete/wefwefwef/docs/other/8788784132/erlang-starter-kit-branch-master/erlang-starter-kit/deps/proper/src/proper_ordsets.erl: at line 26: can't find include file "compile_flags.hrl"
edoc: skipping source file '/home/pete/wefwefwef/docs/other/8788784132/erlang-starter-kit-branch-master/erlang-starter-kit/deps/proper/src/proper_ordsets.erl': {'EXIT',
                                                                                                                                                           error}.
/home/pete/wefwefwef/docs/other/8788784132/erlang-starter-kit-branch-master/erlang-starter-kit/deps/proper/src/proper_statem.erl: at line 26: can't find include file "compile_flags.hrl"
edoc: skipping source file '/home/pete/wefwefwef/docs/other/8788784132/erlang-starter-kit-branch-master/erlang-starter-kit/deps/proper/src/proper_statem.erl': {'EXIT',
                                                                                                                                                          error}.
/home/pete/wefwefwef/docs/other/8788784132/erlang-starter-kit-branch-master/erlang-starter-kit/deps/proper/src/proper_dict.erl: at line 26: can't find include file "compile_flags.hrl"
edoc: skipping source file '/home/pete/wefwefwef/docs/other/8788784132/erlang-starter-kit-branch-master/erlang-starter-kit/deps/proper/src/proper_dict.erl': {'EXIT',
                                                                                                                                                        error}.
edoc: error in layout 'docgen_edoc_xml_cb': {'EXIT',
                                       {function_clause,
                                        [{docgen_edoc_xml_cb,t_type,
                                          [[{xmlElement,binary,[],[],
                                             {xmlNamespace,[],[]},
                                             [{type,1},{tuple,...},{...}|...],
                                             1,
                                             [{...}],
                                             [],...}]],
                                          [{file,"docgen_edoc_xml_cb.erl"},
                                           {line,1003}]},
                                         {docgen_edoc_xml_cb,seq,4,
                                          [{file,"docgen_edoc_xml_cb.erl"},
                                           {line,1116}]},
                                         {docgen_edoc_xml_cb,t_tuple,1,
                                          [{file,"docgen_edoc_xml_cb.erl"},
                                           {line,1059}]},
                                         {docgen_edoc_xml_cb,t_fun,1,
                                          [{file,"docgen_edoc_xml_cb.erl"},
                                           {line,1063}]},
                                         {docgen_edoc_xml_cb,funcheader,1,
                                          [{file,"docgen_edoc_xml_cb.erl"},
                                           {line,827}]},
                                         {docgen_edoc_xml_cb,function,2,
                                          [{file,"docgen_edoc_xml_cb.erl"},
                                           {line,769}]},
                                         {lists,flatmap,2,
                                          [{file,"lists.erl"},{line,1248}]},
                                         {lists,flatmap,2,
                                          [{file,[...]},{line,...}]}]}}.
edoc: error in doclet 'edoc_doclet': {'EXIT',error}.
Error generating erlang-starter-kit XMLs. Using fallback ...
Generating XML erlang-starter-kit - init "/home/pete/wefwefwef/docs/other/8788784132/erlang-starter-kit-branch-master/erlang-starter-kit/init.erl" -> "/home/pete/wefwefwef/docs/other/8788784132/repo/master/.xml/erlang-starter-kit/init.xml"
/home/pete/wefwefwef/docs/other/8788784132/erlang-starter-kit-branch-master/erlang-starter-kit/init.erl: at line 3: syntax error before: '='
Error generating XML ("/home/pete/wefwefwef/docs/other/8788784132/erlang-starter-kit-branch-master/erlang-starter-kit/init.erl"): {'EXIT',
                                                                                                                                   error}
No documentation was generated!
Woot, finished in 0 Minutes 7 Seconds
 :: Discovering other repos
$ 5000  `rm -r '/home/pete/wefwefwef/docs/other/8788784132/erlang-starter-kit-branch-master'  2>&1`
 :: Finishing up
$ 5000  `rm -r '/home/pete/wefwefwef/docs/other/8788784132/erlang-starter-kit'  2>&1`
$ 5000  `rm -r '/home/pete/wefwefwef/docs/other/8788784132/repo/dev'  2>&1`
$ 5000  `rm -r '/home/pete/wefwefwef/docs/other/8788784132/repo/master'  2>&1`
