 :: Extracting meta information
$ 5000  `git ls-remote --heads --tags 'https://github.com/russelldb/roller'  2>&1`
>>> [repo] 4 branches, 0 tags
 :: Writing meta to "/home/pete/wefwefwef/docs/other/5768649713/meta.txt"
 :: Processing https://github.com/russelldb/roller	{rev,branch,"develop","6d7811978a5cc27b355b2a777da57de6a09fd3e2",undefined,[],[]}
 :: Fetching repo code
$ cd "/home/pete/wefwefwef/docs/other/5768649713/roller-branch-develop/roller"
$ infinity  `curl --fail --silent --show-error --location --output 'develop.zip' 'https://github.com/russelldb/roller/archive/develop.zip'  2>&1`
$ cd "/home/pete/wefwefwef/docs/erldocs_other.git"
$ cd "/home/pete/wefwefwef/docs/other/5768649713/roller-branch-develop/roller"
$ 5000  `find -P . -type l -delete  2>&1`
$ cd "/home/pete/wefwefwef/docs/erldocs_other.git"
$ cd "/home/pete/wefwefwef/docs/other/5768649713/roller-branch-develop/roller"
$ 5000  `find 'roller-develop' -mindepth 1 -maxdepth 1 -exec mv -t . -- {} +  2>&1`
$ cd "/home/pete/wefwefwef/docs/erldocs_other.git"
 :: Getting dependencies
$ cd "/home/pete/wefwefwef/docs/other/5768649713/roller-branch-develop/roller"
$ infinity  `rebar --config '/home/pete/wefwefwef/docs/other/5768649713/roller-branch-develop/rebar_deps' get-deps  2>&1`
$ cd "/home/pete/wefwefwef/docs/erldocs_other.git"
$ cd "/home/pete/wefwefwef/docs/other/5768649713/roller-branch-develop/roller"
$ 5000  `find -P . -type l -delete  2>&1`
$ cd "/home/pete/wefwefwef/docs/erldocs_other.git"
$ cd "/home/pete/wefwefwef/docs/other/5768649713/roller-branch-develop/roller"
$ 5000  `ls -1 deps/  2>&1`
$ cd "/home/pete/wefwefwef/docs/erldocs_other.git"
>>> [rebar] deps = ["misultin"]
 :: Generating erldocs into /home/pete/wefwefwef/docs/other/5768649713/repo/develop
Building roller
Generating Type Specs - "/home/pete/wefwefwef/docs/other/5768649713/roller-branch-develop/roller/apps/roller/src/logproxy.erl"
Generating Type Specs - "/home/pete/wefwefwef/docs/other/5768649713/roller-branch-develop/roller/apps/roller/src/mock_sensor.erl"
Generating Type Specs - "/home/pete/wefwefwef/docs/other/5768649713/roller-branch-develop/roller/apps/roller/src/roller.erl"
Generating Type Specs - "/home/pete/wefwefwef/docs/other/5768649713/roller-branch-develop/roller/apps/roller/src/roller_app.erl"
Generating Type Specs - "/home/pete/wefwefwef/docs/other/5768649713/roller-branch-develop/roller/apps/roller/src/roller_controller.erl"
Generating Type Specs - "/home/pete/wefwefwef/docs/other/5768649713/roller-branch-develop/roller/apps/roller/src/roller_deps.erl"
Generating Type Specs - "/home/pete/wefwefwef/docs/other/5768649713/roller-branch-develop/roller/apps/roller/src/roller_event.erl"
Generating Type Specs - "/home/pete/wefwefwef/docs/other/5768649713/roller-branch-develop/roller/apps/roller/src/roller_maths.erl"
Generating Type Specs - "/home/pete/wefwefwef/docs/other/5768649713/roller-branch-develop/roller/apps/roller/src/roller_parser.erl"
Generating Type Specs - "/home/pete/wefwefwef/docs/other/5768649713/roller-branch-develop/roller/apps/roller/src/roller_sensor.erl"
Generating Type Specs - "/home/pete/wefwefwef/docs/other/5768649713/roller-branch-develop/roller/apps/roller/src/roller_sup.erl"
Generating Type Specs - "/home/pete/wefwefwef/docs/other/5768649713/roller-branch-develop/roller/apps/roller/src/roller_web.erl"
Generating XML for application roller "/home/pete/wefwefwef/docs/other/5768649713/roller-branch-develop/roller/apps/roller" -> "/home/pete/wefwefwef/docs/other/5768649713/repo/develop/.xml/roller"
/home/pete/wefwefwef/docs/other/5768649713/roller-branch-develop/roller/apps/roller/src/roller_web.erl, function tick_count/2: at line 130: unknown error parsing specification: {130,edoc_parser,
                                      ["syntax error before: ","'.'"]}.
edoc: skipping source file '/home/pete/wefwefwef/docs/other/5768649713/roller-branch-develop/roller/apps/roller/src/roller_web.erl': {'EXIT',
                                                                                                                                error}.
/home/pete/wefwefwef/docs/other/5768649713/roller-branch-develop/roller/apps/roller/src/roller_sensor.erl, function ready_to_connect/2: at line 100: @spec name does not match.
edoc: skipping source file '/home/pete/wefwefwef/docs/other/5768649713/roller-branch-develop/roller/apps/roller/src/roller_sensor.erl': {'EXIT',
                                                                                                                                   error}.
/home/pete/wefwefwef/docs/other/5768649713/roller-branch-develop/roller/apps/roller/src/roller_maths.erl, function ticks/2: at line 20: unknown error parsing specification: {20,edoc_parser,
                                      ["syntax error before: ","':'"]}.
edoc: skipping source file '/home/pete/wefwefwef/docs/other/5768649713/roller-branch-develop/roller/apps/roller/src/roller_maths.erl': {'EXIT',
                                                                                                                                  error}.
/home/pete/wefwefwef/docs/other/5768649713/roller-branch-develop/roller/apps/roller/src/mock_sensor.erl, function started/2: at line 86: @spec name does not match.
edoc: skipping source file '/home/pete/wefwefwef/docs/other/5768649713/roller-branch-develop/roller/apps/roller/src/mock_sensor.erl': {'EXIT',
                                                                                                                                 error}.
edoc: error in doclet 'edoc_doclet': {'EXIT',error}.
Error generating roller XMLs. Using fallback ...
Generating XML roller - logproxy "/home/pete/wefwefwef/docs/other/5768649713/roller-branch-develop/roller/apps/roller/src/logproxy.erl" -> "/home/pete/wefwefwef/docs/other/5768649713/repo/develop/.xml/roller/logproxy.xml"
Generating XML roller - mock_sensor "/home/pete/wefwefwef/docs/other/5768649713/roller-branch-develop/roller/apps/roller/src/mock_sensor.erl" -> "/home/pete/wefwefwef/docs/other/5768649713/repo/develop/.xml/roller/mock_sensor.xml"
/home/pete/wefwefwef/docs/other/5768649713/roller-branch-develop/roller/apps/roller/src/mock_sensor.erl, function started/2: at line 86: @spec name does not match.
Error generating XML ("/home/pete/wefwefwef/docs/other/5768649713/roller-branch-develop/roller/apps/roller/src/mock_sensor.erl"): {'EXIT',
                                                                                                                                   error}
Generating XML roller - roller "/home/pete/wefwefwef/docs/other/5768649713/roller-branch-develop/roller/apps/roller/src/roller.erl" -> "/home/pete/wefwefwef/docs/other/5768649713/repo/develop/.xml/roller/roller.xml"
Generating XML roller - roller_app "/home/pete/wefwefwef/docs/other/5768649713/roller-branch-develop/roller/apps/roller/src/roller_app.erl" -> "/home/pete/wefwefwef/docs/other/5768649713/repo/develop/.xml/roller/roller_app.xml"
Generating XML roller - roller_controller "/home/pete/wefwefwef/docs/other/5768649713/roller-branch-develop/roller/apps/roller/src/roller_controller.erl" -> "/home/pete/wefwefwef/docs/other/5768649713/repo/develop/.xml/roller/roller_controller.xml"
Generating XML roller - roller_deps "/home/pete/wefwefwef/docs/other/5768649713/roller-branch-develop/roller/apps/roller/src/roller_deps.erl" -> "/home/pete/wefwefwef/docs/other/5768649713/repo/develop/.xml/roller/roller_deps.xml"
Generating XML roller - roller_event "/home/pete/wefwefwef/docs/other/5768649713/roller-branch-develop/roller/apps/roller/src/roller_event.erl" -> "/home/pete/wefwefwef/docs/other/5768649713/repo/develop/.xml/roller/roller_event.xml"
Generating XML roller - roller_maths "/home/pete/wefwefwef/docs/other/5768649713/roller-branch-develop/roller/apps/roller/src/roller_maths.erl" -> "/home/pete/wefwefwef/docs/other/5768649713/repo/develop/.xml/roller/roller_maths.xml"
/home/pete/wefwefwef/docs/other/5768649713/roller-branch-develop/roller/apps/roller/src/roller_maths.erl, function ticks/2: at line 20: unknown error parsing specification: {20,edoc_parser,
                                      ["syntax error before: ","':'"]}.
Error generating XML ("/home/pete/wefwefwef/docs/other/5768649713/roller-branch-develop/roller/apps/roller/src/roller_maths.erl"): {'EXIT',
                                                                                                                                    error}
Generating XML roller - roller_parser "/home/pete/wefwefwef/docs/other/5768649713/roller-branch-develop/roller/apps/roller/src/roller_parser.erl" -> "/home/pete/wefwefwef/docs/other/5768649713/repo/develop/.xml/roller/roller_parser.xml"
Generating XML roller - roller_sensor "/home/pete/wefwefwef/docs/other/5768649713/roller-branch-develop/roller/apps/roller/src/roller_sensor.erl" -> "/home/pete/wefwefwef/docs/other/5768649713/repo/develop/.xml/roller/roller_sensor.xml"
/home/pete/wefwefwef/docs/other/5768649713/roller-branch-develop/roller/apps/roller/src/roller_sensor.erl, function ready_to_connect/2: at line 100: @spec name does not match.
Error generating XML ("/home/pete/wefwefwef/docs/other/5768649713/roller-branch-develop/roller/apps/roller/src/roller_sensor.erl"): {'EXIT',
                                                                                                                                     error}
Generating XML roller - roller_sup "/home/pete/wefwefwef/docs/other/5768649713/roller-branch-develop/roller/apps/roller/src/roller_sup.erl" -> "/home/pete/wefwefwef/docs/other/5768649713/repo/develop/.xml/roller/roller_sup.xml"
Generating XML roller - roller_web "/home/pete/wefwefwef/docs/other/5768649713/roller-branch-develop/roller/apps/roller/src/roller_web.erl" -> "/home/pete/wefwefwef/docs/other/5768649713/repo/develop/.xml/roller/roller_web.xml"
/home/pete/wefwefwef/docs/other/5768649713/roller-branch-develop/roller/apps/roller/src/roller_web.erl, function tick_count/2: at line 130: unknown error parsing specification: {130,edoc_parser,
                                      ["syntax error before: ","'.'"]}.
Error generating XML ("/home/pete/wefwefwef/docs/other/5768649713/roller-branch-develop/roller/apps/roller/src/roller_web.erl"): {'EXIT',
                                                                                                                                  error}
Generating HTML - roller_parser "/home/pete/wefwefwef/docs/other/5768649713/repo/develop/.xml/roller/roller_parser.xml"
Generating HTML - roller_app "/home/pete/wefwefwef/docs/other/5768649713/repo/develop/.xml/roller/roller_app.xml"
Generating HTML - roller_deps "/home/pete/wefwefwef/docs/other/5768649713/repo/develop/.xml/roller/roller_deps.xml"
Generating HTML - logproxy "/home/pete/wefwefwef/docs/other/5768649713/repo/develop/.xml/roller/logproxy.xml"
Reading XML for "/home/pete/wefwefwef/docs/other/5768649713/repo/develop/.xml/roller/roller_parser.xml"
Reading XML for "/home/pete/wefwefwef/docs/other/5768649713/repo/develop/.xml/roller/roller_app.xml"
Reading XML for "/home/pete/wefwefwef/docs/other/5768649713/repo/develop/.xml/roller/roller_deps.xml"
Reading XML for "/home/pete/wefwefwef/docs/other/5768649713/repo/develop/.xml/roller/logproxy.xml"
Reading XML for "/home/pete/wefwefwef/docs/other/5768649713/repo/develop/.xml/specs_logproxy.xml"
Reading XML for "/home/pete/wefwefwef/docs/other/5768649713/repo/develop/.xml/specs_roller_app.xml"
Reading XML for "/home/pete/wefwefwef/docs/other/5768649713/repo/develop/.xml/specs_roller_parser.xml"
Reading XML for "/home/pete/wefwefwef/docs/other/5768649713/repo/develop/.xml/specs_roller_deps.xml"
Generating HTML - roller_controller "/home/pete/wefwefwef/docs/other/5768649713/repo/develop/.xml/roller/roller_controller.xml"
Reading XML for "/home/pete/wefwefwef/docs/other/5768649713/repo/develop/.xml/roller/roller_controller.xml"
Generating HTML - roller_sup "/home/pete/wefwefwef/docs/other/5768649713/repo/develop/.xml/roller/roller_sup.xml"
Reading XML for "/home/pete/wefwefwef/docs/other/5768649713/repo/develop/.xml/roller/roller_sup.xml"
Generating HTML - roller "/home/pete/wefwefwef/docs/other/5768649713/repo/develop/.xml/roller/roller.xml"
Reading XML for "/home/pete/wefwefwef/docs/other/5768649713/repo/develop/.xml/roller/roller.xml"
Generating HTML - roller_event "/home/pete/wefwefwef/docs/other/5768649713/repo/develop/.xml/roller/roller_event.xml"
Reading XML for "/home/pete/wefwefwef/docs/other/5768649713/repo/develop/.xml/roller/roller_event.xml"
Reading XML for "/home/pete/wefwefwef/docs/other/5768649713/repo/develop/.xml/specs_roller.xml"
Reading XML for "/home/pete/wefwefwef/docs/other/5768649713/repo/develop/.xml/specs_roller_controller.xml"
Reading XML for "/home/pete/wefwefwef/docs/other/5768649713/repo/develop/.xml/specs_roller_sup.xml"
Reading XML for "/home/pete/wefwefwef/docs/other/5768649713/repo/develop/.xml/specs_roller_event.xml"
Building roller
Generating XML for application roller "/home/pete/wefwefwef/docs/other/5768649713/roller-branch-develop/roller" -> "/home/pete/wefwefwef/docs/other/5768649713/repo/develop/.xml/roller"
/home/pete/wefwefwef/docs/other/5768649713/roller-branch-develop/roller/apps/roller/src/roller_web.erl, function tick_count/2: at line 130: unknown error parsing specification: {130,edoc_parser,
                                      ["syntax error before: ","'.'"]}.
edoc: skipping source file '/home/pete/wefwefwef/docs/other/5768649713/roller-branch-develop/roller/apps/roller/src/roller_web.erl': {'EXIT',
                                                                                                                                error}.
/home/pete/wefwefwef/docs/other/5768649713/roller-branch-develop/roller/apps/roller/src/roller_sensor.erl, function ready_to_connect/2: at line 100: @spec name does not match.
edoc: skipping source file '/home/pete/wefwefwef/docs/other/5768649713/roller-branch-develop/roller/apps/roller/src/roller_sensor.erl': {'EXIT',
                                                                                                                                   error}.
/home/pete/wefwefwef/docs/other/5768649713/roller-branch-develop/roller/apps/roller/src/roller_maths.erl, function ticks/2: at line 20: unknown error parsing specification: {20,edoc_parser,
                                      ["syntax error before: ","':'"]}.
edoc: skipping source file '/home/pete/wefwefwef/docs/other/5768649713/roller-branch-develop/roller/apps/roller/src/roller_maths.erl': {'EXIT',
                                                                                                                                  error}.
/home/pete/wefwefwef/docs/other/5768649713/roller-branch-develop/roller/apps/roller/src/mock_sensor.erl, function started/2: at line 86: @spec name does not match.
edoc: skipping source file '/home/pete/wefwefwef/docs/other/5768649713/roller-branch-develop/roller/apps/roller/src/mock_sensor.erl': {'EXIT',
                                                                                                                                 error}.
/home/pete/wefwefwef/docs/other/5768649713/roller-branch-develop/roller/deps/misultin/src/misultin.erl, function stop/0: at line 74: multiple @spec tag.
edoc: skipping source file '/home/pete/wefwefwef/docs/other/5768649713/roller-branch-develop/roller/deps/misultin/src/misultin.erl': {'EXIT',
                                                                                                                                error}.
/home/pete/wefwefwef/docs/other/5768649713/roller-branch-develop/roller/deps/misultin/src/misultin_utility.erl, function call/2: at line 443: multiple @spec tag.
edoc: skipping source file '/home/pete/wefwefwef/docs/other/5768649713/roller-branch-develop/roller/deps/misultin/src/misultin_utility.erl': {'EXIT',
                                                                                                                                        error}.
/home/pete/wefwefwef/docs/other/5768649713/roller-branch-develop/roller/deps/misultin/src/misultin_ws.erl, function session/1: at line 94: multiple @spec tag.
edoc: skipping source file '/home/pete/wefwefwef/docs/other/5768649713/roller-branch-develop/roller/deps/misultin/src/misultin_ws.erl': {'EXIT',
                                                                                                                                   error}.
/home/pete/wefwefwef/docs/other/5768649713/roller-branch-develop/roller/deps/misultin/src/misultin_http.erl, function build_error_message/4: at line 116: multiple @spec tag.
edoc: skipping source file '/home/pete/wefwefwef/docs/other/5768649713/roller-branch-develop/roller/deps/misultin/src/misultin_http.erl': {'EXIT',
                                                                                                                                     error}.
/home/pete/wefwefwef/docs/other/5768649713/roller-branch-develop/roller/deps/misultin/src/misultin_req.erl, function set_cookie/3: at line 115: multiple @spec tag.
edoc: skipping source file '/home/pete/wefwefwef/docs/other/5768649713/roller-branch-develop/roller/deps/misultin/src/misultin_req.erl': {'EXIT',
                                                                                                                                    error}.
/home/pete/wefwefwef/docs/other/5768649713/roller-branch-develop/roller/deps/misultin/src/misultin_sessions.erl, function session/3: at line 72: multiple @spec tag.
edoc: skipping source file '/home/pete/wefwefwef/docs/other/5768649713/roller-branch-develop/roller/deps/misultin/src/misultin_sessions.erl': {'EXIT',
                                                                                                                                         error}.
edoc: error in doclet 'edoc_doclet': {'EXIT',error}.
Error generating roller XMLs. Using fallback ...
Creating index.html ...
Creating erldocs_index.js ...
Woot, finished in 0 Minutes 3 Seconds
 :: Discovering other repos
$ 5000  `rm -r '/home/pete/wefwefwef/docs/other/5768649713/roller-branch-develop'  2>&1`
 :: Processing https://github.com/russelldb/roller	{rev,branch,"feature/fake_race","acb96b423a4decbb4262a389660a6f96af92826c",undefined,[],[]}
 :: Fetching repo code
$ cd "/home/pete/wefwefwef/docs/other/5768649713/roller-branch-feature/fake_race/roller"
$ infinity  `curl --fail --silent --show-error --location --output 'feature/fake_race.zip' 'https://github.com/russelldb/roller/archive/feature/fake_race.zip'  2>&1`
$ cd "/home/pete/wefwefwef/docs/erldocs_other.git"
>>> [stdout] "curl: (23) Failed writing body (0 != 859)"
 :: Error running eo_core:
	[{eo_os,chk,2,[{file,"src/eo_os.erl"},{line,55}]},
         {eo_scm,fetch,2,[{file,"src/eo_scm.erl"},{line,80}]},
         {eo_core,copy_repo,5,[{file,"src/eo_core.erl"},{line,235}]},
         {eo_core,do,7,[{file,"src/eo_core.erl"},{line,94}]},
         {eo_core,'-main_/1-lc$^0/1-0-',8,
                  [{file,"src/eo_core.erl"},{line,77}]},
         {eo_core,'-main_/1-lc$^0/1-0-',8,
                  [{file,"src/eo_core.erl"},{line,78}]},
         {eo_core,main_,1,[{file,"src/eo_core.erl"},{line,77}]},
         {eo_core,main,1,[{file,"src/eo_core.erl"},{line,47}]}]
{throw,{sh,fetch_curl,error,23,
           [{"curl: (23) Failed writ"},{"ing bo"},{"dy (0 != 859)"}]}}
