 :: Extracting meta information
$ 5000  `git ls-remote --heads --tags 'https://github.com/kafedrax/tmc_tester'  2>&1`
>>> [repo] 1 branches, 0 tags
 :: Writing meta to "/home/pete/wefwefwef/docs/other/7510227086/meta.txt"
 :: Processing https://github.com/kafedrax/tmc_tester	{rev,branch,"master","6ba46d52830619790920d7aceea8cef8111e8bb7",undefined,[],[]}
 :: Fetching repo code
$ cd "/home/pete/wefwefwef/docs/other/7510227086/tmc_tester-branch-master/tmc_tester"
$ infinity  `curl --fail --silent --show-error --location --output 'master.zip' 'https://github.com/kafedrax/tmc_tester/archive/master.zip'  2>&1`
$ cd "/home/pete/wefwefwef/docs/erldocs_other.git"
$ cd "/home/pete/wefwefwef/docs/other/7510227086/tmc_tester-branch-master/tmc_tester"
$ 5000  `find -P . -type l -delete  2>&1`
$ cd "/home/pete/wefwefwef/docs/erldocs_other.git"
$ cd "/home/pete/wefwefwef/docs/other/7510227086/tmc_tester-branch-master/tmc_tester"
$ 5000  `find 'tmc_tester-master' -mindepth 1 -maxdepth 1 -exec mv -t . -- {} +  2>&1`
$ cd "/home/pete/wefwefwef/docs/erldocs_other.git"
 :: Getting dependencies
$ cd "/home/pete/wefwefwef/docs/other/7510227086/tmc_tester-branch-master/tmc_tester"
$ infinity  `rebar --config '/home/pete/wefwefwef/docs/other/7510227086/tmc_tester-branch-master/rebar_deps' get-deps  2>&1`
$ cd "/home/pete/wefwefwef/docs/erldocs_other.git"
$ cd "/home/pete/wefwefwef/docs/other/7510227086/tmc_tester-branch-master/tmc_tester"
$ 5000  `find -P . -type l -delete  2>&1`
$ cd "/home/pete/wefwefwef/docs/erldocs_other.git"
$ cd "/home/pete/wefwefwef/docs/other/7510227086/tmc_tester-branch-master/tmc_tester"
$ 5000  `ls -1 deps/  2>&1`
$ cd "/home/pete/wefwefwef/docs/erldocs_other.git"
>>> [rebar] deps = ["goldrush","lager"]
 :: Generating erldocs into /home/pete/wefwefwef/docs/other/7510227086/repo/master
Building tmc_tester
Generating Type Specs - "/home/pete/wefwefwef/docs/other/7510227086/tmc_tester-branch-master/tmc_tester/src/tmc_tester_app.erl"
EDoc could not process file '/home/pete/wefwefwef/docs/other/7510227086/tmc_tester-branch-master/tmc_tester/src/tmc_tester_app.erl'
Error generating type specs for "/home/pete/wefwefwef/docs/other/7510227086/tmc_tester-branch-master/tmc_tester/src/tmc_tester_app.erl"
Generating XML for application tmc_tester "/home/pete/wefwefwef/docs/other/7510227086/tmc_tester-branch-master/tmc_tester" -> "/home/pete/wefwefwef/docs/other/7510227086/repo/master/.xml/tmc_tester"
/home/pete/wefwefwef/docs/other/7510227086/tmc_tester-branch-master/tmc_tester/src/tmc_tester_app.erl, in module header: at line 4: error in XML parser: {system_limit,[{ets,new,[rules,[set|...]],[]},
                                    {xmerl_scan,initial_state,2,[{...}|...]},
                                    {xmerl_scan,int_string,4,[...]},
                                    {xmerl_scan,string,2,...},
                                    {edoc_wiki,parse_xml_1,...},
                                    {edoc_wiki,...},
                                    {...}|...]}.
edoc: skipping source file '/home/pete/wefwefwef/docs/other/7510227086/tmc_tester-branch-master/tmc_tester/src/tmc_tester_app.erl': {'EXIT',
                                                                                                                               error}.
edoc: error in doclet 'edoc_doclet': {'EXIT',error}.
Error generating tmc_tester XMLs. Using fallback ...
Generating XML tmc_tester - tmc_tester_app "/home/pete/wefwefwef/docs/other/7510227086/tmc_tester-branch-master/tmc_tester/src/tmc_tester_app.erl" -> "/home/pete/wefwefwef/docs/other/7510227086/repo/master/.xml/tmc_tester/tmc_tester_app.xml"
/home/pete/wefwefwef/docs/other/7510227086/tmc_tester-branch-master/tmc_tester/src/tmc_tester_app.erl, in module header: at line 4: error in XML parser: {system_limit,[{ets,new,[rules,[set|...]],[]},
                                    {xmerl_scan,initial_state,2,[{...}|...]},
                                    {xmerl_scan,int_string,4,[...]},
                                    {xmerl_scan,string,2,...},
                                    {edoc_wiki,parse_xml_1,...},
                                    {edoc_wiki,...},
                                    {...}|...]}.
Error generating XML ("/home/pete/wefwefwef/docs/other/7510227086/tmc_tester-branch-master/tmc_tester/src/tmc_tester_app.erl"): {'EXIT',
                                                                                                                                 error}
No documentation was generated!
Woot, finished in 0 Minutes 0 Seconds
 :: Discovering other repos
$ 5000  `rm -r '/home/pete/wefwefwef/docs/other/7510227086/tmc_tester-branch-master'  2>&1`
 :: Finishing up
$ 5000  `rm -r '/home/pete/wefwefwef/docs/other/7510227086/tmc_tester'  2>&1`
$ 5000  `rm -r '/home/pete/wefwefwef/docs/other/7510227086/repo/master'  2>&1`
