 :: Extracting meta information
$ 5000  `git ls-remote --heads --tags 'https://github.com/andysan/hipe_tests'  2>&1`
>>> [repo] 2 branches, 0 tags
 :: Writing meta to "/home/pete/wefwefwef/docs/other/5072721226/meta.txt"
 :: Processing https://github.com/andysan/hipe_tests	{rev,branch,"cvsimport","97e91a532b760156ba2eae98c7232c433baa55ba",undefined,[],[]}
 :: Fetching repo code
$ cd "/home/pete/wefwefwef/docs/other/5072721226/hipe_tests-branch-cvsimport/hipe_tests"
$ infinity  `curl --fail --silent --show-error --location --output 'cvsimport.zip' 'https://github.com/andysan/hipe_tests/archive/cvsimport.zip'  2>&1`
$ cd "/home/pete/wefwefwef/docs/erldocs_other.git"
$ cd "/home/pete/wefwefwef/docs/other/5072721226/hipe_tests-branch-cvsimport/hipe_tests"
$ 5000  `find -P . -type l -delete  2>&1`
$ cd "/home/pete/wefwefwef/docs/erldocs_other.git"
$ cd "/home/pete/wefwefwef/docs/other/5072721226/hipe_tests-branch-cvsimport/hipe_tests"
$ 5000  `find 'hipe_tests-cvsimport' -mindepth 1 -maxdepth 1 -exec mv -t . -- {} +  2>&1`
$ cd "/home/pete/wefwefwef/docs/erldocs_other.git"
 :: Getting dependencies
 :: Generating erldocs into /home/pete/wefwefwef/docs/other/5072721226/repo/cvsimport
Building hipe_tests
Generating Type Specs - "/home/pete/wefwefwef/docs/other/5072721226/hipe_tests-branch-cvsimport/hipe_tests/test.erl"
Generating XML for application hipe_tests "/home/pete/wefwefwef/docs/other/5072721226/hipe_tests-branch-cvsimport/hipe_tests" -> "/home/pete/wefwefwef/docs/other/5072721226/repo/cvsimport/.xml/hipe_tests"
/home/pete/wefwefwef/docs/other/5072721226/hipe_tests-branch-cvsimport/hipe_tests/contract_tests/cont_union4.erl: at line 11: syntax error before: '->'
edoc: skipping source file '/home/pete/wefwefwef/docs/other/5072721226/hipe_tests-branch-cvsimport/hipe_tests/contract_tests/cont_union4.erl': {'EXIT',
                                                                                                                                          error}.
/home/pete/wefwefwef/docs/other/5072721226/hipe_tests-branch-cvsimport/hipe_tests/contract_tests/case8.erl: at line 12: syntax error before: '->'
edoc: skipping source file '/home/pete/wefwefwef/docs/other/5072721226/hipe_tests-branch-cvsimport/hipe_tests/contract_tests/case8.erl': {'EXIT',
                                                                                                                                    error}.
/home/pete/wefwefwef/docs/other/5072721226/hipe_tests-branch-cvsimport/hipe_tests/contract_tests/lists1.erl: at line 12: syntax error before: ','
edoc: skipping source file '/home/pete/wefwefwef/docs/other/5072721226/hipe_tests-branch-cvsimport/hipe_tests/contract_tests/lists1.erl': {'EXIT',
                                                                                                                                     error}.
/home/pete/wefwefwef/docs/other/5072721226/hipe_tests-branch-cvsimport/hipe_tests/contract_tests/cont_union2.erl: at line 11: syntax error before: '->'
edoc: skipping source file '/home/pete/wefwefwef/docs/other/5072721226/hipe_tests-branch-cvsimport/hipe_tests/contract_tests/cont_union2.erl': {'EXIT',
                                                                                                                                          error}.
/home/pete/wefwefwef/docs/other/5072721226/hipe_tests-branch-cvsimport/hipe_tests/contract_tests/param3.erl: at line 12: syntax error before: ','
edoc: skipping source file '/home/pete/wefwefwef/docs/other/5072721226/hipe_tests-branch-cvsimport/hipe_tests/contract_tests/param3.erl': {'EXIT',
                                                                                                                                     error}.
/home/pete/wefwefwef/docs/other/5072721226/hipe_tests-branch-cvsimport/hipe_tests/contract_tests/lists2.erl: at line 12: syntax error before: ','
edoc: skipping source file '/home/pete/wefwefwef/docs/other/5072721226/hipe_tests-branch-cvsimport/hipe_tests/contract_tests/lists2.erl': {'EXIT',
                                                                                                                                     error}.
/home/pete/wefwefwef/docs/other/5072721226/hipe_tests-branch-cvsimport/hipe_tests/contract_tests/fail3.erl: at line 11: syntax error before: '->'
edoc: skipping source file '/home/pete/wefwefwef/docs/other/5072721226/hipe_tests-branch-cvsimport/hipe_tests/contract_tests/fail3.erl': {'EXIT',
                                                                                                                                    error}.
/home/pete/wefwefwef/docs/other/5072721226/hipe_tests-branch-cvsimport/hipe_tests/contract_tests/arith1.erl: at line 11: can't find include file "types.hrl"
edoc: skipping source file '/home/pete/wefwefwef/docs/other/5072721226/hipe_tests-branch-cvsimport/hipe_tests/contract_tests/arith1.erl': {'EXIT',
                                                                                                                                     error}.
/home/pete/wefwefwef/docs/other/5072721226/hipe_tests-branch-cvsimport/hipe_tests/contract_tests/scc1.erl: at line 15: syntax error before: ','
edoc: skipping source file '/home/pete/wefwefwef/docs/other/5072721226/hipe_tests-branch-cvsimport/hipe_tests/contract_tests/scc1.erl': {'EXIT',
                                                                                                                                   error}.
/home/pete/wefwefwef/docs/other/5072721226/hipe_tests-branch-cvsimport/hipe_tests/contract_tests/tuple2.erl: at line 13: syntax error before: '->'
edoc: skipping source file '/home/pete/wefwefwef/docs/other/5072721226/hipe_tests-branch-cvsimport/hipe_tests/contract_tests/tuple2.erl': {'EXIT',
                                                                                                                                     error}.
/home/pete/wefwefwef/docs/other/5072721226/hipe_tests-branch-cvsimport/hipe_tests/contract_tests/param5.erl: at line 13: syntax error before: ','
edoc: skipping source file '/home/pete/wefwefwef/docs/other/5072721226/hipe_tests-branch-cvsimport/hipe_tests/contract_tests/param5.erl': {'EXIT',
                                                                                                                                     error}.
/home/pete/wefwefwef/docs/other/5072721226/hipe_tests-branch-cvsimport/hipe_tests/contract_tests/lists3.erl: at line 11: syntax error before: '->'
edoc: skipping source file '/home/pete/wefwefwef/docs/other/5072721226/hipe_tests-branch-cvsimport/hipe_tests/contract_tests/lists3.erl': {'EXIT',
                                                                                                                                     error}.
/home/pete/wefwefwef/docs/other/5072721226/hipe_tests-branch-cvsimport/hipe_tests/contract_tests/dataflow1.erl: at line 11: syntax error before: '->'
edoc: skipping source file '/home/pete/wefwefwef/docs/other/5072721226/hipe_tests-branch-cvsimport/hipe_tests/contract_tests/dataflow1.erl': {'EXIT',
                                                                                                                                        error}.
/home/pete/wefwefwef/docs/other/5072721226/hipe_tests-branch-cvsimport/hipe_tests/contract_tests/tuple4.erl: at line 4: syntax error before: '->'
edoc: skipping source file '/home/pete/wefwefwef/docs/other/5072721226/hipe_tests-branch-cvsimport/hipe_tests/contract_tests/tuple4.erl': {'EXIT',
                                                                                                                                     error}.
/home/pete/wefwefwef/docs/other/5072721226/hipe_tests-branch-cvsimport/hipe_tests/contract_tests/param1.erl: at line 11: syntax error before: ','
edoc: skipping source file '/home/pete/wefwefwef/docs/other/5072721226/hipe_tests-branch-cvsimport/hipe_tests/contract_tests/param1.erl': {'EXIT',
                                                                                                                                     error}.
/home/pete/wefwefwef/docs/other/5072721226/hipe_tests-branch-cvsimport/hipe_tests/contract_tests/tuple5.erl: at line 26: syntax error before: '->'
edoc: skipping source file '/home/pete/wefwefwef/docs/other/5072721226/hipe_tests-branch-cvsimport/hipe_tests/contract_tests/tuple5.erl': {'EXIT',
                                                                                                                                     error}.
/home/pete/wefwefwef/docs/other/5072721226/hipe_tests-branch-cvsimport/hipe_tests/contract_tests/fail1.erl: at line 11: syntax error before: ','
edoc: skipping source file '/home/pete/wefwefwef/docs/other/5072721226/hipe_tests-branch-cvsimport/hipe_tests/contract_tests/fail1.erl': {'EXIT',
                                                                                                                                    error}.
/home/pete/wefwefwef/docs/other/5072721226/hipe_tests-branch-cvsimport/hipe_tests/contract_tests/fail2.erl: at line 11: syntax error before: '->'
edoc: skipping source file '/home/pete/wefwefwef/docs/other/5072721226/hipe_tests-branch-cvsimport/hipe_tests/contract_tests/fail2.erl': {'EXIT',
                                                                                                                                    error}.
/home/pete/wefwefwef/docs/other/5072721226/hipe_tests-branch-cvsimport/hipe_tests/contract_tests/tuple3.erl: at line 14: syntax error before: ')'
edoc: skipping source file '/home/pete/wefwefwef/docs/other/5072721226/hipe_tests-branch-cvsimport/hipe_tests/contract_tests/tuple3.erl': {'EXIT',
                                                                                                                                     error}.
/home/pete/wefwefwef/docs/other/5072721226/hipe_tests-branch-cvsimport/hipe_tests/contract_tests/newtypes1.erl: at line 17: syntax error before: '->'
edoc: skipping source file '/home/pete/wefwefwef/docs/other/5072721226/hipe_tests-branch-cvsimport/hipe_tests/contract_tests/newtypes1.erl': {'EXIT',
                                                                                                                                        error}.
/home/pete/wefwefwef/docs/other/5072721226/hipe_tests-branch-cvsimport/hipe_tests/contract_tests/param2.erl: at line 11: syntax error before: '->'
edoc: skipping source file '/home/pete/wefwefwef/docs/other/5072721226/hipe_tests-branch-cvsimport/hipe_tests/contract_tests/param2.erl': {'EXIT',
                                                                                                                                     error}.
/home/pete/wefwefwef/docs/other/5072721226/hipe_tests-branch-cvsimport/hipe_tests/contract_tests/tuple1.erl: at line 12: syntax error before: ')'
edoc: skipping source file '/home/pete/wefwefwef/docs/other/5072721226/hipe_tests-branch-cvsimport/hipe_tests/contract_tests/tuple1.erl': {'EXIT',
                                                                                                                                     error}.
/home/pete/wefwefwef/docs/other/5072721226/hipe_tests-branch-cvsimport/hipe_tests/contract_tests/cont_union1.erl: at line 13: syntax error before: '->'
edoc: skipping source file '/home/pete/wefwefwef/docs/other/5072721226/hipe_tests-branch-cvsimport/hipe_tests/contract_tests/cont_union1.erl': {'EXIT',
                                                                                                                                          error}.
2990- fatal: {invalid_name,"@fan.i"}
/home/pete/wefwefwef/docs/other/5072721226/hipe_tests-branch-cvsimport/hipe_tests/bs_tests/bs_simple_match.erl, in module header: at line 8: error in XML parser: {fatal,{{invalid_name,"@fan.i"},
                             {file,file_name_unknown},
                             {line,9},
                             {col,51}}}.
edoc: skipping source file '/home/pete/wefwefwef/docs/other/5072721226/hipe_tests-branch-cvsimport/hipe_tests/bs_tests/bs_simple_match.erl': {'EXIT',
                                                                                                                                        error}.
/home/pete/wefwefwef/docs/other/5072721226/hipe_tests-branch-cvsimport/hipe_tests/typesig_tests/trecord3.erl, function mk_moves/2: at line 31: unknown error parsing specification: {31,edoc_parser,
                                      ["syntax error before: ","')'"]}.
edoc: skipping source file '/home/pete/wefwefwef/docs/other/5072721226/hipe_tests-branch-cvsimport/hipe_tests/typesig_tests/trecord3.erl': {'EXIT',
                                                                                                                                      error}.
edoc: error in doclet 'edoc_doclet': {'EXIT',error}.
Error generating hipe_tests XMLs. Using fallback ...
Generating XML hipe_tests - test "/home/pete/wefwefwef/docs/other/5072721226/hipe_tests-branch-cvsimport/hipe_tests/test.erl" -> "/home/pete/wefwefwef/docs/other/5072721226/repo/cvsimport/.xml/hipe_tests/test.xml"
Generating HTML - test "/home/pete/wefwefwef/docs/other/5072721226/repo/cvsimport/.xml/hipe_tests/test.xml"
Reading XML for "/home/pete/wefwefwef/docs/other/5072721226/repo/cvsimport/.xml/hipe_tests/test.xml"
Reading XML for "/home/pete/wefwefwef/docs/other/5072721226/repo/cvsimport/.xml/specs_test.xml"
Creating index.html ...
Creating erldocs_index.js ...
Woot, finished in 0 Minutes 7 Seconds
 :: Discovering other repos
$ 5000  `rm -r '/home/pete/wefwefwef/docs/other/5072721226/hipe_tests-branch-cvsimport'  2>&1`
 :: Processing https://github.com/andysan/hipe_tests	{rev,branch,"master","97e91a532b760156ba2eae98c7232c433baa55ba",undefined,[],[]}
 :: Fetching repo code
$ cd "/home/pete/wefwefwef/docs/other/5072721226/hipe_tests-branch-master/hipe_tests"
$ infinity  `curl --fail --silent --show-error --location --output 'master.zip' 'https://github.com/andysan/hipe_tests/archive/master.zip'  2>&1`
$ cd "/home/pete/wefwefwef/docs/erldocs_other.git"
$ cd "/home/pete/wefwefwef/docs/other/5072721226/hipe_tests-branch-master/hipe_tests"
$ 5000  `find -P . -type l -delete  2>&1`
$ cd "/home/pete/wefwefwef/docs/erldocs_other.git"
$ cd "/home/pete/wefwefwef/docs/other/5072721226/hipe_tests-branch-master/hipe_tests"
$ 5000  `find 'hipe_tests-master' -mindepth 1 -maxdepth 1 -exec mv -t . -- {} +  2>&1`
$ cd "/home/pete/wefwefwef/docs/erldocs_other.git"
 :: Getting dependencies
 :: Generating erldocs into /home/pete/wefwefwef/docs/other/5072721226/repo/master
Building hipe_tests
Generating Type Specs - "/home/pete/wefwefwef/docs/other/5072721226/hipe_tests-branch-master/hipe_tests/test.erl"
Generating XML for application hipe_tests "/home/pete/wefwefwef/docs/other/5072721226/hipe_tests-branch-master/hipe_tests" -> "/home/pete/wefwefwef/docs/other/5072721226/repo/master/.xml/hipe_tests"
/home/pete/wefwefwef/docs/other/5072721226/hipe_tests-branch-master/hipe_tests/contract_tests/cont_union4.erl: at line 11: syntax error before: '->'
edoc: skipping source file '/home/pete/wefwefwef/docs/other/5072721226/hipe_tests-branch-master/hipe_tests/contract_tests/cont_union4.erl': {'EXIT',
                                                                                                                                       error}.
/home/pete/wefwefwef/docs/other/5072721226/hipe_tests-branch-master/hipe_tests/contract_tests/case8.erl: at line 12: syntax error before: '->'
edoc: skipping source file '/home/pete/wefwefwef/docs/other/5072721226/hipe_tests-branch-master/hipe_tests/contract_tests/case8.erl': {'EXIT',
                                                                                                                                 error}.
/home/pete/wefwefwef/docs/other/5072721226/hipe_tests-branch-master/hipe_tests/contract_tests/lists1.erl: at line 12: syntax error before: ','
edoc: skipping source file '/home/pete/wefwefwef/docs/other/5072721226/hipe_tests-branch-master/hipe_tests/contract_tests/lists1.erl': {'EXIT',
                                                                                                                                  error}.
/home/pete/wefwefwef/docs/other/5072721226/hipe_tests-branch-master/hipe_tests/contract_tests/cont_union2.erl: at line 11: syntax error before: '->'
edoc: skipping source file '/home/pete/wefwefwef/docs/other/5072721226/hipe_tests-branch-master/hipe_tests/contract_tests/cont_union2.erl': {'EXIT',
                                                                                                                                       error}.
/home/pete/wefwefwef/docs/other/5072721226/hipe_tests-branch-master/hipe_tests/contract_tests/param3.erl: at line 12: syntax error before: ','
edoc: skipping source file '/home/pete/wefwefwef/docs/other/5072721226/hipe_tests-branch-master/hipe_tests/contract_tests/param3.erl': {'EXIT',
                                                                                                                                  error}.
/home/pete/wefwefwef/docs/other/5072721226/hipe_tests-branch-master/hipe_tests/contract_tests/lists2.erl: at line 12: syntax error before: ','
edoc: skipping source file '/home/pete/wefwefwef/docs/other/5072721226/hipe_tests-branch-master/hipe_tests/contract_tests/lists2.erl': {'EXIT',
                                                                                                                                  error}.
/home/pete/wefwefwef/docs/other/5072721226/hipe_tests-branch-master/hipe_tests/contract_tests/fail3.erl: at line 11: syntax error before: '->'
edoc: skipping source file '/home/pete/wefwefwef/docs/other/5072721226/hipe_tests-branch-master/hipe_tests/contract_tests/fail3.erl': {'EXIT',
                                                                                                                                 error}.
/home/pete/wefwefwef/docs/other/5072721226/hipe_tests-branch-master/hipe_tests/contract_tests/arith1.erl: at line 11: can't find include file "types.hrl"
edoc: skipping source file '/home/pete/wefwefwef/docs/other/5072721226/hipe_tests-branch-master/hipe_tests/contract_tests/arith1.erl': {'EXIT',
                                                                                                                                  error}.
/home/pete/wefwefwef/docs/other/5072721226/hipe_tests-branch-master/hipe_tests/contract_tests/scc1.erl: at line 15: syntax error before: ','
edoc: skipping source file '/home/pete/wefwefwef/docs/other/5072721226/hipe_tests-branch-master/hipe_tests/contract_tests/scc1.erl': {'EXIT',
                                                                                                                                error}.
/home/pete/wefwefwef/docs/other/5072721226/hipe_tests-branch-master/hipe_tests/contract_tests/tuple2.erl: at line 13: syntax error before: '->'
edoc: skipping source file '/home/pete/wefwefwef/docs/other/5072721226/hipe_tests-branch-master/hipe_tests/contract_tests/tuple2.erl': {'EXIT',
                                                                                                                                  error}.
/home/pete/wefwefwef/docs/other/5072721226/hipe_tests-branch-master/hipe_tests/contract_tests/param5.erl: at line 13: syntax error before: ','
edoc: skipping source file '/home/pete/wefwefwef/docs/other/5072721226/hipe_tests-branch-master/hipe_tests/contract_tests/param5.erl': {'EXIT',
                                                                                                                                  error}.
/home/pete/wefwefwef/docs/other/5072721226/hipe_tests-branch-master/hipe_tests/contract_tests/lists3.erl: at line 11: syntax error before: '->'
edoc: skipping source file '/home/pete/wefwefwef/docs/other/5072721226/hipe_tests-branch-master/hipe_tests/contract_tests/lists3.erl': {'EXIT',
                                                                                                                                  error}.
/home/pete/wefwefwef/docs/other/5072721226/hipe_tests-branch-master/hipe_tests/contract_tests/dataflow1.erl: at line 11: syntax error before: '->'
edoc: skipping source file '/home/pete/wefwefwef/docs/other/5072721226/hipe_tests-branch-master/hipe_tests/contract_tests/dataflow1.erl': {'EXIT',
                                                                                                                                     error}.
/home/pete/wefwefwef/docs/other/5072721226/hipe_tests-branch-master/hipe_tests/contract_tests/tuple4.erl: at line 4: syntax error before: '->'
edoc: skipping source file '/home/pete/wefwefwef/docs/other/5072721226/hipe_tests-branch-master/hipe_tests/contract_tests/tuple4.erl': {'EXIT',
                                                                                                                                  error}.
/home/pete/wefwefwef/docs/other/5072721226/hipe_tests-branch-master/hipe_tests/contract_tests/param1.erl: at line 11: syntax error before: ','
edoc: skipping source file '/home/pete/wefwefwef/docs/other/5072721226/hipe_tests-branch-master/hipe_tests/contract_tests/param1.erl': {'EXIT',
                                                                                                                                  error}.
/home/pete/wefwefwef/docs/other/5072721226/hipe_tests-branch-master/hipe_tests/contract_tests/tuple5.erl: at line 26: syntax error before: '->'
edoc: skipping source file '/home/pete/wefwefwef/docs/other/5072721226/hipe_tests-branch-master/hipe_tests/contract_tests/tuple5.erl': {'EXIT',
                                                                                                                                  error}.
/home/pete/wefwefwef/docs/other/5072721226/hipe_tests-branch-master/hipe_tests/contract_tests/fail1.erl: at line 11: syntax error before: ','
edoc: skipping source file '/home/pete/wefwefwef/docs/other/5072721226/hipe_tests-branch-master/hipe_tests/contract_tests/fail1.erl': {'EXIT',
                                                                                                                                 error}.
/home/pete/wefwefwef/docs/other/5072721226/hipe_tests-branch-master/hipe_tests/contract_tests/fail2.erl: at line 11: syntax error before: '->'
edoc: skipping source file '/home/pete/wefwefwef/docs/other/5072721226/hipe_tests-branch-master/hipe_tests/contract_tests/fail2.erl': {'EXIT',
                                                                                                                                 error}.
/home/pete/wefwefwef/docs/other/5072721226/hipe_tests-branch-master/hipe_tests/contract_tests/tuple3.erl: at line 14: syntax error before: ')'
edoc: skipping source file '/home/pete/wefwefwef/docs/other/5072721226/hipe_tests-branch-master/hipe_tests/contract_tests/tuple3.erl': {'EXIT',
                                                                                                                                  error}.
/home/pete/wefwefwef/docs/other/5072721226/hipe_tests-branch-master/hipe_tests/contract_tests/newtypes1.erl: at line 17: syntax error before: '->'
edoc: skipping source file '/home/pete/wefwefwef/docs/other/5072721226/hipe_tests-branch-master/hipe_tests/contract_tests/newtypes1.erl': {'EXIT',
                                                                                                                                     error}.
/home/pete/wefwefwef/docs/other/5072721226/hipe_tests-branch-master/hipe_tests/contract_tests/param2.erl: at line 11: syntax error before: '->'
edoc: skipping source file '/home/pete/wefwefwef/docs/other/5072721226/hipe_tests-branch-master/hipe_tests/contract_tests/param2.erl': {'EXIT',
                                                                                                                                  error}.
/home/pete/wefwefwef/docs/other/5072721226/hipe_tests-branch-master/hipe_tests/contract_tests/tuple1.erl: at line 12: syntax error before: ')'
edoc: skipping source file '/home/pete/wefwefwef/docs/other/5072721226/hipe_tests-branch-master/hipe_tests/contract_tests/tuple1.erl': {'EXIT',
                                                                                                                                  error}.
/home/pete/wefwefwef/docs/other/5072721226/hipe_tests-branch-master/hipe_tests/contract_tests/cont_union1.erl: at line 13: syntax error before: '->'
edoc: skipping source file '/home/pete/wefwefwef/docs/other/5072721226/hipe_tests-branch-master/hipe_tests/contract_tests/cont_union1.erl': {'EXIT',
                                                                                                                                       error}.
2990- fatal: {invalid_name,"@fan.i"}
/home/pete/wefwefwef/docs/other/5072721226/hipe_tests-branch-master/hipe_tests/bs_tests/bs_simple_match.erl, in module header: at line 8: error in XML parser: {fatal,{{invalid_name,"@fan.i"},
                             {file,file_name_unknown},
                             {line,9},
                             {col,51}}}.
edoc: skipping source file '/home/pete/wefwefwef/docs/other/5072721226/hipe_tests-branch-master/hipe_tests/bs_tests/bs_simple_match.erl': {'EXIT',
                                                                                                                                     error}.
/home/pete/wefwefwef/docs/other/5072721226/hipe_tests-branch-master/hipe_tests/typesig_tests/trecord3.erl, function mk_moves/2: at line 31: unknown error parsing specification: {31,edoc_parser,
                                      ["syntax error before: ","')'"]}.
edoc: skipping source file '/home/pete/wefwefwef/docs/other/5072721226/hipe_tests-branch-master/hipe_tests/typesig_tests/trecord3.erl': {'EXIT',
                                                                                                                                   error}.
edoc: error in doclet 'edoc_doclet': {'EXIT',error}.
Error generating hipe_tests XMLs. Using fallback ...
Generating XML hipe_tests - test "/home/pete/wefwefwef/docs/other/5072721226/hipe_tests-branch-master/hipe_tests/test.erl" -> "/home/pete/wefwefwef/docs/other/5072721226/repo/master/.xml/hipe_tests/test.xml"
Generating HTML - test "/home/pete/wefwefwef/docs/other/5072721226/repo/master/.xml/hipe_tests/test.xml"
Reading XML for "/home/pete/wefwefwef/docs/other/5072721226/repo/master/.xml/hipe_tests/test.xml"
Reading XML for "/home/pete/wefwefwef/docs/other/5072721226/repo/master/.xml/specs_test.xml"
Creating index.html ...
Creating erldocs_index.js ...
Woot, finished in 0 Minutes 7 Seconds
 :: Discovering other repos
$ 5000  `rm -r '/home/pete/wefwefwef/docs/other/5072721226/hipe_tests-branch-master'  2>&1`
 :: Finishing up
$ 5000  `rm -r '/home/pete/wefwefwef/docs/other/5072721226/hipe_tests'  2>&1`
