 :: Extracting meta information
$ 5000  `git ls-remote --heads --tags 'https://github.com/tsloughter/dwight'  2>&1`
>>> [repo] 1 branches, 0 tags
 :: Writing meta to "/home/pete/wefwefwef/docs/other/3577755405/meta.txt"
 :: Processing https://github.com/tsloughter/dwight	{rev,branch,"master","33cb8aa11d5626f82cedf13ef12ca85dbe98424c"}
 :: Fetching repo code
$ cd "/home/pete/wefwefwef/docs/other/3577755405/dwight-branch-master/dwight"
$ infinity  `curl --fail --silent --show-error --location --output 'master.zip' 'https://github.com/tsloughter/dwight/archive/master.zip'  2>&1`
$ cd "/home/pete/wefwefwef/docs/erldocs_other.git"
$ cd "/home/pete/wefwefwef/docs/other/3577755405/dwight-branch-master/dwight"
$ 5000  `find -P . -type l -delete  2>&1`
$ cd "/home/pete/wefwefwef/docs/erldocs_other.git"
$ cd "/home/pete/wefwefwef/docs/other/3577755405/dwight-branch-master/dwight"
$ 5000  `find 'dwight-master' -mindepth 1 -maxdepth 1 -exec mv -t . -- {} +  2>&1`
$ cd "/home/pete/wefwefwef/docs/erldocs_other.git"
 :: Getting dependencies
$ cd "/home/pete/wefwefwef/docs/other/3577755405/dwight-branch-master/dwight"
$ infinity  `rebar --config '/home/pete/wefwefwef/docs/other/3577755405/dwight-branch-master/rebar_deps' get-deps  2>&1`
$ cd "/home/pete/wefwefwef/docs/erldocs_other.git"
$ cd "/home/pete/wefwefwef/docs/other/3577755405/dwight-branch-master/dwight"
$ 5000  `find -P . -type l -delete  2>&1`
$ cd "/home/pete/wefwefwef/docs/erldocs_other.git"
$ cd "/home/pete/wefwefwef/docs/other/3577755405/dwight-branch-master/dwight"
$ 5000  `ls -1 deps/  2>&1`
$ cd "/home/pete/wefwefwef/docs/erldocs_other.git"
>>> [rebar] deps = ["cowboy","gproc","ibrowse","proper"]
 :: Generating erldocs into /home/pete/wefwefwef/docs/other/3577755405/repo/master
Building dwight
Generating XML for application dwight "/home/pete/wefwefwef/docs/other/3577755405/dwight-branch-master/dwight" -> "/home/pete/wefwefwef/docs/other/3577755405/repo/master/.xml/dwight"
/home/pete/wefwefwef/docs/other/3577755405/dwight-branch-master/dwight/deps/gproc/patches/gen_leader/gen_leader.erl, in module header: at line 35: warning: redefining built-in type 'node'.
/home/pete/wefwefwef/docs/other/3577755405/dwight-branch-master/dwight/deps/gproc/patches/kernel/application_master.erl: at line 27: can't find include file "application_master.hrl"
edoc: skipping source file '/home/pete/wefwefwef/docs/other/3577755405/dwight-branch-master/dwight/deps/gproc/patches/kernel/application_master.erl': {'EXIT',
                                                                                                                                                 error}.
/home/pete/wefwefwef/docs/other/3577755405/dwight-branch-master/dwight/deps/proper/src/proper_types.erl: at line 26: can't find include file "compile_flags.hrl"
edoc: skipping source file '/home/pete/wefwefwef/docs/other/3577755405/dwight-branch-master/dwight/deps/proper/src/proper_types.erl': {'EXIT',
                                                                                                                                 error}.
/home/pete/wefwefwef/docs/other/3577755405/dwight-branch-master/dwight/deps/proper/src/proper_typeserver.erl: at line 26: can't find include file "compile_flags.hrl"
edoc: skipping source file '/home/pete/wefwefwef/docs/other/3577755405/dwight-branch-master/dwight/deps/proper/src/proper_typeserver.erl': {'EXIT',
                                                                                                                                      error}.
/home/pete/wefwefwef/docs/other/3577755405/dwight-branch-master/dwight/deps/proper/src/vararg.erl: at line 26: can't find include file "compile_flags.hrl"
edoc: skipping source file '/home/pete/wefwefwef/docs/other/3577755405/dwight-branch-master/dwight/deps/proper/src/vararg.erl': {'EXIT',
                                                                                                                           error}.
/home/pete/wefwefwef/docs/other/3577755405/dwight-branch-master/dwight/deps/proper/src/proper_symb.erl: at line 26: can't find include file "compile_flags.hrl"
edoc: skipping source file '/home/pete/wefwefwef/docs/other/3577755405/dwight-branch-master/dwight/deps/proper/src/proper_symb.erl': {'EXIT',
                                                                                                                                error}.
/home/pete/wefwefwef/docs/other/3577755405/dwight-branch-master/dwight/deps/proper/src/proper_queue.erl: at line 26: can't find include file "compile_flags.hrl"
edoc: skipping source file '/home/pete/wefwefwef/docs/other/3577755405/dwight-branch-master/dwight/deps/proper/src/proper_queue.erl': {'EXIT',
                                                                                                                                 error}.
/home/pete/wefwefwef/docs/other/3577755405/dwight-branch-master/dwight/deps/proper/src/proper_gen.erl: at line 26: can't find include file "compile_flags.hrl"
edoc: skipping source file '/home/pete/wefwefwef/docs/other/3577755405/dwight-branch-master/dwight/deps/proper/src/proper_gen.erl': {'EXIT',
                                                                                                                               error}.
/home/pete/wefwefwef/docs/other/3577755405/dwight-branch-master/dwight/deps/proper/src/proper_unicode.erl, function unicode_codepoint/1: at line 47: warning: tag @private_type not recognized.
/home/pete/wefwefwef/docs/other/3577755405/dwight-branch-master/dwight/deps/proper/src/proper_unicode.erl, function unicode_codepoint/1: at line 48: warning: tag @alias not recognized.
/home/pete/wefwefwef/docs/other/3577755405/dwight-branch-master/dwight/deps/proper/src/proper_arith.erl: at line 26: can't find include file "compile_flags.hrl"
edoc: skipping source file '/home/pete/wefwefwef/docs/other/3577755405/dwight-branch-master/dwight/deps/proper/src/proper_arith.erl': {'EXIT',
                                                                                                                                 error}.
/home/pete/wefwefwef/docs/other/3577755405/dwight-branch-master/dwight/deps/proper/src/proper_fsm.erl: at line 26: can't find include file "compile_flags.hrl"
edoc: skipping source file '/home/pete/wefwefwef/docs/other/3577755405/dwight-branch-master/dwight/deps/proper/src/proper_fsm.erl': {'EXIT',
                                                                                                                               error}.
/home/pete/wefwefwef/docs/other/3577755405/dwight-branch-master/dwight/deps/proper/src/proper_shrink.erl: at line 26: can't find include file "compile_flags.hrl"
edoc: skipping source file '/home/pete/wefwefwef/docs/other/3577755405/dwight-branch-master/dwight/deps/proper/src/proper_shrink.erl': {'EXIT',
                                                                                                                                  error}.
/home/pete/wefwefwef/docs/other/3577755405/dwight-branch-master/dwight/deps/proper/src/proper_array.erl: at line 26: can't find include file "compile_flags.hrl"
edoc: skipping source file '/home/pete/wefwefwef/docs/other/3577755405/dwight-branch-master/dwight/deps/proper/src/proper_array.erl': {'EXIT',
                                                                                                                                 error}.
/home/pete/wefwefwef/docs/other/3577755405/dwight-branch-master/dwight/deps/proper/src/proper_transformer.erl: at line 26: can't find include file "compile_flags.hrl"
edoc: skipping source file '/home/pete/wefwefwef/docs/other/3577755405/dwight-branch-master/dwight/deps/proper/src/proper_transformer.erl': {'EXIT',
                                                                                                                                       error}.
/home/pete/wefwefwef/docs/other/3577755405/dwight-branch-master/dwight/deps/proper/src/proper_gb_trees.erl: at line 26: can't find include file "compile_flags.hrl"
edoc: skipping source file '/home/pete/wefwefwef/docs/other/3577755405/dwight-branch-master/dwight/deps/proper/src/proper_gb_trees.erl': {'EXIT',
                                                                                                                                    error}.
/home/pete/wefwefwef/docs/other/3577755405/dwight-branch-master/dwight/deps/proper/src/proper_orddict.erl: at line 26: can't find include file "compile_flags.hrl"
edoc: skipping source file '/home/pete/wefwefwef/docs/other/3577755405/dwight-branch-master/dwight/deps/proper/src/proper_orddict.erl': {'EXIT',
                                                                                                                                   error}.
/home/pete/wefwefwef/docs/other/3577755405/dwight-branch-master/dwight/deps/proper/src/proper_sets.erl: at line 26: can't find include file "compile_flags.hrl"
edoc: skipping source file '/home/pete/wefwefwef/docs/other/3577755405/dwight-branch-master/dwight/deps/proper/src/proper_sets.erl': {'EXIT',
                                                                                                                                error}.
/home/pete/wefwefwef/docs/other/3577755405/dwight-branch-master/dwight/deps/proper/src/proper_prop_remover.erl: at line 26: can't find include file "compile_flags.hrl"
edoc: skipping source file '/home/pete/wefwefwef/docs/other/3577755405/dwight-branch-master/dwight/deps/proper/src/proper_prop_remover.erl': {'EXIT',
                                                                                                                                        error}.
/home/pete/wefwefwef/docs/other/3577755405/dwight-branch-master/dwight/deps/proper/src/proper_gb_sets.erl: at line 26: can't find include file "compile_flags.hrl"
edoc: skipping source file '/home/pete/wefwefwef/docs/other/3577755405/dwight-branch-master/dwight/deps/proper/src/proper_gb_sets.erl': {'EXIT',
                                                                                                                                   error}.
/home/pete/wefwefwef/docs/other/3577755405/dwight-branch-master/dwight/deps/proper/src/proper.erl: at line 26: can't find include file "compile_flags.hrl"
edoc: skipping source file '/home/pete/wefwefwef/docs/other/3577755405/dwight-branch-master/dwight/deps/proper/src/proper.erl': {'EXIT',
                                                                                                                           error}.
/home/pete/wefwefwef/docs/other/3577755405/dwight-branch-master/dwight/deps/proper/src/proper_ordsets.erl: at line 26: can't find include file "compile_flags.hrl"
edoc: skipping source file '/home/pete/wefwefwef/docs/other/3577755405/dwight-branch-master/dwight/deps/proper/src/proper_ordsets.erl': {'EXIT',
                                                                                                                                   error}.
/home/pete/wefwefwef/docs/other/3577755405/dwight-branch-master/dwight/deps/proper/src/proper_statem.erl: at line 26: can't find include file "compile_flags.hrl"
edoc: skipping source file '/home/pete/wefwefwef/docs/other/3577755405/dwight-branch-master/dwight/deps/proper/src/proper_statem.erl': {'EXIT',
                                                                                                                                  error}.
/home/pete/wefwefwef/docs/other/3577755405/dwight-branch-master/dwight/deps/proper/src/proper_dict.erl: at line 26: can't find include file "compile_flags.hrl"
edoc: skipping source file '/home/pete/wefwefwef/docs/other/3577755405/dwight-branch-master/dwight/deps/proper/src/proper_dict.erl': {'EXIT',
                                                                                                                                error}.
edoc: error in layout 'docgen_edoc_xml_cb': {'EXIT',
                                       {function_clause,
                                        [{docgen_edoc_xml_cb,t_type,
                                          [[{xmlElement,binary,[],[],
                                             {xmlNamespace,[],[]},
                                             [{type,1},{tuple,...},{...}|...],
                                             1,
                                             [{...}],
                                             [],...}]],
                                          [{file,"docgen_edoc_xml_cb.erl"},
                                           {line,1003}]},
                                         {docgen_edoc_xml_cb,seq,4,
                                          [{file,"docgen_edoc_xml_cb.erl"},
                                           {line,1116}]},
                                         {docgen_edoc_xml_cb,t_tuple,1,
                                          [{file,"docgen_edoc_xml_cb.erl"},
                                           {line,1059}]},
                                         {docgen_edoc_xml_cb,t_fun,1,
                                          [{file,"docgen_edoc_xml_cb.erl"},
                                           {line,1063}]},
                                         {docgen_edoc_xml_cb,funcheader,1,
                                          [{file,"docgen_edoc_xml_cb.erl"},
                                           {line,827}]},
                                         {docgen_edoc_xml_cb,function,2,
                                          [{file,"docgen_edoc_xml_cb.erl"},
                                           {line,769}]},
                                         {lists,flatmap,2,
                                          [{file,"lists.erl"},{line,1248}]},
                                         {lists,flatmap,2,
                                          [{file,[...]},{line,...}]}]}}.
edoc: error in doclet 'edoc_doclet': {'EXIT',error}.
Error generating dwight XMLs. Using fallback ...
No documentation was generated!
Woot, finished in 0 Minutes 6 Seconds
 :: Discovering other repos
$ 5000  `rm -r '/home/pete/wefwefwef/docs/other/3577755405/dwight-branch-master'  2>&1`
 :: Erldocs finishing up
$ 5000  `rm -r '/home/pete/wefwefwef/docs/other/3577755405/dwight'  2>&1`
$ 5000  `rm -r '/home/pete/wefwefwef/docs/other/3577755405/repo/master'  2>&1`
