 :: Extracting meta information
$ 5000  `git ls-remote --heads --tags 'https://github.com/samuelrivas/cushion_tests'  2>&1`
>>> [repo] 4 branches, 0 tags
 :: Writing meta to "/home/pete/wefwefwef/docs/other/5514559552/meta.txt"
 :: Processing https://github.com/samuelrivas/cushion_tests	{rev,branch,"development","75211cb3b38a1531d4db458a06035194b226d3f8"}
 :: Fetching repo code
$ cd "/home/pete/wefwefwef/docs/other/5514559552/cushion_tests-branch-development/cushion_tests"
$ infinity  `curl --fail --silent --show-error --location --output 'development.zip' 'https://github.com/samuelrivas/cushion_tests/archive/development.zip'  2>&1`
$ cd "/home/pete/wefwefwef/docs/erldocs_other.git"
$ cd "/home/pete/wefwefwef/docs/other/5514559552/cushion_tests-branch-development/cushion_tests"
$ 5000  `find -P . -type l -delete  2>&1`
$ cd "/home/pete/wefwefwef/docs/erldocs_other.git"
$ cd "/home/pete/wefwefwef/docs/other/5514559552/cushion_tests-branch-development/cushion_tests"
$ 5000  `find 'cushion_tests-development' -mindepth 1 -maxdepth 1 -exec mv -t . -- {} +  2>&1`
$ cd "/home/pete/wefwefwef/docs/erldocs_other.git"
 :: Getting dependencies
 :: Generating erldocs into /home/pete/wefwefwef/docs/other/5514559552/repo/development
Building cushion_tests
Generating Type Specs - "/home/pete/wefwefwef/docs/other/5514559552/cushion_tests-branch-development/cushion_tests/src/cushion_couch_api_test.erl"
Generating Type Specs - "/home/pete/wefwefwef/docs/other/5514559552/cushion_tests-branch-development/cushion_tests/src/cushion_fsm_test.erl"
/home/pete/wefwefwef/docs/other/5514559552/cushion_tests-branch-development/cushion_tests/src/cushion_fsm_test.erl: at line 48: can't find include lib "eqc/include/eqc.hrl"
EDoc could not process file '/home/pete/wefwefwef/docs/other/5514559552/cushion_tests-branch-development/cushion_tests/src/cushion_fsm_test.erl'
Error generating type specs for "/home/pete/wefwefwef/docs/other/5514559552/cushion_tests-branch-development/cushion_tests/src/cushion_fsm_test.erl"
Generating Type Specs - "/home/pete/wefwefwef/docs/other/5514559552/cushion_tests-branch-development/cushion_tests/src/cushion_json_decode_test.erl"
/home/pete/wefwefwef/docs/other/5514559552/cushion_tests-branch-development/cushion_tests/src/cushion_json_decode_test.erl: at line 12: can't find include lib "eqc/include/eqc.hrl"
EDoc could not process file '/home/pete/wefwefwef/docs/other/5514559552/cushion_tests-branch-development/cushion_tests/src/cushion_json_decode_test.erl'
Error generating type specs for "/home/pete/wefwefwef/docs/other/5514559552/cushion_tests-branch-development/cushion_tests/src/cushion_json_decode_test.erl"
Generating Type Specs - "/home/pete/wefwefwef/docs/other/5514559552/cushion_tests-branch-development/cushion_tests/src/cushion_json_encode_test.erl"
/home/pete/wefwefwef/docs/other/5514559552/cushion_tests-branch-development/cushion_tests/src/cushion_json_encode_test.erl: at line 33: can't find include lib "eqc/include/eqc.hrl"
EDoc could not process file '/home/pete/wefwefwef/docs/other/5514559552/cushion_tests-branch-development/cushion_tests/src/cushion_json_encode_test.erl'
Error generating type specs for "/home/pete/wefwefwef/docs/other/5514559552/cushion_tests-branch-development/cushion_tests/src/cushion_json_encode_test.erl"
Generating Type Specs - "/home/pete/wefwefwef/docs/other/5514559552/cushion_tests-branch-development/cushion_tests/src/cushion_tests.erl"
Generating Type Specs - "/home/pete/wefwefwef/docs/other/5514559552/cushion_tests-branch-development/cushion_tests/src/cushion_tests_gen.erl"
Generating Type Specs - "/home/pete/wefwefwef/docs/other/5514559552/cushion_tests-branch-development/cushion_tests/src/cushion_util_tests.erl"
/home/pete/wefwefwef/docs/other/5514559552/cushion_tests-branch-development/cushion_tests/src/cushion_util_tests.erl: at line 11: can't find include lib "eqc/include/eqc.hrl"
EDoc could not process file '/home/pete/wefwefwef/docs/other/5514559552/cushion_tests-branch-development/cushion_tests/src/cushion_util_tests.erl'
Error generating type specs for "/home/pete/wefwefwef/docs/other/5514559552/cushion_tests-branch-development/cushion_tests/src/cushion_util_tests.erl"
Generating XML for application cushion_tests "/home/pete/wefwefwef/docs/other/5514559552/cushion_tests-branch-development/cushion_tests" -> "/home/pete/wefwefwef/docs/other/5514559552/repo/development/.xml/cushion_tests"
/home/pete/wefwefwef/docs/other/5514559552/cushion_tests-branch-development/cushion_tests/src/cushion_json_decode_test.erl: at line 12: can't find include lib "eqc/include/eqc.hrl"
edoc: skipping source file '/home/pete/wefwefwef/docs/other/5514559552/cushion_tests-branch-development/cushion_tests/src/cushion_json_decode_test.erl': {'EXIT',
                                                                                                                                                    error}.
/home/pete/wefwefwef/docs/other/5514559552/cushion_tests-branch-development/cushion_tests/src/cushion_json_encode_test.erl: at line 33: can't find include lib "eqc/include/eqc.hrl"
edoc: skipping source file '/home/pete/wefwefwef/docs/other/5514559552/cushion_tests-branch-development/cushion_tests/src/cushion_json_encode_test.erl': {'EXIT',
                                                                                                                                                    error}.
/home/pete/wefwefwef/docs/other/5514559552/cushion_tests-branch-development/cushion_tests/src/cushion_fsm_test.erl: at line 48: can't find include lib "eqc/include/eqc.hrl"
edoc: skipping source file '/home/pete/wefwefwef/docs/other/5514559552/cushion_tests-branch-development/cushion_tests/src/cushion_fsm_test.erl': {'EXIT',
                                                                                                                                            error}.
/home/pete/wefwefwef/docs/other/5514559552/cushion_tests-branch-development/cushion_tests/src/cushion_util_tests.erl: at line 11: can't find include lib "eqc/include/eqc.hrl"
edoc: skipping source file '/home/pete/wefwefwef/docs/other/5514559552/cushion_tests-branch-development/cushion_tests/src/cushion_util_tests.erl': {'EXIT',
                                                                                                                                              error}.
edoc: error in doclet 'edoc_doclet': {'EXIT',error}.
Error generating cushion_tests XMLs. Using fallback ...
Generating XML cushion_tests - cushion_couch_api_test "/home/pete/wefwefwef/docs/other/5514559552/cushion_tests-branch-development/cushion_tests/src/cushion_couch_api_test.erl" -> "/home/pete/wefwefwef/docs/other/5514559552/repo/development/.xml/cushion_tests/cushion_couch_api_test.xml"
Generating XML cushion_tests - cushion_fsm_test "/home/pete/wefwefwef/docs/other/5514559552/cushion_tests-branch-development/cushion_tests/src/cushion_fsm_test.erl" -> "/home/pete/wefwefwef/docs/other/5514559552/repo/development/.xml/cushion_tests/cushion_fsm_test.xml"
/home/pete/wefwefwef/docs/other/5514559552/cushion_tests-branch-development/cushion_tests/src/cushion_fsm_test.erl: at line 48: can't find include lib "eqc/include/eqc.hrl"
Error generating XML ("/home/pete/wefwefwef/docs/other/5514559552/cushion_tests-branch-development/cushion_tests/src/cushion_fsm_test.erl"): {'EXIT',
                                                                                                                                              error}
Generating XML cushion_tests - cushion_json_decode_test "/home/pete/wefwefwef/docs/other/5514559552/cushion_tests-branch-development/cushion_tests/src/cushion_json_decode_test.erl" -> "/home/pete/wefwefwef/docs/other/5514559552/repo/development/.xml/cushion_tests/cushion_json_decode_test.xml"
/home/pete/wefwefwef/docs/other/5514559552/cushion_tests-branch-development/cushion_tests/src/cushion_json_decode_test.erl: at line 12: can't find include lib "eqc/include/eqc.hrl"
Error generating XML ("/home/pete/wefwefwef/docs/other/5514559552/cushion_tests-branch-development/cushion_tests/src/cushion_json_decode_test.erl"): {'EXIT',
                                                                                                                                                      error}
Generating XML cushion_tests - cushion_json_encode_test "/home/pete/wefwefwef/docs/other/5514559552/cushion_tests-branch-development/cushion_tests/src/cushion_json_encode_test.erl" -> "/home/pete/wefwefwef/docs/other/5514559552/repo/development/.xml/cushion_tests/cushion_json_encode_test.xml"
/home/pete/wefwefwef/docs/other/5514559552/cushion_tests-branch-development/cushion_tests/src/cushion_json_encode_test.erl: at line 33: can't find include lib "eqc/include/eqc.hrl"
Error generating XML ("/home/pete/wefwefwef/docs/other/5514559552/cushion_tests-branch-development/cushion_tests/src/cushion_json_encode_test.erl"): {'EXIT',
                                                                                                                                                      error}
Generating XML cushion_tests - cushion_tests "/home/pete/wefwefwef/docs/other/5514559552/cushion_tests-branch-development/cushion_tests/src/cushion_tests.erl" -> "/home/pete/wefwefwef/docs/other/5514559552/repo/development/.xml/cushion_tests/cushion_tests.xml"
Generating XML cushion_tests - cushion_tests_gen "/home/pete/wefwefwef/docs/other/5514559552/cushion_tests-branch-development/cushion_tests/src/cushion_tests_gen.erl" -> "/home/pete/wefwefwef/docs/other/5514559552/repo/development/.xml/cushion_tests/cushion_tests_gen.xml"
Generating XML cushion_tests - cushion_util_tests "/home/pete/wefwefwef/docs/other/5514559552/cushion_tests-branch-development/cushion_tests/src/cushion_util_tests.erl" -> "/home/pete/wefwefwef/docs/other/5514559552/repo/development/.xml/cushion_tests/cushion_util_tests.xml"
/home/pete/wefwefwef/docs/other/5514559552/cushion_tests-branch-development/cushion_tests/src/cushion_util_tests.erl: at line 11: can't find include lib "eqc/include/eqc.hrl"
Error generating XML ("/home/pete/wefwefwef/docs/other/5514559552/cushion_tests-branch-development/cushion_tests/src/cushion_util_tests.erl"): {'EXIT',
                                                                                                                                                error}
Generating HTML - cushion_couch_api_test "/home/pete/wefwefwef/docs/other/5514559552/repo/development/.xml/cushion_tests/cushion_couch_api_test.xml"
Reading XML for "/home/pete/wefwefwef/docs/other/5514559552/repo/development/.xml/cushion_tests/cushion_couch_api_test.xml"
Reading XML for "/home/pete/wefwefwef/docs/other/5514559552/repo/development/.xml/specs_cushion_couch_api_test.xml"
Generating HTML - cushion_tests "/home/pete/wefwefwef/docs/other/5514559552/repo/development/.xml/cushion_tests/cushion_tests.xml"
Reading XML for "/home/pete/wefwefwef/docs/other/5514559552/repo/development/.xml/cushion_tests/cushion_tests.xml"
Reading XML for "/home/pete/wefwefwef/docs/other/5514559552/repo/development/.xml/specs_cushion_tests.xml"
Generating HTML - cushion_tests_gen "/home/pete/wefwefwef/docs/other/5514559552/repo/development/.xml/cushion_tests/cushion_tests_gen.xml"
Reading XML for "/home/pete/wefwefwef/docs/other/5514559552/repo/development/.xml/cushion_tests/cushion_tests_gen.xml"
Reading XML for "/home/pete/wefwefwef/docs/other/5514559552/repo/development/.xml/specs_cushion_tests_gen.xml"
Creating index.html ...
Creating erldocs_index.js ...
Woot, finished in 0 Minutes 0 Seconds
 :: Discovering other repos
$ 5000  `rm -r '/home/pete/wefwefwef/docs/other/5514559552/cushion_tests-branch-development'  2>&1`
 :: Processing https://github.com/samuelrivas/cushion_tests	{rev,branch,"fixed-qc-suite-wip","04f71a36ffdb2a8f8f1e845140a2bc0f23fc4191"}
 :: Fetching repo code
$ cd "/home/pete/wefwefwef/docs/other/5514559552/cushion_tests-branch-fixed-qc-suite-wip/cushion_tests"
$ infinity  `curl --fail --silent --show-error --location --output 'fixed-qc-suite-wip.zip' 'https://github.com/samuelrivas/cushion_tests/archive/fixed-qc-suite-wip.zip'  2>&1`
$ cd "/home/pete/wefwefwef/docs/erldocs_other.git"
$ cd "/home/pete/wefwefwef/docs/other/5514559552/cushion_tests-branch-fixed-qc-suite-wip/cushion_tests"
$ 5000  `find -P . -type l -delete  2>&1`
$ cd "/home/pete/wefwefwef/docs/erldocs_other.git"
$ cd "/home/pete/wefwefwef/docs/other/5514559552/cushion_tests-branch-fixed-qc-suite-wip/cushion_tests"
$ 5000  `find 'cushion_tests-fixed-qc-suite-wip' -mindepth 1 -maxdepth 1 -exec mv -t . -- {} +  2>&1`
$ cd "/home/pete/wefwefwef/docs/erldocs_other.git"
 :: Getting dependencies
 :: Generating erldocs into /home/pete/wefwefwef/docs/other/5514559552/repo/fixed-qc-suite-wip
Building cushion_tests
Generating Type Specs - "/home/pete/wefwefwef/docs/other/5514559552/cushion_tests-branch-fixed-qc-suite-wip/cushion_tests/src/cushion_couch_api_test.erl"
Generating Type Specs - "/home/pete/wefwefwef/docs/other/5514559552/cushion_tests-branch-fixed-qc-suite-wip/cushion_tests/src/cushion_fsm_test.erl"
/home/pete/wefwefwef/docs/other/5514559552/cushion_tests-branch-fixed-qc-suite-wip/cushion_tests/src/cushion_fsm_test.erl: at line 49: can't find include lib "eqc/include/eqc.hrl"
EDoc could not process file '/home/pete/wefwefwef/docs/other/5514559552/cushion_tests-branch-fixed-qc-suite-wip/cushion_tests/src/cushion_fsm_test.erl'
Error generating type specs for "/home/pete/wefwefwef/docs/other/5514559552/cushion_tests-branch-fixed-qc-suite-wip/cushion_tests/src/cushion_fsm_test.erl"
Generating Type Specs - "/home/pete/wefwefwef/docs/other/5514559552/cushion_tests-branch-fixed-qc-suite-wip/cushion_tests/src/cushion_json_decode_test.erl"
/home/pete/wefwefwef/docs/other/5514559552/cushion_tests-branch-fixed-qc-suite-wip/cushion_tests/src/cushion_json_decode_test.erl: at line 12: can't find include lib "eqc/include/eqc.hrl"
EDoc could not process file '/home/pete/wefwefwef/docs/other/5514559552/cushion_tests-branch-fixed-qc-suite-wip/cushion_tests/src/cushion_json_decode_test.erl'
Error generating type specs for "/home/pete/wefwefwef/docs/other/5514559552/cushion_tests-branch-fixed-qc-suite-wip/cushion_tests/src/cushion_json_decode_test.erl"
Generating Type Specs - "/home/pete/wefwefwef/docs/other/5514559552/cushion_tests-branch-fixed-qc-suite-wip/cushion_tests/src/cushion_json_encode_test.erl"
/home/pete/wefwefwef/docs/other/5514559552/cushion_tests-branch-fixed-qc-suite-wip/cushion_tests/src/cushion_json_encode_test.erl: at line 33: can't find include lib "eqc/include/eqc.hrl"
EDoc could not process file '/home/pete/wefwefwef/docs/other/5514559552/cushion_tests-branch-fixed-qc-suite-wip/cushion_tests/src/cushion_json_encode_test.erl'
Error generating type specs for "/home/pete/wefwefwef/docs/other/5514559552/cushion_tests-branch-fixed-qc-suite-wip/cushion_tests/src/cushion_json_encode_test.erl"
Generating Type Specs - "/home/pete/wefwefwef/docs/other/5514559552/cushion_tests-branch-fixed-qc-suite-wip/cushion_tests/src/cushion_tests.erl"
Generating Type Specs - "/home/pete/wefwefwef/docs/other/5514559552/cushion_tests-branch-fixed-qc-suite-wip/cushion_tests/src/cushion_tests_gen.erl"
Generating Type Specs - "/home/pete/wefwefwef/docs/other/5514559552/cushion_tests-branch-fixed-qc-suite-wip/cushion_tests/src/cushion_util_tests.erl"
/home/pete/wefwefwef/docs/other/5514559552/cushion_tests-branch-fixed-qc-suite-wip/cushion_tests/src/cushion_util_tests.erl: at line 11: can't find include lib "eqc/include/eqc.hrl"
EDoc could not process file '/home/pete/wefwefwef/docs/other/5514559552/cushion_tests-branch-fixed-qc-suite-wip/cushion_tests/src/cushion_util_tests.erl'
Error generating type specs for "/home/pete/wefwefwef/docs/other/5514559552/cushion_tests-branch-fixed-qc-suite-wip/cushion_tests/src/cushion_util_tests.erl"
Generating XML for application cushion_tests "/home/pete/wefwefwef/docs/other/5514559552/cushion_tests-branch-fixed-qc-suite-wip/cushion_tests" -> "/home/pete/wefwefwef/docs/other/5514559552/repo/fixed-qc-suite-wip/.xml/cushion_tests"
/home/pete/wefwefwef/docs/other/5514559552/cushion_tests-branch-fixed-qc-suite-wip/cushion_tests/src/cushion_json_decode_test.erl: at line 12: can't find include lib "eqc/include/eqc.hrl"
edoc: skipping source file '/home/pete/wefwefwef/docs/other/5514559552/cushion_tests-branch-fixed-qc-suite-wip/cushion_tests/src/cushion_json_decode_test.erl': {'EXIT',
                                                                                                                                                           error}.
/home/pete/wefwefwef/docs/other/5514559552/cushion_tests-branch-fixed-qc-suite-wip/cushion_tests/src/cushion_json_encode_test.erl: at line 33: can't find include lib "eqc/include/eqc.hrl"
edoc: skipping source file '/home/pete/wefwefwef/docs/other/5514559552/cushion_tests-branch-fixed-qc-suite-wip/cushion_tests/src/cushion_json_encode_test.erl': {'EXIT',
                                                                                                                                                           error}.
/home/pete/wefwefwef/docs/other/5514559552/cushion_tests-branch-fixed-qc-suite-wip/cushion_tests/src/cushion_fsm_test.erl: at line 49: can't find include lib "eqc/include/eqc.hrl"
edoc: skipping source file '/home/pete/wefwefwef/docs/other/5514559552/cushion_tests-branch-fixed-qc-suite-wip/cushion_tests/src/cushion_fsm_test.erl': {'EXIT',
                                                                                                                                                   error}.
/home/pete/wefwefwef/docs/other/5514559552/cushion_tests-branch-fixed-qc-suite-wip/cushion_tests/src/cushion_util_tests.erl: at line 11: can't find include lib "eqc/include/eqc.hrl"
edoc: skipping source file '/home/pete/wefwefwef/docs/other/5514559552/cushion_tests-branch-fixed-qc-suite-wip/cushion_tests/src/cushion_util_tests.erl': {'EXIT',
                                                                                                                                                     error}.
edoc: error in doclet 'edoc_doclet': {'EXIT',error}.
Error generating cushion_tests XMLs. Using fallback ...
Generating XML cushion_tests - cushion_couch_api_test "/home/pete/wefwefwef/docs/other/5514559552/cushion_tests-branch-fixed-qc-suite-wip/cushion_tests/src/cushion_couch_api_test.erl" -> "/home/pete/wefwefwef/docs/other/5514559552/repo/fixed-qc-suite-wip/.xml/cushion_tests/cushion_couch_api_test.xml"
Generating XML cushion_tests - cushion_fsm_test "/home/pete/wefwefwef/docs/other/5514559552/cushion_tests-branch-fixed-qc-suite-wip/cushion_tests/src/cushion_fsm_test.erl" -> "/home/pete/wefwefwef/docs/other/5514559552/repo/fixed-qc-suite-wip/.xml/cushion_tests/cushion_fsm_test.xml"
/home/pete/wefwefwef/docs/other/5514559552/cushion_tests-branch-fixed-qc-suite-wip/cushion_tests/src/cushion_fsm_test.erl: at line 49: can't find include lib "eqc/include/eqc.hrl"
Error generating XML ("/home/pete/wefwefwef/docs/other/5514559552/cushion_tests-branch-fixed-qc-suite-wip/cushion_tests/src/cushion_fsm_test.erl"): {'EXIT',
                                                                                                                                                     error}
Generating XML cushion_tests - cushion_json_decode_test "/home/pete/wefwefwef/docs/other/5514559552/cushion_tests-branch-fixed-qc-suite-wip/cushion_tests/src/cushion_json_decode_test.erl" -> "/home/pete/wefwefwef/docs/other/5514559552/repo/fixed-qc-suite-wip/.xml/cushion_tests/cushion_json_decode_test.xml"
/home/pete/wefwefwef/docs/other/5514559552/cushion_tests-branch-fixed-qc-suite-wip/cushion_tests/src/cushion_json_decode_test.erl: at line 12: can't find include lib "eqc/include/eqc.hrl"
Error generating XML ("/home/pete/wefwefwef/docs/other/5514559552/cushion_tests-branch-fixed-qc-suite-wip/cushion_tests/src/cushion_json_decode_test.erl"): {'EXIT',
                                                                                                                                                             error}
Generating XML cushion_tests - cushion_json_encode_test "/home/pete/wefwefwef/docs/other/5514559552/cushion_tests-branch-fixed-qc-suite-wip/cushion_tests/src/cushion_json_encode_test.erl" -> "/home/pete/wefwefwef/docs/other/5514559552/repo/fixed-qc-suite-wip/.xml/cushion_tests/cushion_json_encode_test.xml"
/home/pete/wefwefwef/docs/other/5514559552/cushion_tests-branch-fixed-qc-suite-wip/cushion_tests/src/cushion_json_encode_test.erl: at line 33: can't find include lib "eqc/include/eqc.hrl"
Error generating XML ("/home/pete/wefwefwef/docs/other/5514559552/cushion_tests-branch-fixed-qc-suite-wip/cushion_tests/src/cushion_json_encode_test.erl"): {'EXIT',
                                                                                                                                                             error}
Generating XML cushion_tests - cushion_tests "/home/pete/wefwefwef/docs/other/5514559552/cushion_tests-branch-fixed-qc-suite-wip/cushion_tests/src/cushion_tests.erl" -> "/home/pete/wefwefwef/docs/other/5514559552/repo/fixed-qc-suite-wip/.xml/cushion_tests/cushion_tests.xml"
Generating XML cushion_tests - cushion_tests_gen "/home/pete/wefwefwef/docs/other/5514559552/cushion_tests-branch-fixed-qc-suite-wip/cushion_tests/src/cushion_tests_gen.erl" -> "/home/pete/wefwefwef/docs/other/5514559552/repo/fixed-qc-suite-wip/.xml/cushion_tests/cushion_tests_gen.xml"
Generating XML cushion_tests - cushion_util_tests "/home/pete/wefwefwef/docs/other/5514559552/cushion_tests-branch-fixed-qc-suite-wip/cushion_tests/src/cushion_util_tests.erl" -> "/home/pete/wefwefwef/docs/other/5514559552/repo/fixed-qc-suite-wip/.xml/cushion_tests/cushion_util_tests.xml"
/home/pete/wefwefwef/docs/other/5514559552/cushion_tests-branch-fixed-qc-suite-wip/cushion_tests/src/cushion_util_tests.erl: at line 11: can't find include lib "eqc/include/eqc.hrl"
Error generating XML ("/home/pete/wefwefwef/docs/other/5514559552/cushion_tests-branch-fixed-qc-suite-wip/cushion_tests/src/cushion_util_tests.erl"): {'EXIT',
                                                                                                                                                       error}
Generating HTML - cushion_couch_api_test "/home/pete/wefwefwef/docs/other/5514559552/repo/fixed-qc-suite-wip/.xml/cushion_tests/cushion_couch_api_test.xml"
Reading XML for "/home/pete/wefwefwef/docs/other/5514559552/repo/fixed-qc-suite-wip/.xml/cushion_tests/cushion_couch_api_test.xml"
Reading XML for "/home/pete/wefwefwef/docs/other/5514559552/repo/fixed-qc-suite-wip/.xml/specs_cushion_couch_api_test.xml"
Generating HTML - cushion_tests "/home/pete/wefwefwef/docs/other/5514559552/repo/fixed-qc-suite-wip/.xml/cushion_tests/cushion_tests.xml"
Reading XML for "/home/pete/wefwefwef/docs/other/5514559552/repo/fixed-qc-suite-wip/.xml/cushion_tests/cushion_tests.xml"
Reading XML for "/home/pete/wefwefwef/docs/other/5514559552/repo/fixed-qc-suite-wip/.xml/specs_cushion_tests.xml"
Generating HTML - cushion_tests_gen "/home/pete/wefwefwef/docs/other/5514559552/repo/fixed-qc-suite-wip/.xml/cushion_tests/cushion_tests_gen.xml"
Reading XML for "/home/pete/wefwefwef/docs/other/5514559552/repo/fixed-qc-suite-wip/.xml/cushion_tests/cushion_tests_gen.xml"
Reading XML for "/home/pete/wefwefwef/docs/other/5514559552/repo/fixed-qc-suite-wip/.xml/specs_cushion_tests_gen.xml"
Creating index.html ...
Creating erldocs_index.js ...
Woot, finished in 0 Minutes 0 Seconds
 :: Discovering other repos
$ 5000  `rm -r '/home/pete/wefwefwef/docs/other/5514559552/cushion_tests-branch-fixed-qc-suite-wip'  2>&1`
 :: Processing https://github.com/samuelrivas/cushion_tests	{rev,branch,"master","ecaecc757eb5418a19233e061b457c52c60b0e5b"}
 :: Fetching repo code
$ cd "/home/pete/wefwefwef/docs/other/5514559552/cushion_tests-branch-master/cushion_tests"
$ infinity  `curl --fail --silent --show-error --location --output 'master.zip' 'https://github.com/samuelrivas/cushion_tests/archive/master.zip'  2>&1`
$ cd "/home/pete/wefwefwef/docs/erldocs_other.git"
$ cd "/home/pete/wefwefwef/docs/other/5514559552/cushion_tests-branch-master/cushion_tests"
$ 5000  `find -P . -type l -delete  2>&1`
$ cd "/home/pete/wefwefwef/docs/erldocs_other.git"
$ cd "/home/pete/wefwefwef/docs/other/5514559552/cushion_tests-branch-master/cushion_tests"
$ 5000  `find 'cushion_tests-master' -mindepth 1 -maxdepth 1 -exec mv -t . -- {} +  2>&1`
$ cd "/home/pete/wefwefwef/docs/erldocs_other.git"
 :: Getting dependencies
 :: Generating erldocs into /home/pete/wefwefwef/docs/other/5514559552/repo/master
Building cushion_tests
Generating Type Specs - "/home/pete/wefwefwef/docs/other/5514559552/cushion_tests-branch-master/cushion_tests/src/cushion_couch_api_test.erl"
Generating Type Specs - "/home/pete/wefwefwef/docs/other/5514559552/cushion_tests-branch-master/cushion_tests/src/cushion_fsm_test.erl"
/home/pete/wefwefwef/docs/other/5514559552/cushion_tests-branch-master/cushion_tests/src/cushion_fsm_test.erl: at line 48: can't find include lib "eqc/include/eqc.hrl"
EDoc could not process file '/home/pete/wefwefwef/docs/other/5514559552/cushion_tests-branch-master/cushion_tests/src/cushion_fsm_test.erl'
Error generating type specs for "/home/pete/wefwefwef/docs/other/5514559552/cushion_tests-branch-master/cushion_tests/src/cushion_fsm_test.erl"
Generating Type Specs - "/home/pete/wefwefwef/docs/other/5514559552/cushion_tests-branch-master/cushion_tests/src/cushion_json_decode_test.erl"
/home/pete/wefwefwef/docs/other/5514559552/cushion_tests-branch-master/cushion_tests/src/cushion_json_decode_test.erl: at line 12: can't find include lib "eqc/include/eqc.hrl"
EDoc could not process file '/home/pete/wefwefwef/docs/other/5514559552/cushion_tests-branch-master/cushion_tests/src/cushion_json_decode_test.erl'
Error generating type specs for "/home/pete/wefwefwef/docs/other/5514559552/cushion_tests-branch-master/cushion_tests/src/cushion_json_decode_test.erl"
Generating Type Specs - "/home/pete/wefwefwef/docs/other/5514559552/cushion_tests-branch-master/cushion_tests/src/cushion_json_test.erl"
/home/pete/wefwefwef/docs/other/5514559552/cushion_tests-branch-master/cushion_tests/src/cushion_json_test.erl: at line 33: can't find include lib "eqc/include/eqc.hrl"
EDoc could not process file '/home/pete/wefwefwef/docs/other/5514559552/cushion_tests-branch-master/cushion_tests/src/cushion_json_test.erl'
Error generating type specs for "/home/pete/wefwefwef/docs/other/5514559552/cushion_tests-branch-master/cushion_tests/src/cushion_json_test.erl"
Generating Type Specs - "/home/pete/wefwefwef/docs/other/5514559552/cushion_tests-branch-master/cushion_tests/src/cushion_tests.erl"
Generating Type Specs - "/home/pete/wefwefwef/docs/other/5514559552/cushion_tests-branch-master/cushion_tests/src/cushion_tests_gen.erl"
Generating Type Specs - "/home/pete/wefwefwef/docs/other/5514559552/cushion_tests-branch-master/cushion_tests/src/cushion_util_tests.erl"
/home/pete/wefwefwef/docs/other/5514559552/cushion_tests-branch-master/cushion_tests/src/cushion_util_tests.erl: at line 11: can't find include lib "eqc/include/eqc.hrl"
EDoc could not process file '/home/pete/wefwefwef/docs/other/5514559552/cushion_tests-branch-master/cushion_tests/src/cushion_util_tests.erl'
Error generating type specs for "/home/pete/wefwefwef/docs/other/5514559552/cushion_tests-branch-master/cushion_tests/src/cushion_util_tests.erl"
Generating XML for application cushion_tests "/home/pete/wefwefwef/docs/other/5514559552/cushion_tests-branch-master/cushion_tests" -> "/home/pete/wefwefwef/docs/other/5514559552/repo/master/.xml/cushion_tests"
/home/pete/wefwefwef/docs/other/5514559552/cushion_tests-branch-master/cushion_tests/src/cushion_json_test.erl: at line 33: can't find include lib "eqc/include/eqc.hrl"
edoc: skipping source file '/home/pete/wefwefwef/docs/other/5514559552/cushion_tests-branch-master/cushion_tests/src/cushion_json_test.erl': {'EXIT',
                                                                                                                                        error}.
/home/pete/wefwefwef/docs/other/5514559552/cushion_tests-branch-master/cushion_tests/src/cushion_json_decode_test.erl: at line 12: can't find include lib "eqc/include/eqc.hrl"
edoc: skipping source file '/home/pete/wefwefwef/docs/other/5514559552/cushion_tests-branch-master/cushion_tests/src/cushion_json_decode_test.erl': {'EXIT',
                                                                                                                                               error}.
/home/pete/wefwefwef/docs/other/5514559552/cushion_tests-branch-master/cushion_tests/src/cushion_fsm_test.erl: at line 48: can't find include lib "eqc/include/eqc.hrl"
edoc: skipping source file '/home/pete/wefwefwef/docs/other/5514559552/cushion_tests-branch-master/cushion_tests/src/cushion_fsm_test.erl': {'EXIT',
                                                                                                                                       error}.
/home/pete/wefwefwef/docs/other/5514559552/cushion_tests-branch-master/cushion_tests/src/cushion_util_tests.erl: at line 11: can't find include lib "eqc/include/eqc.hrl"
edoc: skipping source file '/home/pete/wefwefwef/docs/other/5514559552/cushion_tests-branch-master/cushion_tests/src/cushion_util_tests.erl': {'EXIT',
                                                                                                                                         error}.
edoc: error in doclet 'edoc_doclet': {'EXIT',error}.
Error generating cushion_tests XMLs. Using fallback ...
Generating XML cushion_tests - cushion_couch_api_test "/home/pete/wefwefwef/docs/other/5514559552/cushion_tests-branch-master/cushion_tests/src/cushion_couch_api_test.erl" -> "/home/pete/wefwefwef/docs/other/5514559552/repo/master/.xml/cushion_tests/cushion_couch_api_test.xml"
Generating XML cushion_tests - cushion_fsm_test "/home/pete/wefwefwef/docs/other/5514559552/cushion_tests-branch-master/cushion_tests/src/cushion_fsm_test.erl" -> "/home/pete/wefwefwef/docs/other/5514559552/repo/master/.xml/cushion_tests/cushion_fsm_test.xml"
/home/pete/wefwefwef/docs/other/5514559552/cushion_tests-branch-master/cushion_tests/src/cushion_fsm_test.erl: at line 48: can't find include lib "eqc/include/eqc.hrl"
Error generating XML ("/home/pete/wefwefwef/docs/other/5514559552/cushion_tests-branch-master/cushion_tests/src/cushion_fsm_test.erl"): {'EXIT',
                                                                                                                                         error}
Generating XML cushion_tests - cushion_json_decode_test "/home/pete/wefwefwef/docs/other/5514559552/cushion_tests-branch-master/cushion_tests/src/cushion_json_decode_test.erl" -> "/home/pete/wefwefwef/docs/other/5514559552/repo/master/.xml/cushion_tests/cushion_json_decode_test.xml"
/home/pete/wefwefwef/docs/other/5514559552/cushion_tests-branch-master/cushion_tests/src/cushion_json_decode_test.erl: at line 12: can't find include lib "eqc/include/eqc.hrl"
Error generating XML ("/home/pete/wefwefwef/docs/other/5514559552/cushion_tests-branch-master/cushion_tests/src/cushion_json_decode_test.erl"): {'EXIT',
                                                                                                                                                 error}
Generating XML cushion_tests - cushion_json_test "/home/pete/wefwefwef/docs/other/5514559552/cushion_tests-branch-master/cushion_tests/src/cushion_json_test.erl" -> "/home/pete/wefwefwef/docs/other/5514559552/repo/master/.xml/cushion_tests/cushion_json_test.xml"
/home/pete/wefwefwef/docs/other/5514559552/cushion_tests-branch-master/cushion_tests/src/cushion_json_test.erl: at line 33: can't find include lib "eqc/include/eqc.hrl"
Error generating XML ("/home/pete/wefwefwef/docs/other/5514559552/cushion_tests-branch-master/cushion_tests/src/cushion_json_test.erl"): {'EXIT',
                                                                                                                                          error}
Generating XML cushion_tests - cushion_tests "/home/pete/wefwefwef/docs/other/5514559552/cushion_tests-branch-master/cushion_tests/src/cushion_tests.erl" -> "/home/pete/wefwefwef/docs/other/5514559552/repo/master/.xml/cushion_tests/cushion_tests.xml"
Generating XML cushion_tests - cushion_tests_gen "/home/pete/wefwefwef/docs/other/5514559552/cushion_tests-branch-master/cushion_tests/src/cushion_tests_gen.erl" -> "/home/pete/wefwefwef/docs/other/5514559552/repo/master/.xml/cushion_tests/cushion_tests_gen.xml"
Generating XML cushion_tests - cushion_util_tests "/home/pete/wefwefwef/docs/other/5514559552/cushion_tests-branch-master/cushion_tests/src/cushion_util_tests.erl" -> "/home/pete/wefwefwef/docs/other/5514559552/repo/master/.xml/cushion_tests/cushion_util_tests.xml"
/home/pete/wefwefwef/docs/other/5514559552/cushion_tests-branch-master/cushion_tests/src/cushion_util_tests.erl: at line 11: can't find include lib "eqc/include/eqc.hrl"
Error generating XML ("/home/pete/wefwefwef/docs/other/5514559552/cushion_tests-branch-master/cushion_tests/src/cushion_util_tests.erl"): {'EXIT',
                                                                                                                                           error}
Generating HTML - cushion_couch_api_test "/home/pete/wefwefwef/docs/other/5514559552/repo/master/.xml/cushion_tests/cushion_couch_api_test.xml"
Reading XML for "/home/pete/wefwefwef/docs/other/5514559552/repo/master/.xml/cushion_tests/cushion_couch_api_test.xml"
Reading XML for "/home/pete/wefwefwef/docs/other/5514559552/repo/master/.xml/specs_cushion_couch_api_test.xml"
Generating HTML - cushion_tests "/home/pete/wefwefwef/docs/other/5514559552/repo/master/.xml/cushion_tests/cushion_tests.xml"
Reading XML for "/home/pete/wefwefwef/docs/other/5514559552/repo/master/.xml/cushion_tests/cushion_tests.xml"
Reading XML for "/home/pete/wefwefwef/docs/other/5514559552/repo/master/.xml/specs_cushion_tests.xml"
Generating HTML - cushion_tests_gen "/home/pete/wefwefwef/docs/other/5514559552/repo/master/.xml/cushion_tests/cushion_tests_gen.xml"
Reading XML for "/home/pete/wefwefwef/docs/other/5514559552/repo/master/.xml/cushion_tests/cushion_tests_gen.xml"
Reading XML for "/home/pete/wefwefwef/docs/other/5514559552/repo/master/.xml/specs_cushion_tests_gen.xml"
Creating index.html ...
Creating erldocs_index.js ...
Woot, finished in 0 Minutes 0 Seconds
 :: Discovering other repos
$ 5000  `rm -r '/home/pete/wefwefwef/docs/other/5514559552/cushion_tests-branch-master'  2>&1`
 :: Processing https://github.com/samuelrivas/cushion_tests	{rev,branch,"mochijson-wip","3075c68ff994802b67bdf386dcef3f21408bd657"}
 :: Fetching repo code
$ cd "/home/pete/wefwefwef/docs/other/5514559552/cushion_tests-branch-mochijson-wip/cushion_tests"
$ infinity  `curl --fail --silent --show-error --location --output 'mochijson-wip.zip' 'https://github.com/samuelrivas/cushion_tests/archive/mochijson-wip.zip'  2>&1`
$ cd "/home/pete/wefwefwef/docs/erldocs_other.git"
$ cd "/home/pete/wefwefwef/docs/other/5514559552/cushion_tests-branch-mochijson-wip/cushion_tests"
$ 5000  `find -P . -type l -delete  2>&1`
$ cd "/home/pete/wefwefwef/docs/erldocs_other.git"
$ cd "/home/pete/wefwefwef/docs/other/5514559552/cushion_tests-branch-mochijson-wip/cushion_tests"
$ 5000  `find 'cushion_tests-mochijson-wip' -mindepth 1 -maxdepth 1 -exec mv -t . -- {} +  2>&1`
$ cd "/home/pete/wefwefwef/docs/erldocs_other.git"
 :: Getting dependencies
 :: Generating erldocs into /home/pete/wefwefwef/docs/other/5514559552/repo/mochijson-wip
Building cushion_tests
Generating Type Specs - "/home/pete/wefwefwef/docs/other/5514559552/cushion_tests-branch-mochijson-wip/cushion_tests/src/cushion_couch_api_test.erl"
Generating Type Specs - "/home/pete/wefwefwef/docs/other/5514559552/cushion_tests-branch-mochijson-wip/cushion_tests/src/cushion_fsm_test.erl"
/home/pete/wefwefwef/docs/other/5514559552/cushion_tests-branch-mochijson-wip/cushion_tests/src/cushion_fsm_test.erl: at line 48: can't find include lib "eqc/include/eqc.hrl"
EDoc could not process file '/home/pete/wefwefwef/docs/other/5514559552/cushion_tests-branch-mochijson-wip/cushion_tests/src/cushion_fsm_test.erl'
Error generating type specs for "/home/pete/wefwefwef/docs/other/5514559552/cushion_tests-branch-mochijson-wip/cushion_tests/src/cushion_fsm_test.erl"
Generating Type Specs - "/home/pete/wefwefwef/docs/other/5514559552/cushion_tests-branch-mochijson-wip/cushion_tests/src/cushion_json_decode_test.erl"
/home/pete/wefwefwef/docs/other/5514559552/cushion_tests-branch-mochijson-wip/cushion_tests/src/cushion_json_decode_test.erl: at line 12: can't find include lib "eqc/include/eqc.hrl"
EDoc could not process file '/home/pete/wefwefwef/docs/other/5514559552/cushion_tests-branch-mochijson-wip/cushion_tests/src/cushion_json_decode_test.erl'
Error generating type specs for "/home/pete/wefwefwef/docs/other/5514559552/cushion_tests-branch-mochijson-wip/cushion_tests/src/cushion_json_decode_test.erl"
Generating Type Specs - "/home/pete/wefwefwef/docs/other/5514559552/cushion_tests-branch-mochijson-wip/cushion_tests/src/cushion_json_test.erl"
/home/pete/wefwefwef/docs/other/5514559552/cushion_tests-branch-mochijson-wip/cushion_tests/src/cushion_json_test.erl: at line 33: can't find include lib "eqc/include/eqc.hrl"
EDoc could not process file '/home/pete/wefwefwef/docs/other/5514559552/cushion_tests-branch-mochijson-wip/cushion_tests/src/cushion_json_test.erl'
Error generating type specs for "/home/pete/wefwefwef/docs/other/5514559552/cushion_tests-branch-mochijson-wip/cushion_tests/src/cushion_json_test.erl"
Generating Type Specs - "/home/pete/wefwefwef/docs/other/5514559552/cushion_tests-branch-mochijson-wip/cushion_tests/src/cushion_tests.erl"
Generating Type Specs - "/home/pete/wefwefwef/docs/other/5514559552/cushion_tests-branch-mochijson-wip/cushion_tests/src/cushion_tests_gen.erl"
Generating Type Specs - "/home/pete/wefwefwef/docs/other/5514559552/cushion_tests-branch-mochijson-wip/cushion_tests/src/cushion_util_tests.erl"
/home/pete/wefwefwef/docs/other/5514559552/cushion_tests-branch-mochijson-wip/cushion_tests/src/cushion_util_tests.erl: at line 11: can't find include lib "eqc/include/eqc.hrl"
EDoc could not process file '/home/pete/wefwefwef/docs/other/5514559552/cushion_tests-branch-mochijson-wip/cushion_tests/src/cushion_util_tests.erl'
Error generating type specs for "/home/pete/wefwefwef/docs/other/5514559552/cushion_tests-branch-mochijson-wip/cushion_tests/src/cushion_util_tests.erl"
Generating XML for application cushion_tests "/home/pete/wefwefwef/docs/other/5514559552/cushion_tests-branch-mochijson-wip/cushion_tests" -> "/home/pete/wefwefwef/docs/other/5514559552/repo/mochijson-wip/.xml/cushion_tests"
/home/pete/wefwefwef/docs/other/5514559552/cushion_tests-branch-mochijson-wip/cushion_tests/src/cushion_json_test.erl: at line 33: can't find include lib "eqc/include/eqc.hrl"
edoc: skipping source file '/home/pete/wefwefwef/docs/other/5514559552/cushion_tests-branch-mochijson-wip/cushion_tests/src/cushion_json_test.erl': {'EXIT',
                                                                                                                                               error}.
/home/pete/wefwefwef/docs/other/5514559552/cushion_tests-branch-mochijson-wip/cushion_tests/src/cushion_json_decode_test.erl: at line 12: can't find include lib "eqc/include/eqc.hrl"
edoc: skipping source file '/home/pete/wefwefwef/docs/other/5514559552/cushion_tests-branch-mochijson-wip/cushion_tests/src/cushion_json_decode_test.erl': {'EXIT',
                                                                                                                                                      error}.
/home/pete/wefwefwef/docs/other/5514559552/cushion_tests-branch-mochijson-wip/cushion_tests/src/cushion_fsm_test.erl: at line 48: can't find include lib "eqc/include/eqc.hrl"
edoc: skipping source file '/home/pete/wefwefwef/docs/other/5514559552/cushion_tests-branch-mochijson-wip/cushion_tests/src/cushion_fsm_test.erl': {'EXIT',
                                                                                                                                              error}.
/home/pete/wefwefwef/docs/other/5514559552/cushion_tests-branch-mochijson-wip/cushion_tests/src/cushion_util_tests.erl: at line 11: can't find include lib "eqc/include/eqc.hrl"
edoc: skipping source file '/home/pete/wefwefwef/docs/other/5514559552/cushion_tests-branch-mochijson-wip/cushion_tests/src/cushion_util_tests.erl': {'EXIT',
                                                                                                                                                error}.
edoc: error in doclet 'edoc_doclet': {'EXIT',error}.
Error generating cushion_tests XMLs. Using fallback ...
Generating XML cushion_tests - cushion_couch_api_test "/home/pete/wefwefwef/docs/other/5514559552/cushion_tests-branch-mochijson-wip/cushion_tests/src/cushion_couch_api_test.erl" -> "/home/pete/wefwefwef/docs/other/5514559552/repo/mochijson-wip/.xml/cushion_tests/cushion_couch_api_test.xml"
Generating XML cushion_tests - cushion_fsm_test "/home/pete/wefwefwef/docs/other/5514559552/cushion_tests-branch-mochijson-wip/cushion_tests/src/cushion_fsm_test.erl" -> "/home/pete/wefwefwef/docs/other/5514559552/repo/mochijson-wip/.xml/cushion_tests/cushion_fsm_test.xml"
/home/pete/wefwefwef/docs/other/5514559552/cushion_tests-branch-mochijson-wip/cushion_tests/src/cushion_fsm_test.erl: at line 48: can't find include lib "eqc/include/eqc.hrl"
Error generating XML ("/home/pete/wefwefwef/docs/other/5514559552/cushion_tests-branch-mochijson-wip/cushion_tests/src/cushion_fsm_test.erl"): {'EXIT',
                                                                                                                                                error}
Generating XML cushion_tests - cushion_json_decode_test "/home/pete/wefwefwef/docs/other/5514559552/cushion_tests-branch-mochijson-wip/cushion_tests/src/cushion_json_decode_test.erl" -> "/home/pete/wefwefwef/docs/other/5514559552/repo/mochijson-wip/.xml/cushion_tests/cushion_json_decode_test.xml"
/home/pete/wefwefwef/docs/other/5514559552/cushion_tests-branch-mochijson-wip/cushion_tests/src/cushion_json_decode_test.erl: at line 12: can't find include lib "eqc/include/eqc.hrl"
Error generating XML ("/home/pete/wefwefwef/docs/other/5514559552/cushion_tests-branch-mochijson-wip/cushion_tests/src/cushion_json_decode_test.erl"): {'EXIT',
                                                                                                                                                        error}
Generating XML cushion_tests - cushion_json_test "/home/pete/wefwefwef/docs/other/5514559552/cushion_tests-branch-mochijson-wip/cushion_tests/src/cushion_json_test.erl" -> "/home/pete/wefwefwef/docs/other/5514559552/repo/mochijson-wip/.xml/cushion_tests/cushion_json_test.xml"
/home/pete/wefwefwef/docs/other/5514559552/cushion_tests-branch-mochijson-wip/cushion_tests/src/cushion_json_test.erl: at line 33: can't find include lib "eqc/include/eqc.hrl"
Error generating XML ("/home/pete/wefwefwef/docs/other/5514559552/cushion_tests-branch-mochijson-wip/cushion_tests/src/cushion_json_test.erl"): {'EXIT',
                                                                                                                                                 error}
Generating XML cushion_tests - cushion_tests "/home/pete/wefwefwef/docs/other/5514559552/cushion_tests-branch-mochijson-wip/cushion_tests/src/cushion_tests.erl" -> "/home/pete/wefwefwef/docs/other/5514559552/repo/mochijson-wip/.xml/cushion_tests/cushion_tests.xml"
Generating XML cushion_tests - cushion_tests_gen "/home/pete/wefwefwef/docs/other/5514559552/cushion_tests-branch-mochijson-wip/cushion_tests/src/cushion_tests_gen.erl" -> "/home/pete/wefwefwef/docs/other/5514559552/repo/mochijson-wip/.xml/cushion_tests/cushion_tests_gen.xml"
Generating XML cushion_tests - cushion_util_tests "/home/pete/wefwefwef/docs/other/5514559552/cushion_tests-branch-mochijson-wip/cushion_tests/src/cushion_util_tests.erl" -> "/home/pete/wefwefwef/docs/other/5514559552/repo/mochijson-wip/.xml/cushion_tests/cushion_util_tests.xml"
/home/pete/wefwefwef/docs/other/5514559552/cushion_tests-branch-mochijson-wip/cushion_tests/src/cushion_util_tests.erl: at line 11: can't find include lib "eqc/include/eqc.hrl"
Error generating XML ("/home/pete/wefwefwef/docs/other/5514559552/cushion_tests-branch-mochijson-wip/cushion_tests/src/cushion_util_tests.erl"): {'EXIT',
                                                                                                                                                  error}
Generating HTML - cushion_couch_api_test "/home/pete/wefwefwef/docs/other/5514559552/repo/mochijson-wip/.xml/cushion_tests/cushion_couch_api_test.xml"
Reading XML for "/home/pete/wefwefwef/docs/other/5514559552/repo/mochijson-wip/.xml/cushion_tests/cushion_couch_api_test.xml"
Reading XML for "/home/pete/wefwefwef/docs/other/5514559552/repo/mochijson-wip/.xml/specs_cushion_couch_api_test.xml"
Generating HTML - cushion_tests "/home/pete/wefwefwef/docs/other/5514559552/repo/mochijson-wip/.xml/cushion_tests/cushion_tests.xml"
Reading XML for "/home/pete/wefwefwef/docs/other/5514559552/repo/mochijson-wip/.xml/cushion_tests/cushion_tests.xml"
Reading XML for "/home/pete/wefwefwef/docs/other/5514559552/repo/mochijson-wip/.xml/specs_cushion_tests.xml"
Generating HTML - cushion_tests_gen "/home/pete/wefwefwef/docs/other/5514559552/repo/mochijson-wip/.xml/cushion_tests/cushion_tests_gen.xml"
Reading XML for "/home/pete/wefwefwef/docs/other/5514559552/repo/mochijson-wip/.xml/cushion_tests/cushion_tests_gen.xml"
Reading XML for "/home/pete/wefwefwef/docs/other/5514559552/repo/mochijson-wip/.xml/specs_cushion_tests_gen.xml"
Creating index.html ...
Creating erldocs_index.js ...
Woot, finished in 0 Minutes 0 Seconds
 :: Discovering other repos
$ 5000  `rm -r '/home/pete/wefwefwef/docs/other/5514559552/cushion_tests-branch-mochijson-wip'  2>&1`
 :: Erldocs finishing up
$ 5000  `rm -r '/home/pete/wefwefwef/docs/other/5514559552/cushion_tests'  2>&1`
