 :: Extracting meta information
$ 5000  `git ls-remote --heads --tags 'https://github.com/zkessin/testing-erlang-book'  2>&1`
>>> [repo] 3 branches, 0 tags
 :: Writing meta to "/home/pete/wefwefwef/docs/other/6030101284/meta.txt"
 :: Processing https://github.com/zkessin/testing-erlang-book	{rev,branch,"04_dialyzer","c8652ed2c76efb0009d7c4f6f8ec188d3e675e1a",undefined,[],[]}
 :: Fetching repo code
$ cd "/home/pete/wefwefwef/docs/other/6030101284/testing-erlang-book-branch-04_dialyzer/testing-erlang-book"
$ infinity  `curl --fail --silent --show-error --location --output '04_dialyzer.zip' 'https://github.com/zkessin/testing-erlang-book/archive/04_dialyzer.zip'  2>&1`
$ cd "/home/pete/wefwefwef/docs/erldocs_other.git"
$ cd "/home/pete/wefwefwef/docs/other/6030101284/testing-erlang-book-branch-04_dialyzer/testing-erlang-book"
$ 5000  `find -P . -type l -delete  2>&1`
$ cd "/home/pete/wefwefwef/docs/erldocs_other.git"
$ cd "/home/pete/wefwefwef/docs/other/6030101284/testing-erlang-book-branch-04_dialyzer/testing-erlang-book"
$ 5000  `find 'testing-erlang-book-04_dialyzer' -mindepth 1 -maxdepth 1 -exec mv -t . -- {} +  2>&1`
$ cd "/home/pete/wefwefwef/docs/erldocs_other.git"
 :: Getting dependencies
 :: Generating erldocs into /home/pete/wefwefwef/docs/other/6030101284/repo/04_dialyzer
Building testing-erlang-book
Generating XML for application testing-erlang-book "/home/pete/wefwefwef/docs/other/6030101284/testing-erlang-book-branch-04_dialyzer/testing-erlang-book" -> "/home/pete/wefwefwef/docs/other/6030101284/repo/04_dialyzer/.xml/testing-erlang-book"
/home/pete/wefwefwef/docs/other/6030101284/testing-erlang-book-branch-04_dialyzer/testing-erlang-book/eunit/src/fixtures.erl: at line 7: undefined macro '_test/1'
edoc: skipping source file '/home/pete/wefwefwef/docs/other/6030101284/testing-erlang-book-branch-04_dialyzer/testing-erlang-book/eunit/src/fixtures.erl': {'EXIT',
                                                                                                                                                      error}.
edoc: error in doclet 'edoc_doclet': {'EXIT',error}.
Error generating testing-erlang-book XMLs. Using fallback ...
No documentation was generated!
Woot, finished in 0 Minutes 0 Seconds
 :: Discovering other repos
$ 5000  `rm -r '/home/pete/wefwefwef/docs/other/6030101284/testing-erlang-book-branch-04_dialyzer'  2>&1`
 :: Processing https://github.com/zkessin/testing-erlang-book	{rev,branch,"master","926d4d2766b2adf18a187b25cfb38a45093bb309",undefined,[],[]}
 :: Fetching repo code
$ cd "/home/pete/wefwefwef/docs/other/6030101284/testing-erlang-book-branch-master/testing-erlang-book"
$ infinity  `curl --fail --silent --show-error --location --output 'master.zip' 'https://github.com/zkessin/testing-erlang-book/archive/master.zip'  2>&1`
$ cd "/home/pete/wefwefwef/docs/erldocs_other.git"
$ cd "/home/pete/wefwefwef/docs/other/6030101284/testing-erlang-book-branch-master/testing-erlang-book"
$ 5000  `find -P . -type l -delete  2>&1`
$ cd "/home/pete/wefwefwef/docs/erldocs_other.git"
$ cd "/home/pete/wefwefwef/docs/other/6030101284/testing-erlang-book-branch-master/testing-erlang-book"
$ 5000  `find 'testing-erlang-book-master' -mindepth 1 -maxdepth 1 -exec mv -t . -- {} +  2>&1`
$ cd "/home/pete/wefwefwef/docs/erldocs_other.git"
 :: Getting dependencies
 :: Generating erldocs into /home/pete/wefwefwef/docs/other/6030101284/repo/master
Building testing-erlang-book
Generating XML for application testing-erlang-book "/home/pete/wefwefwef/docs/other/6030101284/testing-erlang-book-branch-master/testing-erlang-book" -> "/home/pete/wefwefwef/docs/other/6030101284/repo/master/.xml/testing-erlang-book"
/home/pete/wefwefwef/docs/other/6030101284/testing-erlang-book-branch-master/testing-erlang-book/proper/weekday_test.erl: at line 7: undefined macro 'FORALL/3'
edoc: skipping source file '/home/pete/wefwefwef/docs/other/6030101284/testing-erlang-book-branch-master/testing-erlang-book/proper/weekday_test.erl': {'EXIT',
                                                                                                                                                  error}.
/home/pete/wefwefwef/docs/other/6030101284/testing-erlang-book-branch-master/testing-erlang-book/proper/remove_from_list.erl: at line 2: can't find include lib "proper/include/proper.hrl"
edoc: skipping source file '/home/pete/wefwefwef/docs/other/6030101284/testing-erlang-book-branch-master/testing-erlang-book/proper/remove_from_list.erl': {'EXIT',
                                                                                                                                                      error}.
/home/pete/wefwefwef/docs/other/6030101284/testing-erlang-book-branch-master/testing-erlang-book/proper/mysql_test.erl: at line 3: can't find include file "deps/proper/include/proper.hrl"
edoc: skipping source file '/home/pete/wefwefwef/docs/other/6030101284/testing-erlang-book-branch-master/testing-erlang-book/proper/mysql_test.erl': {'EXIT',
                                                                                                                                                error}.
/home/pete/wefwefwef/docs/other/6030101284/testing-erlang-book-branch-master/testing-erlang-book/proper/test_json_vs_python.erl: at line 2: can't find include lib "proper/include/proper.hrl"
edoc: skipping source file '/home/pete/wefwefwef/docs/other/6030101284/testing-erlang-book-branch-master/testing-erlang-book/proper/test_json_vs_python.erl': {'EXIT',
                                                                                                                                                         error}.
/home/pete/wefwefwef/docs/other/6030101284/testing-erlang-book-branch-master/testing-erlang-book/proper/words.erl: module name missing.
edoc: skipping source file '/home/pete/wefwefwef/docs/other/6030101284/testing-erlang-book-branch-master/testing-erlang-book/proper/words.erl': {'EXIT',
                                                                                                                                           error}.
/home/pete/wefwefwef/docs/other/6030101284/testing-erlang-book-branch-master/testing-erlang-book/eunit/src/fixtures.erl: at line 7: undefined macro '_test/1'
edoc: skipping source file '/home/pete/wefwefwef/docs/other/6030101284/testing-erlang-book-branch-master/testing-erlang-book/eunit/src/fixtures.erl': {'EXIT',
                                                                                                                                                 error}.
edoc: error in doclet 'edoc_doclet': {'EXIT',error}.
Error generating testing-erlang-book XMLs. Using fallback ...
No documentation was generated!
Woot, finished in 0 Minutes 0 Seconds
 :: Discovering other repos
$ 5000  `rm -r '/home/pete/wefwefwef/docs/other/6030101284/testing-erlang-book-branch-master'  2>&1`
 :: Processing https://github.com/zkessin/testing-erlang-book	{rev,branch,"quick_check","b841f9a5c6bc95c6414840491f563e9edea9d000",undefined,[],[]}
 :: Fetching repo code
$ cd "/home/pete/wefwefwef/docs/other/6030101284/testing-erlang-book-branch-quick_check/testing-erlang-book"
$ infinity  `curl --fail --silent --show-error --location --output 'quick_check.zip' 'https://github.com/zkessin/testing-erlang-book/archive/quick_check.zip'  2>&1`
$ cd "/home/pete/wefwefwef/docs/erldocs_other.git"
$ cd "/home/pete/wefwefwef/docs/other/6030101284/testing-erlang-book-branch-quick_check/testing-erlang-book"
$ 5000  `find -P . -type l -delete  2>&1`
$ cd "/home/pete/wefwefwef/docs/erldocs_other.git"
$ cd "/home/pete/wefwefwef/docs/other/6030101284/testing-erlang-book-branch-quick_check/testing-erlang-book"
$ 5000  `find 'testing-erlang-book-quick_check' -mindepth 1 -maxdepth 1 -exec mv -t . -- {} +  2>&1`
$ cd "/home/pete/wefwefwef/docs/erldocs_other.git"
 :: Getting dependencies
 :: Generating erldocs into /home/pete/wefwefwef/docs/other/6030101284/repo/quick_check
Building testing-erlang-book
Generating XML for application testing-erlang-book "/home/pete/wefwefwef/docs/other/6030101284/testing-erlang-book-branch-quick_check/testing-erlang-book" -> "/home/pete/wefwefwef/docs/other/6030101284/repo/quick_check/.xml/testing-erlang-book"
/home/pete/wefwefwef/docs/other/6030101284/testing-erlang-book-branch-quick_check/testing-erlang-book/proper/remove_from_list.erl: at line 2: can't find include lib "proper/include/proper.hrl"
edoc: skipping source file '/home/pete/wefwefwef/docs/other/6030101284/testing-erlang-book-branch-quick_check/testing-erlang-book/proper/remove_from_list.erl': {'EXIT',
                                                                                                                                                           error}.
/home/pete/wefwefwef/docs/other/6030101284/testing-erlang-book-branch-quick_check/testing-erlang-book/eunit/src/fixtures.erl: at line 7: undefined macro '_test/1'
edoc: skipping source file '/home/pete/wefwefwef/docs/other/6030101284/testing-erlang-book-branch-quick_check/testing-erlang-book/eunit/src/fixtures.erl': {'EXIT',
                                                                                                                                                      error}.
edoc: error in doclet 'edoc_doclet': {'EXIT',error}.
Error generating testing-erlang-book XMLs. Using fallback ...
No documentation was generated!
Woot, finished in 0 Minutes 0 Seconds
 :: Discovering other repos
$ 5000  `rm -r '/home/pete/wefwefwef/docs/other/6030101284/testing-erlang-book-branch-quick_check'  2>&1`
 :: Finishing up
$ 5000  `rm -r '/home/pete/wefwefwef/docs/other/6030101284/testing-erlang-book'  2>&1`
$ 5000  `rm -r '/home/pete/wefwefwef/docs/other/6030101284/repo/04_dialyzer'  2>&1`
$ 5000  `rm -r '/home/pete/wefwefwef/docs/other/6030101284/repo/master'  2>&1`
$ 5000  `rm -r '/home/pete/wefwefwef/docs/other/6030101284/repo/quick_check'  2>&1`
