 :: Extracting meta information
$ 5000  `git ls-remote --heads --tags 'https://github.com/rabbitmq/rabbitmq-sharding'  2>&1`
>>> [repo] 3 branches, 0 tags
 :: Writing meta to "/home/pete/wefwefwef/docs/other/9744869021/meta.txt"
 :: Processing https://github.com/rabbitmq/rabbitmq-sharding	{rev,branch,"bug25950","c0dcf196daee58ed9f05d8b87b9d5b21a3ab2688"}
 :: Fetching repo code
$ cd "/home/pete/wefwefwef/docs/other/9744869021/rabbitmq-sharding-branch-bug25950/rabbitmq-sharding"
$ infinity  `curl --fail --silent --show-error --location --output 'bug25950.zip' 'https://github.com/rabbitmq/rabbitmq-sharding/archive/bug25950.zip'  2>&1`
$ cd "/home/pete/wefwefwef/docs/erldocs_other.git"
$ cd "/home/pete/wefwefwef/docs/other/9744869021/rabbitmq-sharding-branch-bug25950/rabbitmq-sharding"
$ 5000  `find -P . -type l -delete  2>&1`
$ cd "/home/pete/wefwefwef/docs/erldocs_other.git"
$ cd "/home/pete/wefwefwef/docs/other/9744869021/rabbitmq-sharding-branch-bug25950/rabbitmq-sharding"
$ 5000  `find 'rabbitmq-sharding-bug25950' -mindepth 1 -maxdepth 1 -exec mv -t . -- {} +  2>&1`
$ cd "/home/pete/wefwefwef/docs/erldocs_other.git"
 :: Getting dependencies
 :: Generating erldocs into /home/pete/wefwefwef/docs/other/9744869021/repo/bug25950
Building rabbitmq-sharding
Generating Type Specs - "/home/pete/wefwefwef/docs/other/9744869021/rabbitmq-sharding-branch-bug25950/rabbitmq-sharding/src/rabbit_sharding_exchange_decorator.erl"
/home/pete/wefwefwef/docs/other/9744869021/rabbitmq-sharding-branch-bug25950/rabbitmq-sharding/src/rabbit_sharding_exchange_decorator.erl: at line 12: can't find include lib "rabbit_common/include/rabbit.hrl"
EDoc could not process file '/home/pete/wefwefwef/docs/other/9744869021/rabbitmq-sharding-branch-bug25950/rabbitmq-sharding/src/rabbit_sharding_exchange_decorator.erl'
Error generating type specs for "/home/pete/wefwefwef/docs/other/9744869021/rabbitmq-sharding-branch-bug25950/rabbitmq-sharding/src/rabbit_sharding_exchange_decorator.erl"
Generating Type Specs - "/home/pete/wefwefwef/docs/other/9744869021/rabbitmq-sharding-branch-bug25950/rabbitmq-sharding/src/rabbit_sharding_exchange_type_modulus_hash.erl"
/home/pete/wefwefwef/docs/other/9744869021/rabbitmq-sharding-branch-bug25950/rabbitmq-sharding/src/rabbit_sharding_exchange_type_modulus_hash.erl: at line 19: can't find include lib "rabbit_common/include/rabbit.hrl"
EDoc could not process file '/home/pete/wefwefwef/docs/other/9744869021/rabbitmq-sharding-branch-bug25950/rabbitmq-sharding/src/rabbit_sharding_exchange_type_modulus_hash.erl'
Error generating type specs for "/home/pete/wefwefwef/docs/other/9744869021/rabbitmq-sharding-branch-bug25950/rabbitmq-sharding/src/rabbit_sharding_exchange_type_modulus_hash.erl"
Generating Type Specs - "/home/pete/wefwefwef/docs/other/9744869021/rabbitmq-sharding-branch-bug25950/rabbitmq-sharding/src/rabbit_sharding_interceptor.erl"
/home/pete/wefwefwef/docs/other/9744869021/rabbitmq-sharding-branch-bug25950/rabbitmq-sharding/src/rabbit_sharding_interceptor.erl: at line 3: can't find include lib "rabbit_common/include/rabbit_framing.hrl"
EDoc could not process file '/home/pete/wefwefwef/docs/other/9744869021/rabbitmq-sharding-branch-bug25950/rabbitmq-sharding/src/rabbit_sharding_interceptor.erl'
Error generating type specs for "/home/pete/wefwefwef/docs/other/9744869021/rabbitmq-sharding-branch-bug25950/rabbitmq-sharding/src/rabbit_sharding_interceptor.erl"
Generating Type Specs - "/home/pete/wefwefwef/docs/other/9744869021/rabbitmq-sharding-branch-bug25950/rabbitmq-sharding/src/rabbit_sharding_policy_validator.erl"
/home/pete/wefwefwef/docs/other/9744869021/rabbitmq-sharding-branch-bug25950/rabbitmq-sharding/src/rabbit_sharding_policy_validator.erl: at line 5: can't find include lib "rabbit_common/include/rabbit.hrl"
EDoc could not process file '/home/pete/wefwefwef/docs/other/9744869021/rabbitmq-sharding-branch-bug25950/rabbitmq-sharding/src/rabbit_sharding_policy_validator.erl'
Error generating type specs for "/home/pete/wefwefwef/docs/other/9744869021/rabbitmq-sharding-branch-bug25950/rabbitmq-sharding/src/rabbit_sharding_policy_validator.erl"
Generating Type Specs - "/home/pete/wefwefwef/docs/other/9744869021/rabbitmq-sharding-branch-bug25950/rabbitmq-sharding/src/rabbit_sharding_shard.erl"
/home/pete/wefwefwef/docs/other/9744869021/rabbitmq-sharding-branch-bug25950/rabbitmq-sharding/src/rabbit_sharding_shard.erl: at line 3: can't find include lib "rabbit_common/include/rabbit.hrl"
EDoc could not process file '/home/pete/wefwefwef/docs/other/9744869021/rabbitmq-sharding-branch-bug25950/rabbitmq-sharding/src/rabbit_sharding_shard.erl'
Error generating type specs for "/home/pete/wefwefwef/docs/other/9744869021/rabbitmq-sharding-branch-bug25950/rabbitmq-sharding/src/rabbit_sharding_shard.erl"
Generating Type Specs - "/home/pete/wefwefwef/docs/other/9744869021/rabbitmq-sharding-branch-bug25950/rabbitmq-sharding/src/rabbit_sharding_util.erl"
/home/pete/wefwefwef/docs/other/9744869021/rabbitmq-sharding-branch-bug25950/rabbitmq-sharding/src/rabbit_sharding_util.erl: at line 7: can't find include lib "rabbit_common/include/rabbit.hrl"
EDoc could not process file '/home/pete/wefwefwef/docs/other/9744869021/rabbitmq-sharding-branch-bug25950/rabbitmq-sharding/src/rabbit_sharding_util.erl'
Error generating type specs for "/home/pete/wefwefwef/docs/other/9744869021/rabbitmq-sharding-branch-bug25950/rabbitmq-sharding/src/rabbit_sharding_util.erl"
Generating XML for application rabbitmq-sharding "/home/pete/wefwefwef/docs/other/9744869021/rabbitmq-sharding-branch-bug25950/rabbitmq-sharding" -> "/home/pete/wefwefwef/docs/other/9744869021/repo/bug25950/.xml/rabbitmq-sharding"
/home/pete/wefwefwef/docs/other/9744869021/rabbitmq-sharding-branch-bug25950/rabbitmq-sharding/src/rabbit_sharding_shard.erl: at line 3: can't find include lib "rabbit_common/include/rabbit.hrl"
edoc: skipping source file '/home/pete/wefwefwef/docs/other/9744869021/rabbitmq-sharding-branch-bug25950/rabbitmq-sharding/src/rabbit_sharding_shard.erl': {'EXIT',
                                                                                                                                                      error}.
/home/pete/wefwefwef/docs/other/9744869021/rabbitmq-sharding-branch-bug25950/rabbitmq-sharding/src/rabbit_sharding_interceptor.erl: at line 3: can't find include lib "rabbit_common/include/rabbit_framing.hrl"
edoc: skipping source file '/home/pete/wefwefwef/docs/other/9744869021/rabbitmq-sharding-branch-bug25950/rabbitmq-sharding/src/rabbit_sharding_interceptor.erl': {'EXIT',
                                                                                                                                                            error}.
/home/pete/wefwefwef/docs/other/9744869021/rabbitmq-sharding-branch-bug25950/rabbitmq-sharding/src/rabbit_sharding_util.erl: at line 7: can't find include lib "rabbit_common/include/rabbit.hrl"
edoc: skipping source file '/home/pete/wefwefwef/docs/other/9744869021/rabbitmq-sharding-branch-bug25950/rabbitmq-sharding/src/rabbit_sharding_util.erl': {'EXIT',
                                                                                                                                                     error}.
/home/pete/wefwefwef/docs/other/9744869021/rabbitmq-sharding-branch-bug25950/rabbitmq-sharding/src/rabbit_sharding_exchange_type_modulus_hash.erl: at line 19: can't find include lib "rabbit_common/include/rabbit.hrl"
edoc: skipping source file '/home/pete/wefwefwef/docs/other/9744869021/rabbitmq-sharding-branch-bug25950/rabbitmq-sharding/src/rabbit_sharding_exchange_type_modulus_hash.erl': {'EXIT',
                                                                                                                                                                           error}.
/home/pete/wefwefwef/docs/other/9744869021/rabbitmq-sharding-branch-bug25950/rabbitmq-sharding/src/rabbit_sharding_policy_validator.erl: at line 5: can't find include lib "rabbit_common/include/rabbit.hrl"
edoc: skipping source file '/home/pete/wefwefwef/docs/other/9744869021/rabbitmq-sharding-branch-bug25950/rabbitmq-sharding/src/rabbit_sharding_policy_validator.erl': {'EXIT',
                                                                                                                                                                 error}.
/home/pete/wefwefwef/docs/other/9744869021/rabbitmq-sharding-branch-bug25950/rabbitmq-sharding/src/rabbit_sharding_exchange_decorator.erl: at line 12: can't find include lib "rabbit_common/include/rabbit.hrl"
edoc: skipping source file '/home/pete/wefwefwef/docs/other/9744869021/rabbitmq-sharding-branch-bug25950/rabbitmq-sharding/src/rabbit_sharding_exchange_decorator.erl': {'EXIT',
                                                                                                                                                                   error}.
edoc: error in doclet 'edoc_doclet': {'EXIT',error}.
Error generating rabbitmq-sharding XMLs. Using fallback ...
Generating XML rabbitmq-sharding - rabbit_sharding_exchange_decorator "/home/pete/wefwefwef/docs/other/9744869021/rabbitmq-sharding-branch-bug25950/rabbitmq-sharding/src/rabbit_sharding_exchange_decorator.erl" -> "/home/pete/wefwefwef/docs/other/9744869021/repo/bug25950/.xml/rabbitmq-sharding/rabbit_sharding_exchange_decorator.xml"
/home/pete/wefwefwef/docs/other/9744869021/rabbitmq-sharding-branch-bug25950/rabbitmq-sharding/src/rabbit_sharding_exchange_decorator.erl: at line 12: can't find include lib "rabbit_common/include/rabbit.hrl"
Error generating XML ("/home/pete/wefwefwef/docs/other/9744869021/rabbitmq-sharding-branch-bug25950/rabbitmq-sharding/src/rabbit_sharding_exchange_decorator.erl"): {'EXIT',
                                                                                                                                                                     error}
Generating XML rabbitmq-sharding - rabbit_sharding_exchange_type_modulus_hash "/home/pete/wefwefwef/docs/other/9744869021/rabbitmq-sharding-branch-bug25950/rabbitmq-sharding/src/rabbit_sharding_exchange_type_modulus_hash.erl" -> "/home/pete/wefwefwef/docs/other/9744869021/repo/bug25950/.xml/rabbitmq-sharding/rabbit_sharding_exchange_type_modulus_hash.xml"
/home/pete/wefwefwef/docs/other/9744869021/rabbitmq-sharding-branch-bug25950/rabbitmq-sharding/src/rabbit_sharding_exchange_type_modulus_hash.erl: at line 19: can't find include lib "rabbit_common/include/rabbit.hrl"
Error generating XML ("/home/pete/wefwefwef/docs/other/9744869021/rabbitmq-sharding-branch-bug25950/rabbitmq-sharding/src/rabbit_sharding_exchange_type_modulus_hash.erl"): {'EXIT',
                                                                                                                                                                             error}
Generating XML rabbitmq-sharding - rabbit_sharding_interceptor "/home/pete/wefwefwef/docs/other/9744869021/rabbitmq-sharding-branch-bug25950/rabbitmq-sharding/src/rabbit_sharding_interceptor.erl" -> "/home/pete/wefwefwef/docs/other/9744869021/repo/bug25950/.xml/rabbitmq-sharding/rabbit_sharding_interceptor.xml"
/home/pete/wefwefwef/docs/other/9744869021/rabbitmq-sharding-branch-bug25950/rabbitmq-sharding/src/rabbit_sharding_interceptor.erl: at line 3: can't find include lib "rabbit_common/include/rabbit_framing.hrl"
Error generating XML ("/home/pete/wefwefwef/docs/other/9744869021/rabbitmq-sharding-branch-bug25950/rabbitmq-sharding/src/rabbit_sharding_interceptor.erl"): {'EXIT',
                                                                                                                                                              error}
Generating XML rabbitmq-sharding - rabbit_sharding_policy_validator "/home/pete/wefwefwef/docs/other/9744869021/rabbitmq-sharding-branch-bug25950/rabbitmq-sharding/src/rabbit_sharding_policy_validator.erl" -> "/home/pete/wefwefwef/docs/other/9744869021/repo/bug25950/.xml/rabbitmq-sharding/rabbit_sharding_policy_validator.xml"
/home/pete/wefwefwef/docs/other/9744869021/rabbitmq-sharding-branch-bug25950/rabbitmq-sharding/src/rabbit_sharding_policy_validator.erl: at line 5: can't find include lib "rabbit_common/include/rabbit.hrl"
Error generating XML ("/home/pete/wefwefwef/docs/other/9744869021/rabbitmq-sharding-branch-bug25950/rabbitmq-sharding/src/rabbit_sharding_policy_validator.erl"): {'EXIT',
                                                                                                                                                                   error}
Generating XML rabbitmq-sharding - rabbit_sharding_shard "/home/pete/wefwefwef/docs/other/9744869021/rabbitmq-sharding-branch-bug25950/rabbitmq-sharding/src/rabbit_sharding_shard.erl" -> "/home/pete/wefwefwef/docs/other/9744869021/repo/bug25950/.xml/rabbitmq-sharding/rabbit_sharding_shard.xml"
/home/pete/wefwefwef/docs/other/9744869021/rabbitmq-sharding-branch-bug25950/rabbitmq-sharding/src/rabbit_sharding_shard.erl: at line 3: can't find include lib "rabbit_common/include/rabbit.hrl"
Error generating XML ("/home/pete/wefwefwef/docs/other/9744869021/rabbitmq-sharding-branch-bug25950/rabbitmq-sharding/src/rabbit_sharding_shard.erl"): {'EXIT',
                                                                                                                                                        error}
Generating XML rabbitmq-sharding - rabbit_sharding_util "/home/pete/wefwefwef/docs/other/9744869021/rabbitmq-sharding-branch-bug25950/rabbitmq-sharding/src/rabbit_sharding_util.erl" -> "/home/pete/wefwefwef/docs/other/9744869021/repo/bug25950/.xml/rabbitmq-sharding/rabbit_sharding_util.xml"
/home/pete/wefwefwef/docs/other/9744869021/rabbitmq-sharding-branch-bug25950/rabbitmq-sharding/src/rabbit_sharding_util.erl: at line 7: can't find include lib "rabbit_common/include/rabbit.hrl"
Error generating XML ("/home/pete/wefwefwef/docs/other/9744869021/rabbitmq-sharding-branch-bug25950/rabbitmq-sharding/src/rabbit_sharding_util.erl"): {'EXIT',
                                                                                                                                                       error}
No documentation was generated!
Woot, finished in 0 Minutes 0 Seconds
 :: Discovering other repos
$ 5000  `rm -r '/home/pete/wefwefwef/docs/other/9744869021/rabbitmq-sharding-branch-bug25950'  2>&1`
 :: Processing https://github.com/rabbitmq/rabbitmq-sharding	{rev,branch,"bug26120","fb13c8964ee91cfd38f31111164b5d1e8486cedc"}
 :: Fetching repo code
$ cd "/home/pete/wefwefwef/docs/other/9744869021/rabbitmq-sharding-branch-bug26120/rabbitmq-sharding"
$ infinity  `curl --fail --silent --show-error --location --output 'bug26120.zip' 'https://github.com/rabbitmq/rabbitmq-sharding/archive/bug26120.zip'  2>&1`
$ cd "/home/pete/wefwefwef/docs/erldocs_other.git"
$ cd "/home/pete/wefwefwef/docs/other/9744869021/rabbitmq-sharding-branch-bug26120/rabbitmq-sharding"
$ 5000  `find -P . -type l -delete  2>&1`
$ cd "/home/pete/wefwefwef/docs/erldocs_other.git"
$ cd "/home/pete/wefwefwef/docs/other/9744869021/rabbitmq-sharding-branch-bug26120/rabbitmq-sharding"
$ 5000  `find 'rabbitmq-sharding-bug26120' -mindepth 1 -maxdepth 1 -exec mv -t . -- {} +  2>&1`
$ cd "/home/pete/wefwefwef/docs/erldocs_other.git"
 :: Getting dependencies
 :: Generating erldocs into /home/pete/wefwefwef/docs/other/9744869021/repo/bug26120
Building rabbitmq-sharding
Generating Type Specs - "/home/pete/wefwefwef/docs/other/9744869021/rabbitmq-sharding-branch-bug26120/rabbitmq-sharding/src/rabbit_sharding_exchange_decorator.erl"
/home/pete/wefwefwef/docs/other/9744869021/rabbitmq-sharding-branch-bug26120/rabbitmq-sharding/src/rabbit_sharding_exchange_decorator.erl: at line 12: can't find include lib "rabbit_common/include/rabbit.hrl"
EDoc could not process file '/home/pete/wefwefwef/docs/other/9744869021/rabbitmq-sharding-branch-bug26120/rabbitmq-sharding/src/rabbit_sharding_exchange_decorator.erl'
Error generating type specs for "/home/pete/wefwefwef/docs/other/9744869021/rabbitmq-sharding-branch-bug26120/rabbitmq-sharding/src/rabbit_sharding_exchange_decorator.erl"
Generating Type Specs - "/home/pete/wefwefwef/docs/other/9744869021/rabbitmq-sharding-branch-bug26120/rabbitmq-sharding/src/rabbit_sharding_exchange_type_modulus_hash.erl"
/home/pete/wefwefwef/docs/other/9744869021/rabbitmq-sharding-branch-bug26120/rabbitmq-sharding/src/rabbit_sharding_exchange_type_modulus_hash.erl: at line 19: can't find include lib "rabbit_common/include/rabbit.hrl"
EDoc could not process file '/home/pete/wefwefwef/docs/other/9744869021/rabbitmq-sharding-branch-bug26120/rabbitmq-sharding/src/rabbit_sharding_exchange_type_modulus_hash.erl'
Error generating type specs for "/home/pete/wefwefwef/docs/other/9744869021/rabbitmq-sharding-branch-bug26120/rabbitmq-sharding/src/rabbit_sharding_exchange_type_modulus_hash.erl"
Generating Type Specs - "/home/pete/wefwefwef/docs/other/9744869021/rabbitmq-sharding-branch-bug26120/rabbitmq-sharding/src/rabbit_sharding_interceptor.erl"
/home/pete/wefwefwef/docs/other/9744869021/rabbitmq-sharding-branch-bug26120/rabbitmq-sharding/src/rabbit_sharding_interceptor.erl: at line 3: can't find include lib "rabbit_common/include/rabbit_framing.hrl"
EDoc could not process file '/home/pete/wefwefwef/docs/other/9744869021/rabbitmq-sharding-branch-bug26120/rabbitmq-sharding/src/rabbit_sharding_interceptor.erl'
Error generating type specs for "/home/pete/wefwefwef/docs/other/9744869021/rabbitmq-sharding-branch-bug26120/rabbitmq-sharding/src/rabbit_sharding_interceptor.erl"
Generating Type Specs - "/home/pete/wefwefwef/docs/other/9744869021/rabbitmq-sharding-branch-bug26120/rabbitmq-sharding/src/rabbit_sharding_policy_validator.erl"
/home/pete/wefwefwef/docs/other/9744869021/rabbitmq-sharding-branch-bug26120/rabbitmq-sharding/src/rabbit_sharding_policy_validator.erl: at line 5: can't find include lib "rabbit_common/include/rabbit.hrl"
EDoc could not process file '/home/pete/wefwefwef/docs/other/9744869021/rabbitmq-sharding-branch-bug26120/rabbitmq-sharding/src/rabbit_sharding_policy_validator.erl'
Error generating type specs for "/home/pete/wefwefwef/docs/other/9744869021/rabbitmq-sharding-branch-bug26120/rabbitmq-sharding/src/rabbit_sharding_policy_validator.erl"
Generating Type Specs - "/home/pete/wefwefwef/docs/other/9744869021/rabbitmq-sharding-branch-bug26120/rabbitmq-sharding/src/rabbit_sharding_shard.erl"
/home/pete/wefwefwef/docs/other/9744869021/rabbitmq-sharding-branch-bug26120/rabbitmq-sharding/src/rabbit_sharding_shard.erl: at line 3: can't find include lib "rabbit_common/include/rabbit.hrl"
EDoc could not process file '/home/pete/wefwefwef/docs/other/9744869021/rabbitmq-sharding-branch-bug26120/rabbitmq-sharding/src/rabbit_sharding_shard.erl'
Error generating type specs for "/home/pete/wefwefwef/docs/other/9744869021/rabbitmq-sharding-branch-bug26120/rabbitmq-sharding/src/rabbit_sharding_shard.erl"
Generating Type Specs - "/home/pete/wefwefwef/docs/other/9744869021/rabbitmq-sharding-branch-bug26120/rabbitmq-sharding/src/rabbit_sharding_util.erl"
/home/pete/wefwefwef/docs/other/9744869021/rabbitmq-sharding-branch-bug26120/rabbitmq-sharding/src/rabbit_sharding_util.erl: at line 7: can't find include lib "rabbit_common/include/rabbit.hrl"
EDoc could not process file '/home/pete/wefwefwef/docs/other/9744869021/rabbitmq-sharding-branch-bug26120/rabbitmq-sharding/src/rabbit_sharding_util.erl'
Error generating type specs for "/home/pete/wefwefwef/docs/other/9744869021/rabbitmq-sharding-branch-bug26120/rabbitmq-sharding/src/rabbit_sharding_util.erl"
Generating XML for application rabbitmq-sharding "/home/pete/wefwefwef/docs/other/9744869021/rabbitmq-sharding-branch-bug26120/rabbitmq-sharding" -> "/home/pete/wefwefwef/docs/other/9744869021/repo/bug26120/.xml/rabbitmq-sharding"
/home/pete/wefwefwef/docs/other/9744869021/rabbitmq-sharding-branch-bug26120/rabbitmq-sharding/src/rabbit_sharding_shard.erl: at line 3: can't find include lib "rabbit_common/include/rabbit.hrl"
edoc: skipping source file '/home/pete/wefwefwef/docs/other/9744869021/rabbitmq-sharding-branch-bug26120/rabbitmq-sharding/src/rabbit_sharding_shard.erl': {'EXIT',
                                                                                                                                                      error}.
/home/pete/wefwefwef/docs/other/9744869021/rabbitmq-sharding-branch-bug26120/rabbitmq-sharding/src/rabbit_sharding_interceptor.erl: at line 3: can't find include lib "rabbit_common/include/rabbit_framing.hrl"
edoc: skipping source file '/home/pete/wefwefwef/docs/other/9744869021/rabbitmq-sharding-branch-bug26120/rabbitmq-sharding/src/rabbit_sharding_interceptor.erl': {'EXIT',
                                                                                                                                                            error}.
/home/pete/wefwefwef/docs/other/9744869021/rabbitmq-sharding-branch-bug26120/rabbitmq-sharding/src/rabbit_sharding_util.erl: at line 7: can't find include lib "rabbit_common/include/rabbit.hrl"
edoc: skipping source file '/home/pete/wefwefwef/docs/other/9744869021/rabbitmq-sharding-branch-bug26120/rabbitmq-sharding/src/rabbit_sharding_util.erl': {'EXIT',
                                                                                                                                                     error}.
/home/pete/wefwefwef/docs/other/9744869021/rabbitmq-sharding-branch-bug26120/rabbitmq-sharding/src/rabbit_sharding_exchange_type_modulus_hash.erl: at line 19: can't find include lib "rabbit_common/include/rabbit.hrl"
edoc: skipping source file '/home/pete/wefwefwef/docs/other/9744869021/rabbitmq-sharding-branch-bug26120/rabbitmq-sharding/src/rabbit_sharding_exchange_type_modulus_hash.erl': {'EXIT',
                                                                                                                                                                           error}.
/home/pete/wefwefwef/docs/other/9744869021/rabbitmq-sharding-branch-bug26120/rabbitmq-sharding/src/rabbit_sharding_policy_validator.erl: at line 5: can't find include lib "rabbit_common/include/rabbit.hrl"
edoc: skipping source file '/home/pete/wefwefwef/docs/other/9744869021/rabbitmq-sharding-branch-bug26120/rabbitmq-sharding/src/rabbit_sharding_policy_validator.erl': {'EXIT',
                                                                                                                                                                 error}.
/home/pete/wefwefwef/docs/other/9744869021/rabbitmq-sharding-branch-bug26120/rabbitmq-sharding/src/rabbit_sharding_exchange_decorator.erl: at line 12: can't find include lib "rabbit_common/include/rabbit.hrl"
edoc: skipping source file '/home/pete/wefwefwef/docs/other/9744869021/rabbitmq-sharding-branch-bug26120/rabbitmq-sharding/src/rabbit_sharding_exchange_decorator.erl': {'EXIT',
                                                                                                                                                                   error}.
edoc: error in doclet 'edoc_doclet': {'EXIT',error}.
Error generating rabbitmq-sharding XMLs. Using fallback ...
Generating XML rabbitmq-sharding - rabbit_sharding_exchange_decorator "/home/pete/wefwefwef/docs/other/9744869021/rabbitmq-sharding-branch-bug26120/rabbitmq-sharding/src/rabbit_sharding_exchange_decorator.erl" -> "/home/pete/wefwefwef/docs/other/9744869021/repo/bug26120/.xml/rabbitmq-sharding/rabbit_sharding_exchange_decorator.xml"
/home/pete/wefwefwef/docs/other/9744869021/rabbitmq-sharding-branch-bug26120/rabbitmq-sharding/src/rabbit_sharding_exchange_decorator.erl: at line 12: can't find include lib "rabbit_common/include/rabbit.hrl"
Error generating XML ("/home/pete/wefwefwef/docs/other/9744869021/rabbitmq-sharding-branch-bug26120/rabbitmq-sharding/src/rabbit_sharding_exchange_decorator.erl"): {'EXIT',
                                                                                                                                                                     error}
Generating XML rabbitmq-sharding - rabbit_sharding_exchange_type_modulus_hash "/home/pete/wefwefwef/docs/other/9744869021/rabbitmq-sharding-branch-bug26120/rabbitmq-sharding/src/rabbit_sharding_exchange_type_modulus_hash.erl" -> "/home/pete/wefwefwef/docs/other/9744869021/repo/bug26120/.xml/rabbitmq-sharding/rabbit_sharding_exchange_type_modulus_hash.xml"
/home/pete/wefwefwef/docs/other/9744869021/rabbitmq-sharding-branch-bug26120/rabbitmq-sharding/src/rabbit_sharding_exchange_type_modulus_hash.erl: at line 19: can't find include lib "rabbit_common/include/rabbit.hrl"
Error generating XML ("/home/pete/wefwefwef/docs/other/9744869021/rabbitmq-sharding-branch-bug26120/rabbitmq-sharding/src/rabbit_sharding_exchange_type_modulus_hash.erl"): {'EXIT',
                                                                                                                                                                             error}
Generating XML rabbitmq-sharding - rabbit_sharding_interceptor "/home/pete/wefwefwef/docs/other/9744869021/rabbitmq-sharding-branch-bug26120/rabbitmq-sharding/src/rabbit_sharding_interceptor.erl" -> "/home/pete/wefwefwef/docs/other/9744869021/repo/bug26120/.xml/rabbitmq-sharding/rabbit_sharding_interceptor.xml"
/home/pete/wefwefwef/docs/other/9744869021/rabbitmq-sharding-branch-bug26120/rabbitmq-sharding/src/rabbit_sharding_interceptor.erl: at line 3: can't find include lib "rabbit_common/include/rabbit_framing.hrl"
Error generating XML ("/home/pete/wefwefwef/docs/other/9744869021/rabbitmq-sharding-branch-bug26120/rabbitmq-sharding/src/rabbit_sharding_interceptor.erl"): {'EXIT',
                                                                                                                                                              error}
Generating XML rabbitmq-sharding - rabbit_sharding_policy_validator "/home/pete/wefwefwef/docs/other/9744869021/rabbitmq-sharding-branch-bug26120/rabbitmq-sharding/src/rabbit_sharding_policy_validator.erl" -> "/home/pete/wefwefwef/docs/other/9744869021/repo/bug26120/.xml/rabbitmq-sharding/rabbit_sharding_policy_validator.xml"
/home/pete/wefwefwef/docs/other/9744869021/rabbitmq-sharding-branch-bug26120/rabbitmq-sharding/src/rabbit_sharding_policy_validator.erl: at line 5: can't find include lib "rabbit_common/include/rabbit.hrl"
Error generating XML ("/home/pete/wefwefwef/docs/other/9744869021/rabbitmq-sharding-branch-bug26120/rabbitmq-sharding/src/rabbit_sharding_policy_validator.erl"): {'EXIT',
                                                                                                                                                                   error}
Generating XML rabbitmq-sharding - rabbit_sharding_shard "/home/pete/wefwefwef/docs/other/9744869021/rabbitmq-sharding-branch-bug26120/rabbitmq-sharding/src/rabbit_sharding_shard.erl" -> "/home/pete/wefwefwef/docs/other/9744869021/repo/bug26120/.xml/rabbitmq-sharding/rabbit_sharding_shard.xml"
/home/pete/wefwefwef/docs/other/9744869021/rabbitmq-sharding-branch-bug26120/rabbitmq-sharding/src/rabbit_sharding_shard.erl: at line 3: can't find include lib "rabbit_common/include/rabbit.hrl"
Error generating XML ("/home/pete/wefwefwef/docs/other/9744869021/rabbitmq-sharding-branch-bug26120/rabbitmq-sharding/src/rabbit_sharding_shard.erl"): {'EXIT',
                                                                                                                                                        error}
Generating XML rabbitmq-sharding - rabbit_sharding_util "/home/pete/wefwefwef/docs/other/9744869021/rabbitmq-sharding-branch-bug26120/rabbitmq-sharding/src/rabbit_sharding_util.erl" -> "/home/pete/wefwefwef/docs/other/9744869021/repo/bug26120/.xml/rabbitmq-sharding/rabbit_sharding_util.xml"
/home/pete/wefwefwef/docs/other/9744869021/rabbitmq-sharding-branch-bug26120/rabbitmq-sharding/src/rabbit_sharding_util.erl: at line 7: can't find include lib "rabbit_common/include/rabbit.hrl"
Error generating XML ("/home/pete/wefwefwef/docs/other/9744869021/rabbitmq-sharding-branch-bug26120/rabbitmq-sharding/src/rabbit_sharding_util.erl"): {'EXIT',
                                                                                                                                                       error}
No documentation was generated!
Woot, finished in 0 Minutes 0 Seconds
 :: Discovering other repos
$ 5000  `rm -r '/home/pete/wefwefwef/docs/other/9744869021/rabbitmq-sharding-branch-bug26120'  2>&1`
 :: Processing https://github.com/rabbitmq/rabbitmq-sharding	{rev,branch,"master","fe42a9b69dae800f6bdec4ce5a9097e50de4cffd"}
 :: Fetching repo code
$ cd "/home/pete/wefwefwef/docs/other/9744869021/rabbitmq-sharding-branch-master/rabbitmq-sharding"
$ infinity  `curl --fail --silent --show-error --location --output 'master.zip' 'https://github.com/rabbitmq/rabbitmq-sharding/archive/master.zip'  2>&1`
$ cd "/home/pete/wefwefwef/docs/erldocs_other.git"
$ cd "/home/pete/wefwefwef/docs/other/9744869021/rabbitmq-sharding-branch-master/rabbitmq-sharding"
$ 5000  `find -P . -type l -delete  2>&1`
$ cd "/home/pete/wefwefwef/docs/erldocs_other.git"
$ cd "/home/pete/wefwefwef/docs/other/9744869021/rabbitmq-sharding-branch-master/rabbitmq-sharding"
$ 5000  `find 'rabbitmq-sharding-master' -mindepth 1 -maxdepth 1 -exec mv -t . -- {} +  2>&1`
$ cd "/home/pete/wefwefwef/docs/erldocs_other.git"
 :: Getting dependencies
 :: Generating erldocs into /home/pete/wefwefwef/docs/other/9744869021/repo/master
Building rabbitmq-sharding
Generating Type Specs - "/home/pete/wefwefwef/docs/other/9744869021/rabbitmq-sharding-branch-master/rabbitmq-sharding/src/rabbit_sharding_exchange_decorator.erl"
/home/pete/wefwefwef/docs/other/9744869021/rabbitmq-sharding-branch-master/rabbitmq-sharding/src/rabbit_sharding_exchange_decorator.erl: at line 12: can't find include lib "rabbit_common/include/rabbit.hrl"
EDoc could not process file '/home/pete/wefwefwef/docs/other/9744869021/rabbitmq-sharding-branch-master/rabbitmq-sharding/src/rabbit_sharding_exchange_decorator.erl'
Error generating type specs for "/home/pete/wefwefwef/docs/other/9744869021/rabbitmq-sharding-branch-master/rabbitmq-sharding/src/rabbit_sharding_exchange_decorator.erl"
Generating Type Specs - "/home/pete/wefwefwef/docs/other/9744869021/rabbitmq-sharding-branch-master/rabbitmq-sharding/src/rabbit_sharding_exchange_type_modulus_hash.erl"
/home/pete/wefwefwef/docs/other/9744869021/rabbitmq-sharding-branch-master/rabbitmq-sharding/src/rabbit_sharding_exchange_type_modulus_hash.erl: at line 19: can't find include lib "rabbit_common/include/rabbit.hrl"
EDoc could not process file '/home/pete/wefwefwef/docs/other/9744869021/rabbitmq-sharding-branch-master/rabbitmq-sharding/src/rabbit_sharding_exchange_type_modulus_hash.erl'
Error generating type specs for "/home/pete/wefwefwef/docs/other/9744869021/rabbitmq-sharding-branch-master/rabbitmq-sharding/src/rabbit_sharding_exchange_type_modulus_hash.erl"
Generating Type Specs - "/home/pete/wefwefwef/docs/other/9744869021/rabbitmq-sharding-branch-master/rabbitmq-sharding/src/rabbit_sharding_interceptor.erl"
/home/pete/wefwefwef/docs/other/9744869021/rabbitmq-sharding-branch-master/rabbitmq-sharding/src/rabbit_sharding_interceptor.erl: at line 3: can't find include lib "rabbit_common/include/rabbit_framing.hrl"
EDoc could not process file '/home/pete/wefwefwef/docs/other/9744869021/rabbitmq-sharding-branch-master/rabbitmq-sharding/src/rabbit_sharding_interceptor.erl'
Error generating type specs for "/home/pete/wefwefwef/docs/other/9744869021/rabbitmq-sharding-branch-master/rabbitmq-sharding/src/rabbit_sharding_interceptor.erl"
Generating Type Specs - "/home/pete/wefwefwef/docs/other/9744869021/rabbitmq-sharding-branch-master/rabbitmq-sharding/src/rabbit_sharding_policy_validator.erl"
/home/pete/wefwefwef/docs/other/9744869021/rabbitmq-sharding-branch-master/rabbitmq-sharding/src/rabbit_sharding_policy_validator.erl: at line 5: can't find include lib "rabbit_common/include/rabbit.hrl"
EDoc could not process file '/home/pete/wefwefwef/docs/other/9744869021/rabbitmq-sharding-branch-master/rabbitmq-sharding/src/rabbit_sharding_policy_validator.erl'
Error generating type specs for "/home/pete/wefwefwef/docs/other/9744869021/rabbitmq-sharding-branch-master/rabbitmq-sharding/src/rabbit_sharding_policy_validator.erl"
Generating Type Specs - "/home/pete/wefwefwef/docs/other/9744869021/rabbitmq-sharding-branch-master/rabbitmq-sharding/src/rabbit_sharding_shard.erl"
/home/pete/wefwefwef/docs/other/9744869021/rabbitmq-sharding-branch-master/rabbitmq-sharding/src/rabbit_sharding_shard.erl: at line 3: can't find include lib "rabbit_common/include/rabbit.hrl"
EDoc could not process file '/home/pete/wefwefwef/docs/other/9744869021/rabbitmq-sharding-branch-master/rabbitmq-sharding/src/rabbit_sharding_shard.erl'
Error generating type specs for "/home/pete/wefwefwef/docs/other/9744869021/rabbitmq-sharding-branch-master/rabbitmq-sharding/src/rabbit_sharding_shard.erl"
Generating Type Specs - "/home/pete/wefwefwef/docs/other/9744869021/rabbitmq-sharding-branch-master/rabbitmq-sharding/src/rabbit_sharding_util.erl"
/home/pete/wefwefwef/docs/other/9744869021/rabbitmq-sharding-branch-master/rabbitmq-sharding/src/rabbit_sharding_util.erl: at line 7: can't find include lib "rabbit_common/include/rabbit.hrl"
EDoc could not process file '/home/pete/wefwefwef/docs/other/9744869021/rabbitmq-sharding-branch-master/rabbitmq-sharding/src/rabbit_sharding_util.erl'
Error generating type specs for "/home/pete/wefwefwef/docs/other/9744869021/rabbitmq-sharding-branch-master/rabbitmq-sharding/src/rabbit_sharding_util.erl"
Generating XML for application rabbitmq-sharding "/home/pete/wefwefwef/docs/other/9744869021/rabbitmq-sharding-branch-master/rabbitmq-sharding" -> "/home/pete/wefwefwef/docs/other/9744869021/repo/master/.xml/rabbitmq-sharding"
/home/pete/wefwefwef/docs/other/9744869021/rabbitmq-sharding-branch-master/rabbitmq-sharding/src/rabbit_sharding_shard.erl: at line 3: can't find include lib "rabbit_common/include/rabbit.hrl"
edoc: skipping source file '/home/pete/wefwefwef/docs/other/9744869021/rabbitmq-sharding-branch-master/rabbitmq-sharding/src/rabbit_sharding_shard.erl': {'EXIT',
                                                                                                                                                    error}.
/home/pete/wefwefwef/docs/other/9744869021/rabbitmq-sharding-branch-master/rabbitmq-sharding/src/rabbit_sharding_interceptor.erl: at line 3: can't find include lib "rabbit_common/include/rabbit_framing.hrl"
edoc: skipping source file '/home/pete/wefwefwef/docs/other/9744869021/rabbitmq-sharding-branch-master/rabbitmq-sharding/src/rabbit_sharding_interceptor.erl': {'EXIT',
                                                                                                                                                          error}.
/home/pete/wefwefwef/docs/other/9744869021/rabbitmq-sharding-branch-master/rabbitmq-sharding/src/rabbit_sharding_util.erl: at line 7: can't find include lib "rabbit_common/include/rabbit.hrl"
edoc: skipping source file '/home/pete/wefwefwef/docs/other/9744869021/rabbitmq-sharding-branch-master/rabbitmq-sharding/src/rabbit_sharding_util.erl': {'EXIT',
                                                                                                                                                   error}.
/home/pete/wefwefwef/docs/other/9744869021/rabbitmq-sharding-branch-master/rabbitmq-sharding/src/rabbit_sharding_exchange_type_modulus_hash.erl: at line 19: can't find include lib "rabbit_common/include/rabbit.hrl"
edoc: skipping source file '/home/pete/wefwefwef/docs/other/9744869021/rabbitmq-sharding-branch-master/rabbitmq-sharding/src/rabbit_sharding_exchange_type_modulus_hash.erl': {'EXIT',
                                                                                                                                                                         error}.
/home/pete/wefwefwef/docs/other/9744869021/rabbitmq-sharding-branch-master/rabbitmq-sharding/src/rabbit_sharding_policy_validator.erl: at line 5: can't find include lib "rabbit_common/include/rabbit.hrl"
edoc: skipping source file '/home/pete/wefwefwef/docs/other/9744869021/rabbitmq-sharding-branch-master/rabbitmq-sharding/src/rabbit_sharding_policy_validator.erl': {'EXIT',
                                                                                                                                                               error}.
/home/pete/wefwefwef/docs/other/9744869021/rabbitmq-sharding-branch-master/rabbitmq-sharding/src/rabbit_sharding_exchange_decorator.erl: at line 12: can't find include lib "rabbit_common/include/rabbit.hrl"
edoc: skipping source file '/home/pete/wefwefwef/docs/other/9744869021/rabbitmq-sharding-branch-master/rabbitmq-sharding/src/rabbit_sharding_exchange_decorator.erl': {'EXIT',
                                                                                                                                                                 error}.
edoc: error in doclet 'edoc_doclet': {'EXIT',error}.
Error generating rabbitmq-sharding XMLs. Using fallback ...
Generating XML rabbitmq-sharding - rabbit_sharding_exchange_decorator "/home/pete/wefwefwef/docs/other/9744869021/rabbitmq-sharding-branch-master/rabbitmq-sharding/src/rabbit_sharding_exchange_decorator.erl" -> "/home/pete/wefwefwef/docs/other/9744869021/repo/master/.xml/rabbitmq-sharding/rabbit_sharding_exchange_decorator.xml"
/home/pete/wefwefwef/docs/other/9744869021/rabbitmq-sharding-branch-master/rabbitmq-sharding/src/rabbit_sharding_exchange_decorator.erl: at line 12: can't find include lib "rabbit_common/include/rabbit.hrl"
Error generating XML ("/home/pete/wefwefwef/docs/other/9744869021/rabbitmq-sharding-branch-master/rabbitmq-sharding/src/rabbit_sharding_exchange_decorator.erl"): {'EXIT',
                                                                                                                                                                   error}
Generating XML rabbitmq-sharding - rabbit_sharding_exchange_type_modulus_hash "/home/pete/wefwefwef/docs/other/9744869021/rabbitmq-sharding-branch-master/rabbitmq-sharding/src/rabbit_sharding_exchange_type_modulus_hash.erl" -> "/home/pete/wefwefwef/docs/other/9744869021/repo/master/.xml/rabbitmq-sharding/rabbit_sharding_exchange_type_modulus_hash.xml"
/home/pete/wefwefwef/docs/other/9744869021/rabbitmq-sharding-branch-master/rabbitmq-sharding/src/rabbit_sharding_exchange_type_modulus_hash.erl: at line 19: can't find include lib "rabbit_common/include/rabbit.hrl"
Error generating XML ("/home/pete/wefwefwef/docs/other/9744869021/rabbitmq-sharding-branch-master/rabbitmq-sharding/src/rabbit_sharding_exchange_type_modulus_hash.erl"): {'EXIT',
                                                                                                                                                                           error}
Generating XML rabbitmq-sharding - rabbit_sharding_interceptor "/home/pete/wefwefwef/docs/other/9744869021/rabbitmq-sharding-branch-master/rabbitmq-sharding/src/rabbit_sharding_interceptor.erl" -> "/home/pete/wefwefwef/docs/other/9744869021/repo/master/.xml/rabbitmq-sharding/rabbit_sharding_interceptor.xml"
/home/pete/wefwefwef/docs/other/9744869021/rabbitmq-sharding-branch-master/rabbitmq-sharding/src/rabbit_sharding_interceptor.erl: at line 3: can't find include lib "rabbit_common/include/rabbit_framing.hrl"
Error generating XML ("/home/pete/wefwefwef/docs/other/9744869021/rabbitmq-sharding-branch-master/rabbitmq-sharding/src/rabbit_sharding_interceptor.erl"): {'EXIT',
                                                                                                                                                            error}
Generating XML rabbitmq-sharding - rabbit_sharding_policy_validator "/home/pete/wefwefwef/docs/other/9744869021/rabbitmq-sharding-branch-master/rabbitmq-sharding/src/rabbit_sharding_policy_validator.erl" -> "/home/pete/wefwefwef/docs/other/9744869021/repo/master/.xml/rabbitmq-sharding/rabbit_sharding_policy_validator.xml"
/home/pete/wefwefwef/docs/other/9744869021/rabbitmq-sharding-branch-master/rabbitmq-sharding/src/rabbit_sharding_policy_validator.erl: at line 5: can't find include lib "rabbit_common/include/rabbit.hrl"
Error generating XML ("/home/pete/wefwefwef/docs/other/9744869021/rabbitmq-sharding-branch-master/rabbitmq-sharding/src/rabbit_sharding_policy_validator.erl"): {'EXIT',
                                                                                                                                                                 error}
Generating XML rabbitmq-sharding - rabbit_sharding_shard "/home/pete/wefwefwef/docs/other/9744869021/rabbitmq-sharding-branch-master/rabbitmq-sharding/src/rabbit_sharding_shard.erl" -> "/home/pete/wefwefwef/docs/other/9744869021/repo/master/.xml/rabbitmq-sharding/rabbit_sharding_shard.xml"
/home/pete/wefwefwef/docs/other/9744869021/rabbitmq-sharding-branch-master/rabbitmq-sharding/src/rabbit_sharding_shard.erl: at line 3: can't find include lib "rabbit_common/include/rabbit.hrl"
Error generating XML ("/home/pete/wefwefwef/docs/other/9744869021/rabbitmq-sharding-branch-master/rabbitmq-sharding/src/rabbit_sharding_shard.erl"): {'EXIT',
                                                                                                                                                      error}
Generating XML rabbitmq-sharding - rabbit_sharding_util "/home/pete/wefwefwef/docs/other/9744869021/rabbitmq-sharding-branch-master/rabbitmq-sharding/src/rabbit_sharding_util.erl" -> "/home/pete/wefwefwef/docs/other/9744869021/repo/master/.xml/rabbitmq-sharding/rabbit_sharding_util.xml"
/home/pete/wefwefwef/docs/other/9744869021/rabbitmq-sharding-branch-master/rabbitmq-sharding/src/rabbit_sharding_util.erl: at line 7: can't find include lib "rabbit_common/include/rabbit.hrl"
Error generating XML ("/home/pete/wefwefwef/docs/other/9744869021/rabbitmq-sharding-branch-master/rabbitmq-sharding/src/rabbit_sharding_util.erl"): {'EXIT',
                                                                                                                                                     error}
No documentation was generated!
Woot, finished in 0 Minutes 0 Seconds
 :: Discovering other repos
$ 5000  `rm -r '/home/pete/wefwefwef/docs/other/9744869021/rabbitmq-sharding-branch-master'  2>&1`
 :: Erldocs finishing up
$ 5000  `rm -r '/home/pete/wefwefwef/docs/other/9744869021/rabbitmq-sharding'  2>&1`
$ 5000  `rm -r '/home/pete/wefwefwef/docs/other/9744869021/repo/bug25950'  2>&1`
$ 5000  `rm -r '/home/pete/wefwefwef/docs/other/9744869021/repo/bug26120'  2>&1`
$ 5000  `rm -r '/home/pete/wefwefwef/docs/other/9744869021/repo/master'  2>&1`
