 :: Extracting meta information
$ 5000  `git ls-remote --heads --tags 'https://github.com/ibnhatab/femto_test'  2>&1`
>>> [repo] 2 branches, 0 tags
 :: Writing meta to "/home/pete/wefwefwef/docs/other/988801184/meta.txt"
 :: Processing https://github.com/ibnhatab/femto_test	{rev,branch,"github","83eabcc1d15b152349078dd6547a00cbdc2c528b"}
 :: Fetching repo code
$ cd "/home/pete/wefwefwef/docs/other/988801184/femto_test-branch-github/femto_test"
$ infinity  `curl --fail --silent --show-error --location --output 'github.zip' 'https://github.com/ibnhatab/femto_test/archive/github.zip'  2>&1`
$ cd "/home/pete/wefwefwef/docs/erldocs_other.git"
$ cd "/home/pete/wefwefwef/docs/other/988801184/femto_test-branch-github/femto_test"
$ 5000  `find -P . -type l -delete  2>&1`
$ cd "/home/pete/wefwefwef/docs/erldocs_other.git"
$ cd "/home/pete/wefwefwef/docs/other/988801184/femto_test-branch-github/femto_test"
$ 5000  `find 'femto_test-github' -mindepth 1 -maxdepth 1 -exec mv -t . -- {} +  2>&1`
$ cd "/home/pete/wefwefwef/docs/erldocs_other.git"
 :: Getting dependencies
$ cd "/home/pete/wefwefwef/docs/other/988801184/femto_test-branch-github/femto_test"
$ infinity  `rebar --config '/home/pete/wefwefwef/docs/other/988801184/femto_test-branch-github/rebar_deps' get-deps  2>&1`
$ cd "/home/pete/wefwefwef/docs/erldocs_other.git"
$ cd "/home/pete/wefwefwef/docs/other/988801184/femto_test-branch-github/femto_test"
$ 5000  `find -P . -type l -delete  2>&1`
$ cd "/home/pete/wefwefwef/docs/erldocs_other.git"
$ cd "/home/pete/wefwefwef/docs/other/988801184/femto_test-branch-github/femto_test"
$ 5000  `ls -1 deps/  2>&1`
$ cd "/home/pete/wefwefwef/docs/erldocs_other.git"
>>> [rebar] deps = ["meck"]
 :: Generating erldocs into /home/pete/wefwefwef/docs/other/988801184/repo/github
Building femto_test
Generating Type Specs - "/home/pete/wefwefwef/docs/other/988801184/femto_test-branch-github/femto_test/src/debughelper.erl"
Generating Type Specs - "/home/pete/wefwefwef/docs/other/988801184/femto_test-branch-github/femto_test/src/eunit_fsm.erl"
/home/pete/wefwefwef/docs/other/988801184/femto_test-branch-github/femto_test/src/eunit_fsm.erl: at line 19: syntax error before: '.'
EDoc could not process file '/home/pete/wefwefwef/docs/other/988801184/femto_test-branch-github/femto_test/src/eunit_fsm.erl'
Error generating type specs for "/home/pete/wefwefwef/docs/other/988801184/femto_test-branch-github/femto_test/src/eunit_fsm.erl"
Generating Type Specs - "/home/pete/wefwefwef/docs/other/988801184/femto_test-branch-github/femto_test/src/otp_test_app.erl"
Generating Type Specs - "/home/pete/wefwefwef/docs/other/988801184/femto_test-branch-github/femto_test/src/otp_test_sup.erl"
Generating Type Specs - "/home/pete/wefwefwef/docs/other/988801184/femto_test-branch-github/femto_test/src/user_default.erl"
Generating XML for application femto_test "/home/pete/wefwefwef/docs/other/988801184/femto_test-branch-github/femto_test" -> "/home/pete/wefwefwef/docs/other/988801184/repo/github/.xml/femto_test"
/home/pete/wefwefwef/docs/other/988801184/femto_test-branch-github/femto_test/src/eunit_fsm.erl: at line 19: syntax error before: '.'
edoc: skipping source file '/home/pete/wefwefwef/docs/other/988801184/femto_test-branch-github/femto_test/src/eunit_fsm.erl': {'EXIT',
                                                                                                                         error}.
edoc: error in doclet 'edoc_doclet': {'EXIT',error}.
Error generating femto_test XMLs. Using fallback ...
Generating XML femto_test - debughelper "/home/pete/wefwefwef/docs/other/988801184/femto_test-branch-github/femto_test/src/debughelper.erl" -> "/home/pete/wefwefwef/docs/other/988801184/repo/github/.xml/femto_test/debughelper.xml"
Generating XML femto_test - eunit_fsm "/home/pete/wefwefwef/docs/other/988801184/femto_test-branch-github/femto_test/src/eunit_fsm.erl" -> "/home/pete/wefwefwef/docs/other/988801184/repo/github/.xml/femto_test/eunit_fsm.xml"
/home/pete/wefwefwef/docs/other/988801184/femto_test-branch-github/femto_test/src/eunit_fsm.erl: at line 19: syntax error before: '.'
Error generating XML ("/home/pete/wefwefwef/docs/other/988801184/femto_test-branch-github/femto_test/src/eunit_fsm.erl"): {'EXIT',
                                                                                                                           error}
Generating XML femto_test - otp_test_app "/home/pete/wefwefwef/docs/other/988801184/femto_test-branch-github/femto_test/src/otp_test_app.erl" -> "/home/pete/wefwefwef/docs/other/988801184/repo/github/.xml/femto_test/otp_test_app.xml"
Generating XML femto_test - otp_test_sup "/home/pete/wefwefwef/docs/other/988801184/femto_test-branch-github/femto_test/src/otp_test_sup.erl" -> "/home/pete/wefwefwef/docs/other/988801184/repo/github/.xml/femto_test/otp_test_sup.xml"
Generating XML femto_test - user_default "/home/pete/wefwefwef/docs/other/988801184/femto_test-branch-github/femto_test/src/user_default.erl" -> "/home/pete/wefwefwef/docs/other/988801184/repo/github/.xml/femto_test/user_default.xml"
Generating HTML - user_default "/home/pete/wefwefwef/docs/other/988801184/repo/github/.xml/femto_test/user_default.xml"
Generating HTML - otp_test_sup "/home/pete/wefwefwef/docs/other/988801184/repo/github/.xml/femto_test/otp_test_sup.xml"
Generating HTML - otp_test_app "/home/pete/wefwefwef/docs/other/988801184/repo/github/.xml/femto_test/otp_test_app.xml"
Generating HTML - debughelper "/home/pete/wefwefwef/docs/other/988801184/repo/github/.xml/femto_test/debughelper.xml"
Reading XML for "/home/pete/wefwefwef/docs/other/988801184/repo/github/.xml/femto_test/user_default.xml"
Reading XML for "/home/pete/wefwefwef/docs/other/988801184/repo/github/.xml/femto_test/otp_test_sup.xml"
Reading XML for "/home/pete/wefwefwef/docs/other/988801184/repo/github/.xml/femto_test/otp_test_app.xml"
Reading XML for "/home/pete/wefwefwef/docs/other/988801184/repo/github/.xml/femto_test/debughelper.xml"
Reading XML for "/home/pete/wefwefwef/docs/other/988801184/repo/github/.xml/specs_otp_test_app.xml"
Reading XML for "/home/pete/wefwefwef/docs/other/988801184/repo/github/.xml/specs_otp_test_sup.xml"
Reading XML for "/home/pete/wefwefwef/docs/other/988801184/repo/github/.xml/specs_debughelper.xml"
Reading XML for "/home/pete/wefwefwef/docs/other/988801184/repo/github/.xml/specs_user_default.xml"
Creating index.html ...
Creating erldocs_index.js ...
Woot, finished in 0 Minutes 0 Seconds
 :: Discovering other repos
$ 5000  `rm -r '/home/pete/wefwefwef/docs/other/988801184/femto_test-branch-github'  2>&1`
 :: Processing https://github.com/ibnhatab/femto_test	{rev,branch,"master","63bf244d70e9724d597259aa0d1370ae94fa38b0"}
 :: Fetching repo code
$ cd "/home/pete/wefwefwef/docs/other/988801184/femto_test-branch-master/femto_test"
$ infinity  `curl --fail --silent --show-error --location --output 'master.zip' 'https://github.com/ibnhatab/femto_test/archive/master.zip'  2>&1`
$ cd "/home/pete/wefwefwef/docs/erldocs_other.git"
$ cd "/home/pete/wefwefwef/docs/other/988801184/femto_test-branch-master/femto_test"
$ 5000  `find -P . -type l -delete  2>&1`
$ cd "/home/pete/wefwefwef/docs/erldocs_other.git"
$ cd "/home/pete/wefwefwef/docs/other/988801184/femto_test-branch-master/femto_test"
$ 5000  `find 'femto_test-master' -mindepth 1 -maxdepth 1 -exec mv -t . -- {} +  2>&1`
$ cd "/home/pete/wefwefwef/docs/erldocs_other.git"
 :: Getting dependencies
$ cd "/home/pete/wefwefwef/docs/other/988801184/femto_test-branch-master/femto_test"
$ infinity  `rebar --config '/home/pete/wefwefwef/docs/other/988801184/femto_test-branch-master/rebar_deps' get-deps  2>&1`
$ cd "/home/pete/wefwefwef/docs/erldocs_other.git"
$ cd "/home/pete/wefwefwef/docs/other/988801184/femto_test-branch-master/femto_test"
$ 5000  `find -P . -type l -delete  2>&1`
$ cd "/home/pete/wefwefwef/docs/erldocs_other.git"
$ cd "/home/pete/wefwefwef/docs/other/988801184/femto_test-branch-master/femto_test"
$ 5000  `ls -1 deps/  2>&1`
$ cd "/home/pete/wefwefwef/docs/erldocs_other.git"
>>> [rebar] deps = ["cecho","entop","eper","meck","proper"]
 :: Generating erldocs into /home/pete/wefwefwef/docs/other/988801184/repo/master
Building eunit_viz
Generating Type Specs - "/home/pete/wefwefwef/docs/other/988801184/femto_test-branch-master/femto_test/apps/eunit_viz/src/automata.erl"
Generating Type Specs - "/home/pete/wefwefwef/docs/other/988801184/femto_test-branch-master/femto_test/apps/eunit_viz/src/bluefringe.erl"
Generating Type Specs - "/home/pete/wefwefwef/docs/other/988801184/femto_test-branch-master/femto_test/apps/eunit_viz/src/bluefringe_apta.erl"
Generating Type Specs - "/home/pete/wefwefwef/docs/other/988801184/femto_test-branch-master/femto_test/apps/eunit_viz/src/bluefringe_dot.erl"
Generating Type Specs - "/home/pete/wefwefwef/docs/other/988801184/femto_test-branch-master/femto_test/apps/eunit_viz/src/bluefringe_merge.erl"
Generating Type Specs - "/home/pete/wefwefwef/docs/other/988801184/femto_test-branch-master/femto_test/apps/eunit_viz/src/eunit_macro_expander.erl"
Generating Type Specs - "/home/pete/wefwefwef/docs/other/988801184/femto_test-branch-master/femto_test/apps/eunit_viz/src/eunit_to_fsm.erl"
Generating Type Specs - "/home/pete/wefwefwef/docs/other/988801184/femto_test-branch-master/femto_test/apps/eunit_viz/src/eunit_tracing.erl"
Generating Type Specs - "/home/pete/wefwefwef/docs/other/988801184/femto_test-branch-master/femto_test/apps/eunit_viz/src/eunitviz_app.erl"
Generating Type Specs - "/home/pete/wefwefwef/docs/other/988801184/femto_test-branch-master/femto_test/apps/eunit_viz/src/eunitviz_sup.erl"
Generating Type Specs - "/home/pete/wefwefwef/docs/other/988801184/femto_test-branch-master/femto_test/apps/eunit_viz/src/qsm.erl"
Generating Type Specs - "/home/pete/wefwefwef/docs/other/988801184/femto_test-branch-master/femto_test/apps/eunit_viz/src/qsm_wrapper.erl"
Generating Type Specs - "/home/pete/wefwefwef/docs/other/988801184/femto_test-branch-master/femto_test/apps/eunit_viz/src/static_parser.erl"
Generating Type Specs - "/home/pete/wefwefwef/docs/other/988801184/femto_test-branch-master/femto_test/apps/eunit_viz/src/trace_runner.erl"
Generating XML for application eunit_viz "/home/pete/wefwefwef/docs/other/988801184/femto_test-branch-master/femto_test/apps/eunit_viz" -> "/home/pete/wefwefwef/docs/other/988801184/repo/master/.xml/eunit_viz"
/home/pete/wefwefwef/docs/other/988801184/femto_test-branch-master/femto_test/apps/eunit_viz/src/eunit_to_fsm.erl, function dynamic/2: at line 17: @spec arity does not match.
edoc: skipping source file '/home/pete/wefwefwef/docs/other/988801184/femto_test-branch-master/femto_test/apps/eunit_viz/src/eunit_to_fsm.erl': {'EXIT',
                                                                                                                                           error}.
edoc: error in doclet 'edoc_doclet': {'EXIT',error}.
Error generating eunit_viz XMLs. Using fallback ...
Generating XML eunit_viz - automata "/home/pete/wefwefwef/docs/other/988801184/femto_test-branch-master/femto_test/apps/eunit_viz/src/automata.erl" -> "/home/pete/wefwefwef/docs/other/988801184/repo/master/.xml/eunit_viz/automata.xml"
Generating XML eunit_viz - bluefringe "/home/pete/wefwefwef/docs/other/988801184/femto_test-branch-master/femto_test/apps/eunit_viz/src/bluefringe.erl" -> "/home/pete/wefwefwef/docs/other/988801184/repo/master/.xml/eunit_viz/bluefringe.xml"
Generating XML eunit_viz - bluefringe_apta "/home/pete/wefwefwef/docs/other/988801184/femto_test-branch-master/femto_test/apps/eunit_viz/src/bluefringe_apta.erl" -> "/home/pete/wefwefwef/docs/other/988801184/repo/master/.xml/eunit_viz/bluefringe_apta.xml"
Generating XML eunit_viz - bluefringe_dot "/home/pete/wefwefwef/docs/other/988801184/femto_test-branch-master/femto_test/apps/eunit_viz/src/bluefringe_dot.erl" -> "/home/pete/wefwefwef/docs/other/988801184/repo/master/.xml/eunit_viz/bluefringe_dot.xml"
Generating XML eunit_viz - bluefringe_merge "/home/pete/wefwefwef/docs/other/988801184/femto_test-branch-master/femto_test/apps/eunit_viz/src/bluefringe_merge.erl" -> "/home/pete/wefwefwef/docs/other/988801184/repo/master/.xml/eunit_viz/bluefringe_merge.xml"
Generating XML eunit_viz - eunit_macro_expander "/home/pete/wefwefwef/docs/other/988801184/femto_test-branch-master/femto_test/apps/eunit_viz/src/eunit_macro_expander.erl" -> "/home/pete/wefwefwef/docs/other/988801184/repo/master/.xml/eunit_viz/eunit_macro_expander.xml"
Generating XML eunit_viz - eunit_to_fsm "/home/pete/wefwefwef/docs/other/988801184/femto_test-branch-master/femto_test/apps/eunit_viz/src/eunit_to_fsm.erl" -> "/home/pete/wefwefwef/docs/other/988801184/repo/master/.xml/eunit_viz/eunit_to_fsm.xml"
/home/pete/wefwefwef/docs/other/988801184/femto_test-branch-master/femto_test/apps/eunit_viz/src/eunit_to_fsm.erl, function dynamic/2: at line 17: @spec arity does not match.
Error generating XML ("/home/pete/wefwefwef/docs/other/988801184/femto_test-branch-master/femto_test/apps/eunit_viz/src/eunit_to_fsm.erl"): {'EXIT',
                                                                                                                                             error}
Generating XML eunit_viz - eunit_tracing "/home/pete/wefwefwef/docs/other/988801184/femto_test-branch-master/femto_test/apps/eunit_viz/src/eunit_tracing.erl" -> "/home/pete/wefwefwef/docs/other/988801184/repo/master/.xml/eunit_viz/eunit_tracing.xml"
Generating XML eunit_viz - eunitviz_app "/home/pete/wefwefwef/docs/other/988801184/femto_test-branch-master/femto_test/apps/eunit_viz/src/eunitviz_app.erl" -> "/home/pete/wefwefwef/docs/other/988801184/repo/master/.xml/eunit_viz/eunitviz_app.xml"
Generating XML eunit_viz - eunitviz_sup "/home/pete/wefwefwef/docs/other/988801184/femto_test-branch-master/femto_test/apps/eunit_viz/src/eunitviz_sup.erl" -> "/home/pete/wefwefwef/docs/other/988801184/repo/master/.xml/eunit_viz/eunitviz_sup.xml"
Generating XML eunit_viz - qsm "/home/pete/wefwefwef/docs/other/988801184/femto_test-branch-master/femto_test/apps/eunit_viz/src/qsm.erl" -> "/home/pete/wefwefwef/docs/other/988801184/repo/master/.xml/eunit_viz/qsm.xml"
Generating XML eunit_viz - qsm_wrapper "/home/pete/wefwefwef/docs/other/988801184/femto_test-branch-master/femto_test/apps/eunit_viz/src/qsm_wrapper.erl" -> "/home/pete/wefwefwef/docs/other/988801184/repo/master/.xml/eunit_viz/qsm_wrapper.xml"
Generating XML eunit_viz - static_parser "/home/pete/wefwefwef/docs/other/988801184/femto_test-branch-master/femto_test/apps/eunit_viz/src/static_parser.erl" -> "/home/pete/wefwefwef/docs/other/988801184/repo/master/.xml/eunit_viz/static_parser.xml"
Generating XML eunit_viz - trace_runner "/home/pete/wefwefwef/docs/other/988801184/femto_test-branch-master/femto_test/apps/eunit_viz/src/trace_runner.erl" -> "/home/pete/wefwefwef/docs/other/988801184/repo/master/.xml/eunit_viz/trace_runner.xml"
Generating HTML - qsm_wrapper "/home/pete/wefwefwef/docs/other/988801184/repo/master/.xml/eunit_viz/qsm_wrapper.xml"
Generating HTML - eunitviz_app "/home/pete/wefwefwef/docs/other/988801184/repo/master/.xml/eunit_viz/eunitviz_app.xml"
Generating HTML - bluefringe_merge "/home/pete/wefwefwef/docs/other/988801184/repo/master/.xml/eunit_viz/bluefringe_merge.xml"
Generating HTML - automata "/home/pete/wefwefwef/docs/other/988801184/repo/master/.xml/eunit_viz/automata.xml"
Reading XML for "/home/pete/wefwefwef/docs/other/988801184/repo/master/.xml/eunit_viz/qsm_wrapper.xml"
Reading XML for "/home/pete/wefwefwef/docs/other/988801184/repo/master/.xml/eunit_viz/eunitviz_app.xml"
Reading XML for "/home/pete/wefwefwef/docs/other/988801184/repo/master/.xml/eunit_viz/bluefringe_merge.xml"
Reading XML for "/home/pete/wefwefwef/docs/other/988801184/repo/master/.xml/eunit_viz/automata.xml"
Reading XML for "/home/pete/wefwefwef/docs/other/988801184/repo/master/.xml/specs_qsm_wrapper.xml"
Generating HTML - static_parser "/home/pete/wefwefwef/docs/other/988801184/repo/master/.xml/eunit_viz/static_parser.xml"
Reading XML for "/home/pete/wefwefwef/docs/other/988801184/repo/master/.xml/specs_bluefringe_merge.xml"
Reading XML for "/home/pete/wefwefwef/docs/other/988801184/repo/master/.xml/eunit_viz/static_parser.xml"
Reading XML for "/home/pete/wefwefwef/docs/other/988801184/repo/master/.xml/specs_eunitviz_app.xml"
Generating HTML - eunit_macro_expander "/home/pete/wefwefwef/docs/other/988801184/repo/master/.xml/eunit_viz/eunit_macro_expander.xml"
Reading XML for "/home/pete/wefwefwef/docs/other/988801184/repo/master/.xml/eunit_viz/eunit_macro_expander.xml"
Generating HTML - eunitviz_sup "/home/pete/wefwefwef/docs/other/988801184/repo/master/.xml/eunit_viz/eunitviz_sup.xml"
Reading XML for "/home/pete/wefwefwef/docs/other/988801184/repo/master/.xml/specs_automata.xml"
Reading XML for "/home/pete/wefwefwef/docs/other/988801184/repo/master/.xml/eunit_viz/eunitviz_sup.xml"
Generating HTML - bluefringe "/home/pete/wefwefwef/docs/other/988801184/repo/master/.xml/eunit_viz/bluefringe.xml"
Reading XML for "/home/pete/wefwefwef/docs/other/988801184/repo/master/.xml/eunit_viz/bluefringe.xml"
Reading XML for "/home/pete/wefwefwef/docs/other/988801184/repo/master/.xml/specs_static_parser.xml"
Generating HTML - trace_runner "/home/pete/wefwefwef/docs/other/988801184/repo/master/.xml/eunit_viz/trace_runner.xml"
Reading XML for "/home/pete/wefwefwef/docs/other/988801184/repo/master/.xml/eunit_viz/trace_runner.xml"
Reading XML for "/home/pete/wefwefwef/docs/other/988801184/repo/master/.xml/specs_eunit_macro_expander.xml"
Generating HTML - eunit_tracing "/home/pete/wefwefwef/docs/other/988801184/repo/master/.xml/eunit_viz/eunit_tracing.xml"
Reading XML for "/home/pete/wefwefwef/docs/other/988801184/repo/master/.xml/eunit_viz/eunit_tracing.xml"
Reading XML for "/home/pete/wefwefwef/docs/other/988801184/repo/master/.xml/specs_bluefringe.xml"
Generating HTML - bluefringe_apta "/home/pete/wefwefwef/docs/other/988801184/repo/master/.xml/eunit_viz/bluefringe_apta.xml"
Reading XML for "/home/pete/wefwefwef/docs/other/988801184/repo/master/.xml/eunit_viz/bluefringe_apta.xml"
Reading XML for "/home/pete/wefwefwef/docs/other/988801184/repo/master/.xml/specs_eunitviz_sup.xml"
Generating HTML - qsm "/home/pete/wefwefwef/docs/other/988801184/repo/master/.xml/eunit_viz/qsm.xml"
Reading XML for "/home/pete/wefwefwef/docs/other/988801184/repo/master/.xml/eunit_viz/qsm.xml"
Reading XML for "/home/pete/wefwefwef/docs/other/988801184/repo/master/.xml/specs_trace_runner.xml"
Reading XML for "/home/pete/wefwefwef/docs/other/988801184/repo/master/.xml/specs_eunit_tracing.xml"
Reading XML for "/home/pete/wefwefwef/docs/other/988801184/repo/master/.xml/specs_bluefringe_apta.xml"
Generating HTML - bluefringe_dot "/home/pete/wefwefwef/docs/other/988801184/repo/master/.xml/eunit_viz/bluefringe_dot.xml"
Reading XML for "/home/pete/wefwefwef/docs/other/988801184/repo/master/.xml/eunit_viz/bluefringe_dot.xml"
Reading XML for "/home/pete/wefwefwef/docs/other/988801184/repo/master/.xml/specs_qsm.xml"
Reading XML for "/home/pete/wefwefwef/docs/other/988801184/repo/master/.xml/specs_bluefringe_dot.xml"
Building eunit_tools
Generating Type Specs - "/home/pete/wefwefwef/docs/other/988801184/femto_test-branch-master/femto_test/apps/eunit_tools/src/eunit_fsm.erl"
/home/pete/wefwefwef/docs/other/988801184/femto_test-branch-master/femto_test/apps/eunit_tools/src/eunit_fsm.erl: at line 20: syntax error before: '.'
EDoc could not process file '/home/pete/wefwefwef/docs/other/988801184/femto_test-branch-master/femto_test/apps/eunit_tools/src/eunit_fsm.erl'
Error generating type specs for "/home/pete/wefwefwef/docs/other/988801184/femto_test-branch-master/femto_test/apps/eunit_tools/src/eunit_fsm.erl"
Generating Type Specs - "/home/pete/wefwefwef/docs/other/988801184/femto_test-branch-master/femto_test/apps/eunit_tools/src/eunit_tools_app.erl"
Generating Type Specs - "/home/pete/wefwefwef/docs/other/988801184/femto_test-branch-master/femto_test/apps/eunit_tools/src/eunit_tools_sup.erl"
Generating Type Specs - "/home/pete/wefwefwef/docs/other/988801184/femto_test-branch-master/femto_test/apps/eunit_tools/src/user_default.erl"
Generating XML for application eunit_tools "/home/pete/wefwefwef/docs/other/988801184/femto_test-branch-master/femto_test/apps/eunit_tools" -> "/home/pete/wefwefwef/docs/other/988801184/repo/master/.xml/eunit_tools"
/home/pete/wefwefwef/docs/other/988801184/femto_test-branch-master/femto_test/apps/eunit_tools/src/eunit_fsm.erl: at line 20: syntax error before: '.'
edoc: skipping source file '/home/pete/wefwefwef/docs/other/988801184/femto_test-branch-master/femto_test/apps/eunit_tools/src/eunit_fsm.erl': {'EXIT',
                                                                                                                                          error}.
edoc: error in doclet 'edoc_doclet': {'EXIT',error}.
Error generating eunit_tools XMLs. Using fallback ...
Generating XML eunit_tools - eunit_fsm "/home/pete/wefwefwef/docs/other/988801184/femto_test-branch-master/femto_test/apps/eunit_tools/src/eunit_fsm.erl" -> "/home/pete/wefwefwef/docs/other/988801184/repo/master/.xml/eunit_tools/eunit_fsm.xml"
/home/pete/wefwefwef/docs/other/988801184/femto_test-branch-master/femto_test/apps/eunit_tools/src/eunit_fsm.erl: at line 20: syntax error before: '.'
Error generating XML ("/home/pete/wefwefwef/docs/other/988801184/femto_test-branch-master/femto_test/apps/eunit_tools/src/eunit_fsm.erl"): {'EXIT',
                                                                                                                                            error}
Generating XML eunit_tools - eunit_tools_app "/home/pete/wefwefwef/docs/other/988801184/femto_test-branch-master/femto_test/apps/eunit_tools/src/eunit_tools_app.erl" -> "/home/pete/wefwefwef/docs/other/988801184/repo/master/.xml/eunit_tools/eunit_tools_app.xml"
Generating XML eunit_tools - eunit_tools_sup "/home/pete/wefwefwef/docs/other/988801184/femto_test-branch-master/femto_test/apps/eunit_tools/src/eunit_tools_sup.erl" -> "/home/pete/wefwefwef/docs/other/988801184/repo/master/.xml/eunit_tools/eunit_tools_sup.xml"
Generating XML eunit_tools - user_default "/home/pete/wefwefwef/docs/other/988801184/femto_test-branch-master/femto_test/apps/eunit_tools/src/user_default.erl" -> "/home/pete/wefwefwef/docs/other/988801184/repo/master/.xml/eunit_tools/user_default.xml"
Generating HTML - eunit_tools_app "/home/pete/wefwefwef/docs/other/988801184/repo/master/.xml/eunit_tools/eunit_tools_app.xml"
Reading XML for "/home/pete/wefwefwef/docs/other/988801184/repo/master/.xml/eunit_tools/eunit_tools_app.xml"
Reading XML for "/home/pete/wefwefwef/docs/other/988801184/repo/master/.xml/specs_eunit_tools_app.xml"
Generating HTML - eunit_tools_sup "/home/pete/wefwefwef/docs/other/988801184/repo/master/.xml/eunit_tools/eunit_tools_sup.xml"
Reading XML for "/home/pete/wefwefwef/docs/other/988801184/repo/master/.xml/eunit_tools/eunit_tools_sup.xml"
Reading XML for "/home/pete/wefwefwef/docs/other/988801184/repo/master/.xml/specs_eunit_tools_sup.xml"
Generating HTML - user_default "/home/pete/wefwefwef/docs/other/988801184/repo/master/.xml/eunit_tools/user_default.xml"
Reading XML for "/home/pete/wefwefwef/docs/other/988801184/repo/master/.xml/eunit_tools/user_default.xml"
Reading XML for "/home/pete/wefwefwef/docs/other/988801184/repo/master/.xml/specs_user_default.xml"
Building femto_test
Generating XML for application femto_test "/home/pete/wefwefwef/docs/other/988801184/femto_test-branch-master/femto_test" -> "/home/pete/wefwefwef/docs/other/988801184/repo/master/.xml/femto_test"
/home/pete/wefwefwef/docs/other/988801184/femto_test-branch-master/femto_test/apps/eunit_viz/src/eunit_to_fsm.erl, function dynamic/2: at line 17: @spec arity does not match.
edoc: skipping source file '/home/pete/wefwefwef/docs/other/988801184/femto_test-branch-master/femto_test/apps/eunit_viz/src/eunit_to_fsm.erl': {'EXIT',
                                                                                                                                           error}.
/home/pete/wefwefwef/docs/other/988801184/femto_test-branch-master/femto_test/apps/eunit_viz/eqc/trace_runner_eqc.erl: at line 8: can't find include lib "eqc/include/eqc.hrl"
edoc: skipping source file '/home/pete/wefwefwef/docs/other/988801184/femto_test-branch-master/femto_test/apps/eunit_viz/eqc/trace_runner_eqc.erl': {'EXIT',
                                                                                                                                               error}.
/home/pete/wefwefwef/docs/other/988801184/femto_test-branch-master/femto_test/apps/eunit_viz/eqc/rfsa_eqc.erl: at line 8: can't find include lib "eqc/include/eqc.hrl"
edoc: skipping source file '/home/pete/wefwefwef/docs/other/988801184/femto_test-branch-master/femto_test/apps/eunit_viz/eqc/rfsa_eqc.erl': {'EXIT',
                                                                                                                                       error}.
/home/pete/wefwefwef/docs/other/988801184/femto_test-branch-master/femto_test/apps/eunit_viz/test/prop_frequency.erl: at line 11: can't find include lib "eqc/include/eqc.hrl"
edoc: skipping source file '/home/pete/wefwefwef/docs/other/988801184/femto_test-branch-master/femto_test/apps/eunit_viz/test/prop_frequency.erl': {'EXIT',
                                                                                                                                              error}.
/home/pete/wefwefwef/docs/other/988801184/femto_test-branch-master/femto_test/apps/eunit_tools/src/eunit_fsm.erl: at line 20: syntax error before: '.'
edoc: skipping source file '/home/pete/wefwefwef/docs/other/988801184/femto_test-branch-master/femto_test/apps/eunit_tools/src/eunit_fsm.erl': {'EXIT',
                                                                                                                                          error}.
/home/pete/wefwefwef/docs/other/988801184/femto_test-branch-master/femto_test/deps/cecho/src/cecho.erl: at line 23: can't find include file "include/cecho.hrl"
edoc: skipping source file '/home/pete/wefwefwef/docs/other/988801184/femto_test-branch-master/femto_test/deps/cecho/src/cecho.erl': {'EXIT',
                                                                                                                                error}.
/home/pete/wefwefwef/docs/other/988801184/femto_test-branch-master/femto_test/deps/proper/src/proper_types.erl: at line 26: can't find include file "compile_flags.hrl"
edoc: skipping source file '/home/pete/wefwefwef/docs/other/988801184/femto_test-branch-master/femto_test/deps/proper/src/proper_types.erl': {'EXIT',
                                                                                                                                        error}.
/home/pete/wefwefwef/docs/other/988801184/femto_test-branch-master/femto_test/deps/proper/src/proper_typeserver.erl: at line 26: can't find include file "compile_flags.hrl"
edoc: skipping source file '/home/pete/wefwefwef/docs/other/988801184/femto_test-branch-master/femto_test/deps/proper/src/proper_typeserver.erl': {'EXIT',
                                                                                                                                             error}.
/home/pete/wefwefwef/docs/other/988801184/femto_test-branch-master/femto_test/deps/proper/src/vararg.erl: at line 26: can't find include file "compile_flags.hrl"
edoc: skipping source file '/home/pete/wefwefwef/docs/other/988801184/femto_test-branch-master/femto_test/deps/proper/src/vararg.erl': {'EXIT',
                                                                                                                                  error}.
/home/pete/wefwefwef/docs/other/988801184/femto_test-branch-master/femto_test/deps/proper/src/proper_symb.erl: at line 26: can't find include file "compile_flags.hrl"
edoc: skipping source file '/home/pete/wefwefwef/docs/other/988801184/femto_test-branch-master/femto_test/deps/proper/src/proper_symb.erl': {'EXIT',
                                                                                                                                       error}.
/home/pete/wefwefwef/docs/other/988801184/femto_test-branch-master/femto_test/deps/proper/src/proper_queue.erl: at line 26: can't find include file "compile_flags.hrl"
edoc: skipping source file '/home/pete/wefwefwef/docs/other/988801184/femto_test-branch-master/femto_test/deps/proper/src/proper_queue.erl': {'EXIT',
                                                                                                                                        error}.
/home/pete/wefwefwef/docs/other/988801184/femto_test-branch-master/femto_test/deps/proper/src/proper_gen.erl: at line 26: can't find include file "compile_flags.hrl"
edoc: skipping source file '/home/pete/wefwefwef/docs/other/988801184/femto_test-branch-master/femto_test/deps/proper/src/proper_gen.erl': {'EXIT',
                                                                                                                                      error}.
/home/pete/wefwefwef/docs/other/988801184/femto_test-branch-master/femto_test/deps/proper/src/proper_unicode.erl, function unicode_codepoint/1: at line 47: warning: tag @private_type not recognized.
/home/pete/wefwefwef/docs/other/988801184/femto_test-branch-master/femto_test/deps/proper/src/proper_unicode.erl, function unicode_codepoint/1: at line 48: warning: tag @alias not recognized.
/home/pete/wefwefwef/docs/other/988801184/femto_test-branch-master/femto_test/deps/proper/src/proper_arith.erl: at line 26: can't find include file "compile_flags.hrl"
edoc: skipping source file '/home/pete/wefwefwef/docs/other/988801184/femto_test-branch-master/femto_test/deps/proper/src/proper_arith.erl': {'EXIT',
                                                                                                                                        error}.
/home/pete/wefwefwef/docs/other/988801184/femto_test-branch-master/femto_test/deps/proper/src/proper_fsm.erl: at line 26: can't find include file "compile_flags.hrl"
edoc: skipping source file '/home/pete/wefwefwef/docs/other/988801184/femto_test-branch-master/femto_test/deps/proper/src/proper_fsm.erl': {'EXIT',
                                                                                                                                      error}.
/home/pete/wefwefwef/docs/other/988801184/femto_test-branch-master/femto_test/deps/proper/src/proper_shrink.erl: at line 26: can't find include file "compile_flags.hrl"
edoc: skipping source file '/home/pete/wefwefwef/docs/other/988801184/femto_test-branch-master/femto_test/deps/proper/src/proper_shrink.erl': {'EXIT',
                                                                                                                                         error}.
/home/pete/wefwefwef/docs/other/988801184/femto_test-branch-master/femto_test/deps/proper/src/proper_array.erl: at line 26: can't find include file "compile_flags.hrl"
edoc: skipping source file '/home/pete/wefwefwef/docs/other/988801184/femto_test-branch-master/femto_test/deps/proper/src/proper_array.erl': {'EXIT',
                                                                                                                                        error}.
/home/pete/wefwefwef/docs/other/988801184/femto_test-branch-master/femto_test/deps/proper/src/proper_transformer.erl: at line 26: can't find include file "compile_flags.hrl"
edoc: skipping source file '/home/pete/wefwefwef/docs/other/988801184/femto_test-branch-master/femto_test/deps/proper/src/proper_transformer.erl': {'EXIT',
                                                                                                                                              error}.
/home/pete/wefwefwef/docs/other/988801184/femto_test-branch-master/femto_test/deps/proper/src/proper_gb_trees.erl: at line 26: can't find include file "compile_flags.hrl"
edoc: skipping source file '/home/pete/wefwefwef/docs/other/988801184/femto_test-branch-master/femto_test/deps/proper/src/proper_gb_trees.erl': {'EXIT',
                                                                                                                                           error}.
/home/pete/wefwefwef/docs/other/988801184/femto_test-branch-master/femto_test/deps/proper/src/proper_orddict.erl: at line 26: can't find include file "compile_flags.hrl"
edoc: skipping source file '/home/pete/wefwefwef/docs/other/988801184/femto_test-branch-master/femto_test/deps/proper/src/proper_orddict.erl': {'EXIT',
                                                                                                                                          error}.
/home/pete/wefwefwef/docs/other/988801184/femto_test-branch-master/femto_test/deps/proper/src/proper_sets.erl: at line 26: can't find include file "compile_flags.hrl"
edoc: skipping source file '/home/pete/wefwefwef/docs/other/988801184/femto_test-branch-master/femto_test/deps/proper/src/proper_sets.erl': {'EXIT',
                                                                                                                                       error}.
/home/pete/wefwefwef/docs/other/988801184/femto_test-branch-master/femto_test/deps/proper/src/proper_prop_remover.erl: at line 26: can't find include file "compile_flags.hrl"
edoc: skipping source file '/home/pete/wefwefwef/docs/other/988801184/femto_test-branch-master/femto_test/deps/proper/src/proper_prop_remover.erl': {'EXIT',
                                                                                                                                               error}.
/home/pete/wefwefwef/docs/other/988801184/femto_test-branch-master/femto_test/deps/proper/src/proper_gb_sets.erl: at line 26: can't find include file "compile_flags.hrl"
edoc: skipping source file '/home/pete/wefwefwef/docs/other/988801184/femto_test-branch-master/femto_test/deps/proper/src/proper_gb_sets.erl': {'EXIT',
                                                                                                                                          error}.
/home/pete/wefwefwef/docs/other/988801184/femto_test-branch-master/femto_test/deps/proper/src/proper.erl: at line 26: can't find include file "compile_flags.hrl"
edoc: skipping source file '/home/pete/wefwefwef/docs/other/988801184/femto_test-branch-master/femto_test/deps/proper/src/proper.erl': {'EXIT',
                                                                                                                                  error}.
/home/pete/wefwefwef/docs/other/988801184/femto_test-branch-master/femto_test/deps/proper/src/proper_ordsets.erl: at line 26: can't find include file "compile_flags.hrl"
edoc: skipping source file '/home/pete/wefwefwef/docs/other/988801184/femto_test-branch-master/femto_test/deps/proper/src/proper_ordsets.erl': {'EXIT',
                                                                                                                                          error}.
/home/pete/wefwefwef/docs/other/988801184/femto_test-branch-master/femto_test/deps/proper/src/proper_statem.erl: at line 26: can't find include file "compile_flags.hrl"
edoc: skipping source file '/home/pete/wefwefwef/docs/other/988801184/femto_test-branch-master/femto_test/deps/proper/src/proper_statem.erl': {'EXIT',
                                                                                                                                         error}.
/home/pete/wefwefwef/docs/other/988801184/femto_test-branch-master/femto_test/deps/proper/src/proper_dict.erl: at line 26: can't find include file "compile_flags.hrl"
edoc: skipping source file '/home/pete/wefwefwef/docs/other/988801184/femto_test-branch-master/femto_test/deps/proper/src/proper_dict.erl': {'EXIT',
                                                                                                                                       error}.
edoc: error in layout 'docgen_edoc_xml_cb': {'EXIT',
                                       {function_clause,
                                        [{docgen_edoc_xml_cb,t_type,
                                          [[{xmlElement,binary,[],[],
                                             {xmlNamespace,[],[]},
                                             [{type,1},{tuple,...},{...}|...],
                                             1,
                                             [{...}],
                                             [],...}]],
                                          [{file,"docgen_edoc_xml_cb.erl"},
                                           {line,1003}]},
                                         {docgen_edoc_xml_cb,seq,4,
                                          [{file,"docgen_edoc_xml_cb.erl"},
                                           {line,1116}]},
                                         {docgen_edoc_xml_cb,t_tuple,1,
                                          [{file,"docgen_edoc_xml_cb.erl"},
                                           {line,1059}]},
                                         {docgen_edoc_xml_cb,t_fun,1,
                                          [{file,"docgen_edoc_xml_cb.erl"},
                                           {line,1063}]},
                                         {docgen_edoc_xml_cb,funcheader,1,
                                          [{file,"docgen_edoc_xml_cb.erl"},
                                           {line,827}]},
                                         {docgen_edoc_xml_cb,function,2,
                                          [{file,"docgen_edoc_xml_cb.erl"},
                                           {line,769}]},
                                         {lists,flatmap,2,
                                          [{file,"lists.erl"},{line,1248}]},
                                         {lists,flatmap,2,
                                          [{file,[...]},{line,...}]}]}}.
edoc: error in doclet 'edoc_doclet': {'EXIT',error}.
Error generating femto_test XMLs. Using fallback ...
Creating index.html ...
Creating erldocs_index.js ...
Woot, finished in 0 Minutes 5 Seconds
 :: Discovering other repos
$ 5000  `rm -r '/home/pete/wefwefwef/docs/other/988801184/femto_test-branch-master'  2>&1`
 :: Erldocs finishing up
$ 5000  `rm -r '/home/pete/wefwefwef/docs/other/988801184/femto_test'  2>&1`
