 :: Extracting meta information
$ 5000  `git ls-remote --heads --tags 'https://github.com/hyperthunk/libtest'  2>&1`
>>> [repo] 1 branches, 0 tags
 :: Writing meta to "/home/pete/wefwefwef/docs/other/1956962287/meta.txt"
 :: Processing https://github.com/hyperthunk/libtest	{rev,branch,"master","754d8252672ad79b681b8379ba380b906d62b79f",undefined,[],[]}
 :: Fetching repo code
$ cd "/home/pete/wefwefwef/docs/other/1956962287/libtest-branch-master/libtest"
$ infinity  `curl --fail --silent --show-error --location --output 'master.zip' 'https://github.com/hyperthunk/libtest/archive/master.zip'  2>&1`
$ cd "/home/pete/wefwefwef/docs/erldocs_other.git"
$ cd "/home/pete/wefwefwef/docs/other/1956962287/libtest-branch-master/libtest"
$ 5000  `find -P . -type l -delete  2>&1`
$ cd "/home/pete/wefwefwef/docs/erldocs_other.git"
$ cd "/home/pete/wefwefwef/docs/other/1956962287/libtest-branch-master/libtest"
$ 5000  `find 'libtest-master' -mindepth 1 -maxdepth 1 -exec mv -t . -- {} +  2>&1`
$ cd "/home/pete/wefwefwef/docs/erldocs_other.git"
 :: Getting dependencies
$ cd "/home/pete/wefwefwef/docs/other/1956962287/libtest-branch-master/libtest"
$ infinity  `rebar --config '/home/pete/wefwefwef/docs/other/1956962287/libtest-branch-master/rebar_deps' get-deps  2>&1`
$ cd "/home/pete/wefwefwef/docs/erldocs_other.git"
$ cd "/home/pete/wefwefwef/docs/other/1956962287/libtest-branch-master/libtest"
$ 5000  `find -P . -type l -delete  2>&1`
$ cd "/home/pete/wefwefwef/docs/erldocs_other.git"
$ cd "/home/pete/wefwefwef/docs/other/1956962287/libtest-branch-master/libtest"
$ 5000  `ls -1 deps/  2>&1`
$ cd "/home/pete/wefwefwef/docs/erldocs_other.git"
>>> [rebar] deps = ["gen_server2","hamcrest"]
$ cd "/home/pete/wefwefwef/docs/other/1956962287/libtest-branch-master/libtest"
$ infinity  `git submodule update --init --recursive  2>&1`
$ cd "/home/pete/wefwefwef/docs/erldocs_other.git"
 :: Generating erldocs into /home/pete/wefwefwef/docs/other/1956962287/repo/master
Building libtest
Generating Type Specs - "/home/pete/wefwefwef/docs/other/1956962287/libtest-branch-master/libtest/src/libtest.erl"
EDoc could not process file '/home/pete/wefwefwef/docs/other/1956962287/libtest-branch-master/libtest/src/libtest.erl'
Error generating type specs for "/home/pete/wefwefwef/docs/other/1956962287/libtest-branch-master/libtest/src/libtest.erl"
Generating XML for application libtest "/home/pete/wefwefwef/docs/other/1956962287/libtest-branch-master/libtest" -> "/home/pete/wefwefwef/docs/other/1956962287/repo/master/.xml/libtest"
/home/pete/wefwefwef/docs/other/1956962287/libtest-branch-master/libtest/src/libtest/collector.erl: at line 34: syntax error before: '.'
edoc: skipping source file '/home/pete/wefwefwef/docs/other/1956962287/libtest-branch-master/libtest/src/libtest/collector.erl': {'EXIT',
                                                                                                                            error}.
/home/pete/wefwefwef/docs/other/1956962287/libtest-branch-master/libtest/src/libtest/matchers.erl: at line 32: syntax error before: '.'
edoc: skipping source file '/home/pete/wefwefwef/docs/other/1956962287/libtest-branch-master/libtest/src/libtest/matchers.erl': {'EXIT',
                                                                                                                           error}.
/home/pete/wefwefwef/docs/other/1956962287/libtest-branch-master/libtest/src/libtest.erl, in module header: at line 27: error in XML parser: {system_limit,[{ets,new,[rules,[set|...]],[]},
                                    {xmerl_scan,initial_state,2,[{...}|...]},
                                    {xmerl_scan,int_string,4,[...]},
                                    {xmerl_scan,string,2,...},
                                    {edoc_wiki,parse_xml_1,...},
                                    {edoc_wiki,...},
                                    {...}|...]}.
edoc: skipping source file '/home/pete/wefwefwef/docs/other/1956962287/libtest-branch-master/libtest/src/libtest.erl': {'EXIT',
                                                                                                                  error}.
edoc: error in doclet 'edoc_doclet': {'EXIT',error}.
Error generating libtest XMLs. Using fallback ...
Generating XML libtest - libtest "/home/pete/wefwefwef/docs/other/1956962287/libtest-branch-master/libtest/src/libtest.erl" -> "/home/pete/wefwefwef/docs/other/1956962287/repo/master/.xml/libtest/libtest.xml"
/home/pete/wefwefwef/docs/other/1956962287/libtest-branch-master/libtest/src/libtest.erl, in module header: at line 27: error in XML parser: {system_limit,[{ets,new,[rules,[set|...]],[]},
                                    {xmerl_scan,initial_state,2,[{...}|...]},
                                    {xmerl_scan,int_string,4,[...]},
                                    {xmerl_scan,string,2,...},
                                    {edoc_wiki,parse_xml_1,...},
                                    {edoc_wiki,...},
                                    {...}|...]}.
Error generating XML ("/home/pete/wefwefwef/docs/other/1956962287/libtest-branch-master/libtest/src/libtest.erl"): {'EXIT',
                                                                                                                    error}
No documentation was generated!
Woot, finished in 0 Minutes 0 Seconds
 :: Discovering other repos
$ 5000  `rm -r '/home/pete/wefwefwef/docs/other/1956962287/libtest-branch-master'  2>&1`
 :: Finishing up
$ 5000  `rm -r '/home/pete/wefwefwef/docs/other/1956962287/libtest'  2>&1`
$ 5000  `rm -r '/home/pete/wefwefwef/docs/other/1956962287/repo/master'  2>&1`
