 :: Extracting meta information
$ 5000  `git ls-remote --heads --tags 'https://github.com/bharendt/estub'  2>&1`
>>> [repo] 2 branches, 3 tags
 :: Writing meta to "/home/pete/wefwefwef/docs/other/8130332635/meta.txt"
 :: Processing https://github.com/bharendt/estub	{rev,tag,"v0.3","56442c8ca5e28e62398018b2220570c0a71bcf54",undefined,[],[]}
 :: Fetching repo code
$ cd "/home/pete/wefwefwef/docs/other/8130332635/estub-tag-v0.3/estub"
$ infinity  `curl --fail --silent --show-error --location --output 'v0.3.zip' 'https://github.com/bharendt/estub/archive/v0.3.zip'  2>&1`
$ cd "/home/pete/wefwefwef/docs/erldocs_other.git"
$ cd "/home/pete/wefwefwef/docs/other/8130332635/estub-tag-v0.3/estub"
$ 5000  `find -P . -type l -delete  2>&1`
$ cd "/home/pete/wefwefwef/docs/erldocs_other.git"
$ cd "/home/pete/wefwefwef/docs/other/8130332635/estub-tag-v0.3/estub"
$ 5000  `find 'estub-0.3' -mindepth 1 -maxdepth 1 -exec mv -t . -- {} +  2>&1`
$ cd "/home/pete/wefwefwef/docs/erldocs_other.git"
 :: Getting dependencies
$ cd "/home/pete/wefwefwef/docs/other/8130332635/estub-tag-v0.3/estub"
$ 5000  `ls -1 deps/  2>&1`
$ cd "/home/pete/wefwefwef/docs/erldocs_other.git"
>>> [rebar] deps = []
 :: Generating erldocs into /home/pete/wefwefwef/docs/other/8130332635/repo/v0.3
Building estub
Generating Type Specs - "/home/pete/wefwefwef/docs/other/8130332635/estub-tag-v0.3/estub/src/estub.erl"
/home/pete/wefwefwef/docs/other/8130332635/estub-tag-v0.3/estub/src/estub.erl: at line 129: syntax error before: '.'
EDoc could not process file '/home/pete/wefwefwef/docs/other/8130332635/estub-tag-v0.3/estub/src/estub.erl'
Error generating type specs for "/home/pete/wefwefwef/docs/other/8130332635/estub-tag-v0.3/estub/src/estub.erl"
Generating Type Specs - "/home/pete/wefwefwef/docs/other/8130332635/estub-tag-v0.3/estub/src/estub_mocked_gen_fsm.erl"
Generating Type Specs - "/home/pete/wefwefwef/docs/other/8130332635/estub-tag-v0.3/estub/src/estub_mocked_gen_server.erl"
Generating XML for application estub "/home/pete/wefwefwef/docs/other/8130332635/estub-tag-v0.3/estub" -> "/home/pete/wefwefwef/docs/other/8130332635/repo/v0.3/.xml/estub"
/home/pete/wefwefwef/docs/other/8130332635/estub-tag-v0.3/estub/src/estub.erl: at line 129: syntax error before: '.'
edoc: skipping source file '/home/pete/wefwefwef/docs/other/8130332635/estub-tag-v0.3/estub/src/estub.erl': {'EXIT',
                                                                                                       error}.
edoc: error in doclet 'edoc_doclet': {'EXIT',error}.
Error generating estub XMLs. Using fallback ...
Generating XML estub - estub "/home/pete/wefwefwef/docs/other/8130332635/estub-tag-v0.3/estub/src/estub.erl" -> "/home/pete/wefwefwef/docs/other/8130332635/repo/v0.3/.xml/estub/estub.xml"
/home/pete/wefwefwef/docs/other/8130332635/estub-tag-v0.3/estub/src/estub.erl: at line 129: syntax error before: '.'
Error generating XML ("/home/pete/wefwefwef/docs/other/8130332635/estub-tag-v0.3/estub/src/estub.erl"): {'EXIT',
                                                                                                         error}
Generating XML estub - estub_mocked_gen_fsm "/home/pete/wefwefwef/docs/other/8130332635/estub-tag-v0.3/estub/src/estub_mocked_gen_fsm.erl" -> "/home/pete/wefwefwef/docs/other/8130332635/repo/v0.3/.xml/estub/estub_mocked_gen_fsm.xml"
Generating XML estub - estub_mocked_gen_server "/home/pete/wefwefwef/docs/other/8130332635/estub-tag-v0.3/estub/src/estub_mocked_gen_server.erl" -> "/home/pete/wefwefwef/docs/other/8130332635/repo/v0.3/.xml/estub/estub_mocked_gen_server.xml"
Generating HTML - estub_mocked_gen_fsm "/home/pete/wefwefwef/docs/other/8130332635/repo/v0.3/.xml/estub/estub_mocked_gen_fsm.xml"
Reading XML for "/home/pete/wefwefwef/docs/other/8130332635/repo/v0.3/.xml/estub/estub_mocked_gen_fsm.xml"
Reading XML for "/home/pete/wefwefwef/docs/other/8130332635/repo/v0.3/.xml/specs_estub_mocked_gen_fsm.xml"
Generating HTML - estub_mocked_gen_server "/home/pete/wefwefwef/docs/other/8130332635/repo/v0.3/.xml/estub/estub_mocked_gen_server.xml"
Reading XML for "/home/pete/wefwefwef/docs/other/8130332635/repo/v0.3/.xml/estub/estub_mocked_gen_server.xml"
Reading XML for "/home/pete/wefwefwef/docs/other/8130332635/repo/v0.3/.xml/specs_estub_mocked_gen_server.xml"
Creating index.html ...
Creating erldocs_index.js ...
Woot, finished in 0 Minutes 0 Seconds
 :: Discovering other repos
$ 5000  `rm -r '/home/pete/wefwefwef/docs/other/8130332635/estub-tag-v0.3'  2>&1`
 :: Processing https://github.com/bharendt/estub	{rev,tag,"0.2","ae0c0c7ed0ce6ccc41c28c5cae68add3ea06b1a1",undefined,[],[]}
 :: Fetching repo code
$ cd "/home/pete/wefwefwef/docs/other/8130332635/estub-tag-0.2/estub"
$ infinity  `curl --fail --silent --show-error --location --output '0.2.zip' 'https://github.com/bharendt/estub/archive/0.2.zip'  2>&1`
$ cd "/home/pete/wefwefwef/docs/erldocs_other.git"
$ cd "/home/pete/wefwefwef/docs/other/8130332635/estub-tag-0.2/estub"
$ 5000  `find -P . -type l -delete  2>&1`
$ cd "/home/pete/wefwefwef/docs/erldocs_other.git"
$ cd "/home/pete/wefwefwef/docs/other/8130332635/estub-tag-0.2/estub"
$ 5000  `find 'estub-0.2' -mindepth 1 -maxdepth 1 -exec mv -t . -- {} +  2>&1`
$ cd "/home/pete/wefwefwef/docs/erldocs_other.git"
 :: Getting dependencies
 :: Generating erldocs into /home/pete/wefwefwef/docs/other/8130332635/repo/0.2
Building estub
Generating Type Specs - "/home/pete/wefwefwef/docs/other/8130332635/estub-tag-0.2/estub/src/autoload.erl"
Generating Type Specs - "/home/pete/wefwefwef/docs/other/8130332635/estub-tag-0.2/estub/src/code_monitor.erl"
Generating Type Specs - "/home/pete/wefwefwef/docs/other/8130332635/estub-tag-0.2/estub/src/eunit.erl"
Generating Type Specs - "/home/pete/wefwefwef/docs/other/8130332635/estub-tag-0.2/estub/src/eunit_autoexport.erl"
Generating Type Specs - "/home/pete/wefwefwef/docs/other/8130332635/estub-tag-0.2/estub/src/eunit_data.erl"
/home/pete/wefwefwef/docs/other/8130332635/estub-tag-0.2/estub/src/eunit_data.erl: at line 701: syntax error before: '.'
EDoc could not process file '/home/pete/wefwefwef/docs/other/8130332635/estub-tag-0.2/estub/src/eunit_data.erl'
Error generating type specs for "/home/pete/wefwefwef/docs/other/8130332635/estub-tag-0.2/estub/src/eunit_data.erl"
Generating Type Specs - "/home/pete/wefwefwef/docs/other/8130332635/estub-tag-0.2/estub/src/eunit_lib.erl"
/home/pete/wefwefwef/docs/other/8130332635/estub-tag-0.2/estub/src/eunit_lib.erl: at line 282: syntax error before: '.'
EDoc could not process file '/home/pete/wefwefwef/docs/other/8130332635/estub-tag-0.2/estub/src/eunit_lib.erl'
Error generating type specs for "/home/pete/wefwefwef/docs/other/8130332635/estub-tag-0.2/estub/src/eunit_lib.erl"
Generating Type Specs - "/home/pete/wefwefwef/docs/other/8130332635/estub-tag-0.2/estub/src/eunit_listener.erl"
Generating Type Specs - "/home/pete/wefwefwef/docs/other/8130332635/estub-tag-0.2/estub/src/eunit_mock.erl"
/home/pete/wefwefwef/docs/other/8130332635/estub-tag-0.2/estub/src/eunit_mock.erl: at line 588: syntax error before: '.'
EDoc could not process file '/home/pete/wefwefwef/docs/other/8130332635/estub-tag-0.2/estub/src/eunit_mock.erl'
Error generating type specs for "/home/pete/wefwefwef/docs/other/8130332635/estub-tag-0.2/estub/src/eunit_mock.erl"
Generating Type Specs - "/home/pete/wefwefwef/docs/other/8130332635/estub-tag-0.2/estub/src/eunit_mocked_gen_fsm.erl"
Generating Type Specs - "/home/pete/wefwefwef/docs/other/8130332635/estub-tag-0.2/estub/src/eunit_mocked_gen_server.erl"
Generating Type Specs - "/home/pete/wefwefwef/docs/other/8130332635/estub-tag-0.2/estub/src/eunit_proc.erl"
/home/pete/wefwefwef/docs/other/8130332635/estub-tag-0.2/estub/src/eunit_proc.erl: at line 366: syntax error before: '.'
EDoc could not process file '/home/pete/wefwefwef/docs/other/8130332635/estub-tag-0.2/estub/src/eunit_proc.erl'
Error generating type specs for "/home/pete/wefwefwef/docs/other/8130332635/estub-tag-0.2/estub/src/eunit_proc.erl"
Generating Type Specs - "/home/pete/wefwefwef/docs/other/8130332635/estub-tag-0.2/estub/src/eunit_serial.erl"
Generating Type Specs - "/home/pete/wefwefwef/docs/other/8130332635/estub-tag-0.2/estub/src/eunit_server.erl"
Generating Type Specs - "/home/pete/wefwefwef/docs/other/8130332635/estub-tag-0.2/estub/src/eunit_striptests.erl"
Generating Type Specs - "/home/pete/wefwefwef/docs/other/8130332635/estub-tag-0.2/estub/src/eunit_surefire.erl"
Generating Type Specs - "/home/pete/wefwefwef/docs/other/8130332635/estub-tag-0.2/estub/src/eunit_test.erl"
/home/pete/wefwefwef/docs/other/8130332635/estub-tag-0.2/estub/src/eunit_test.erl: at line 85: syntax error before: '.'
EDoc could not process file '/home/pete/wefwefwef/docs/other/8130332635/estub-tag-0.2/estub/src/eunit_test.erl'
Error generating type specs for "/home/pete/wefwefwef/docs/other/8130332635/estub-tag-0.2/estub/src/eunit_test.erl"
Generating Type Specs - "/home/pete/wefwefwef/docs/other/8130332635/estub-tag-0.2/estub/src/eunit_tests.erl"
/home/pete/wefwefwef/docs/other/8130332635/estub-tag-0.2/estub/src/eunit_tests.erl: at line 32: syntax error before: '.'
EDoc could not process file '/home/pete/wefwefwef/docs/other/8130332635/estub-tag-0.2/estub/src/eunit_tests.erl'
Error generating type specs for "/home/pete/wefwefwef/docs/other/8130332635/estub-tag-0.2/estub/src/eunit_tests.erl"
Generating Type Specs - "/home/pete/wefwefwef/docs/other/8130332635/estub-tag-0.2/estub/src/eunit_tty.erl"
Generating Type Specs - "/home/pete/wefwefwef/docs/other/8130332635/estub-tag-0.2/estub/src/file_monitor.erl"
Generating Type Specs - "/home/pete/wefwefwef/docs/other/8130332635/estub-tag-0.2/estub/src/file_monitor_tests.erl"
/home/pete/wefwefwef/docs/other/8130332635/estub-tag-0.2/estub/src/file_monitor_tests.erl: at line 58: syntax error before: '.'
EDoc could not process file '/home/pete/wefwefwef/docs/other/8130332635/estub-tag-0.2/estub/src/file_monitor_tests.erl'
Error generating type specs for "/home/pete/wefwefwef/docs/other/8130332635/estub-tag-0.2/estub/src/file_monitor_tests.erl"
Generating Type Specs - "/home/pete/wefwefwef/docs/other/8130332635/estub-tag-0.2/estub/src/test_module.erl"
Generating Type Specs - "/home/pete/wefwefwef/docs/other/8130332635/estub-tag-0.2/estub/src/util.erl"
Generating XML for application estub "/home/pete/wefwefwef/docs/other/8130332635/estub-tag-0.2/estub" -> "/home/pete/wefwefwef/docs/other/8130332635/repo/0.2/.xml/estub"
/home/pete/wefwefwef/docs/other/8130332635/estub-tag-0.2/estub/src/eunit_proc.erl: at line 366: syntax error before: '.'
edoc: skipping source file '/home/pete/wefwefwef/docs/other/8130332635/estub-tag-0.2/estub/src/eunit_proc.erl': {'EXIT',
                                                                                                           error}.
/home/pete/wefwefwef/docs/other/8130332635/estub-tag-0.2/estub/src/eunit_tests.erl: at line 32: syntax error before: '.'
edoc: skipping source file '/home/pete/wefwefwef/docs/other/8130332635/estub-tag-0.2/estub/src/eunit_tests.erl': {'EXIT',
                                                                                                            error}.
/home/pete/wefwefwef/docs/other/8130332635/estub-tag-0.2/estub/src/eunit_data.erl: at line 701: syntax error before: '.'
edoc: skipping source file '/home/pete/wefwefwef/docs/other/8130332635/estub-tag-0.2/estub/src/eunit_data.erl': {'EXIT',
                                                                                                           error}.
/home/pete/wefwefwef/docs/other/8130332635/estub-tag-0.2/estub/src/file_monitor_tests.erl: at line 58: syntax error before: '.'
edoc: skipping source file '/home/pete/wefwefwef/docs/other/8130332635/estub-tag-0.2/estub/src/file_monitor_tests.erl': {'EXIT',
                                                                                                                   error}.
/home/pete/wefwefwef/docs/other/8130332635/estub-tag-0.2/estub/src/eunit_mock.erl: at line 588: syntax error before: '.'
edoc: skipping source file '/home/pete/wefwefwef/docs/other/8130332635/estub-tag-0.2/estub/src/eunit_mock.erl': {'EXIT',
                                                                                                           error}.
/home/pete/wefwefwef/docs/other/8130332635/estub-tag-0.2/estub/src/eunit_lib.erl: at line 282: syntax error before: '.'
edoc: skipping source file '/home/pete/wefwefwef/docs/other/8130332635/estub-tag-0.2/estub/src/eunit_lib.erl': {'EXIT',
                                                                                                          error}.
/home/pete/wefwefwef/docs/other/8130332635/estub-tag-0.2/estub/src/eunit_test.erl: at line 85: syntax error before: '.'
edoc: skipping source file '/home/pete/wefwefwef/docs/other/8130332635/estub-tag-0.2/estub/src/eunit_test.erl': {'EXIT',
                                                                                                           error}.
edoc: error in doclet 'edoc_doclet': {'EXIT',error}.
Error generating estub XMLs. Using fallback ...
Generating XML estub - autoload "/home/pete/wefwefwef/docs/other/8130332635/estub-tag-0.2/estub/src/autoload.erl" -> "/home/pete/wefwefwef/docs/other/8130332635/repo/0.2/.xml/estub/autoload.xml"
Generating XML estub - code_monitor "/home/pete/wefwefwef/docs/other/8130332635/estub-tag-0.2/estub/src/code_monitor.erl" -> "/home/pete/wefwefwef/docs/other/8130332635/repo/0.2/.xml/estub/code_monitor.xml"
Generating XML estub - eunit "/home/pete/wefwefwef/docs/other/8130332635/estub-tag-0.2/estub/src/eunit.erl" -> "/home/pete/wefwefwef/docs/other/8130332635/repo/0.2/.xml/estub/eunit.xml"
Generating XML estub - eunit_autoexport "/home/pete/wefwefwef/docs/other/8130332635/estub-tag-0.2/estub/src/eunit_autoexport.erl" -> "/home/pete/wefwefwef/docs/other/8130332635/repo/0.2/.xml/estub/eunit_autoexport.xml"
Generating XML estub - eunit_data "/home/pete/wefwefwef/docs/other/8130332635/estub-tag-0.2/estub/src/eunit_data.erl" -> "/home/pete/wefwefwef/docs/other/8130332635/repo/0.2/.xml/estub/eunit_data.xml"
/home/pete/wefwefwef/docs/other/8130332635/estub-tag-0.2/estub/src/eunit_data.erl: at line 701: syntax error before: '.'
Error generating XML ("/home/pete/wefwefwef/docs/other/8130332635/estub-tag-0.2/estub/src/eunit_data.erl"): {'EXIT',
                                                                                                             error}
Generating XML estub - eunit_lib "/home/pete/wefwefwef/docs/other/8130332635/estub-tag-0.2/estub/src/eunit_lib.erl" -> "/home/pete/wefwefwef/docs/other/8130332635/repo/0.2/.xml/estub/eunit_lib.xml"
/home/pete/wefwefwef/docs/other/8130332635/estub-tag-0.2/estub/src/eunit_lib.erl: at line 282: syntax error before: '.'
Error generating XML ("/home/pete/wefwefwef/docs/other/8130332635/estub-tag-0.2/estub/src/eunit_lib.erl"): {'EXIT',
                                                                                                            error}
Generating XML estub - eunit_listener "/home/pete/wefwefwef/docs/other/8130332635/estub-tag-0.2/estub/src/eunit_listener.erl" -> "/home/pete/wefwefwef/docs/other/8130332635/repo/0.2/.xml/estub/eunit_listener.xml"
Generating XML estub - eunit_mock "/home/pete/wefwefwef/docs/other/8130332635/estub-tag-0.2/estub/src/eunit_mock.erl" -> "/home/pete/wefwefwef/docs/other/8130332635/repo/0.2/.xml/estub/eunit_mock.xml"
/home/pete/wefwefwef/docs/other/8130332635/estub-tag-0.2/estub/src/eunit_mock.erl: at line 588: syntax error before: '.'
Error generating XML ("/home/pete/wefwefwef/docs/other/8130332635/estub-tag-0.2/estub/src/eunit_mock.erl"): {'EXIT',
                                                                                                             error}
Generating XML estub - eunit_mocked_gen_fsm "/home/pete/wefwefwef/docs/other/8130332635/estub-tag-0.2/estub/src/eunit_mocked_gen_fsm.erl" -> "/home/pete/wefwefwef/docs/other/8130332635/repo/0.2/.xml/estub/eunit_mocked_gen_fsm.xml"
Generating XML estub - eunit_mocked_gen_server "/home/pete/wefwefwef/docs/other/8130332635/estub-tag-0.2/estub/src/eunit_mocked_gen_server.erl" -> "/home/pete/wefwefwef/docs/other/8130332635/repo/0.2/.xml/estub/eunit_mocked_gen_server.xml"
Generating XML estub - eunit_proc "/home/pete/wefwefwef/docs/other/8130332635/estub-tag-0.2/estub/src/eunit_proc.erl" -> "/home/pete/wefwefwef/docs/other/8130332635/repo/0.2/.xml/estub/eunit_proc.xml"
/home/pete/wefwefwef/docs/other/8130332635/estub-tag-0.2/estub/src/eunit_proc.erl: at line 366: syntax error before: '.'
Error generating XML ("/home/pete/wefwefwef/docs/other/8130332635/estub-tag-0.2/estub/src/eunit_proc.erl"): {'EXIT',
                                                                                                             error}
Generating XML estub - eunit_serial "/home/pete/wefwefwef/docs/other/8130332635/estub-tag-0.2/estub/src/eunit_serial.erl" -> "/home/pete/wefwefwef/docs/other/8130332635/repo/0.2/.xml/estub/eunit_serial.xml"
Generating XML estub - eunit_server "/home/pete/wefwefwef/docs/other/8130332635/estub-tag-0.2/estub/src/eunit_server.erl" -> "/home/pete/wefwefwef/docs/other/8130332635/repo/0.2/.xml/estub/eunit_server.xml"
Generating XML estub - eunit_striptests "/home/pete/wefwefwef/docs/other/8130332635/estub-tag-0.2/estub/src/eunit_striptests.erl" -> "/home/pete/wefwefwef/docs/other/8130332635/repo/0.2/.xml/estub/eunit_striptests.xml"
Generating XML estub - eunit_surefire "/home/pete/wefwefwef/docs/other/8130332635/estub-tag-0.2/estub/src/eunit_surefire.erl" -> "/home/pete/wefwefwef/docs/other/8130332635/repo/0.2/.xml/estub/eunit_surefire.xml"
Generating XML estub - eunit_test "/home/pete/wefwefwef/docs/other/8130332635/estub-tag-0.2/estub/src/eunit_test.erl" -> "/home/pete/wefwefwef/docs/other/8130332635/repo/0.2/.xml/estub/eunit_test.xml"
/home/pete/wefwefwef/docs/other/8130332635/estub-tag-0.2/estub/src/eunit_test.erl: at line 85: syntax error before: '.'
Error generating XML ("/home/pete/wefwefwef/docs/other/8130332635/estub-tag-0.2/estub/src/eunit_test.erl"): {'EXIT',
                                                                                                             error}
Generating XML estub - eunit_tests "/home/pete/wefwefwef/docs/other/8130332635/estub-tag-0.2/estub/src/eunit_tests.erl" -> "/home/pete/wefwefwef/docs/other/8130332635/repo/0.2/.xml/estub/eunit_tests.xml"
/home/pete/wefwefwef/docs/other/8130332635/estub-tag-0.2/estub/src/eunit_tests.erl: at line 32: syntax error before: '.'
Error generating XML ("/home/pete/wefwefwef/docs/other/8130332635/estub-tag-0.2/estub/src/eunit_tests.erl"): {'EXIT',
                                                                                                              error}
Generating XML estub - eunit_tty "/home/pete/wefwefwef/docs/other/8130332635/estub-tag-0.2/estub/src/eunit_tty.erl" -> "/home/pete/wefwefwef/docs/other/8130332635/repo/0.2/.xml/estub/eunit_tty.xml"
Generating XML estub - file_monitor "/home/pete/wefwefwef/docs/other/8130332635/estub-tag-0.2/estub/src/file_monitor.erl" -> "/home/pete/wefwefwef/docs/other/8130332635/repo/0.2/.xml/estub/file_monitor.xml"
Generating XML estub - file_monitor_tests "/home/pete/wefwefwef/docs/other/8130332635/estub-tag-0.2/estub/src/file_monitor_tests.erl" -> "/home/pete/wefwefwef/docs/other/8130332635/repo/0.2/.xml/estub/file_monitor_tests.xml"
/home/pete/wefwefwef/docs/other/8130332635/estub-tag-0.2/estub/src/file_monitor_tests.erl: at line 58: syntax error before: '.'
Error generating XML ("/home/pete/wefwefwef/docs/other/8130332635/estub-tag-0.2/estub/src/file_monitor_tests.erl"): {'EXIT',
                                                                                                                     error}
Generating XML estub - test_module "/home/pete/wefwefwef/docs/other/8130332635/estub-tag-0.2/estub/src/test_module.erl" -> "/home/pete/wefwefwef/docs/other/8130332635/repo/0.2/.xml/estub/test_module.xml"
Generating XML estub - util "/home/pete/wefwefwef/docs/other/8130332635/estub-tag-0.2/estub/src/util.erl" -> "/home/pete/wefwefwef/docs/other/8130332635/repo/0.2/.xml/estub/util.xml"
Generating HTML - file_monitor "/home/pete/wefwefwef/docs/other/8130332635/repo/0.2/.xml/estub/file_monitor.xml"
Generating HTML - eunit_striptests "/home/pete/wefwefwef/docs/other/8130332635/repo/0.2/.xml/estub/eunit_striptests.xml"
Generating HTML - eunit_mocked_gen_server "/home/pete/wefwefwef/docs/other/8130332635/repo/0.2/.xml/estub/eunit_mocked_gen_server.xml"
Generating HTML - autoload "/home/pete/wefwefwef/docs/other/8130332635/repo/0.2/.xml/estub/autoload.xml"
Reading XML for "/home/pete/wefwefwef/docs/other/8130332635/repo/0.2/.xml/estub/file_monitor.xml"
Reading XML for "/home/pete/wefwefwef/docs/other/8130332635/repo/0.2/.xml/estub/eunit_striptests.xml"
Reading XML for "/home/pete/wefwefwef/docs/other/8130332635/repo/0.2/.xml/estub/eunit_mocked_gen_server.xml"
Reading XML for "/home/pete/wefwefwef/docs/other/8130332635/repo/0.2/.xml/estub/autoload.xml"
Reading XML for "/home/pete/wefwefwef/docs/other/8130332635/repo/0.2/.xml/specs_eunit_mocked_gen_server.xml"
Reading XML for "/home/pete/wefwefwef/docs/other/8130332635/repo/0.2/.xml/specs_eunit_striptests.xml"
Reading XML for "/home/pete/wefwefwef/docs/other/8130332635/repo/0.2/.xml/specs_autoload.xml"
Generating HTML - eunit_surefire "/home/pete/wefwefwef/docs/other/8130332635/repo/0.2/.xml/estub/eunit_surefire.xml"
Reading XML for "/home/pete/wefwefwef/docs/other/8130332635/repo/0.2/.xml/estub/eunit_surefire.xml"
Generating HTML - eunit_serial "/home/pete/wefwefwef/docs/other/8130332635/repo/0.2/.xml/estub/eunit_serial.xml"
Reading XML for "/home/pete/wefwefwef/docs/other/8130332635/repo/0.2/.xml/estub/eunit_serial.xml"
Generating HTML - code_monitor "/home/pete/wefwefwef/docs/other/8130332635/repo/0.2/.xml/estub/code_monitor.xml"
Reading XML for "/home/pete/wefwefwef/docs/other/8130332635/repo/0.2/.xml/estub/code_monitor.xml"
Reading XML for "/home/pete/wefwefwef/docs/other/8130332635/repo/0.2/.xml/specs_file_monitor.xml"
Reading XML for "/home/pete/wefwefwef/docs/other/8130332635/repo/0.2/.xml/specs_eunit_serial.xml"
Reading XML for "/home/pete/wefwefwef/docs/other/8130332635/repo/0.2/.xml/specs_eunit_surefire.xml"
Reading XML for "/home/pete/wefwefwef/docs/other/8130332635/repo/0.2/.xml/specs_code_monitor.xml"
Generating HTML - eunit_server "/home/pete/wefwefwef/docs/other/8130332635/repo/0.2/.xml/estub/eunit_server.xml"
Reading XML for "/home/pete/wefwefwef/docs/other/8130332635/repo/0.2/.xml/estub/eunit_server.xml"
Generating HTML - eunit_tty "/home/pete/wefwefwef/docs/other/8130332635/repo/0.2/.xml/estub/eunit_tty.xml"
Reading XML for "/home/pete/wefwefwef/docs/other/8130332635/repo/0.2/.xml/estub/eunit_tty.xml"
Generating HTML - eunit "/home/pete/wefwefwef/docs/other/8130332635/repo/0.2/.xml/estub/eunit.xml"
Reading XML for "/home/pete/wefwefwef/docs/other/8130332635/repo/0.2/.xml/estub/eunit.xml"
Generating HTML - test_module "/home/pete/wefwefwef/docs/other/8130332635/repo/0.2/.xml/estub/test_module.xml"
Reading XML for "/home/pete/wefwefwef/docs/other/8130332635/repo/0.2/.xml/estub/test_module.xml"
Reading XML for "/home/pete/wefwefwef/docs/other/8130332635/repo/0.2/.xml/specs_eunit_server.xml"
Reading XML for "/home/pete/wefwefwef/docs/other/8130332635/repo/0.2/.xml/specs_eunit_tty.xml"
Reading XML for "/home/pete/wefwefwef/docs/other/8130332635/repo/0.2/.xml/specs_eunit.xml"
Reading XML for "/home/pete/wefwefwef/docs/other/8130332635/repo/0.2/.xml/specs_test_module.xml"
Generating HTML - eunit_autoexport "/home/pete/wefwefwef/docs/other/8130332635/repo/0.2/.xml/estub/eunit_autoexport.xml"
Reading XML for "/home/pete/wefwefwef/docs/other/8130332635/repo/0.2/.xml/estub/eunit_autoexport.xml"
Generating HTML - util "/home/pete/wefwefwef/docs/other/8130332635/repo/0.2/.xml/estub/util.xml"
Reading XML for "/home/pete/wefwefwef/docs/other/8130332635/repo/0.2/.xml/estub/util.xml"
Reading XML for "/home/pete/wefwefwef/docs/other/8130332635/repo/0.2/.xml/specs_eunit_autoexport.xml"
Generating HTML - eunit_listener "/home/pete/wefwefwef/docs/other/8130332635/repo/0.2/.xml/estub/eunit_listener.xml"
Reading XML for "/home/pete/wefwefwef/docs/other/8130332635/repo/0.2/.xml/estub/eunit_listener.xml"
Reading XML for "/home/pete/wefwefwef/docs/other/8130332635/repo/0.2/.xml/specs_util.xml"
Reading XML for "/home/pete/wefwefwef/docs/other/8130332635/repo/0.2/.xml/specs_eunit_listener.xml"
Generating HTML - eunit_mocked_gen_fsm "/home/pete/wefwefwef/docs/other/8130332635/repo/0.2/.xml/estub/eunit_mocked_gen_fsm.xml"
Reading XML for "/home/pete/wefwefwef/docs/other/8130332635/repo/0.2/.xml/estub/eunit_mocked_gen_fsm.xml"
Reading XML for "/home/pete/wefwefwef/docs/other/8130332635/repo/0.2/.xml/specs_eunit_mocked_gen_fsm.xml"
Creating index.html ...
Creating erldocs_index.js ...
Woot, finished in 0 Minutes 6 Seconds
 :: Discovering other repos
$ 5000  `rm -r '/home/pete/wefwefwef/docs/other/8130332635/estub-tag-0.2'  2>&1`
 :: Processing https://github.com/bharendt/estub	{rev,tag,"0.2.1","879cf76f49f082709191d025ccbcc68a7d124a28",undefined,[],[]}
 :: Fetching repo code
$ cd "/home/pete/wefwefwef/docs/other/8130332635/estub-tag-0.2.1/estub"
$ infinity  `curl --fail --silent --show-error --location --output '0.2.1.zip' 'https://github.com/bharendt/estub/archive/0.2.1.zip'  2>&1`
$ cd "/home/pete/wefwefwef/docs/erldocs_other.git"
$ cd "/home/pete/wefwefwef/docs/other/8130332635/estub-tag-0.2.1/estub"
$ 5000  `find -P . -type l -delete  2>&1`
$ cd "/home/pete/wefwefwef/docs/erldocs_other.git"
$ cd "/home/pete/wefwefwef/docs/other/8130332635/estub-tag-0.2.1/estub"
$ 5000  `find 'estub-0.2.1' -mindepth 1 -maxdepth 1 -exec mv -t . -- {} +  2>&1`
$ cd "/home/pete/wefwefwef/docs/erldocs_other.git"
 :: Getting dependencies
 :: Generating erldocs into /home/pete/wefwefwef/docs/other/8130332635/repo/0.2.1
Building estub
Generating Type Specs - "/home/pete/wefwefwef/docs/other/8130332635/estub-tag-0.2.1/estub/src/autoload.erl"
Generating Type Specs - "/home/pete/wefwefwef/docs/other/8130332635/estub-tag-0.2.1/estub/src/code_monitor.erl"
Generating Type Specs - "/home/pete/wefwefwef/docs/other/8130332635/estub-tag-0.2.1/estub/src/eunit.erl"
Generating Type Specs - "/home/pete/wefwefwef/docs/other/8130332635/estub-tag-0.2.1/estub/src/eunit_autoexport.erl"
Generating Type Specs - "/home/pete/wefwefwef/docs/other/8130332635/estub-tag-0.2.1/estub/src/eunit_data.erl"
/home/pete/wefwefwef/docs/other/8130332635/estub-tag-0.2.1/estub/src/eunit_data.erl: at line 701: syntax error before: '.'
EDoc could not process file '/home/pete/wefwefwef/docs/other/8130332635/estub-tag-0.2.1/estub/src/eunit_data.erl'
Error generating type specs for "/home/pete/wefwefwef/docs/other/8130332635/estub-tag-0.2.1/estub/src/eunit_data.erl"
Generating Type Specs - "/home/pete/wefwefwef/docs/other/8130332635/estub-tag-0.2.1/estub/src/eunit_lib.erl"
/home/pete/wefwefwef/docs/other/8130332635/estub-tag-0.2.1/estub/src/eunit_lib.erl: at line 282: syntax error before: '.'
EDoc could not process file '/home/pete/wefwefwef/docs/other/8130332635/estub-tag-0.2.1/estub/src/eunit_lib.erl'
Error generating type specs for "/home/pete/wefwefwef/docs/other/8130332635/estub-tag-0.2.1/estub/src/eunit_lib.erl"
Generating Type Specs - "/home/pete/wefwefwef/docs/other/8130332635/estub-tag-0.2.1/estub/src/eunit_listener.erl"
Generating Type Specs - "/home/pete/wefwefwef/docs/other/8130332635/estub-tag-0.2.1/estub/src/eunit_mock.erl"
/home/pete/wefwefwef/docs/other/8130332635/estub-tag-0.2.1/estub/src/eunit_mock.erl: at line 588: syntax error before: '.'
EDoc could not process file '/home/pete/wefwefwef/docs/other/8130332635/estub-tag-0.2.1/estub/src/eunit_mock.erl'
Error generating type specs for "/home/pete/wefwefwef/docs/other/8130332635/estub-tag-0.2.1/estub/src/eunit_mock.erl"
Generating Type Specs - "/home/pete/wefwefwef/docs/other/8130332635/estub-tag-0.2.1/estub/src/eunit_mocked_gen_fsm.erl"
Generating Type Specs - "/home/pete/wefwefwef/docs/other/8130332635/estub-tag-0.2.1/estub/src/eunit_mocked_gen_server.erl"
Generating Type Specs - "/home/pete/wefwefwef/docs/other/8130332635/estub-tag-0.2.1/estub/src/eunit_proc.erl"
/home/pete/wefwefwef/docs/other/8130332635/estub-tag-0.2.1/estub/src/eunit_proc.erl: at line 366: syntax error before: '.'
EDoc could not process file '/home/pete/wefwefwef/docs/other/8130332635/estub-tag-0.2.1/estub/src/eunit_proc.erl'
Error generating type specs for "/home/pete/wefwefwef/docs/other/8130332635/estub-tag-0.2.1/estub/src/eunit_proc.erl"
Generating Type Specs - "/home/pete/wefwefwef/docs/other/8130332635/estub-tag-0.2.1/estub/src/eunit_serial.erl"
Generating Type Specs - "/home/pete/wefwefwef/docs/other/8130332635/estub-tag-0.2.1/estub/src/eunit_server.erl"
Generating Type Specs - "/home/pete/wefwefwef/docs/other/8130332635/estub-tag-0.2.1/estub/src/eunit_striptests.erl"
Generating Type Specs - "/home/pete/wefwefwef/docs/other/8130332635/estub-tag-0.2.1/estub/src/eunit_surefire.erl"
Generating Type Specs - "/home/pete/wefwefwef/docs/other/8130332635/estub-tag-0.2.1/estub/src/eunit_test.erl"
/home/pete/wefwefwef/docs/other/8130332635/estub-tag-0.2.1/estub/src/eunit_test.erl: at line 85: syntax error before: '.'
EDoc could not process file '/home/pete/wefwefwef/docs/other/8130332635/estub-tag-0.2.1/estub/src/eunit_test.erl'
Error generating type specs for "/home/pete/wefwefwef/docs/other/8130332635/estub-tag-0.2.1/estub/src/eunit_test.erl"
Generating Type Specs - "/home/pete/wefwefwef/docs/other/8130332635/estub-tag-0.2.1/estub/src/eunit_tests.erl"
/home/pete/wefwefwef/docs/other/8130332635/estub-tag-0.2.1/estub/src/eunit_tests.erl: at line 32: syntax error before: '.'
EDoc could not process file '/home/pete/wefwefwef/docs/other/8130332635/estub-tag-0.2.1/estub/src/eunit_tests.erl'
Error generating type specs for "/home/pete/wefwefwef/docs/other/8130332635/estub-tag-0.2.1/estub/src/eunit_tests.erl"
Generating Type Specs - "/home/pete/wefwefwef/docs/other/8130332635/estub-tag-0.2.1/estub/src/eunit_tty.erl"
Generating Type Specs - "/home/pete/wefwefwef/docs/other/8130332635/estub-tag-0.2.1/estub/src/eunit_util.erl"
Generating Type Specs - "/home/pete/wefwefwef/docs/other/8130332635/estub-tag-0.2.1/estub/src/file_monitor.erl"
Generating Type Specs - "/home/pete/wefwefwef/docs/other/8130332635/estub-tag-0.2.1/estub/src/file_monitor_tests.erl"
/home/pete/wefwefwef/docs/other/8130332635/estub-tag-0.2.1/estub/src/file_monitor_tests.erl: at line 58: syntax error before: '.'
EDoc could not process file '/home/pete/wefwefwef/docs/other/8130332635/estub-tag-0.2.1/estub/src/file_monitor_tests.erl'
Error generating type specs for "/home/pete/wefwefwef/docs/other/8130332635/estub-tag-0.2.1/estub/src/file_monitor_tests.erl"
Generating Type Specs - "/home/pete/wefwefwef/docs/other/8130332635/estub-tag-0.2.1/estub/src/test_module.erl"
Generating XML for application estub "/home/pete/wefwefwef/docs/other/8130332635/estub-tag-0.2.1/estub" -> "/home/pete/wefwefwef/docs/other/8130332635/repo/0.2.1/.xml/estub"
/home/pete/wefwefwef/docs/other/8130332635/estub-tag-0.2.1/estub/src/eunit_proc.erl: at line 366: syntax error before: '.'
edoc: skipping source file '/home/pete/wefwefwef/docs/other/8130332635/estub-tag-0.2.1/estub/src/eunit_proc.erl': {'EXIT',
                                                                                                             error}.
/home/pete/wefwefwef/docs/other/8130332635/estub-tag-0.2.1/estub/src/eunit_tests.erl: at line 32: syntax error before: '.'
edoc: skipping source file '/home/pete/wefwefwef/docs/other/8130332635/estub-tag-0.2.1/estub/src/eunit_tests.erl': {'EXIT',
                                                                                                              error}.
/home/pete/wefwefwef/docs/other/8130332635/estub-tag-0.2.1/estub/src/eunit_data.erl: at line 701: syntax error before: '.'
edoc: skipping source file '/home/pete/wefwefwef/docs/other/8130332635/estub-tag-0.2.1/estub/src/eunit_data.erl': {'EXIT',
                                                                                                             error}.
/home/pete/wefwefwef/docs/other/8130332635/estub-tag-0.2.1/estub/src/file_monitor_tests.erl: at line 58: syntax error before: '.'
edoc: skipping source file '/home/pete/wefwefwef/docs/other/8130332635/estub-tag-0.2.1/estub/src/file_monitor_tests.erl': {'EXIT',
                                                                                                                     error}.
/home/pete/wefwefwef/docs/other/8130332635/estub-tag-0.2.1/estub/src/eunit_mock.erl: at line 588: syntax error before: '.'
edoc: skipping source file '/home/pete/wefwefwef/docs/other/8130332635/estub-tag-0.2.1/estub/src/eunit_mock.erl': {'EXIT',
                                                                                                             error}.
/home/pete/wefwefwef/docs/other/8130332635/estub-tag-0.2.1/estub/src/eunit_lib.erl: at line 282: syntax error before: '.'
edoc: skipping source file '/home/pete/wefwefwef/docs/other/8130332635/estub-tag-0.2.1/estub/src/eunit_lib.erl': {'EXIT',
                                                                                                            error}.
/home/pete/wefwefwef/docs/other/8130332635/estub-tag-0.2.1/estub/src/eunit_test.erl: at line 85: syntax error before: '.'
edoc: skipping source file '/home/pete/wefwefwef/docs/other/8130332635/estub-tag-0.2.1/estub/src/eunit_test.erl': {'EXIT',
                                                                                                             error}.
edoc: error in doclet 'edoc_doclet': {'EXIT',error}.
Error generating estub XMLs. Using fallback ...
Generating XML estub - autoload "/home/pete/wefwefwef/docs/other/8130332635/estub-tag-0.2.1/estub/src/autoload.erl" -> "/home/pete/wefwefwef/docs/other/8130332635/repo/0.2.1/.xml/estub/autoload.xml"
Generating XML estub - code_monitor "/home/pete/wefwefwef/docs/other/8130332635/estub-tag-0.2.1/estub/src/code_monitor.erl" -> "/home/pete/wefwefwef/docs/other/8130332635/repo/0.2.1/.xml/estub/code_monitor.xml"
Generating XML estub - eunit "/home/pete/wefwefwef/docs/other/8130332635/estub-tag-0.2.1/estub/src/eunit.erl" -> "/home/pete/wefwefwef/docs/other/8130332635/repo/0.2.1/.xml/estub/eunit.xml"
Generating XML estub - eunit_autoexport "/home/pete/wefwefwef/docs/other/8130332635/estub-tag-0.2.1/estub/src/eunit_autoexport.erl" -> "/home/pete/wefwefwef/docs/other/8130332635/repo/0.2.1/.xml/estub/eunit_autoexport.xml"
Generating XML estub - eunit_data "/home/pete/wefwefwef/docs/other/8130332635/estub-tag-0.2.1/estub/src/eunit_data.erl" -> "/home/pete/wefwefwef/docs/other/8130332635/repo/0.2.1/.xml/estub/eunit_data.xml"
/home/pete/wefwefwef/docs/other/8130332635/estub-tag-0.2.1/estub/src/eunit_data.erl: at line 701: syntax error before: '.'
Error generating XML ("/home/pete/wefwefwef/docs/other/8130332635/estub-tag-0.2.1/estub/src/eunit_data.erl"): {'EXIT',
                                                                                                               error}
Generating XML estub - eunit_lib "/home/pete/wefwefwef/docs/other/8130332635/estub-tag-0.2.1/estub/src/eunit_lib.erl" -> "/home/pete/wefwefwef/docs/other/8130332635/repo/0.2.1/.xml/estub/eunit_lib.xml"
/home/pete/wefwefwef/docs/other/8130332635/estub-tag-0.2.1/estub/src/eunit_lib.erl: at line 282: syntax error before: '.'
Error generating XML ("/home/pete/wefwefwef/docs/other/8130332635/estub-tag-0.2.1/estub/src/eunit_lib.erl"): {'EXIT',
                                                                                                              error}
Generating XML estub - eunit_listener "/home/pete/wefwefwef/docs/other/8130332635/estub-tag-0.2.1/estub/src/eunit_listener.erl" -> "/home/pete/wefwefwef/docs/other/8130332635/repo/0.2.1/.xml/estub/eunit_listener.xml"
Generating XML estub - eunit_mock "/home/pete/wefwefwef/docs/other/8130332635/estub-tag-0.2.1/estub/src/eunit_mock.erl" -> "/home/pete/wefwefwef/docs/other/8130332635/repo/0.2.1/.xml/estub/eunit_mock.xml"
/home/pete/wefwefwef/docs/other/8130332635/estub-tag-0.2.1/estub/src/eunit_mock.erl: at line 588: syntax error before: '.'
Error generating XML ("/home/pete/wefwefwef/docs/other/8130332635/estub-tag-0.2.1/estub/src/eunit_mock.erl"): {'EXIT',
                                                                                                               error}
Generating XML estub - eunit_mocked_gen_fsm "/home/pete/wefwefwef/docs/other/8130332635/estub-tag-0.2.1/estub/src/eunit_mocked_gen_fsm.erl" -> "/home/pete/wefwefwef/docs/other/8130332635/repo/0.2.1/.xml/estub/eunit_mocked_gen_fsm.xml"
Generating XML estub - eunit_mocked_gen_server "/home/pete/wefwefwef/docs/other/8130332635/estub-tag-0.2.1/estub/src/eunit_mocked_gen_server.erl" -> "/home/pete/wefwefwef/docs/other/8130332635/repo/0.2.1/.xml/estub/eunit_mocked_gen_server.xml"
Generating XML estub - eunit_proc "/home/pete/wefwefwef/docs/other/8130332635/estub-tag-0.2.1/estub/src/eunit_proc.erl" -> "/home/pete/wefwefwef/docs/other/8130332635/repo/0.2.1/.xml/estub/eunit_proc.xml"
/home/pete/wefwefwef/docs/other/8130332635/estub-tag-0.2.1/estub/src/eunit_proc.erl: at line 366: syntax error before: '.'
Error generating XML ("/home/pete/wefwefwef/docs/other/8130332635/estub-tag-0.2.1/estub/src/eunit_proc.erl"): {'EXIT',
                                                                                                               error}
Generating XML estub - eunit_serial "/home/pete/wefwefwef/docs/other/8130332635/estub-tag-0.2.1/estub/src/eunit_serial.erl" -> "/home/pete/wefwefwef/docs/other/8130332635/repo/0.2.1/.xml/estub/eunit_serial.xml"
Generating XML estub - eunit_server "/home/pete/wefwefwef/docs/other/8130332635/estub-tag-0.2.1/estub/src/eunit_server.erl" -> "/home/pete/wefwefwef/docs/other/8130332635/repo/0.2.1/.xml/estub/eunit_server.xml"
Generating XML estub - eunit_striptests "/home/pete/wefwefwef/docs/other/8130332635/estub-tag-0.2.1/estub/src/eunit_striptests.erl" -> "/home/pete/wefwefwef/docs/other/8130332635/repo/0.2.1/.xml/estub/eunit_striptests.xml"
Generating XML estub - eunit_surefire "/home/pete/wefwefwef/docs/other/8130332635/estub-tag-0.2.1/estub/src/eunit_surefire.erl" -> "/home/pete/wefwefwef/docs/other/8130332635/repo/0.2.1/.xml/estub/eunit_surefire.xml"
Generating XML estub - eunit_test "/home/pete/wefwefwef/docs/other/8130332635/estub-tag-0.2.1/estub/src/eunit_test.erl" -> "/home/pete/wefwefwef/docs/other/8130332635/repo/0.2.1/.xml/estub/eunit_test.xml"
/home/pete/wefwefwef/docs/other/8130332635/estub-tag-0.2.1/estub/src/eunit_test.erl: at line 85: syntax error before: '.'
Error generating XML ("/home/pete/wefwefwef/docs/other/8130332635/estub-tag-0.2.1/estub/src/eunit_test.erl"): {'EXIT',
                                                                                                               error}
Generating XML estub - eunit_tests "/home/pete/wefwefwef/docs/other/8130332635/estub-tag-0.2.1/estub/src/eunit_tests.erl" -> "/home/pete/wefwefwef/docs/other/8130332635/repo/0.2.1/.xml/estub/eunit_tests.xml"
/home/pete/wefwefwef/docs/other/8130332635/estub-tag-0.2.1/estub/src/eunit_tests.erl: at line 32: syntax error before: '.'
Error generating XML ("/home/pete/wefwefwef/docs/other/8130332635/estub-tag-0.2.1/estub/src/eunit_tests.erl"): {'EXIT',
                                                                                                                error}
Generating XML estub - eunit_tty "/home/pete/wefwefwef/docs/other/8130332635/estub-tag-0.2.1/estub/src/eunit_tty.erl" -> "/home/pete/wefwefwef/docs/other/8130332635/repo/0.2.1/.xml/estub/eunit_tty.xml"
Generating XML estub - eunit_util "/home/pete/wefwefwef/docs/other/8130332635/estub-tag-0.2.1/estub/src/eunit_util.erl" -> "/home/pete/wefwefwef/docs/other/8130332635/repo/0.2.1/.xml/estub/eunit_util.xml"
Generating XML estub - file_monitor "/home/pete/wefwefwef/docs/other/8130332635/estub-tag-0.2.1/estub/src/file_monitor.erl" -> "/home/pete/wefwefwef/docs/other/8130332635/repo/0.2.1/.xml/estub/file_monitor.xml"
Generating XML estub - file_monitor_tests "/home/pete/wefwefwef/docs/other/8130332635/estub-tag-0.2.1/estub/src/file_monitor_tests.erl" -> "/home/pete/wefwefwef/docs/other/8130332635/repo/0.2.1/.xml/estub/file_monitor_tests.xml"
/home/pete/wefwefwef/docs/other/8130332635/estub-tag-0.2.1/estub/src/file_monitor_tests.erl: at line 58: syntax error before: '.'
Error generating XML ("/home/pete/wefwefwef/docs/other/8130332635/estub-tag-0.2.1/estub/src/file_monitor_tests.erl"): {'EXIT',
                                                                                                                       error}
Generating XML estub - test_module "/home/pete/wefwefwef/docs/other/8130332635/estub-tag-0.2.1/estub/src/test_module.erl" -> "/home/pete/wefwefwef/docs/other/8130332635/repo/0.2.1/.xml/estub/test_module.xml"
Generating HTML - eunit_util "/home/pete/wefwefwef/docs/other/8130332635/repo/0.2.1/.xml/estub/eunit_util.xml"
Generating HTML - eunit_striptests "/home/pete/wefwefwef/docs/other/8130332635/repo/0.2.1/.xml/estub/eunit_striptests.xml"
Generating HTML - eunit_mocked_gen_server "/home/pete/wefwefwef/docs/other/8130332635/repo/0.2.1/.xml/estub/eunit_mocked_gen_server.xml"
Generating HTML - autoload "/home/pete/wefwefwef/docs/other/8130332635/repo/0.2.1/.xml/estub/autoload.xml"
Reading XML for "/home/pete/wefwefwef/docs/other/8130332635/repo/0.2.1/.xml/estub/eunit_util.xml"
Reading XML for "/home/pete/wefwefwef/docs/other/8130332635/repo/0.2.1/.xml/estub/eunit_striptests.xml"
Reading XML for "/home/pete/wefwefwef/docs/other/8130332635/repo/0.2.1/.xml/estub/eunit_mocked_gen_server.xml"
Reading XML for "/home/pete/wefwefwef/docs/other/8130332635/repo/0.2.1/.xml/estub/autoload.xml"
Reading XML for "/home/pete/wefwefwef/docs/other/8130332635/repo/0.2.1/.xml/specs_eunit_util.xml"
Reading XML for "/home/pete/wefwefwef/docs/other/8130332635/repo/0.2.1/.xml/specs_eunit_striptests.xml"
Generating HTML - eunit_surefire "/home/pete/wefwefwef/docs/other/8130332635/repo/0.2.1/.xml/estub/eunit_surefire.xml"
Reading XML for "/home/pete/wefwefwef/docs/other/8130332635/repo/0.2.1/.xml/estub/eunit_surefire.xml"
Generating HTML - file_monitor "/home/pete/wefwefwef/docs/other/8130332635/repo/0.2.1/.xml/estub/file_monitor.xml"
Reading XML for "/home/pete/wefwefwef/docs/other/8130332635/repo/0.2.1/.xml/specs_autoload.xml"
Reading XML for "/home/pete/wefwefwef/docs/other/8130332635/repo/0.2.1/.xml/estub/file_monitor.xml"
Reading XML for "/home/pete/wefwefwef/docs/other/8130332635/repo/0.2.1/.xml/specs_eunit_mocked_gen_server.xml"
Generating HTML - code_monitor "/home/pete/wefwefwef/docs/other/8130332635/repo/0.2.1/.xml/estub/code_monitor.xml"
Reading XML for "/home/pete/wefwefwef/docs/other/8130332635/repo/0.2.1/.xml/estub/code_monitor.xml"
Generating HTML - eunit_serial "/home/pete/wefwefwef/docs/other/8130332635/repo/0.2.1/.xml/estub/eunit_serial.xml"
Reading XML for "/home/pete/wefwefwef/docs/other/8130332635/repo/0.2.1/.xml/estub/eunit_serial.xml"
Reading XML for "/home/pete/wefwefwef/docs/other/8130332635/repo/0.2.1/.xml/specs_eunit_surefire.xml"
Reading XML for "/home/pete/wefwefwef/docs/other/8130332635/repo/0.2.1/.xml/specs_code_monitor.xml"
Generating HTML - eunit_tty "/home/pete/wefwefwef/docs/other/8130332635/repo/0.2.1/.xml/estub/eunit_tty.xml"
Reading XML for "/home/pete/wefwefwef/docs/other/8130332635/repo/0.2.1/.xml/specs_eunit_serial.xml"
Reading XML for "/home/pete/wefwefwef/docs/other/8130332635/repo/0.2.1/.xml/estub/eunit_tty.xml"
Generating HTML - eunit "/home/pete/wefwefwef/docs/other/8130332635/repo/0.2.1/.xml/estub/eunit.xml"
Reading XML for "/home/pete/wefwefwef/docs/other/8130332635/repo/0.2.1/.xml/estub/eunit.xml"
Generating HTML - eunit_server "/home/pete/wefwefwef/docs/other/8130332635/repo/0.2.1/.xml/estub/eunit_server.xml"
Reading XML for "/home/pete/wefwefwef/docs/other/8130332635/repo/0.2.1/.xml/estub/eunit_server.xml"
Reading XML for "/home/pete/wefwefwef/docs/other/8130332635/repo/0.2.1/.xml/specs_file_monitor.xml"
Reading XML for "/home/pete/wefwefwef/docs/other/8130332635/repo/0.2.1/.xml/specs_eunit_tty.xml"
Reading XML for "/home/pete/wefwefwef/docs/other/8130332635/repo/0.2.1/.xml/specs_eunit.xml"
Reading XML for "/home/pete/wefwefwef/docs/other/8130332635/repo/0.2.1/.xml/specs_eunit_server.xml"
Generating HTML - test_module "/home/pete/wefwefwef/docs/other/8130332635/repo/0.2.1/.xml/estub/test_module.xml"
Reading XML for "/home/pete/wefwefwef/docs/other/8130332635/repo/0.2.1/.xml/estub/test_module.xml"
Generating HTML - eunit_autoexport "/home/pete/wefwefwef/docs/other/8130332635/repo/0.2.1/.xml/estub/eunit_autoexport.xml"
Reading XML for "/home/pete/wefwefwef/docs/other/8130332635/repo/0.2.1/.xml/estub/eunit_autoexport.xml"
Reading XML for "/home/pete/wefwefwef/docs/other/8130332635/repo/0.2.1/.xml/specs_test_module.xml"
Reading XML for "/home/pete/wefwefwef/docs/other/8130332635/repo/0.2.1/.xml/specs_eunit_autoexport.xml"
Generating HTML - eunit_listener "/home/pete/wefwefwef/docs/other/8130332635/repo/0.2.1/.xml/estub/eunit_listener.xml"
Reading XML for "/home/pete/wefwefwef/docs/other/8130332635/repo/0.2.1/.xml/estub/eunit_listener.xml"
Reading XML for "/home/pete/wefwefwef/docs/other/8130332635/repo/0.2.1/.xml/specs_eunit_listener.xml"
Generating HTML - eunit_mocked_gen_fsm "/home/pete/wefwefwef/docs/other/8130332635/repo/0.2.1/.xml/estub/eunit_mocked_gen_fsm.xml"
Reading XML for "/home/pete/wefwefwef/docs/other/8130332635/repo/0.2.1/.xml/estub/eunit_mocked_gen_fsm.xml"
Reading XML for "/home/pete/wefwefwef/docs/other/8130332635/repo/0.2.1/.xml/specs_eunit_mocked_gen_fsm.xml"
Creating index.html ...
Creating erldocs_index.js ...
Woot, finished in 0 Minutes 6 Seconds
 :: Discovering other repos
$ 5000  `rm -r '/home/pete/wefwefwef/docs/other/8130332635/estub-tag-0.2.1'  2>&1`
 :: Processing https://github.com/bharendt/estub	{rev,branch,"estub","d0fa161ce1ecb4dae6510459d25bc23478229ca7",undefined,[],[]}
 :: Fetching repo code
$ cd "/home/pete/wefwefwef/docs/other/8130332635/estub-branch-estub/estub"
$ infinity  `curl --fail --silent --show-error --location --output 'estub.zip' 'https://github.com/bharendt/estub/archive/estub.zip'  2>&1`
$ cd "/home/pete/wefwefwef/docs/erldocs_other.git"
$ cd "/home/pete/wefwefwef/docs/other/8130332635/estub-branch-estub/estub"
$ 5000  `find -P . -type l -delete  2>&1`
$ cd "/home/pete/wefwefwef/docs/erldocs_other.git"
$ cd "/home/pete/wefwefwef/docs/other/8130332635/estub-branch-estub/estub"
$ 5000  `find 'estub-estub' -mindepth 1 -maxdepth 1 -exec mv -t . -- {} +  2>&1`
$ cd "/home/pete/wefwefwef/docs/erldocs_other.git"
 :: Getting dependencies
$ cd "/home/pete/wefwefwef/docs/other/8130332635/estub-branch-estub/estub"
$ 5000  `ls -1 deps/  2>&1`
$ cd "/home/pete/wefwefwef/docs/erldocs_other.git"
>>> [rebar] deps = []
 :: Generating erldocs into /home/pete/wefwefwef/docs/other/8130332635/repo/estub
Building estub
Generating Type Specs - "/home/pete/wefwefwef/docs/other/8130332635/estub-branch-estub/estub/src/estub.erl"
Generating Type Specs - "/home/pete/wefwefwef/docs/other/8130332635/estub-branch-estub/estub/src/estub_mocked_gen_fsm.erl"
Generating Type Specs - "/home/pete/wefwefwef/docs/other/8130332635/estub-branch-estub/estub/src/estub_mocked_gen_server.erl"
Generating XML for application estub "/home/pete/wefwefwef/docs/other/8130332635/estub-branch-estub/estub" -> "/home/pete/wefwefwef/docs/other/8130332635/repo/estub/.xml/estub"
/home/pete/wefwefwef/docs/other/8130332635/estub-branch-estub/estub/src/estub.erl, function assert_called/4: at line 147: unknown error parsing specification: {152,edoc_parser,
                                      ["syntax error before: ","'='"]}.
edoc: skipping source file '/home/pete/wefwefwef/docs/other/8130332635/estub-branch-estub/estub/src/estub.erl': {'EXIT',
                                                                                                           error}.
edoc: error in doclet 'edoc_doclet': {'EXIT',error}.
Error generating estub XMLs. Using fallback ...
Generating XML estub - estub "/home/pete/wefwefwef/docs/other/8130332635/estub-branch-estub/estub/src/estub.erl" -> "/home/pete/wefwefwef/docs/other/8130332635/repo/estub/.xml/estub/estub.xml"
/home/pete/wefwefwef/docs/other/8130332635/estub-branch-estub/estub/src/estub.erl, function assert_called/4: at line 147: unknown error parsing specification: {152,edoc_parser,
                                      ["syntax error before: ","'='"]}.
Error generating XML ("/home/pete/wefwefwef/docs/other/8130332635/estub-branch-estub/estub/src/estub.erl"): {'EXIT',
                                                                                                             error}
Generating XML estub - estub_mocked_gen_fsm "/home/pete/wefwefwef/docs/other/8130332635/estub-branch-estub/estub/src/estub_mocked_gen_fsm.erl" -> "/home/pete/wefwefwef/docs/other/8130332635/repo/estub/.xml/estub/estub_mocked_gen_fsm.xml"
Generating XML estub - estub_mocked_gen_server "/home/pete/wefwefwef/docs/other/8130332635/estub-branch-estub/estub/src/estub_mocked_gen_server.erl" -> "/home/pete/wefwefwef/docs/other/8130332635/repo/estub/.xml/estub/estub_mocked_gen_server.xml"
Generating HTML - estub_mocked_gen_fsm "/home/pete/wefwefwef/docs/other/8130332635/repo/estub/.xml/estub/estub_mocked_gen_fsm.xml"
Reading XML for "/home/pete/wefwefwef/docs/other/8130332635/repo/estub/.xml/estub/estub_mocked_gen_fsm.xml"
Reading XML for "/home/pete/wefwefwef/docs/other/8130332635/repo/estub/.xml/specs_estub_mocked_gen_fsm.xml"
Generating HTML - estub_mocked_gen_server "/home/pete/wefwefwef/docs/other/8130332635/repo/estub/.xml/estub/estub_mocked_gen_server.xml"
Reading XML for "/home/pete/wefwefwef/docs/other/8130332635/repo/estub/.xml/estub/estub_mocked_gen_server.xml"
Reading XML for "/home/pete/wefwefwef/docs/other/8130332635/repo/estub/.xml/specs_estub_mocked_gen_server.xml"
Creating index.html ...
Creating erldocs_index.js ...
Woot, finished in 0 Minutes 0 Seconds
 :: Discovering other repos
$ 5000  `rm -r '/home/pete/wefwefwef/docs/other/8130332635/estub-branch-estub'  2>&1`
 :: Processing https://github.com/bharendt/estub	{rev,branch,"master","79ccc41e3f869823e7029016e14dcac3656583b8",undefined,[],[]}
 :: Fetching repo code
$ cd "/home/pete/wefwefwef/docs/other/8130332635/estub-branch-master/estub"
$ infinity  `curl --fail --silent --show-error --location --output 'master.zip' 'https://github.com/bharendt/estub/archive/master.zip'  2>&1`
$ cd "/home/pete/wefwefwef/docs/erldocs_other.git"
$ cd "/home/pete/wefwefwef/docs/other/8130332635/estub-branch-master/estub"
$ 5000  `find -P . -type l -delete  2>&1`
$ cd "/home/pete/wefwefwef/docs/erldocs_other.git"
$ cd "/home/pete/wefwefwef/docs/other/8130332635/estub-branch-master/estub"
$ 5000  `find 'estub-master' -mindepth 1 -maxdepth 1 -exec mv -t . -- {} +  2>&1`
$ cd "/home/pete/wefwefwef/docs/erldocs_other.git"
 :: Getting dependencies
 :: Generating erldocs into /home/pete/wefwefwef/docs/other/8130332635/repo/master
Building estub
Generating Type Specs - "/home/pete/wefwefwef/docs/other/8130332635/estub-branch-master/estub/src/autoload.erl"
Generating Type Specs - "/home/pete/wefwefwef/docs/other/8130332635/estub-branch-master/estub/src/code_monitor.erl"
Generating Type Specs - "/home/pete/wefwefwef/docs/other/8130332635/estub-branch-master/estub/src/eunit.erl"
Generating Type Specs - "/home/pete/wefwefwef/docs/other/8130332635/estub-branch-master/estub/src/eunit_autoexport.erl"
Generating Type Specs - "/home/pete/wefwefwef/docs/other/8130332635/estub-branch-master/estub/src/eunit_data.erl"
/home/pete/wefwefwef/docs/other/8130332635/estub-branch-master/estub/src/eunit_data.erl: at line 701: syntax error before: '.'
EDoc could not process file '/home/pete/wefwefwef/docs/other/8130332635/estub-branch-master/estub/src/eunit_data.erl'
Error generating type specs for "/home/pete/wefwefwef/docs/other/8130332635/estub-branch-master/estub/src/eunit_data.erl"
Generating Type Specs - "/home/pete/wefwefwef/docs/other/8130332635/estub-branch-master/estub/src/eunit_lib.erl"
/home/pete/wefwefwef/docs/other/8130332635/estub-branch-master/estub/src/eunit_lib.erl: at line 282: syntax error before: '.'
EDoc could not process file '/home/pete/wefwefwef/docs/other/8130332635/estub-branch-master/estub/src/eunit_lib.erl'
Error generating type specs for "/home/pete/wefwefwef/docs/other/8130332635/estub-branch-master/estub/src/eunit_lib.erl"
Generating Type Specs - "/home/pete/wefwefwef/docs/other/8130332635/estub-branch-master/estub/src/eunit_listener.erl"
Generating Type Specs - "/home/pete/wefwefwef/docs/other/8130332635/estub-branch-master/estub/src/eunit_proc.erl"
/home/pete/wefwefwef/docs/other/8130332635/estub-branch-master/estub/src/eunit_proc.erl: at line 366: syntax error before: '.'
EDoc could not process file '/home/pete/wefwefwef/docs/other/8130332635/estub-branch-master/estub/src/eunit_proc.erl'
Error generating type specs for "/home/pete/wefwefwef/docs/other/8130332635/estub-branch-master/estub/src/eunit_proc.erl"
Generating Type Specs - "/home/pete/wefwefwef/docs/other/8130332635/estub-branch-master/estub/src/eunit_serial.erl"
Generating Type Specs - "/home/pete/wefwefwef/docs/other/8130332635/estub-branch-master/estub/src/eunit_server.erl"
Generating Type Specs - "/home/pete/wefwefwef/docs/other/8130332635/estub-branch-master/estub/src/eunit_striptests.erl"
Generating Type Specs - "/home/pete/wefwefwef/docs/other/8130332635/estub-branch-master/estub/src/eunit_surefire.erl"
Generating Type Specs - "/home/pete/wefwefwef/docs/other/8130332635/estub-branch-master/estub/src/eunit_test.erl"
/home/pete/wefwefwef/docs/other/8130332635/estub-branch-master/estub/src/eunit_test.erl: at line 84: syntax error before: '.'
EDoc could not process file '/home/pete/wefwefwef/docs/other/8130332635/estub-branch-master/estub/src/eunit_test.erl'
Error generating type specs for "/home/pete/wefwefwef/docs/other/8130332635/estub-branch-master/estub/src/eunit_test.erl"
Generating Type Specs - "/home/pete/wefwefwef/docs/other/8130332635/estub-branch-master/estub/src/eunit_tests.erl"
/home/pete/wefwefwef/docs/other/8130332635/estub-branch-master/estub/src/eunit_tests.erl: at line 32: syntax error before: '.'
EDoc could not process file '/home/pete/wefwefwef/docs/other/8130332635/estub-branch-master/estub/src/eunit_tests.erl'
Error generating type specs for "/home/pete/wefwefwef/docs/other/8130332635/estub-branch-master/estub/src/eunit_tests.erl"
Generating Type Specs - "/home/pete/wefwefwef/docs/other/8130332635/estub-branch-master/estub/src/eunit_tty.erl"
Generating Type Specs - "/home/pete/wefwefwef/docs/other/8130332635/estub-branch-master/estub/src/file_monitor.erl"
Generating Type Specs - "/home/pete/wefwefwef/docs/other/8130332635/estub-branch-master/estub/src/file_monitor_tests.erl"
/home/pete/wefwefwef/docs/other/8130332635/estub-branch-master/estub/src/file_monitor_tests.erl: at line 58: syntax error before: '.'
EDoc could not process file '/home/pete/wefwefwef/docs/other/8130332635/estub-branch-master/estub/src/file_monitor_tests.erl'
Error generating type specs for "/home/pete/wefwefwef/docs/other/8130332635/estub-branch-master/estub/src/file_monitor_tests.erl"
Generating XML for application estub "/home/pete/wefwefwef/docs/other/8130332635/estub-branch-master/estub" -> "/home/pete/wefwefwef/docs/other/8130332635/repo/master/.xml/estub"
/home/pete/wefwefwef/docs/other/8130332635/estub-branch-master/estub/src/eunit_proc.erl: at line 366: syntax error before: '.'
edoc: skipping source file '/home/pete/wefwefwef/docs/other/8130332635/estub-branch-master/estub/src/eunit_proc.erl': {'EXIT',
                                                                                                                 error}.
/home/pete/wefwefwef/docs/other/8130332635/estub-branch-master/estub/src/eunit_tests.erl: at line 32: syntax error before: '.'
edoc: skipping source file '/home/pete/wefwefwef/docs/other/8130332635/estub-branch-master/estub/src/eunit_tests.erl': {'EXIT',
                                                                                                                  error}.
/home/pete/wefwefwef/docs/other/8130332635/estub-branch-master/estub/src/eunit_data.erl: at line 701: syntax error before: '.'
edoc: skipping source file '/home/pete/wefwefwef/docs/other/8130332635/estub-branch-master/estub/src/eunit_data.erl': {'EXIT',
                                                                                                                 error}.
/home/pete/wefwefwef/docs/other/8130332635/estub-branch-master/estub/src/file_monitor_tests.erl: at line 58: syntax error before: '.'
edoc: skipping source file '/home/pete/wefwefwef/docs/other/8130332635/estub-branch-master/estub/src/file_monitor_tests.erl': {'EXIT',
                                                                                                                         error}.
/home/pete/wefwefwef/docs/other/8130332635/estub-branch-master/estub/src/eunit_lib.erl: at line 282: syntax error before: '.'
edoc: skipping source file '/home/pete/wefwefwef/docs/other/8130332635/estub-branch-master/estub/src/eunit_lib.erl': {'EXIT',
                                                                                                                error}.
/home/pete/wefwefwef/docs/other/8130332635/estub-branch-master/estub/src/eunit_test.erl: at line 84: syntax error before: '.'
edoc: skipping source file '/home/pete/wefwefwef/docs/other/8130332635/estub-branch-master/estub/src/eunit_test.erl': {'EXIT',
                                                                                                                 error}.
edoc: error in doclet 'edoc_doclet': {'EXIT',error}.
Error generating estub XMLs. Using fallback ...
Generating XML estub - autoload "/home/pete/wefwefwef/docs/other/8130332635/estub-branch-master/estub/src/autoload.erl" -> "/home/pete/wefwefwef/docs/other/8130332635/repo/master/.xml/estub/autoload.xml"
Generating XML estub - code_monitor "/home/pete/wefwefwef/docs/other/8130332635/estub-branch-master/estub/src/code_monitor.erl" -> "/home/pete/wefwefwef/docs/other/8130332635/repo/master/.xml/estub/code_monitor.xml"
Generating XML estub - eunit "/home/pete/wefwefwef/docs/other/8130332635/estub-branch-master/estub/src/eunit.erl" -> "/home/pete/wefwefwef/docs/other/8130332635/repo/master/.xml/estub/eunit.xml"
Generating XML estub - eunit_autoexport "/home/pete/wefwefwef/docs/other/8130332635/estub-branch-master/estub/src/eunit_autoexport.erl" -> "/home/pete/wefwefwef/docs/other/8130332635/repo/master/.xml/estub/eunit_autoexport.xml"
Generating XML estub - eunit_data "/home/pete/wefwefwef/docs/other/8130332635/estub-branch-master/estub/src/eunit_data.erl" -> "/home/pete/wefwefwef/docs/other/8130332635/repo/master/.xml/estub/eunit_data.xml"
/home/pete/wefwefwef/docs/other/8130332635/estub-branch-master/estub/src/eunit_data.erl: at line 701: syntax error before: '.'
Error generating XML ("/home/pete/wefwefwef/docs/other/8130332635/estub-branch-master/estub/src/eunit_data.erl"): {'EXIT',
                                                                                                                   error}
Generating XML estub - eunit_lib "/home/pete/wefwefwef/docs/other/8130332635/estub-branch-master/estub/src/eunit_lib.erl" -> "/home/pete/wefwefwef/docs/other/8130332635/repo/master/.xml/estub/eunit_lib.xml"
/home/pete/wefwefwef/docs/other/8130332635/estub-branch-master/estub/src/eunit_lib.erl: at line 282: syntax error before: '.'
Error generating XML ("/home/pete/wefwefwef/docs/other/8130332635/estub-branch-master/estub/src/eunit_lib.erl"): {'EXIT',
                                                                                                                  error}
Generating XML estub - eunit_listener "/home/pete/wefwefwef/docs/other/8130332635/estub-branch-master/estub/src/eunit_listener.erl" -> "/home/pete/wefwefwef/docs/other/8130332635/repo/master/.xml/estub/eunit_listener.xml"
Generating XML estub - eunit_proc "/home/pete/wefwefwef/docs/other/8130332635/estub-branch-master/estub/src/eunit_proc.erl" -> "/home/pete/wefwefwef/docs/other/8130332635/repo/master/.xml/estub/eunit_proc.xml"
/home/pete/wefwefwef/docs/other/8130332635/estub-branch-master/estub/src/eunit_proc.erl: at line 366: syntax error before: '.'
Error generating XML ("/home/pete/wefwefwef/docs/other/8130332635/estub-branch-master/estub/src/eunit_proc.erl"): {'EXIT',
                                                                                                                   error}
Generating XML estub - eunit_serial "/home/pete/wefwefwef/docs/other/8130332635/estub-branch-master/estub/src/eunit_serial.erl" -> "/home/pete/wefwefwef/docs/other/8130332635/repo/master/.xml/estub/eunit_serial.xml"
Generating XML estub - eunit_server "/home/pete/wefwefwef/docs/other/8130332635/estub-branch-master/estub/src/eunit_server.erl" -> "/home/pete/wefwefwef/docs/other/8130332635/repo/master/.xml/estub/eunit_server.xml"
Generating XML estub - eunit_striptests "/home/pete/wefwefwef/docs/other/8130332635/estub-branch-master/estub/src/eunit_striptests.erl" -> "/home/pete/wefwefwef/docs/other/8130332635/repo/master/.xml/estub/eunit_striptests.xml"
Generating XML estub - eunit_surefire "/home/pete/wefwefwef/docs/other/8130332635/estub-branch-master/estub/src/eunit_surefire.erl" -> "/home/pete/wefwefwef/docs/other/8130332635/repo/master/.xml/estub/eunit_surefire.xml"
Generating XML estub - eunit_test "/home/pete/wefwefwef/docs/other/8130332635/estub-branch-master/estub/src/eunit_test.erl" -> "/home/pete/wefwefwef/docs/other/8130332635/repo/master/.xml/estub/eunit_test.xml"
/home/pete/wefwefwef/docs/other/8130332635/estub-branch-master/estub/src/eunit_test.erl: at line 84: syntax error before: '.'
Error generating XML ("/home/pete/wefwefwef/docs/other/8130332635/estub-branch-master/estub/src/eunit_test.erl"): {'EXIT',
                                                                                                                   error}
Generating XML estub - eunit_tests "/home/pete/wefwefwef/docs/other/8130332635/estub-branch-master/estub/src/eunit_tests.erl" -> "/home/pete/wefwefwef/docs/other/8130332635/repo/master/.xml/estub/eunit_tests.xml"
/home/pete/wefwefwef/docs/other/8130332635/estub-branch-master/estub/src/eunit_tests.erl: at line 32: syntax error before: '.'
Error generating XML ("/home/pete/wefwefwef/docs/other/8130332635/estub-branch-master/estub/src/eunit_tests.erl"): {'EXIT',
                                                                                                                    error}
Generating XML estub - eunit_tty "/home/pete/wefwefwef/docs/other/8130332635/estub-branch-master/estub/src/eunit_tty.erl" -> "/home/pete/wefwefwef/docs/other/8130332635/repo/master/.xml/estub/eunit_tty.xml"
Generating XML estub - file_monitor "/home/pete/wefwefwef/docs/other/8130332635/estub-branch-master/estub/src/file_monitor.erl" -> "/home/pete/wefwefwef/docs/other/8130332635/repo/master/.xml/estub/file_monitor.xml"
Generating XML estub - file_monitor_tests "/home/pete/wefwefwef/docs/other/8130332635/estub-branch-master/estub/src/file_monitor_tests.erl" -> "/home/pete/wefwefwef/docs/other/8130332635/repo/master/.xml/estub/file_monitor_tests.xml"
/home/pete/wefwefwef/docs/other/8130332635/estub-branch-master/estub/src/file_monitor_tests.erl: at line 58: syntax error before: '.'
Error generating XML ("/home/pete/wefwefwef/docs/other/8130332635/estub-branch-master/estub/src/file_monitor_tests.erl"): {'EXIT',
                                                                                                                           error}
Generating HTML - eunit_tty "/home/pete/wefwefwef/docs/other/8130332635/repo/master/.xml/estub/eunit_tty.xml"
Generating HTML - eunit_striptests "/home/pete/wefwefwef/docs/other/8130332635/repo/master/.xml/estub/eunit_striptests.xml"
Generating HTML - eunit_serial "/home/pete/wefwefwef/docs/other/8130332635/repo/master/.xml/estub/eunit_serial.xml"
Generating HTML - autoload "/home/pete/wefwefwef/docs/other/8130332635/repo/master/.xml/estub/autoload.xml"
Reading XML for "/home/pete/wefwefwef/docs/other/8130332635/repo/master/.xml/estub/eunit_tty.xml"
Reading XML for "/home/pete/wefwefwef/docs/other/8130332635/repo/master/.xml/estub/eunit_striptests.xml"
Reading XML for "/home/pete/wefwefwef/docs/other/8130332635/repo/master/.xml/estub/eunit_serial.xml"
Reading XML for "/home/pete/wefwefwef/docs/other/8130332635/repo/master/.xml/estub/autoload.xml"
Reading XML for "/home/pete/wefwefwef/docs/other/8130332635/repo/master/.xml/specs_eunit_striptests.xml"
Reading XML for "/home/pete/wefwefwef/docs/other/8130332635/repo/master/.xml/specs_eunit_tty.xml"
Reading XML for "/home/pete/wefwefwef/docs/other/8130332635/repo/master/.xml/specs_eunit_serial.xml"
Generating HTML - eunit_surefire "/home/pete/wefwefwef/docs/other/8130332635/repo/master/.xml/estub/eunit_surefire.xml"
Reading XML for "/home/pete/wefwefwef/docs/other/8130332635/repo/master/.xml/estub/eunit_surefire.xml"
Generating HTML - file_monitor "/home/pete/wefwefwef/docs/other/8130332635/repo/master/.xml/estub/file_monitor.xml"
Reading XML for "/home/pete/wefwefwef/docs/other/8130332635/repo/master/.xml/estub/file_monitor.xml"
Generating HTML - eunit_server "/home/pete/wefwefwef/docs/other/8130332635/repo/master/.xml/estub/eunit_server.xml"
Reading XML for "/home/pete/wefwefwef/docs/other/8130332635/repo/master/.xml/estub/eunit_server.xml"
Reading XML for "/home/pete/wefwefwef/docs/other/8130332635/repo/master/.xml/specs_autoload.xml"
Generating HTML - code_monitor "/home/pete/wefwefwef/docs/other/8130332635/repo/master/.xml/estub/code_monitor.xml"
Reading XML for "/home/pete/wefwefwef/docs/other/8130332635/repo/master/.xml/estub/code_monitor.xml"
Reading XML for "/home/pete/wefwefwef/docs/other/8130332635/repo/master/.xml/specs_eunit_surefire.xml"
Reading XML for "/home/pete/wefwefwef/docs/other/8130332635/repo/master/.xml/specs_eunit_server.xml"
Reading XML for "/home/pete/wefwefwef/docs/other/8130332635/repo/master/.xml/specs_code_monitor.xml"
Generating HTML - eunit "/home/pete/wefwefwef/docs/other/8130332635/repo/master/.xml/estub/eunit.xml"
Reading XML for "/home/pete/wefwefwef/docs/other/8130332635/repo/master/.xml/estub/eunit.xml"
Reading XML for "/home/pete/wefwefwef/docs/other/8130332635/repo/master/.xml/specs_file_monitor.xml"
Reading XML for "/home/pete/wefwefwef/docs/other/8130332635/repo/master/.xml/specs_eunit.xml"
Generating HTML - eunit_autoexport "/home/pete/wefwefwef/docs/other/8130332635/repo/master/.xml/estub/eunit_autoexport.xml"
Reading XML for "/home/pete/wefwefwef/docs/other/8130332635/repo/master/.xml/estub/eunit_autoexport.xml"
Reading XML for "/home/pete/wefwefwef/docs/other/8130332635/repo/master/.xml/specs_eunit_autoexport.xml"
Generating HTML - eunit_listener "/home/pete/wefwefwef/docs/other/8130332635/repo/master/.xml/estub/eunit_listener.xml"
Reading XML for "/home/pete/wefwefwef/docs/other/8130332635/repo/master/.xml/estub/eunit_listener.xml"
Reading XML for "/home/pete/wefwefwef/docs/other/8130332635/repo/master/.xml/specs_eunit_listener.xml"
Creating index.html ...
Creating erldocs_index.js ...
Woot, finished in 0 Minutes 5 Seconds
 :: Discovering other repos
$ 5000  `rm -r '/home/pete/wefwefwef/docs/other/8130332635/estub-branch-master'  2>&1`
 :: Finishing up
$ 5000  `rm -r '/home/pete/wefwefwef/docs/other/8130332635/estub'  2>&1`
