 :: Extracting meta information
$ 5000  `git ls-remote --heads --tags 'https://github.com/feuerlabs/erlang-sqlite3'  2>&1`
>>> [repo] 7 branches, 5 tags
 :: Writing meta to "/home/pete/wefwefwef/docs/other/6044217646/meta.txt"
 :: Processing https://github.com/feuerlabs/erlang-sqlite3	{rev,tag,"v1.0","6383713680a1a9ed1f88e99bed4e2fa326263671",undefined,[],[]}
 :: Fetching repo code
$ cd "/home/pete/wefwefwef/docs/other/6044217646/erlang-sqlite3-tag-v1.0/erlang-sqlite3"
$ infinity  `curl --fail --silent --show-error --location --output 'v1.0.zip' 'https://github.com/feuerlabs/erlang-sqlite3/archive/v1.0.zip'  2>&1`
$ cd "/home/pete/wefwefwef/docs/erldocs_other.git"
$ cd "/home/pete/wefwefwef/docs/other/6044217646/erlang-sqlite3-tag-v1.0/erlang-sqlite3"
$ 5000  `find -P . -type l -delete  2>&1`
$ cd "/home/pete/wefwefwef/docs/erldocs_other.git"
$ cd "/home/pete/wefwefwef/docs/other/6044217646/erlang-sqlite3-tag-v1.0/erlang-sqlite3"
$ 5000  `find 'erlang-sqlite3-1.0' -mindepth 1 -maxdepth 1 -exec mv -t . -- {} +  2>&1`
$ cd "/home/pete/wefwefwef/docs/erldocs_other.git"
 :: Getting dependencies
$ cd "/home/pete/wefwefwef/docs/other/6044217646/erlang-sqlite3-tag-v1.0/erlang-sqlite3"
$ 5000  `ls -1 deps/  2>&1`
$ cd "/home/pete/wefwefwef/docs/erldocs_other.git"
>>> [rebar] deps = []
 :: Generating erldocs into /home/pete/wefwefwef/docs/other/6044217646/repo/v1.0
Building erlang-sqlite3
Generating Type Specs - "/home/pete/wefwefwef/docs/other/6044217646/erlang-sqlite3-tag-v1.0/erlang-sqlite3/test.erl"
/home/pete/wefwefwef/docs/other/6044217646/erlang-sqlite3-tag-v1.0/erlang-sqlite3/test.erl: at line 1: syntax error before: '#'
EDoc could not process file '/home/pete/wefwefwef/docs/other/6044217646/erlang-sqlite3-tag-v1.0/erlang-sqlite3/test.erl'
Error generating type specs for "/home/pete/wefwefwef/docs/other/6044217646/erlang-sqlite3-tag-v1.0/erlang-sqlite3/test.erl"
Generating Type Specs - "/home/pete/wefwefwef/docs/other/6044217646/erlang-sqlite3-tag-v1.0/erlang-sqlite3/src/sqlite3.erl"
EDoc could not process file '/home/pete/wefwefwef/docs/other/6044217646/erlang-sqlite3-tag-v1.0/erlang-sqlite3/src/sqlite3.erl'
Error generating type specs for "/home/pete/wefwefwef/docs/other/6044217646/erlang-sqlite3-tag-v1.0/erlang-sqlite3/src/sqlite3.erl"
Generating Type Specs - "/home/pete/wefwefwef/docs/other/6044217646/erlang-sqlite3-tag-v1.0/erlang-sqlite3/src/sqlite3_lib.erl"
EDoc could not process file '/home/pete/wefwefwef/docs/other/6044217646/erlang-sqlite3-tag-v1.0/erlang-sqlite3/src/sqlite3_lib.erl'
Error generating type specs for "/home/pete/wefwefwef/docs/other/6044217646/erlang-sqlite3-tag-v1.0/erlang-sqlite3/src/sqlite3_lib.erl"
Generating XML for application erlang-sqlite3 "/home/pete/wefwefwef/docs/other/6044217646/erlang-sqlite3-tag-v1.0/erlang-sqlite3" -> "/home/pete/wefwefwef/docs/other/6044217646/repo/v1.0/.xml/erlang-sqlite3"
/home/pete/wefwefwef/docs/other/6044217646/erlang-sqlite3-tag-v1.0/erlang-sqlite3/src/sqlite3_lib.erl, in module header: at line 6: error in XML parser: {system_limit,[{ets,new,[rules,[set|...]],[]},
                                    {xmerl_scan,initial_state,2,[{...}|...]},
                                    {xmerl_scan,int_string,4,[...]},
                                    {xmerl_scan,string,2,...},
                                    {edoc_wiki,parse_xml_1,...},
                                    {edoc_wiki,...},
                                    {...}|...]}.
edoc: skipping source file '/home/pete/wefwefwef/docs/other/6044217646/erlang-sqlite3-tag-v1.0/erlang-sqlite3/src/sqlite3_lib.erl': {'EXIT',
                                                                                                                               error}.
/home/pete/wefwefwef/docs/other/6044217646/erlang-sqlite3-tag-v1.0/erlang-sqlite3/src/sqlite3.erl, in module header: at line 6: error in XML parser: {system_limit,[{ets,new,[rules,[set|...]],[]},
                                    {xmerl_scan,initial_state,2,[{...}|...]},
                                    {xmerl_scan,int_string,4,[...]},
                                    {xmerl_scan,string,2,...},
                                    {edoc_wiki,parse_xml_1,...},
                                    {edoc_wiki,...},
                                    {...}|...]}.
edoc: skipping source file '/home/pete/wefwefwef/docs/other/6044217646/erlang-sqlite3-tag-v1.0/erlang-sqlite3/src/sqlite3.erl': {'EXIT',
                                                                                                                           error}.
edoc: error in doclet 'edoc_doclet': {'EXIT',error}.
Error generating erlang-sqlite3 XMLs. Using fallback ...
Generating XML erlang-sqlite3 - test "/home/pete/wefwefwef/docs/other/6044217646/erlang-sqlite3-tag-v1.0/erlang-sqlite3/test.erl" -> "/home/pete/wefwefwef/docs/other/6044217646/repo/v1.0/.xml/erlang-sqlite3/test.xml"
/home/pete/wefwefwef/docs/other/6044217646/erlang-sqlite3-tag-v1.0/erlang-sqlite3/test.erl: at line 1: syntax error before: '#'
Error generating XML ("/home/pete/wefwefwef/docs/other/6044217646/erlang-sqlite3-tag-v1.0/erlang-sqlite3/test.erl"): {'EXIT',
                                                                                                                      error}
Generating XML erlang-sqlite3 - sqlite3 "/home/pete/wefwefwef/docs/other/6044217646/erlang-sqlite3-tag-v1.0/erlang-sqlite3/src/sqlite3.erl" -> "/home/pete/wefwefwef/docs/other/6044217646/repo/v1.0/.xml/erlang-sqlite3/sqlite3.xml"
/home/pete/wefwefwef/docs/other/6044217646/erlang-sqlite3-tag-v1.0/erlang-sqlite3/src/sqlite3.erl, in module header: at line 6: error in XML parser: {system_limit,[{ets,new,[rules,[set|...]],[]},
                                    {xmerl_scan,initial_state,2,[{...}|...]},
                                    {xmerl_scan,int_string,4,[...]},
                                    {xmerl_scan,string,2,...},
                                    {edoc_wiki,parse_xml_1,...},
                                    {edoc_wiki,...},
                                    {...}|...]}.
Error generating XML ("/home/pete/wefwefwef/docs/other/6044217646/erlang-sqlite3-tag-v1.0/erlang-sqlite3/src/sqlite3.erl"): {'EXIT',
                                                                                                                             error}
Generating XML erlang-sqlite3 - sqlite3_lib "/home/pete/wefwefwef/docs/other/6044217646/erlang-sqlite3-tag-v1.0/erlang-sqlite3/src/sqlite3_lib.erl" -> "/home/pete/wefwefwef/docs/other/6044217646/repo/v1.0/.xml/erlang-sqlite3/sqlite3_lib.xml"
/home/pete/wefwefwef/docs/other/6044217646/erlang-sqlite3-tag-v1.0/erlang-sqlite3/src/sqlite3_lib.erl, in module header: at line 6: error in XML parser: {system_limit,[{ets,new,[rules,[set|...]],[]},
                                    {xmerl_scan,initial_state,2,[{...}|...]},
                                    {xmerl_scan,int_string,4,[...]},
                                    {xmerl_scan,string,2,...},
                                    {edoc_wiki,parse_xml_1,...},
                                    {edoc_wiki,...},
                                    {...}|...]}.
Error generating XML ("/home/pete/wefwefwef/docs/other/6044217646/erlang-sqlite3-tag-v1.0/erlang-sqlite3/src/sqlite3_lib.erl"): {'EXIT',
                                                                                                                                 error}
No documentation was generated!
Woot, finished in 0 Minutes 0 Seconds
 :: Discovering other repos
$ 5000  `rm -r '/home/pete/wefwefwef/docs/other/6044217646/erlang-sqlite3-tag-v1.0'  2>&1`
 :: Processing https://github.com/feuerlabs/erlang-sqlite3	{rev,tag,"1.0.1.fl.1","a1e3fbc4b04fff6cc3c9f06982c94c87e4c7acf3",undefined,[],[]}
 :: Fetching repo code
$ cd "/home/pete/wefwefwef/docs/other/6044217646/erlang-sqlite3-tag-1.0.1.fl.1/erlang-sqlite3"
$ infinity  `curl --fail --silent --show-error --location --output '1.0.1.fl.1.zip' 'https://github.com/feuerlabs/erlang-sqlite3/archive/1.0.1.fl.1.zip'  2>&1`
$ cd "/home/pete/wefwefwef/docs/erldocs_other.git"
$ cd "/home/pete/wefwefwef/docs/other/6044217646/erlang-sqlite3-tag-1.0.1.fl.1/erlang-sqlite3"
$ 5000  `find -P . -type l -delete  2>&1`
$ cd "/home/pete/wefwefwef/docs/erldocs_other.git"
$ cd "/home/pete/wefwefwef/docs/other/6044217646/erlang-sqlite3-tag-1.0.1.fl.1/erlang-sqlite3"
$ 5000  `find 'erlang-sqlite3-1.0.1.fl.1' -mindepth 1 -maxdepth 1 -exec mv -t . -- {} +  2>&1`
$ cd "/home/pete/wefwefwef/docs/erldocs_other.git"
 :: Getting dependencies
$ cd "/home/pete/wefwefwef/docs/other/6044217646/erlang-sqlite3-tag-1.0.1.fl.1/erlang-sqlite3"
$ 5000  `ls -1 deps/  2>&1`
$ cd "/home/pete/wefwefwef/docs/erldocs_other.git"
>>> [rebar] deps = []
 :: Generating erldocs into /home/pete/wefwefwef/docs/other/6044217646/repo/1.0.1.fl.1
Building erlang-sqlite3
Generating Type Specs - "/home/pete/wefwefwef/docs/other/6044217646/erlang-sqlite3-tag-1.0.1.fl.1/erlang-sqlite3/test.erl"
/home/pete/wefwefwef/docs/other/6044217646/erlang-sqlite3-tag-1.0.1.fl.1/erlang-sqlite3/test.erl: at line 1: syntax error before: '#'
EDoc could not process file '/home/pete/wefwefwef/docs/other/6044217646/erlang-sqlite3-tag-1.0.1.fl.1/erlang-sqlite3/test.erl'
Error generating type specs for "/home/pete/wefwefwef/docs/other/6044217646/erlang-sqlite3-tag-1.0.1.fl.1/erlang-sqlite3/test.erl"
Generating Type Specs - "/home/pete/wefwefwef/docs/other/6044217646/erlang-sqlite3-tag-1.0.1.fl.1/erlang-sqlite3/src/sqlite3.erl"
EDoc could not process file '/home/pete/wefwefwef/docs/other/6044217646/erlang-sqlite3-tag-1.0.1.fl.1/erlang-sqlite3/src/sqlite3.erl'
Error generating type specs for "/home/pete/wefwefwef/docs/other/6044217646/erlang-sqlite3-tag-1.0.1.fl.1/erlang-sqlite3/src/sqlite3.erl"
Generating Type Specs - "/home/pete/wefwefwef/docs/other/6044217646/erlang-sqlite3-tag-1.0.1.fl.1/erlang-sqlite3/src/sqlite3_lib.erl"
EDoc could not process file '/home/pete/wefwefwef/docs/other/6044217646/erlang-sqlite3-tag-1.0.1.fl.1/erlang-sqlite3/src/sqlite3_lib.erl'
Error generating type specs for "/home/pete/wefwefwef/docs/other/6044217646/erlang-sqlite3-tag-1.0.1.fl.1/erlang-sqlite3/src/sqlite3_lib.erl"
Generating XML for application erlang-sqlite3 "/home/pete/wefwefwef/docs/other/6044217646/erlang-sqlite3-tag-1.0.1.fl.1/erlang-sqlite3" -> "/home/pete/wefwefwef/docs/other/6044217646/repo/1.0.1.fl.1/.xml/erlang-sqlite3"
/home/pete/wefwefwef/docs/other/6044217646/erlang-sqlite3-tag-1.0.1.fl.1/erlang-sqlite3/src/sqlite3_lib.erl, in module header: at line 6: error in XML parser: {system_limit,[{ets,new,[rules,[set|...]],[]},
                                    {xmerl_scan,initial_state,2,[{...}|...]},
                                    {xmerl_scan,int_string,4,[...]},
                                    {xmerl_scan,string,2,...},
                                    {edoc_wiki,parse_xml_1,...},
                                    {edoc_wiki,...},
                                    {...}|...]}.
edoc: skipping source file '/home/pete/wefwefwef/docs/other/6044217646/erlang-sqlite3-tag-1.0.1.fl.1/erlang-sqlite3/src/sqlite3_lib.erl': {'EXIT',
                                                                                                                                     error}.
/home/pete/wefwefwef/docs/other/6044217646/erlang-sqlite3-tag-1.0.1.fl.1/erlang-sqlite3/src/sqlite3.erl, in module header: at line 6: error in XML parser: {system_limit,[{ets,new,[rules,[set|...]],[]},
                                    {xmerl_scan,initial_state,2,[{...}|...]},
                                    {xmerl_scan,int_string,4,[...]},
                                    {xmerl_scan,string,2,...},
                                    {edoc_wiki,parse_xml_1,...},
                                    {edoc_wiki,...},
                                    {...}|...]}.
edoc: skipping source file '/home/pete/wefwefwef/docs/other/6044217646/erlang-sqlite3-tag-1.0.1.fl.1/erlang-sqlite3/src/sqlite3.erl': {'EXIT',
                                                                                                                                 error}.
edoc: error in doclet 'edoc_doclet': {'EXIT',error}.
Error generating erlang-sqlite3 XMLs. Using fallback ...
Generating XML erlang-sqlite3 - test "/home/pete/wefwefwef/docs/other/6044217646/erlang-sqlite3-tag-1.0.1.fl.1/erlang-sqlite3/test.erl" -> "/home/pete/wefwefwef/docs/other/6044217646/repo/1.0.1.fl.1/.xml/erlang-sqlite3/test.xml"
/home/pete/wefwefwef/docs/other/6044217646/erlang-sqlite3-tag-1.0.1.fl.1/erlang-sqlite3/test.erl: at line 1: syntax error before: '#'
Error generating XML ("/home/pete/wefwefwef/docs/other/6044217646/erlang-sqlite3-tag-1.0.1.fl.1/erlang-sqlite3/test.erl"): {'EXIT',
                                                                                                                            error}
Generating XML erlang-sqlite3 - sqlite3 "/home/pete/wefwefwef/docs/other/6044217646/erlang-sqlite3-tag-1.0.1.fl.1/erlang-sqlite3/src/sqlite3.erl" -> "/home/pete/wefwefwef/docs/other/6044217646/repo/1.0.1.fl.1/.xml/erlang-sqlite3/sqlite3.xml"
/home/pete/wefwefwef/docs/other/6044217646/erlang-sqlite3-tag-1.0.1.fl.1/erlang-sqlite3/src/sqlite3.erl, in module header: at line 6: error in XML parser: {system_limit,[{ets,new,[rules,[set|...]],[]},
                                    {xmerl_scan,initial_state,2,[{...}|...]},
                                    {xmerl_scan,int_string,4,[...]},
                                    {xmerl_scan,string,2,...},
                                    {edoc_wiki,parse_xml_1,...},
                                    {edoc_wiki,...},
                                    {...}|...]}.
Error generating XML ("/home/pete/wefwefwef/docs/other/6044217646/erlang-sqlite3-tag-1.0.1.fl.1/erlang-sqlite3/src/sqlite3.erl"): {'EXIT',
                                                                                                                                   error}
Generating XML erlang-sqlite3 - sqlite3_lib "/home/pete/wefwefwef/docs/other/6044217646/erlang-sqlite3-tag-1.0.1.fl.1/erlang-sqlite3/src/sqlite3_lib.erl" -> "/home/pete/wefwefwef/docs/other/6044217646/repo/1.0.1.fl.1/.xml/erlang-sqlite3/sqlite3_lib.xml"
/home/pete/wefwefwef/docs/other/6044217646/erlang-sqlite3-tag-1.0.1.fl.1/erlang-sqlite3/src/sqlite3_lib.erl, in module header: at line 6: error in XML parser: {system_limit,[{ets,new,[rules,[set|...]],[]},
                                    {xmerl_scan,initial_state,2,[{...}|...]},
                                    {xmerl_scan,int_string,4,[...]},
                                    {xmerl_scan,string,2,...},
                                    {edoc_wiki,parse_xml_1,...},
                                    {edoc_wiki,...},
                                    {...}|...]}.
Error generating XML ("/home/pete/wefwefwef/docs/other/6044217646/erlang-sqlite3-tag-1.0.1.fl.1/erlang-sqlite3/src/sqlite3_lib.erl"): {'EXIT',
                                                                                                                                       error}
No documentation was generated!
Woot, finished in 0 Minutes 0 Seconds
 :: Discovering other repos
$ 5000  `rm -r '/home/pete/wefwefwef/docs/other/6044217646/erlang-sqlite3-tag-1.0.1.fl.1'  2>&1`
 :: Processing https://github.com/feuerlabs/erlang-sqlite3	{rev,tag,"1.0.1.fl.2","08955394ab07ec065d151639571876af13d9d70d",undefined,[],[]}
 :: Fetching repo code
$ cd "/home/pete/wefwefwef/docs/other/6044217646/erlang-sqlite3-tag-1.0.1.fl.2/erlang-sqlite3"
$ infinity  `curl --fail --silent --show-error --location --output '1.0.1.fl.2.zip' 'https://github.com/feuerlabs/erlang-sqlite3/archive/1.0.1.fl.2.zip'  2>&1`
$ cd "/home/pete/wefwefwef/docs/erldocs_other.git"
$ cd "/home/pete/wefwefwef/docs/other/6044217646/erlang-sqlite3-tag-1.0.1.fl.2/erlang-sqlite3"
$ 5000  `find -P . -type l -delete  2>&1`
$ cd "/home/pete/wefwefwef/docs/erldocs_other.git"
$ cd "/home/pete/wefwefwef/docs/other/6044217646/erlang-sqlite3-tag-1.0.1.fl.2/erlang-sqlite3"
$ 5000  `find 'erlang-sqlite3-1.0.1.fl.2' -mindepth 1 -maxdepth 1 -exec mv -t . -- {} +  2>&1`
$ cd "/home/pete/wefwefwef/docs/erldocs_other.git"
 :: Getting dependencies
$ cd "/home/pete/wefwefwef/docs/other/6044217646/erlang-sqlite3-tag-1.0.1.fl.2/erlang-sqlite3"
$ 5000  `ls -1 deps/  2>&1`
$ cd "/home/pete/wefwefwef/docs/erldocs_other.git"
>>> [rebar] deps = []
 :: Generating erldocs into /home/pete/wefwefwef/docs/other/6044217646/repo/1.0.1.fl.2
Building erlang-sqlite3
Generating Type Specs - "/home/pete/wefwefwef/docs/other/6044217646/erlang-sqlite3-tag-1.0.1.fl.2/erlang-sqlite3/test.erl"
/home/pete/wefwefwef/docs/other/6044217646/erlang-sqlite3-tag-1.0.1.fl.2/erlang-sqlite3/test.erl: at line 1: syntax error before: '#'
EDoc could not process file '/home/pete/wefwefwef/docs/other/6044217646/erlang-sqlite3-tag-1.0.1.fl.2/erlang-sqlite3/test.erl'
Error generating type specs for "/home/pete/wefwefwef/docs/other/6044217646/erlang-sqlite3-tag-1.0.1.fl.2/erlang-sqlite3/test.erl"
Generating Type Specs - "/home/pete/wefwefwef/docs/other/6044217646/erlang-sqlite3-tag-1.0.1.fl.2/erlang-sqlite3/src/sqlite3.erl"
EDoc could not process file '/home/pete/wefwefwef/docs/other/6044217646/erlang-sqlite3-tag-1.0.1.fl.2/erlang-sqlite3/src/sqlite3.erl'
Error generating type specs for "/home/pete/wefwefwef/docs/other/6044217646/erlang-sqlite3-tag-1.0.1.fl.2/erlang-sqlite3/src/sqlite3.erl"
Generating Type Specs - "/home/pete/wefwefwef/docs/other/6044217646/erlang-sqlite3-tag-1.0.1.fl.2/erlang-sqlite3/src/sqlite3_lib.erl"
EDoc could not process file '/home/pete/wefwefwef/docs/other/6044217646/erlang-sqlite3-tag-1.0.1.fl.2/erlang-sqlite3/src/sqlite3_lib.erl'
Error generating type specs for "/home/pete/wefwefwef/docs/other/6044217646/erlang-sqlite3-tag-1.0.1.fl.2/erlang-sqlite3/src/sqlite3_lib.erl"
Generating XML for application erlang-sqlite3 "/home/pete/wefwefwef/docs/other/6044217646/erlang-sqlite3-tag-1.0.1.fl.2/erlang-sqlite3" -> "/home/pete/wefwefwef/docs/other/6044217646/repo/1.0.1.fl.2/.xml/erlang-sqlite3"
/home/pete/wefwefwef/docs/other/6044217646/erlang-sqlite3-tag-1.0.1.fl.2/erlang-sqlite3/src/sqlite3_lib.erl, in module header: at line 6: error in XML parser: {system_limit,[{ets,new,[rules,[set|...]],[]},
                                    {xmerl_scan,initial_state,2,[{...}|...]},
                                    {xmerl_scan,int_string,4,[...]},
                                    {xmerl_scan,string,2,...},
                                    {edoc_wiki,parse_xml_1,...},
                                    {edoc_wiki,...},
                                    {...}|...]}.
edoc: skipping source file '/home/pete/wefwefwef/docs/other/6044217646/erlang-sqlite3-tag-1.0.1.fl.2/erlang-sqlite3/src/sqlite3_lib.erl': {'EXIT',
                                                                                                                                     error}.
/home/pete/wefwefwef/docs/other/6044217646/erlang-sqlite3-tag-1.0.1.fl.2/erlang-sqlite3/src/sqlite3.erl, in module header: at line 6: error in XML parser: {system_limit,[{ets,new,[rules,[set|...]],[]},
                                    {xmerl_scan,initial_state,2,[{...}|...]},
                                    {xmerl_scan,int_string,4,[...]},
                                    {xmerl_scan,string,2,...},
                                    {edoc_wiki,parse_xml_1,...},
                                    {edoc_wiki,...},
                                    {...}|...]}.
edoc: skipping source file '/home/pete/wefwefwef/docs/other/6044217646/erlang-sqlite3-tag-1.0.1.fl.2/erlang-sqlite3/src/sqlite3.erl': {'EXIT',
                                                                                                                                 error}.
edoc: error in doclet 'edoc_doclet': {'EXIT',error}.
Error generating erlang-sqlite3 XMLs. Using fallback ...
Generating XML erlang-sqlite3 - test "/home/pete/wefwefwef/docs/other/6044217646/erlang-sqlite3-tag-1.0.1.fl.2/erlang-sqlite3/test.erl" -> "/home/pete/wefwefwef/docs/other/6044217646/repo/1.0.1.fl.2/.xml/erlang-sqlite3/test.xml"
/home/pete/wefwefwef/docs/other/6044217646/erlang-sqlite3-tag-1.0.1.fl.2/erlang-sqlite3/test.erl: at line 1: syntax error before: '#'
Error generating XML ("/home/pete/wefwefwef/docs/other/6044217646/erlang-sqlite3-tag-1.0.1.fl.2/erlang-sqlite3/test.erl"): {'EXIT',
                                                                                                                            error}
Generating XML erlang-sqlite3 - sqlite3 "/home/pete/wefwefwef/docs/other/6044217646/erlang-sqlite3-tag-1.0.1.fl.2/erlang-sqlite3/src/sqlite3.erl" -> "/home/pete/wefwefwef/docs/other/6044217646/repo/1.0.1.fl.2/.xml/erlang-sqlite3/sqlite3.xml"
/home/pete/wefwefwef/docs/other/6044217646/erlang-sqlite3-tag-1.0.1.fl.2/erlang-sqlite3/src/sqlite3.erl, in module header: at line 6: error in XML parser: {system_limit,[{ets,new,[rules,[set|...]],[]},
                                    {xmerl_scan,initial_state,2,[{...}|...]},
                                    {xmerl_scan,int_string,4,[...]},
                                    {xmerl_scan,string,2,...},
                                    {edoc_wiki,parse_xml_1,...},
                                    {edoc_wiki,...},
                                    {...}|...]}.
Error generating XML ("/home/pete/wefwefwef/docs/other/6044217646/erlang-sqlite3-tag-1.0.1.fl.2/erlang-sqlite3/src/sqlite3.erl"): {'EXIT',
                                                                                                                                   error}
Generating XML erlang-sqlite3 - sqlite3_lib "/home/pete/wefwefwef/docs/other/6044217646/erlang-sqlite3-tag-1.0.1.fl.2/erlang-sqlite3/src/sqlite3_lib.erl" -> "/home/pete/wefwefwef/docs/other/6044217646/repo/1.0.1.fl.2/.xml/erlang-sqlite3/sqlite3_lib.xml"
/home/pete/wefwefwef/docs/other/6044217646/erlang-sqlite3-tag-1.0.1.fl.2/erlang-sqlite3/src/sqlite3_lib.erl, in module header: at line 6: error in XML parser: {system_limit,[{ets,new,[rules,[set|...]],[]},
                                    {xmerl_scan,initial_state,2,[{...}|...]},
                                    {xmerl_scan,int_string,4,[...]},
                                    {xmerl_scan,string,2,...},
                                    {edoc_wiki,parse_xml_1,...},
                                    {edoc_wiki,...},
                                    {...}|...]}.
Error generating XML ("/home/pete/wefwefwef/docs/other/6044217646/erlang-sqlite3-tag-1.0.1.fl.2/erlang-sqlite3/src/sqlite3_lib.erl"): {'EXIT',
                                                                                                                                       error}
No documentation was generated!
Woot, finished in 0 Minutes 0 Seconds
 :: Discovering other repos
$ 5000  `rm -r '/home/pete/wefwefwef/docs/other/6044217646/erlang-sqlite3-tag-1.0.1.fl.2'  2>&1`
 :: Processing https://github.com/feuerlabs/erlang-sqlite3	{rev,tag,"1.0.1.fl.3","76917f241061b1f04eb4ac363dce4e69cc4048f6",undefined,[],[]}
 :: Fetching repo code
$ cd "/home/pete/wefwefwef/docs/other/6044217646/erlang-sqlite3-tag-1.0.1.fl.3/erlang-sqlite3"
$ infinity  `curl --fail --silent --show-error --location --output '1.0.1.fl.3.zip' 'https://github.com/feuerlabs/erlang-sqlite3/archive/1.0.1.fl.3.zip'  2>&1`
$ cd "/home/pete/wefwefwef/docs/erldocs_other.git"
$ cd "/home/pete/wefwefwef/docs/other/6044217646/erlang-sqlite3-tag-1.0.1.fl.3/erlang-sqlite3"
$ 5000  `find -P . -type l -delete  2>&1`
$ cd "/home/pete/wefwefwef/docs/erldocs_other.git"
$ cd "/home/pete/wefwefwef/docs/other/6044217646/erlang-sqlite3-tag-1.0.1.fl.3/erlang-sqlite3"
$ 5000  `find 'erlang-sqlite3-1.0.1.fl.3' -mindepth 1 -maxdepth 1 -exec mv -t . -- {} +  2>&1`
$ cd "/home/pete/wefwefwef/docs/erldocs_other.git"
 :: Getting dependencies
$ cd "/home/pete/wefwefwef/docs/other/6044217646/erlang-sqlite3-tag-1.0.1.fl.3/erlang-sqlite3"
$ 5000  `ls -1 deps/  2>&1`
$ cd "/home/pete/wefwefwef/docs/erldocs_other.git"
>>> [rebar] deps = []
 :: Generating erldocs into /home/pete/wefwefwef/docs/other/6044217646/repo/1.0.1.fl.3
Building erlang-sqlite3
Generating Type Specs - "/home/pete/wefwefwef/docs/other/6044217646/erlang-sqlite3-tag-1.0.1.fl.3/erlang-sqlite3/test.erl"
/home/pete/wefwefwef/docs/other/6044217646/erlang-sqlite3-tag-1.0.1.fl.3/erlang-sqlite3/test.erl: at line 1: syntax error before: '#'
EDoc could not process file '/home/pete/wefwefwef/docs/other/6044217646/erlang-sqlite3-tag-1.0.1.fl.3/erlang-sqlite3/test.erl'
Error generating type specs for "/home/pete/wefwefwef/docs/other/6044217646/erlang-sqlite3-tag-1.0.1.fl.3/erlang-sqlite3/test.erl"
Generating Type Specs - "/home/pete/wefwefwef/docs/other/6044217646/erlang-sqlite3-tag-1.0.1.fl.3/erlang-sqlite3/src/sqlite3.erl"
EDoc could not process file '/home/pete/wefwefwef/docs/other/6044217646/erlang-sqlite3-tag-1.0.1.fl.3/erlang-sqlite3/src/sqlite3.erl'
Error generating type specs for "/home/pete/wefwefwef/docs/other/6044217646/erlang-sqlite3-tag-1.0.1.fl.3/erlang-sqlite3/src/sqlite3.erl"
Generating Type Specs - "/home/pete/wefwefwef/docs/other/6044217646/erlang-sqlite3-tag-1.0.1.fl.3/erlang-sqlite3/src/sqlite3_lib.erl"
EDoc could not process file '/home/pete/wefwefwef/docs/other/6044217646/erlang-sqlite3-tag-1.0.1.fl.3/erlang-sqlite3/src/sqlite3_lib.erl'
Error generating type specs for "/home/pete/wefwefwef/docs/other/6044217646/erlang-sqlite3-tag-1.0.1.fl.3/erlang-sqlite3/src/sqlite3_lib.erl"
Generating XML for application erlang-sqlite3 "/home/pete/wefwefwef/docs/other/6044217646/erlang-sqlite3-tag-1.0.1.fl.3/erlang-sqlite3" -> "/home/pete/wefwefwef/docs/other/6044217646/repo/1.0.1.fl.3/.xml/erlang-sqlite3"
/home/pete/wefwefwef/docs/other/6044217646/erlang-sqlite3-tag-1.0.1.fl.3/erlang-sqlite3/src/sqlite3_lib.erl, in module header: at line 6: error in XML parser: {system_limit,[{ets,new,[rules,[set|...]],[]},
                                    {xmerl_scan,initial_state,2,[{...}|...]},
                                    {xmerl_scan,int_string,4,[...]},
                                    {xmerl_scan,string,2,...},
                                    {edoc_wiki,parse_xml_1,...},
                                    {edoc_wiki,...},
                                    {...}|...]}.
edoc: skipping source file '/home/pete/wefwefwef/docs/other/6044217646/erlang-sqlite3-tag-1.0.1.fl.3/erlang-sqlite3/src/sqlite3_lib.erl': {'EXIT',
                                                                                                                                     error}.
/home/pete/wefwefwef/docs/other/6044217646/erlang-sqlite3-tag-1.0.1.fl.3/erlang-sqlite3/src/sqlite3.erl, in module header: at line 6: error in XML parser: {system_limit,[{ets,new,[rules,[set|...]],[]},
                                    {xmerl_scan,initial_state,2,[{...}|...]},
                                    {xmerl_scan,int_string,4,[...]},
                                    {xmerl_scan,string,2,...},
                                    {edoc_wiki,parse_xml_1,...},
                                    {edoc_wiki,...},
                                    {...}|...]}.
edoc: skipping source file '/home/pete/wefwefwef/docs/other/6044217646/erlang-sqlite3-tag-1.0.1.fl.3/erlang-sqlite3/src/sqlite3.erl': {'EXIT',
                                                                                                                                 error}.
edoc: error in doclet 'edoc_doclet': {'EXIT',error}.
Error generating erlang-sqlite3 XMLs. Using fallback ...
Generating XML erlang-sqlite3 - test "/home/pete/wefwefwef/docs/other/6044217646/erlang-sqlite3-tag-1.0.1.fl.3/erlang-sqlite3/test.erl" -> "/home/pete/wefwefwef/docs/other/6044217646/repo/1.0.1.fl.3/.xml/erlang-sqlite3/test.xml"
/home/pete/wefwefwef/docs/other/6044217646/erlang-sqlite3-tag-1.0.1.fl.3/erlang-sqlite3/test.erl: at line 1: syntax error before: '#'
Error generating XML ("/home/pete/wefwefwef/docs/other/6044217646/erlang-sqlite3-tag-1.0.1.fl.3/erlang-sqlite3/test.erl"): {'EXIT',
                                                                                                                            error}
Generating XML erlang-sqlite3 - sqlite3 "/home/pete/wefwefwef/docs/other/6044217646/erlang-sqlite3-tag-1.0.1.fl.3/erlang-sqlite3/src/sqlite3.erl" -> "/home/pete/wefwefwef/docs/other/6044217646/repo/1.0.1.fl.3/.xml/erlang-sqlite3/sqlite3.xml"
/home/pete/wefwefwef/docs/other/6044217646/erlang-sqlite3-tag-1.0.1.fl.3/erlang-sqlite3/src/sqlite3.erl, in module header: at line 6: error in XML parser: {system_limit,[{ets,new,[rules,[set|...]],[]},
                                    {xmerl_scan,initial_state,2,[{...}|...]},
                                    {xmerl_scan,int_string,4,[...]},
                                    {xmerl_scan,string,2,...},
                                    {edoc_wiki,parse_xml_1,...},
                                    {edoc_wiki,...},
                                    {...}|...]}.
Error generating XML ("/home/pete/wefwefwef/docs/other/6044217646/erlang-sqlite3-tag-1.0.1.fl.3/erlang-sqlite3/src/sqlite3.erl"): {'EXIT',
                                                                                                                                   error}
Generating XML erlang-sqlite3 - sqlite3_lib "/home/pete/wefwefwef/docs/other/6044217646/erlang-sqlite3-tag-1.0.1.fl.3/erlang-sqlite3/src/sqlite3_lib.erl" -> "/home/pete/wefwefwef/docs/other/6044217646/repo/1.0.1.fl.3/.xml/erlang-sqlite3/sqlite3_lib.xml"
/home/pete/wefwefwef/docs/other/6044217646/erlang-sqlite3-tag-1.0.1.fl.3/erlang-sqlite3/src/sqlite3_lib.erl, in module header: at line 6: error in XML parser: {system_limit,[{ets,new,[rules,[set|...]],[]},
                                    {xmerl_scan,initial_state,2,[{...}|...]},
                                    {xmerl_scan,int_string,4,[...]},
                                    {xmerl_scan,string,2,...},
                                    {edoc_wiki,parse_xml_1,...},
                                    {edoc_wiki,...},
                                    {...}|...]}.
Error generating XML ("/home/pete/wefwefwef/docs/other/6044217646/erlang-sqlite3-tag-1.0.1.fl.3/erlang-sqlite3/src/sqlite3_lib.erl"): {'EXIT',
                                                                                                                                       error}
No documentation was generated!
Woot, finished in 0 Minutes 0 Seconds
 :: Discovering other repos
$ 5000  `rm -r '/home/pete/wefwefwef/docs/other/6044217646/erlang-sqlite3-tag-1.0.1.fl.3'  2>&1`
 :: Processing https://github.com/feuerlabs/erlang-sqlite3	{rev,tag,"v1.0.1","24e5ddb88f86c4a9d5bf2bd84e9f36410c1a9766",undefined,[],[]}
 :: Fetching repo code
$ cd "/home/pete/wefwefwef/docs/other/6044217646/erlang-sqlite3-tag-v1.0.1/erlang-sqlite3"
$ infinity  `curl --fail --silent --show-error --location --output 'v1.0.1.zip' 'https://github.com/feuerlabs/erlang-sqlite3/archive/v1.0.1.zip'  2>&1`
$ cd "/home/pete/wefwefwef/docs/erldocs_other.git"
$ cd "/home/pete/wefwefwef/docs/other/6044217646/erlang-sqlite3-tag-v1.0.1/erlang-sqlite3"
$ 5000  `find -P . -type l -delete  2>&1`
$ cd "/home/pete/wefwefwef/docs/erldocs_other.git"
$ cd "/home/pete/wefwefwef/docs/other/6044217646/erlang-sqlite3-tag-v1.0.1/erlang-sqlite3"
$ 5000  `find 'erlang-sqlite3-1.0.1' -mindepth 1 -maxdepth 1 -exec mv -t . -- {} +  2>&1`
$ cd "/home/pete/wefwefwef/docs/erldocs_other.git"
 :: Getting dependencies
$ cd "/home/pete/wefwefwef/docs/other/6044217646/erlang-sqlite3-tag-v1.0.1/erlang-sqlite3"
$ 5000  `ls -1 deps/  2>&1`
$ cd "/home/pete/wefwefwef/docs/erldocs_other.git"
>>> [rebar] deps = []
 :: Generating erldocs into /home/pete/wefwefwef/docs/other/6044217646/repo/v1.0.1
Building erlang-sqlite3
Generating Type Specs - "/home/pete/wefwefwef/docs/other/6044217646/erlang-sqlite3-tag-v1.0.1/erlang-sqlite3/test.erl"
/home/pete/wefwefwef/docs/other/6044217646/erlang-sqlite3-tag-v1.0.1/erlang-sqlite3/test.erl: at line 1: syntax error before: '#'
EDoc could not process file '/home/pete/wefwefwef/docs/other/6044217646/erlang-sqlite3-tag-v1.0.1/erlang-sqlite3/test.erl'
Error generating type specs for "/home/pete/wefwefwef/docs/other/6044217646/erlang-sqlite3-tag-v1.0.1/erlang-sqlite3/test.erl"
Generating Type Specs - "/home/pete/wefwefwef/docs/other/6044217646/erlang-sqlite3-tag-v1.0.1/erlang-sqlite3/src/sqlite3.erl"
EDoc could not process file '/home/pete/wefwefwef/docs/other/6044217646/erlang-sqlite3-tag-v1.0.1/erlang-sqlite3/src/sqlite3.erl'
Error generating type specs for "/home/pete/wefwefwef/docs/other/6044217646/erlang-sqlite3-tag-v1.0.1/erlang-sqlite3/src/sqlite3.erl"
Generating Type Specs - "/home/pete/wefwefwef/docs/other/6044217646/erlang-sqlite3-tag-v1.0.1/erlang-sqlite3/src/sqlite3_lib.erl"
EDoc could not process file '/home/pete/wefwefwef/docs/other/6044217646/erlang-sqlite3-tag-v1.0.1/erlang-sqlite3/src/sqlite3_lib.erl'
Error generating type specs for "/home/pete/wefwefwef/docs/other/6044217646/erlang-sqlite3-tag-v1.0.1/erlang-sqlite3/src/sqlite3_lib.erl"
Generating XML for application erlang-sqlite3 "/home/pete/wefwefwef/docs/other/6044217646/erlang-sqlite3-tag-v1.0.1/erlang-sqlite3" -> "/home/pete/wefwefwef/docs/other/6044217646/repo/v1.0.1/.xml/erlang-sqlite3"
/home/pete/wefwefwef/docs/other/6044217646/erlang-sqlite3-tag-v1.0.1/erlang-sqlite3/src/sqlite3_lib.erl, in module header: at line 6: error in XML parser: {system_limit,[{ets,new,[rules,[set|...]],[]},
                                    {xmerl_scan,initial_state,2,[{...}|...]},
                                    {xmerl_scan,int_string,4,[...]},
                                    {xmerl_scan,string,2,...},
                                    {edoc_wiki,parse_xml_1,...},
                                    {edoc_wiki,...},
                                    {...}|...]}.
edoc: skipping source file '/home/pete/wefwefwef/docs/other/6044217646/erlang-sqlite3-tag-v1.0.1/erlang-sqlite3/src/sqlite3_lib.erl': {'EXIT',
                                                                                                                                 error}.
/home/pete/wefwefwef/docs/other/6044217646/erlang-sqlite3-tag-v1.0.1/erlang-sqlite3/src/sqlite3.erl, in module header: at line 6: error in XML parser: {system_limit,[{ets,new,[rules,[set|...]],[]},
                                    {xmerl_scan,initial_state,2,[{...}|...]},
                                    {xmerl_scan,int_string,4,[...]},
                                    {xmerl_scan,string,2,...},
                                    {edoc_wiki,parse_xml_1,...},
                                    {edoc_wiki,...},
                                    {...}|...]}.
edoc: skipping source file '/home/pete/wefwefwef/docs/other/6044217646/erlang-sqlite3-tag-v1.0.1/erlang-sqlite3/src/sqlite3.erl': {'EXIT',
                                                                                                                             error}.
edoc: error in doclet 'edoc_doclet': {'EXIT',error}.
Error generating erlang-sqlite3 XMLs. Using fallback ...
Generating XML erlang-sqlite3 - test "/home/pete/wefwefwef/docs/other/6044217646/erlang-sqlite3-tag-v1.0.1/erlang-sqlite3/test.erl" -> "/home/pete/wefwefwef/docs/other/6044217646/repo/v1.0.1/.xml/erlang-sqlite3/test.xml"
/home/pete/wefwefwef/docs/other/6044217646/erlang-sqlite3-tag-v1.0.1/erlang-sqlite3/test.erl: at line 1: syntax error before: '#'
Error generating XML ("/home/pete/wefwefwef/docs/other/6044217646/erlang-sqlite3-tag-v1.0.1/erlang-sqlite3/test.erl"): {'EXIT',
                                                                                                                        error}
Generating XML erlang-sqlite3 - sqlite3 "/home/pete/wefwefwef/docs/other/6044217646/erlang-sqlite3-tag-v1.0.1/erlang-sqlite3/src/sqlite3.erl" -> "/home/pete/wefwefwef/docs/other/6044217646/repo/v1.0.1/.xml/erlang-sqlite3/sqlite3.xml"
/home/pete/wefwefwef/docs/other/6044217646/erlang-sqlite3-tag-v1.0.1/erlang-sqlite3/src/sqlite3.erl, in module header: at line 6: error in XML parser: {system_limit,[{ets,new,[rules,[set|...]],[]},
                                    {xmerl_scan,initial_state,2,[{...}|...]},
                                    {xmerl_scan,int_string,4,[...]},
                                    {xmerl_scan,string,2,...},
                                    {edoc_wiki,parse_xml_1,...},
                                    {edoc_wiki,...},
                                    {...}|...]}.
Error generating XML ("/home/pete/wefwefwef/docs/other/6044217646/erlang-sqlite3-tag-v1.0.1/erlang-sqlite3/src/sqlite3.erl"): {'EXIT',
                                                                                                                               error}
Generating XML erlang-sqlite3 - sqlite3_lib "/home/pete/wefwefwef/docs/other/6044217646/erlang-sqlite3-tag-v1.0.1/erlang-sqlite3/src/sqlite3_lib.erl" -> "/home/pete/wefwefwef/docs/other/6044217646/repo/v1.0.1/.xml/erlang-sqlite3/sqlite3_lib.xml"
/home/pete/wefwefwef/docs/other/6044217646/erlang-sqlite3-tag-v1.0.1/erlang-sqlite3/src/sqlite3_lib.erl, in module header: at line 6: error in XML parser: {system_limit,[{ets,new,[rules,[set|...]],[]},
                                    {xmerl_scan,initial_state,2,[{...}|...]},
                                    {xmerl_scan,int_string,4,[...]},
                                    {xmerl_scan,string,2,...},
                                    {edoc_wiki,parse_xml_1,...},
                                    {edoc_wiki,...},
                                    {...}|...]}.
Error generating XML ("/home/pete/wefwefwef/docs/other/6044217646/erlang-sqlite3-tag-v1.0.1/erlang-sqlite3/src/sqlite3_lib.erl"): {'EXIT',
                                                                                                                                   error}
No documentation was generated!
Woot, finished in 0 Minutes 0 Seconds
 :: Discovering other repos
$ 5000  `rm -r '/home/pete/wefwefwef/docs/other/6044217646/erlang-sqlite3-tag-v1.0.1'  2>&1`
 :: Processing https://github.com/feuerlabs/erlang-sqlite3	{rev,branch,"64bit","4310a0f64d2f6015447fe43c8d86a33b6e42581c",undefined,[],[]}
 :: Fetching repo code
$ cd "/home/pete/wefwefwef/docs/other/6044217646/erlang-sqlite3-branch-64bit/erlang-sqlite3"
$ infinity  `curl --fail --silent --show-error --location --output '64bit.zip' 'https://github.com/feuerlabs/erlang-sqlite3/archive/64bit.zip'  2>&1`
$ cd "/home/pete/wefwefwef/docs/erldocs_other.git"
$ cd "/home/pete/wefwefwef/docs/other/6044217646/erlang-sqlite3-branch-64bit/erlang-sqlite3"
$ 5000  `find -P . -type l -delete  2>&1`
$ cd "/home/pete/wefwefwef/docs/erldocs_other.git"
$ cd "/home/pete/wefwefwef/docs/other/6044217646/erlang-sqlite3-branch-64bit/erlang-sqlite3"
$ 5000  `find 'erlang-sqlite3-64bit' -mindepth 1 -maxdepth 1 -exec mv -t . -- {} +  2>&1`
$ cd "/home/pete/wefwefwef/docs/erldocs_other.git"
 :: Getting dependencies
$ cd "/home/pete/wefwefwef/docs/other/6044217646/erlang-sqlite3-branch-64bit/erlang-sqlite3"
$ 5000  `ls -1 deps/  2>&1`
$ cd "/home/pete/wefwefwef/docs/erldocs_other.git"
>>> [rebar] deps = []
 :: Generating erldocs into /home/pete/wefwefwef/docs/other/6044217646/repo/64bit
Building erlang-sqlite3
Generating Type Specs - "/home/pete/wefwefwef/docs/other/6044217646/erlang-sqlite3-branch-64bit/erlang-sqlite3/test.erl"
/home/pete/wefwefwef/docs/other/6044217646/erlang-sqlite3-branch-64bit/erlang-sqlite3/test.erl: at line 1: syntax error before: '#'
EDoc could not process file '/home/pete/wefwefwef/docs/other/6044217646/erlang-sqlite3-branch-64bit/erlang-sqlite3/test.erl'
Error generating type specs for "/home/pete/wefwefwef/docs/other/6044217646/erlang-sqlite3-branch-64bit/erlang-sqlite3/test.erl"
Generating Type Specs - "/home/pete/wefwefwef/docs/other/6044217646/erlang-sqlite3-branch-64bit/erlang-sqlite3/src/sqlite3.erl"
EDoc could not process file '/home/pete/wefwefwef/docs/other/6044217646/erlang-sqlite3-branch-64bit/erlang-sqlite3/src/sqlite3.erl'
Error generating type specs for "/home/pete/wefwefwef/docs/other/6044217646/erlang-sqlite3-branch-64bit/erlang-sqlite3/src/sqlite3.erl"
Generating Type Specs - "/home/pete/wefwefwef/docs/other/6044217646/erlang-sqlite3-branch-64bit/erlang-sqlite3/src/sqlite3_lib.erl"
EDoc could not process file '/home/pete/wefwefwef/docs/other/6044217646/erlang-sqlite3-branch-64bit/erlang-sqlite3/src/sqlite3_lib.erl'
Error generating type specs for "/home/pete/wefwefwef/docs/other/6044217646/erlang-sqlite3-branch-64bit/erlang-sqlite3/src/sqlite3_lib.erl"
Generating XML for application erlang-sqlite3 "/home/pete/wefwefwef/docs/other/6044217646/erlang-sqlite3-branch-64bit/erlang-sqlite3" -> "/home/pete/wefwefwef/docs/other/6044217646/repo/64bit/.xml/erlang-sqlite3"
/home/pete/wefwefwef/docs/other/6044217646/erlang-sqlite3-branch-64bit/erlang-sqlite3/src/sqlite3_lib.erl, in module header: at line 6: error in XML parser: {system_limit,[{ets,new,[rules,[set|...]],[]},
                                    {xmerl_scan,initial_state,2,[{...}|...]},
                                    {xmerl_scan,int_string,4,[...]},
                                    {xmerl_scan,string,2,...},
                                    {edoc_wiki,parse_xml_1,...},
                                    {edoc_wiki,...},
                                    {...}|...]}.
edoc: skipping source file '/home/pete/wefwefwef/docs/other/6044217646/erlang-sqlite3-branch-64bit/erlang-sqlite3/src/sqlite3_lib.erl': {'EXIT',
                                                                                                                                   error}.
/home/pete/wefwefwef/docs/other/6044217646/erlang-sqlite3-branch-64bit/erlang-sqlite3/src/sqlite3.erl, in module header: at line 6: error in XML parser: {system_limit,[{ets,new,[rules,[set|...]],[]},
                                    {xmerl_scan,initial_state,2,[{...}|...]},
                                    {xmerl_scan,int_string,4,[...]},
                                    {xmerl_scan,string,2,...},
                                    {edoc_wiki,parse_xml_1,...},
                                    {edoc_wiki,...},
                                    {...}|...]}.
edoc: skipping source file '/home/pete/wefwefwef/docs/other/6044217646/erlang-sqlite3-branch-64bit/erlang-sqlite3/src/sqlite3.erl': {'EXIT',
                                                                                                                               error}.
edoc: error in doclet 'edoc_doclet': {'EXIT',error}.
Error generating erlang-sqlite3 XMLs. Using fallback ...
Generating XML erlang-sqlite3 - test "/home/pete/wefwefwef/docs/other/6044217646/erlang-sqlite3-branch-64bit/erlang-sqlite3/test.erl" -> "/home/pete/wefwefwef/docs/other/6044217646/repo/64bit/.xml/erlang-sqlite3/test.xml"
/home/pete/wefwefwef/docs/other/6044217646/erlang-sqlite3-branch-64bit/erlang-sqlite3/test.erl: at line 1: syntax error before: '#'
Error generating XML ("/home/pete/wefwefwef/docs/other/6044217646/erlang-sqlite3-branch-64bit/erlang-sqlite3/test.erl"): {'EXIT',
                                                                                                                          error}
Generating XML erlang-sqlite3 - sqlite3 "/home/pete/wefwefwef/docs/other/6044217646/erlang-sqlite3-branch-64bit/erlang-sqlite3/src/sqlite3.erl" -> "/home/pete/wefwefwef/docs/other/6044217646/repo/64bit/.xml/erlang-sqlite3/sqlite3.xml"
/home/pete/wefwefwef/docs/other/6044217646/erlang-sqlite3-branch-64bit/erlang-sqlite3/src/sqlite3.erl, in module header: at line 6: error in XML parser: {system_limit,[{ets,new,[rules,[set|...]],[]},
                                    {xmerl_scan,initial_state,2,[{...}|...]},
                                    {xmerl_scan,int_string,4,[...]},
                                    {xmerl_scan,string,2,...},
                                    {edoc_wiki,parse_xml_1,...},
                                    {edoc_wiki,...},
                                    {...}|...]}.
Error generating XML ("/home/pete/wefwefwef/docs/other/6044217646/erlang-sqlite3-branch-64bit/erlang-sqlite3/src/sqlite3.erl"): {'EXIT',
                                                                                                                                 error}
Generating XML erlang-sqlite3 - sqlite3_lib "/home/pete/wefwefwef/docs/other/6044217646/erlang-sqlite3-branch-64bit/erlang-sqlite3/src/sqlite3_lib.erl" -> "/home/pete/wefwefwef/docs/other/6044217646/repo/64bit/.xml/erlang-sqlite3/sqlite3_lib.xml"
/home/pete/wefwefwef/docs/other/6044217646/erlang-sqlite3-branch-64bit/erlang-sqlite3/src/sqlite3_lib.erl, in module header: at line 6: error in XML parser: {system_limit,[{ets,new,[rules,[set|...]],[]},
                                    {xmerl_scan,initial_state,2,[{...}|...]},
                                    {xmerl_scan,int_string,4,[...]},
                                    {xmerl_scan,string,2,...},
                                    {edoc_wiki,parse_xml_1,...},
                                    {edoc_wiki,...},
                                    {...}|...]}.
Error generating XML ("/home/pete/wefwefwef/docs/other/6044217646/erlang-sqlite3-branch-64bit/erlang-sqlite3/src/sqlite3_lib.erl"): {'EXIT',
                                                                                                                                     error}
No documentation was generated!
Woot, finished in 0 Minutes 0 Seconds
 :: Discovering other repos
$ 5000  `rm -r '/home/pete/wefwefwef/docs/other/6044217646/erlang-sqlite3-branch-64bit'  2>&1`
 :: Processing https://github.com/feuerlabs/erlang-sqlite3	{rev,branch,"correct_scripts","442fc256d549a33a94b6530fffc6a6ab2734bb5a",undefined,[],[]}
 :: Fetching repo code
$ cd "/home/pete/wefwefwef/docs/other/6044217646/erlang-sqlite3-branch-correct_scripts/erlang-sqlite3"
$ infinity  `curl --fail --silent --show-error --location --output 'correct_scripts.zip' 'https://github.com/feuerlabs/erlang-sqlite3/archive/correct_scripts.zip'  2>&1`
$ cd "/home/pete/wefwefwef/docs/erldocs_other.git"
$ cd "/home/pete/wefwefwef/docs/other/6044217646/erlang-sqlite3-branch-correct_scripts/erlang-sqlite3"
$ 5000  `find -P . -type l -delete  2>&1`
$ cd "/home/pete/wefwefwef/docs/erldocs_other.git"
$ cd "/home/pete/wefwefwef/docs/other/6044217646/erlang-sqlite3-branch-correct_scripts/erlang-sqlite3"
$ 5000  `find 'erlang-sqlite3-correct_scripts' -mindepth 1 -maxdepth 1 -exec mv -t . -- {} +  2>&1`
$ cd "/home/pete/wefwefwef/docs/erldocs_other.git"
 :: Getting dependencies
$ cd "/home/pete/wefwefwef/docs/other/6044217646/erlang-sqlite3-branch-correct_scripts/erlang-sqlite3"
$ 5000  `ls -1 deps/  2>&1`
$ cd "/home/pete/wefwefwef/docs/erldocs_other.git"
>>> [rebar] deps = []
 :: Generating erldocs into /home/pete/wefwefwef/docs/other/6044217646/repo/correct_scripts
Building erlang-sqlite3
Generating Type Specs - "/home/pete/wefwefwef/docs/other/6044217646/erlang-sqlite3-branch-correct_scripts/erlang-sqlite3/test.erl"
/home/pete/wefwefwef/docs/other/6044217646/erlang-sqlite3-branch-correct_scripts/erlang-sqlite3/test.erl: at line 1: syntax error before: '#'
EDoc could not process file '/home/pete/wefwefwef/docs/other/6044217646/erlang-sqlite3-branch-correct_scripts/erlang-sqlite3/test.erl'
Error generating type specs for "/home/pete/wefwefwef/docs/other/6044217646/erlang-sqlite3-branch-correct_scripts/erlang-sqlite3/test.erl"
Generating Type Specs - "/home/pete/wefwefwef/docs/other/6044217646/erlang-sqlite3-branch-correct_scripts/erlang-sqlite3/src/sqlite3.erl"
EDoc could not process file '/home/pete/wefwefwef/docs/other/6044217646/erlang-sqlite3-branch-correct_scripts/erlang-sqlite3/src/sqlite3.erl'
Error generating type specs for "/home/pete/wefwefwef/docs/other/6044217646/erlang-sqlite3-branch-correct_scripts/erlang-sqlite3/src/sqlite3.erl"
Generating Type Specs - "/home/pete/wefwefwef/docs/other/6044217646/erlang-sqlite3-branch-correct_scripts/erlang-sqlite3/src/sqlite3_lib.erl"
EDoc could not process file '/home/pete/wefwefwef/docs/other/6044217646/erlang-sqlite3-branch-correct_scripts/erlang-sqlite3/src/sqlite3_lib.erl'
Error generating type specs for "/home/pete/wefwefwef/docs/other/6044217646/erlang-sqlite3-branch-correct_scripts/erlang-sqlite3/src/sqlite3_lib.erl"
Generating XML for application erlang-sqlite3 "/home/pete/wefwefwef/docs/other/6044217646/erlang-sqlite3-branch-correct_scripts/erlang-sqlite3" -> "/home/pete/wefwefwef/docs/other/6044217646/repo/correct_scripts/.xml/erlang-sqlite3"
/home/pete/wefwefwef/docs/other/6044217646/erlang-sqlite3-branch-correct_scripts/erlang-sqlite3/src/sqlite3_lib.erl, in module header: at line 6: error in XML parser: {system_limit,[{ets,new,[rules,[set|...]],[]},
                                    {xmerl_scan,initial_state,2,[{...}|...]},
                                    {xmerl_scan,int_string,4,[...]},
                                    {xmerl_scan,string,2,...},
                                    {edoc_wiki,parse_xml_1,...},
                                    {edoc_wiki,...},
                                    {...}|...]}.
edoc: skipping source file '/home/pete/wefwefwef/docs/other/6044217646/erlang-sqlite3-branch-correct_scripts/erlang-sqlite3/src/sqlite3_lib.erl': {'EXIT',
                                                                                                                                             error}.
/home/pete/wefwefwef/docs/other/6044217646/erlang-sqlite3-branch-correct_scripts/erlang-sqlite3/src/sqlite3.erl, in module header: at line 6: error in XML parser: {system_limit,[{ets,new,[rules,[set|...]],[]},
                                    {xmerl_scan,initial_state,2,[{...}|...]},
                                    {xmerl_scan,int_string,4,[...]},
                                    {xmerl_scan,string,2,...},
                                    {edoc_wiki,parse_xml_1,...},
                                    {edoc_wiki,...},
                                    {...}|...]}.
edoc: skipping source file '/home/pete/wefwefwef/docs/other/6044217646/erlang-sqlite3-branch-correct_scripts/erlang-sqlite3/src/sqlite3.erl': {'EXIT',
                                                                                                                                         error}.
edoc: error in doclet 'edoc_doclet': {'EXIT',error}.
Error generating erlang-sqlite3 XMLs. Using fallback ...
Generating XML erlang-sqlite3 - test "/home/pete/wefwefwef/docs/other/6044217646/erlang-sqlite3-branch-correct_scripts/erlang-sqlite3/test.erl" -> "/home/pete/wefwefwef/docs/other/6044217646/repo/correct_scripts/.xml/erlang-sqlite3/test.xml"
/home/pete/wefwefwef/docs/other/6044217646/erlang-sqlite3-branch-correct_scripts/erlang-sqlite3/test.erl: at line 1: syntax error before: '#'
Error generating XML ("/home/pete/wefwefwef/docs/other/6044217646/erlang-sqlite3-branch-correct_scripts/erlang-sqlite3/test.erl"): {'EXIT',
                                                                                                                                    error}
Generating XML erlang-sqlite3 - sqlite3 "/home/pete/wefwefwef/docs/other/6044217646/erlang-sqlite3-branch-correct_scripts/erlang-sqlite3/src/sqlite3.erl" -> "/home/pete/wefwefwef/docs/other/6044217646/repo/correct_scripts/.xml/erlang-sqlite3/sqlite3.xml"
/home/pete/wefwefwef/docs/other/6044217646/erlang-sqlite3-branch-correct_scripts/erlang-sqlite3/src/sqlite3.erl, in module header: at line 6: error in XML parser: {system_limit,[{ets,new,[rules,[set|...]],[]},
                                    {xmerl_scan,initial_state,2,[{...}|...]},
                                    {xmerl_scan,int_string,4,[...]},
                                    {xmerl_scan,string,2,...},
                                    {edoc_wiki,parse_xml_1,...},
                                    {edoc_wiki,...},
                                    {...}|...]}.
Error generating XML ("/home/pete/wefwefwef/docs/other/6044217646/erlang-sqlite3-branch-correct_scripts/erlang-sqlite3/src/sqlite3.erl"): {'EXIT',
                                                                                                                                           error}
Generating XML erlang-sqlite3 - sqlite3_lib "/home/pete/wefwefwef/docs/other/6044217646/erlang-sqlite3-branch-correct_scripts/erlang-sqlite3/src/sqlite3_lib.erl" -> "/home/pete/wefwefwef/docs/other/6044217646/repo/correct_scripts/.xml/erlang-sqlite3/sqlite3_lib.xml"
/home/pete/wefwefwef/docs/other/6044217646/erlang-sqlite3-branch-correct_scripts/erlang-sqlite3/src/sqlite3_lib.erl, in module header: at line 6: error in XML parser: {system_limit,[{ets,new,[rules,[set|...]],[]},
                                    {xmerl_scan,initial_state,2,[{...}|...]},
                                    {xmerl_scan,int_string,4,[...]},
                                    {xmerl_scan,string,2,...},
                                    {edoc_wiki,parse_xml_1,...},
                                    {edoc_wiki,...},
                                    {...}|...]}.
Error generating XML ("/home/pete/wefwefwef/docs/other/6044217646/erlang-sqlite3-branch-correct_scripts/erlang-sqlite3/src/sqlite3_lib.erl"): {'EXIT',
                                                                                                                                               error}
No documentation was generated!
Woot, finished in 0 Minutes 0 Seconds
 :: Discovering other repos
$ 5000  `rm -r '/home/pete/wefwefwef/docs/other/6044217646/erlang-sqlite3-branch-correct_scripts'  2>&1`
 :: Processing https://github.com/feuerlabs/erlang-sqlite3	{rev,branch,"jacek","092f6934e3778d945bc0a9913dd70e54e8fd88b1",undefined,[],[]}
 :: Fetching repo code
$ cd "/home/pete/wefwefwef/docs/other/6044217646/erlang-sqlite3-branch-jacek/erlang-sqlite3"
$ infinity  `curl --fail --silent --show-error --location --output 'jacek.zip' 'https://github.com/feuerlabs/erlang-sqlite3/archive/jacek.zip'  2>&1`
$ cd "/home/pete/wefwefwef/docs/erldocs_other.git"
$ cd "/home/pete/wefwefwef/docs/other/6044217646/erlang-sqlite3-branch-jacek/erlang-sqlite3"
$ 5000  `find -P . -type l -delete  2>&1`
$ cd "/home/pete/wefwefwef/docs/erldocs_other.git"
$ cd "/home/pete/wefwefwef/docs/other/6044217646/erlang-sqlite3-branch-jacek/erlang-sqlite3"
$ 5000  `find 'erlang-sqlite3-jacek' -mindepth 1 -maxdepth 1 -exec mv -t . -- {} +  2>&1`
$ cd "/home/pete/wefwefwef/docs/erldocs_other.git"
 :: Getting dependencies
 :: Generating erldocs into /home/pete/wefwefwef/docs/other/6044217646/repo/jacek
Building erlang-sqlite3
Generating Type Specs - "/home/pete/wefwefwef/docs/other/6044217646/erlang-sqlite3-branch-jacek/erlang-sqlite3/test.erl"
/home/pete/wefwefwef/docs/other/6044217646/erlang-sqlite3-branch-jacek/erlang-sqlite3/test.erl: at line 1: syntax error before: '#'
EDoc could not process file '/home/pete/wefwefwef/docs/other/6044217646/erlang-sqlite3-branch-jacek/erlang-sqlite3/test.erl'
Error generating type specs for "/home/pete/wefwefwef/docs/other/6044217646/erlang-sqlite3-branch-jacek/erlang-sqlite3/test.erl"
Generating Type Specs - "/home/pete/wefwefwef/docs/other/6044217646/erlang-sqlite3-branch-jacek/erlang-sqlite3/src/sqlite3.erl"
EDoc could not process file '/home/pete/wefwefwef/docs/other/6044217646/erlang-sqlite3-branch-jacek/erlang-sqlite3/src/sqlite3.erl'
Error generating type specs for "/home/pete/wefwefwef/docs/other/6044217646/erlang-sqlite3-branch-jacek/erlang-sqlite3/src/sqlite3.erl"
Generating Type Specs - "/home/pete/wefwefwef/docs/other/6044217646/erlang-sqlite3-branch-jacek/erlang-sqlite3/src/sqlite3_lib.erl"
/home/pete/wefwefwef/docs/other/6044217646/erlang-sqlite3-branch-jacek/erlang-sqlite3/src/sqlite3_lib.erl: at line 56: undefined macro 'NULL_ATOM'
EDoc could not process file '/home/pete/wefwefwef/docs/other/6044217646/erlang-sqlite3-branch-jacek/erlang-sqlite3/src/sqlite3_lib.erl'
Error generating type specs for "/home/pete/wefwefwef/docs/other/6044217646/erlang-sqlite3-branch-jacek/erlang-sqlite3/src/sqlite3_lib.erl"
Generating Type Specs - "/home/pete/wefwefwef/docs/other/6044217646/erlang-sqlite3-branch-jacek/erlang-sqlite3/src/sqlite3_test.erl"
EDoc could not process file '/home/pete/wefwefwef/docs/other/6044217646/erlang-sqlite3-branch-jacek/erlang-sqlite3/src/sqlite3_test.erl'
Error generating type specs for "/home/pete/wefwefwef/docs/other/6044217646/erlang-sqlite3-branch-jacek/erlang-sqlite3/src/sqlite3_test.erl"
Generating XML for application erlang-sqlite3 "/home/pete/wefwefwef/docs/other/6044217646/erlang-sqlite3-branch-jacek/erlang-sqlite3" -> "/home/pete/wefwefwef/docs/other/6044217646/repo/jacek/.xml/erlang-sqlite3"
/home/pete/wefwefwef/docs/other/6044217646/erlang-sqlite3-branch-jacek/erlang-sqlite3/src/test/sqlite_test_SUITE.erl: at line 13: can't find include file "ct.hrl"
edoc: skipping source file '/home/pete/wefwefwef/docs/other/6044217646/erlang-sqlite3-branch-jacek/erlang-sqlite3/src/test/sqlite_test_SUITE.erl': {'EXIT',
                                                                                                                                              error}.
/home/pete/wefwefwef/docs/other/6044217646/erlang-sqlite3-branch-jacek/erlang-sqlite3/src/sqlite3_lib.erl: at line 56: undefined macro 'NULL_ATOM'
edoc: skipping source file '/home/pete/wefwefwef/docs/other/6044217646/erlang-sqlite3-branch-jacek/erlang-sqlite3/src/sqlite3_lib.erl': {'EXIT',
                                                                                                                                   error}.
/home/pete/wefwefwef/docs/other/6044217646/erlang-sqlite3-branch-jacek/erlang-sqlite3/src/sqlite3.erl, in module header: at line 6: error in XML parser: {system_limit,[{ets,new,[rules,[set|...]],[]},
                                    {xmerl_scan,initial_state,2,[{...}|...]},
                                    {xmerl_scan,int_string,4,[...]},
                                    {xmerl_scan,string,2,...},
                                    {edoc_wiki,parse_xml_1,...},
                                    {edoc_wiki,...},
                                    {...}|...]}.
edoc: skipping source file '/home/pete/wefwefwef/docs/other/6044217646/erlang-sqlite3-branch-jacek/erlang-sqlite3/src/sqlite3.erl': {'EXIT',
                                                                                                                               error}.
edoc: skipping source file '/home/pete/wefwefwef/docs/other/6044217646/erlang-sqlite3-branch-jacek/erlang-sqlite3/src/sqlite3_test.erl': {'EXIT',
                                                                                                                                    {system_limit,
                                                                                                                                     [{ets,
                                                                                                                                       new,
                                                                                                                                       [etypes,
                                                                                                                                        [ordered_set]],
                                                                                                                                       []},
                                                                                                                                      {edoc_specs,
                                                                                                                                       add_data,
                                                                                                                                       4,
                                                                                                                                       [{file,
                                                                                                                                         "edoc_specs.erl"},
                                                                                                                                        {line,
                                                                                                                                         109}]},
                                                                                                                                      {edoc_extract,
                                                                                                                                       source1,
                                                                                                                                       5,
                                                                                                                                       [{file,
                                                                                                                                         [...]},
                                                                                                                                        {line,...}]},
                                                                                                                                      {edoc_doclet,
                                                                                                                                       source,
                                                                                                                                       9,
                                                                                                                                       [{file,...},
                                                                                                                                        {...}]},
                                                                                                                                      {lists,
                                                                                                                                       foldl,
                                                                                                                                       3,
                                                                                                                                       [{...}|...]},
                                                                                                                                      {edoc_doclet,
                                                                                                                                       sources,
                                                                                                                                       5,
                                                                                                                                       [...]},
                                                                                                                                      {edoc_doclet,
                                                                                                                                       gen,
                                                                                                                                       6,...},
                                                                                                                                      {edoc_lib,
                                                                                                                                       run_plugin,...}]}}.
edoc: error in doclet 'edoc_doclet': {'EXIT',error}.
Error generating erlang-sqlite3 XMLs. Using fallback ...
Generating XML erlang-sqlite3 - test "/home/pete/wefwefwef/docs/other/6044217646/erlang-sqlite3-branch-jacek/erlang-sqlite3/test.erl" -> "/home/pete/wefwefwef/docs/other/6044217646/repo/jacek/.xml/erlang-sqlite3/test.xml"
/home/pete/wefwefwef/docs/other/6044217646/erlang-sqlite3-branch-jacek/erlang-sqlite3/test.erl: at line 1: syntax error before: '#'
Error generating XML ("/home/pete/wefwefwef/docs/other/6044217646/erlang-sqlite3-branch-jacek/erlang-sqlite3/test.erl"): {'EXIT',
                                                                                                                          error}
Generating XML erlang-sqlite3 - sqlite3 "/home/pete/wefwefwef/docs/other/6044217646/erlang-sqlite3-branch-jacek/erlang-sqlite3/src/sqlite3.erl" -> "/home/pete/wefwefwef/docs/other/6044217646/repo/jacek/.xml/erlang-sqlite3/sqlite3.xml"
/home/pete/wefwefwef/docs/other/6044217646/erlang-sqlite3-branch-jacek/erlang-sqlite3/src/sqlite3.erl, in module header: at line 6: error in XML parser: {system_limit,[{ets,new,[rules,[set|...]],[]},
                                    {xmerl_scan,initial_state,2,[{...}|...]},
                                    {xmerl_scan,int_string,4,[...]},
                                    {xmerl_scan,string,2,...},
                                    {edoc_wiki,parse_xml_1,...},
                                    {edoc_wiki,...},
                                    {...}|...]}.
Error generating XML ("/home/pete/wefwefwef/docs/other/6044217646/erlang-sqlite3-branch-jacek/erlang-sqlite3/src/sqlite3.erl"): {'EXIT',
                                                                                                                                 error}
Generating XML erlang-sqlite3 - sqlite3_lib "/home/pete/wefwefwef/docs/other/6044217646/erlang-sqlite3-branch-jacek/erlang-sqlite3/src/sqlite3_lib.erl" -> "/home/pete/wefwefwef/docs/other/6044217646/repo/jacek/.xml/erlang-sqlite3/sqlite3_lib.xml"
/home/pete/wefwefwef/docs/other/6044217646/erlang-sqlite3-branch-jacek/erlang-sqlite3/src/sqlite3_lib.erl: at line 56: undefined macro 'NULL_ATOM'
Error generating XML ("/home/pete/wefwefwef/docs/other/6044217646/erlang-sqlite3-branch-jacek/erlang-sqlite3/src/sqlite3_lib.erl"): {'EXIT',
                                                                                                                                     error}
Generating XML erlang-sqlite3 - sqlite3_test "/home/pete/wefwefwef/docs/other/6044217646/erlang-sqlite3-branch-jacek/erlang-sqlite3/src/sqlite3_test.erl" -> "/home/pete/wefwefwef/docs/other/6044217646/repo/jacek/.xml/erlang-sqlite3/sqlite3_test.xml"
Error generating XML ("/home/pete/wefwefwef/docs/other/6044217646/erlang-sqlite3-branch-jacek/erlang-sqlite3/src/sqlite3_test.erl"): {'EXIT',
                                                                                                                                      {system_limit,
                                                                                                                                       [{ets,
                                                                                                                                         new,
                                                                                                                                         [etypes,
                                                                                                                                          [ordered_set]],
                                                                                                                                         []},
                                                                                                                                        {edoc_specs,
                                                                                                                                         add_data,
                                                                                                                                         4,
                                                                                                                                         [{file,
                                                                                                                                           "edoc_specs.erl"},
                                                                                                                                          {line,
                                                                                                                                           109}]},
                                                                                                                                        {edoc_extract,
                                                                                                                                         source1,
                                                                                                                                         5,
                                                                                                                                         [{file,
                                                                                                                                           "edoc_extract.erl"},
                                                                                                                                          {line,
                                                                                                                                           130}]},
                                                                                                                                        {edoc,
                                                                                                                                         read,
                                                                                                                                         2,
                                                                                                                                         [{file,
                                                                                                                                           "edoc.erl"},
                                                                                                                                          {line,
                                                                                                                                           538}]},
                                                                                                                                        {edoc,
                                                                                                                                         file,
                                                                                                                                         2,
                                                                                                                                         [{file,
                                                                                                                                           "edoc.erl"},
                                                                                                                                          {line,
                                                                                                                                           116}]},
                                                                                                                                        {erldocs_core,
                                                                                                                                         '-gen_docsrc/4-fun-1-',
                                                                                                                                         5,
                                                                                                                                         [{file,
                                                                                                                                           "src/erldocs_core.erl"},
                                                                                                                                          {line,
                                                                                                                                           204}]},
                                                                                                                                        {lists,
                                                                                                                                         foldl,
                                                                                                                                         3,
                                                                                                                                         [{file,
                                                                                                                                           "lists.erl"},
                                                                                                                                          {line,
                                                                                                                                           1261}]},
                                                                                                                                        {erldocs_core,
                                                                                                                                         tmp_cd,
                                                                                                                                         2,
                                                                                                                                         [{file,
                                                                                                                                           "src/erldocs_core.erl"},
                                                                                                                                          {line,
                                                                                                                                           227}]}]}}
No documentation was generated!
Woot, finished in 0 Minutes 0 Seconds
 :: Discovering other repos
$ 5000  `rm -r '/home/pete/wefwefwef/docs/other/6044217646/erlang-sqlite3-branch-jacek'  2>&1`
 :: Processing https://github.com/feuerlabs/erlang-sqlite3	{rev,branch,"master","1af3633d214c2aeda16d3112812baa001c56b543",undefined,[],[]}
 :: Fetching repo code
$ cd "/home/pete/wefwefwef/docs/other/6044217646/erlang-sqlite3-branch-master/erlang-sqlite3"
$ infinity  `curl --fail --silent --show-error --location --output 'master.zip' 'https://github.com/feuerlabs/erlang-sqlite3/archive/master.zip'  2>&1`
$ cd "/home/pete/wefwefwef/docs/erldocs_other.git"
$ cd "/home/pete/wefwefwef/docs/other/6044217646/erlang-sqlite3-branch-master/erlang-sqlite3"
$ 5000  `find -P . -type l -delete  2>&1`
$ cd "/home/pete/wefwefwef/docs/erldocs_other.git"
$ cd "/home/pete/wefwefwef/docs/other/6044217646/erlang-sqlite3-branch-master/erlang-sqlite3"
$ 5000  `find 'erlang-sqlite3-master' -mindepth 1 -maxdepth 1 -exec mv -t . -- {} +  2>&1`
$ cd "/home/pete/wefwefwef/docs/erldocs_other.git"
 :: Getting dependencies
$ cd "/home/pete/wefwefwef/docs/other/6044217646/erlang-sqlite3-branch-master/erlang-sqlite3"
$ 5000  `ls -1 deps/  2>&1`
$ cd "/home/pete/wefwefwef/docs/erldocs_other.git"
>>> [rebar] deps = []
 :: Generating erldocs into /home/pete/wefwefwef/docs/other/6044217646/repo/master
Building erlang-sqlite3
Generating Type Specs - "/home/pete/wefwefwef/docs/other/6044217646/erlang-sqlite3-branch-master/erlang-sqlite3/test.erl"
/home/pete/wefwefwef/docs/other/6044217646/erlang-sqlite3-branch-master/erlang-sqlite3/test.erl: at line 1: syntax error before: '#'
EDoc could not process file '/home/pete/wefwefwef/docs/other/6044217646/erlang-sqlite3-branch-master/erlang-sqlite3/test.erl'
Error generating type specs for "/home/pete/wefwefwef/docs/other/6044217646/erlang-sqlite3-branch-master/erlang-sqlite3/test.erl"
Generating Type Specs - "/home/pete/wefwefwef/docs/other/6044217646/erlang-sqlite3-branch-master/erlang-sqlite3/src/sqlite3.erl"
EDoc could not process file '/home/pete/wefwefwef/docs/other/6044217646/erlang-sqlite3-branch-master/erlang-sqlite3/src/sqlite3.erl'
Error generating type specs for "/home/pete/wefwefwef/docs/other/6044217646/erlang-sqlite3-branch-master/erlang-sqlite3/src/sqlite3.erl"
Generating Type Specs - "/home/pete/wefwefwef/docs/other/6044217646/erlang-sqlite3-branch-master/erlang-sqlite3/src/sqlite3_lib.erl"
EDoc could not process file '/home/pete/wefwefwef/docs/other/6044217646/erlang-sqlite3-branch-master/erlang-sqlite3/src/sqlite3_lib.erl'
Error generating type specs for "/home/pete/wefwefwef/docs/other/6044217646/erlang-sqlite3-branch-master/erlang-sqlite3/src/sqlite3_lib.erl"
Generating XML for application erlang-sqlite3 "/home/pete/wefwefwef/docs/other/6044217646/erlang-sqlite3-branch-master/erlang-sqlite3" -> "/home/pete/wefwefwef/docs/other/6044217646/repo/master/.xml/erlang-sqlite3"
/home/pete/wefwefwef/docs/other/6044217646/erlang-sqlite3-branch-master/erlang-sqlite3/src/sqlite3_lib.erl, in module header: at line 6: error in XML parser: {system_limit,[{ets,new,[rules,[set|...]],[]},
                                    {xmerl_scan,initial_state,2,[{...}|...]},
                                    {xmerl_scan,int_string,4,[...]},
                                    {xmerl_scan,string,2,...},
                                    {edoc_wiki,parse_xml_1,...},
                                    {edoc_wiki,...},
                                    {...}|...]}.
edoc: skipping source file '/home/pete/wefwefwef/docs/other/6044217646/erlang-sqlite3-branch-master/erlang-sqlite3/src/sqlite3_lib.erl': {'EXIT',
                                                                                                                                    error}.
/home/pete/wefwefwef/docs/other/6044217646/erlang-sqlite3-branch-master/erlang-sqlite3/src/sqlite3.erl, in module header: at line 6: error in XML parser: {system_limit,[{ets,new,[rules,[set|...]],[]},
                                    {xmerl_scan,initial_state,2,[{...}|...]},
                                    {xmerl_scan,int_string,4,[...]},
                                    {xmerl_scan,string,2,...},
                                    {edoc_wiki,parse_xml_1,...},
                                    {edoc_wiki,...},
                                    {...}|...]}.
edoc: skipping source file '/home/pete/wefwefwef/docs/other/6044217646/erlang-sqlite3-branch-master/erlang-sqlite3/src/sqlite3.erl': {'EXIT',
                                                                                                                                error}.
edoc: error in doclet 'edoc_doclet': {'EXIT',error}.
Error generating erlang-sqlite3 XMLs. Using fallback ...
Generating XML erlang-sqlite3 - test "/home/pete/wefwefwef/docs/other/6044217646/erlang-sqlite3-branch-master/erlang-sqlite3/test.erl" -> "/home/pete/wefwefwef/docs/other/6044217646/repo/master/.xml/erlang-sqlite3/test.xml"
/home/pete/wefwefwef/docs/other/6044217646/erlang-sqlite3-branch-master/erlang-sqlite3/test.erl: at line 1: syntax error before: '#'
Error generating XML ("/home/pete/wefwefwef/docs/other/6044217646/erlang-sqlite3-branch-master/erlang-sqlite3/test.erl"): {'EXIT',
                                                                                                                           error}
Generating XML erlang-sqlite3 - sqlite3 "/home/pete/wefwefwef/docs/other/6044217646/erlang-sqlite3-branch-master/erlang-sqlite3/src/sqlite3.erl" -> "/home/pete/wefwefwef/docs/other/6044217646/repo/master/.xml/erlang-sqlite3/sqlite3.xml"
/home/pete/wefwefwef/docs/other/6044217646/erlang-sqlite3-branch-master/erlang-sqlite3/src/sqlite3.erl, in module header: at line 6: error in XML parser: {system_limit,[{ets,new,[rules,[set|...]],[]},
                                    {xmerl_scan,initial_state,2,[{...}|...]},
                                    {xmerl_scan,int_string,4,[...]},
                                    {xmerl_scan,string,2,...},
                                    {edoc_wiki,parse_xml_1,...},
                                    {edoc_wiki,...},
                                    {...}|...]}.
Error generating XML ("/home/pete/wefwefwef/docs/other/6044217646/erlang-sqlite3-branch-master/erlang-sqlite3/src/sqlite3.erl"): {'EXIT',
                                                                                                                                  error}
Generating XML erlang-sqlite3 - sqlite3_lib "/home/pete/wefwefwef/docs/other/6044217646/erlang-sqlite3-branch-master/erlang-sqlite3/src/sqlite3_lib.erl" -> "/home/pete/wefwefwef/docs/other/6044217646/repo/master/.xml/erlang-sqlite3/sqlite3_lib.xml"
/home/pete/wefwefwef/docs/other/6044217646/erlang-sqlite3-branch-master/erlang-sqlite3/src/sqlite3_lib.erl, in module header: at line 6: error in XML parser: {system_limit,[{ets,new,[rules,[set|...]],[]},
                                    {xmerl_scan,initial_state,2,[{...}|...]},
                                    {xmerl_scan,int_string,4,[...]},
                                    {xmerl_scan,string,2,...},
                                    {edoc_wiki,parse_xml_1,...},
                                    {edoc_wiki,...},
                                    {...}|...]}.
Error generating XML ("/home/pete/wefwefwef/docs/other/6044217646/erlang-sqlite3-branch-master/erlang-sqlite3/src/sqlite3_lib.erl"): {'EXIT',
                                                                                                                                      error}
No documentation was generated!
Woot, finished in 0 Minutes 0 Seconds
 :: Discovering other repos
$ 5000  `rm -r '/home/pete/wefwefwef/docs/other/6044217646/erlang-sqlite3-branch-master'  2>&1`
 :: Processing https://github.com/feuerlabs/erlang-sqlite3	{rev,branch,"prepared","fe680f65e96bf3bdfa53f67d42a16115970086c9",undefined,[],[]}
 :: Fetching repo code
$ cd "/home/pete/wefwefwef/docs/other/6044217646/erlang-sqlite3-branch-prepared/erlang-sqlite3"
$ infinity  `curl --fail --silent --show-error --location --output 'prepared.zip' 'https://github.com/feuerlabs/erlang-sqlite3/archive/prepared.zip'  2>&1`
$ cd "/home/pete/wefwefwef/docs/erldocs_other.git"
$ cd "/home/pete/wefwefwef/docs/other/6044217646/erlang-sqlite3-branch-prepared/erlang-sqlite3"
$ 5000  `find -P . -type l -delete  2>&1`
$ cd "/home/pete/wefwefwef/docs/erldocs_other.git"
$ cd "/home/pete/wefwefwef/docs/other/6044217646/erlang-sqlite3-branch-prepared/erlang-sqlite3"
$ 5000  `find 'erlang-sqlite3-prepared' -mindepth 1 -maxdepth 1 -exec mv -t . -- {} +  2>&1`
$ cd "/home/pete/wefwefwef/docs/erldocs_other.git"
 :: Getting dependencies
$ cd "/home/pete/wefwefwef/docs/other/6044217646/erlang-sqlite3-branch-prepared/erlang-sqlite3"
$ 5000  `ls -1 deps/  2>&1`
$ cd "/home/pete/wefwefwef/docs/erldocs_other.git"
>>> [rebar] deps = []
 :: Generating erldocs into /home/pete/wefwefwef/docs/other/6044217646/repo/prepared
Building erlang-sqlite3
Generating Type Specs - "/home/pete/wefwefwef/docs/other/6044217646/erlang-sqlite3-branch-prepared/erlang-sqlite3/test.erl"
/home/pete/wefwefwef/docs/other/6044217646/erlang-sqlite3-branch-prepared/erlang-sqlite3/test.erl: at line 1: syntax error before: '#'
EDoc could not process file '/home/pete/wefwefwef/docs/other/6044217646/erlang-sqlite3-branch-prepared/erlang-sqlite3/test.erl'
Error generating type specs for "/home/pete/wefwefwef/docs/other/6044217646/erlang-sqlite3-branch-prepared/erlang-sqlite3/test.erl"
Generating Type Specs - "/home/pete/wefwefwef/docs/other/6044217646/erlang-sqlite3-branch-prepared/erlang-sqlite3/src/sqlite3.erl"
EDoc could not process file '/home/pete/wefwefwef/docs/other/6044217646/erlang-sqlite3-branch-prepared/erlang-sqlite3/src/sqlite3.erl'
Error generating type specs for "/home/pete/wefwefwef/docs/other/6044217646/erlang-sqlite3-branch-prepared/erlang-sqlite3/src/sqlite3.erl"
Generating Type Specs - "/home/pete/wefwefwef/docs/other/6044217646/erlang-sqlite3-branch-prepared/erlang-sqlite3/src/sqlite3_lib.erl"
EDoc could not process file '/home/pete/wefwefwef/docs/other/6044217646/erlang-sqlite3-branch-prepared/erlang-sqlite3/src/sqlite3_lib.erl'
Error generating type specs for "/home/pete/wefwefwef/docs/other/6044217646/erlang-sqlite3-branch-prepared/erlang-sqlite3/src/sqlite3_lib.erl"
Generating XML for application erlang-sqlite3 "/home/pete/wefwefwef/docs/other/6044217646/erlang-sqlite3-branch-prepared/erlang-sqlite3" -> "/home/pete/wefwefwef/docs/other/6044217646/repo/prepared/.xml/erlang-sqlite3"
/home/pete/wefwefwef/docs/other/6044217646/erlang-sqlite3-branch-prepared/erlang-sqlite3/src/sqlite3_lib.erl, in module header: at line 6: error in XML parser: {system_limit,[{ets,new,[rules,[set|...]],[]},
                                    {xmerl_scan,initial_state,2,[{...}|...]},
                                    {xmerl_scan,int_string,4,[...]},
                                    {xmerl_scan,string,2,...},
                                    {edoc_wiki,parse_xml_1,...},
                                    {edoc_wiki,...},
                                    {...}|...]}.
edoc: skipping source file '/home/pete/wefwefwef/docs/other/6044217646/erlang-sqlite3-branch-prepared/erlang-sqlite3/src/sqlite3_lib.erl': {'EXIT',
                                                                                                                                      error}.
/home/pete/wefwefwef/docs/other/6044217646/erlang-sqlite3-branch-prepared/erlang-sqlite3/src/sqlite3.erl, in module header: at line 6: error in XML parser: {system_limit,[{ets,new,[rules,[set|...]],[]},
                                    {xmerl_scan,initial_state,2,[{...}|...]},
                                    {xmerl_scan,int_string,4,[...]},
                                    {xmerl_scan,string,2,...},
                                    {edoc_wiki,parse_xml_1,...},
                                    {edoc_wiki,...},
                                    {...}|...]}.
edoc: skipping source file '/home/pete/wefwefwef/docs/other/6044217646/erlang-sqlite3-branch-prepared/erlang-sqlite3/src/sqlite3.erl': {'EXIT',
                                                                                                                                  error}.
edoc: error in doclet 'edoc_doclet': {'EXIT',error}.
Error generating erlang-sqlite3 XMLs. Using fallback ...
Generating XML erlang-sqlite3 - test "/home/pete/wefwefwef/docs/other/6044217646/erlang-sqlite3-branch-prepared/erlang-sqlite3/test.erl" -> "/home/pete/wefwefwef/docs/other/6044217646/repo/prepared/.xml/erlang-sqlite3/test.xml"
/home/pete/wefwefwef/docs/other/6044217646/erlang-sqlite3-branch-prepared/erlang-sqlite3/test.erl: at line 1: syntax error before: '#'
Error generating XML ("/home/pete/wefwefwef/docs/other/6044217646/erlang-sqlite3-branch-prepared/erlang-sqlite3/test.erl"): {'EXIT',
                                                                                                                             error}
Generating XML erlang-sqlite3 - sqlite3 "/home/pete/wefwefwef/docs/other/6044217646/erlang-sqlite3-branch-prepared/erlang-sqlite3/src/sqlite3.erl" -> "/home/pete/wefwefwef/docs/other/6044217646/repo/prepared/.xml/erlang-sqlite3/sqlite3.xml"
/home/pete/wefwefwef/docs/other/6044217646/erlang-sqlite3-branch-prepared/erlang-sqlite3/src/sqlite3.erl, in module header: at line 6: error in XML parser: {system_limit,[{ets,new,[rules,[set|...]],[]},
                                    {xmerl_scan,initial_state,2,[{...}|...]},
                                    {xmerl_scan,int_string,4,[...]},
                                    {xmerl_scan,string,2,...},
                                    {edoc_wiki,parse_xml_1,...},
                                    {edoc_wiki,...},
                                    {...}|...]}.
Error generating XML ("/home/pete/wefwefwef/docs/other/6044217646/erlang-sqlite3-branch-prepared/erlang-sqlite3/src/sqlite3.erl"): {'EXIT',
                                                                                                                                    error}
Generating XML erlang-sqlite3 - sqlite3_lib "/home/pete/wefwefwef/docs/other/6044217646/erlang-sqlite3-branch-prepared/erlang-sqlite3/src/sqlite3_lib.erl" -> "/home/pete/wefwefwef/docs/other/6044217646/repo/prepared/.xml/erlang-sqlite3/sqlite3_lib.xml"
/home/pete/wefwefwef/docs/other/6044217646/erlang-sqlite3-branch-prepared/erlang-sqlite3/src/sqlite3_lib.erl, in module header: at line 6: error in XML parser: {system_limit,[{ets,new,[rules,[set|...]],[]},
                                    {xmerl_scan,initial_state,2,[{...}|...]},
                                    {xmerl_scan,int_string,4,[...]},
                                    {xmerl_scan,string,2,...},
                                    {edoc_wiki,parse_xml_1,...},
                                    {edoc_wiki,...},
                                    {...}|...]}.
Error generating XML ("/home/pete/wefwefwef/docs/other/6044217646/erlang-sqlite3-branch-prepared/erlang-sqlite3/src/sqlite3_lib.erl"): {'EXIT',
                                                                                                                                        error}
No documentation was generated!
Woot, finished in 0 Minutes 0 Seconds
 :: Discovering other repos
$ 5000  `rm -r '/home/pete/wefwefwef/docs/other/6044217646/erlang-sqlite3-branch-prepared'  2>&1`
 :: Processing https://github.com/feuerlabs/erlang-sqlite3	{rev,branch,"scripts","11452c5b88edcb84e64a64a69249b5ebf25b1852",undefined,[],[]}
 :: Fetching repo code
$ cd "/home/pete/wefwefwef/docs/other/6044217646/erlang-sqlite3-branch-scripts/erlang-sqlite3"
$ infinity  `curl --fail --silent --show-error --location --output 'scripts.zip' 'https://github.com/feuerlabs/erlang-sqlite3/archive/scripts.zip'  2>&1`
$ cd "/home/pete/wefwefwef/docs/erldocs_other.git"
$ cd "/home/pete/wefwefwef/docs/other/6044217646/erlang-sqlite3-branch-scripts/erlang-sqlite3"
$ 5000  `find -P . -type l -delete  2>&1`
$ cd "/home/pete/wefwefwef/docs/erldocs_other.git"
$ cd "/home/pete/wefwefwef/docs/other/6044217646/erlang-sqlite3-branch-scripts/erlang-sqlite3"
$ 5000  `find 'erlang-sqlite3-scripts' -mindepth 1 -maxdepth 1 -exec mv -t . -- {} +  2>&1`
$ cd "/home/pete/wefwefwef/docs/erldocs_other.git"
 :: Getting dependencies
$ cd "/home/pete/wefwefwef/docs/other/6044217646/erlang-sqlite3-branch-scripts/erlang-sqlite3"
$ 5000  `ls -1 deps/  2>&1`
$ cd "/home/pete/wefwefwef/docs/erldocs_other.git"
>>> [rebar] deps = []
 :: Generating erldocs into /home/pete/wefwefwef/docs/other/6044217646/repo/scripts
Building erlang-sqlite3
Generating Type Specs - "/home/pete/wefwefwef/docs/other/6044217646/erlang-sqlite3-branch-scripts/erlang-sqlite3/test.erl"
/home/pete/wefwefwef/docs/other/6044217646/erlang-sqlite3-branch-scripts/erlang-sqlite3/test.erl: at line 1: syntax error before: '#'
EDoc could not process file '/home/pete/wefwefwef/docs/other/6044217646/erlang-sqlite3-branch-scripts/erlang-sqlite3/test.erl'
Error generating type specs for "/home/pete/wefwefwef/docs/other/6044217646/erlang-sqlite3-branch-scripts/erlang-sqlite3/test.erl"
Generating Type Specs - "/home/pete/wefwefwef/docs/other/6044217646/erlang-sqlite3-branch-scripts/erlang-sqlite3/src/sqlite3.erl"
EDoc could not process file '/home/pete/wefwefwef/docs/other/6044217646/erlang-sqlite3-branch-scripts/erlang-sqlite3/src/sqlite3.erl'
Error generating type specs for "/home/pete/wefwefwef/docs/other/6044217646/erlang-sqlite3-branch-scripts/erlang-sqlite3/src/sqlite3.erl"
Generating Type Specs - "/home/pete/wefwefwef/docs/other/6044217646/erlang-sqlite3-branch-scripts/erlang-sqlite3/src/sqlite3_lib.erl"
EDoc could not process file '/home/pete/wefwefwef/docs/other/6044217646/erlang-sqlite3-branch-scripts/erlang-sqlite3/src/sqlite3_lib.erl'
Error generating type specs for "/home/pete/wefwefwef/docs/other/6044217646/erlang-sqlite3-branch-scripts/erlang-sqlite3/src/sqlite3_lib.erl"
Generating XML for application erlang-sqlite3 "/home/pete/wefwefwef/docs/other/6044217646/erlang-sqlite3-branch-scripts/erlang-sqlite3" -> "/home/pete/wefwefwef/docs/other/6044217646/repo/scripts/.xml/erlang-sqlite3"
/home/pete/wefwefwef/docs/other/6044217646/erlang-sqlite3-branch-scripts/erlang-sqlite3/src/sqlite3_lib.erl, in module header: at line 6: error in XML parser: {system_limit,[{ets,new,[rules,[set|...]],[]},
                                    {xmerl_scan,initial_state,2,[{...}|...]},
                                    {xmerl_scan,int_string,4,[...]},
                                    {xmerl_scan,string,2,...},
                                    {edoc_wiki,parse_xml_1,...},
                                    {edoc_wiki,...},
                                    {...}|...]}.
edoc: skipping source file '/home/pete/wefwefwef/docs/other/6044217646/erlang-sqlite3-branch-scripts/erlang-sqlite3/src/sqlite3_lib.erl': {'EXIT',
                                                                                                                                     error}.
/home/pete/wefwefwef/docs/other/6044217646/erlang-sqlite3-branch-scripts/erlang-sqlite3/src/sqlite3.erl, in module header: at line 6: error in XML parser: {system_limit,[{ets,new,[rules,[set|...]],[]},
                                    {xmerl_scan,initial_state,2,[{...}|...]},
                                    {xmerl_scan,int_string,4,[...]},
                                    {xmerl_scan,string,2,...},
                                    {edoc_wiki,parse_xml_1,...},
                                    {edoc_wiki,...},
                                    {...}|...]}.
edoc: skipping source file '/home/pete/wefwefwef/docs/other/6044217646/erlang-sqlite3-branch-scripts/erlang-sqlite3/src/sqlite3.erl': {'EXIT',
                                                                                                                                 error}.
edoc: error in doclet 'edoc_doclet': {'EXIT',error}.
Error generating erlang-sqlite3 XMLs. Using fallback ...
Generating XML erlang-sqlite3 - test "/home/pete/wefwefwef/docs/other/6044217646/erlang-sqlite3-branch-scripts/erlang-sqlite3/test.erl" -> "/home/pete/wefwefwef/docs/other/6044217646/repo/scripts/.xml/erlang-sqlite3/test.xml"
/home/pete/wefwefwef/docs/other/6044217646/erlang-sqlite3-branch-scripts/erlang-sqlite3/test.erl: at line 1: syntax error before: '#'
Error generating XML ("/home/pete/wefwefwef/docs/other/6044217646/erlang-sqlite3-branch-scripts/erlang-sqlite3/test.erl"): {'EXIT',
                                                                                                                            error}
Generating XML erlang-sqlite3 - sqlite3 "/home/pete/wefwefwef/docs/other/6044217646/erlang-sqlite3-branch-scripts/erlang-sqlite3/src/sqlite3.erl" -> "/home/pete/wefwefwef/docs/other/6044217646/repo/scripts/.xml/erlang-sqlite3/sqlite3.xml"
/home/pete/wefwefwef/docs/other/6044217646/erlang-sqlite3-branch-scripts/erlang-sqlite3/src/sqlite3.erl, in module header: at line 6: error in XML parser: {system_limit,[{ets,new,[rules,[set|...]],[]},
                                    {xmerl_scan,initial_state,2,[{...}|...]},
                                    {xmerl_scan,int_string,4,[...]},
                                    {xmerl_scan,string,2,...},
                                    {edoc_wiki,parse_xml_1,...},
                                    {edoc_wiki,...},
                                    {...}|...]}.
Error generating XML ("/home/pete/wefwefwef/docs/other/6044217646/erlang-sqlite3-branch-scripts/erlang-sqlite3/src/sqlite3.erl"): {'EXIT',
                                                                                                                                   error}
Generating XML erlang-sqlite3 - sqlite3_lib "/home/pete/wefwefwef/docs/other/6044217646/erlang-sqlite3-branch-scripts/erlang-sqlite3/src/sqlite3_lib.erl" -> "/home/pete/wefwefwef/docs/other/6044217646/repo/scripts/.xml/erlang-sqlite3/sqlite3_lib.xml"
/home/pete/wefwefwef/docs/other/6044217646/erlang-sqlite3-branch-scripts/erlang-sqlite3/src/sqlite3_lib.erl, in module header: at line 6: error in XML parser: {system_limit,[{ets,new,[rules,[set|...]],[]},
                                    {xmerl_scan,initial_state,2,[{...}|...]},
                                    {xmerl_scan,int_string,4,[...]},
                                    {xmerl_scan,string,2,...},
                                    {edoc_wiki,parse_xml_1,...},
                                    {edoc_wiki,...},
                                    {...}|...]}.
Error generating XML ("/home/pete/wefwefwef/docs/other/6044217646/erlang-sqlite3-branch-scripts/erlang-sqlite3/src/sqlite3_lib.erl"): {'EXIT',
                                                                                                                                       error}
No documentation was generated!
Woot, finished in 0 Minutes 0 Seconds
 :: Discovering other repos
$ 5000  `rm -r '/home/pete/wefwefwef/docs/other/6044217646/erlang-sqlite3-branch-scripts'  2>&1`
 :: Processing https://github.com/feuerlabs/erlang-sqlite3	{rev,branch,"win32","e0dabec9645ca6b5b6da755cbb967979dff873e5",undefined,[],[]}
 :: Fetching repo code
$ cd "/home/pete/wefwefwef/docs/other/6044217646/erlang-sqlite3-branch-win32/erlang-sqlite3"
$ infinity  `curl --fail --silent --show-error --location --output 'win32.zip' 'https://github.com/feuerlabs/erlang-sqlite3/archive/win32.zip'  2>&1`
$ cd "/home/pete/wefwefwef/docs/erldocs_other.git"
$ cd "/home/pete/wefwefwef/docs/other/6044217646/erlang-sqlite3-branch-win32/erlang-sqlite3"
$ 5000  `find -P . -type l -delete  2>&1`
$ cd "/home/pete/wefwefwef/docs/erldocs_other.git"
$ cd "/home/pete/wefwefwef/docs/other/6044217646/erlang-sqlite3-branch-win32/erlang-sqlite3"
$ 5000  `find 'erlang-sqlite3-win32' -mindepth 1 -maxdepth 1 -exec mv -t . -- {} +  2>&1`
$ cd "/home/pete/wefwefwef/docs/erldocs_other.git"
 :: Getting dependencies
$ cd "/home/pete/wefwefwef/docs/other/6044217646/erlang-sqlite3-branch-win32/erlang-sqlite3"
$ 5000  `ls -1 deps/  2>&1`
$ cd "/home/pete/wefwefwef/docs/erldocs_other.git"
>>> [rebar] deps = []
 :: Generating erldocs into /home/pete/wefwefwef/docs/other/6044217646/repo/win32
Building erlang-sqlite3
Generating Type Specs - "/home/pete/wefwefwef/docs/other/6044217646/erlang-sqlite3-branch-win32/erlang-sqlite3/test.erl"
/home/pete/wefwefwef/docs/other/6044217646/erlang-sqlite3-branch-win32/erlang-sqlite3/test.erl: at line 1: syntax error before: '#'
EDoc could not process file '/home/pete/wefwefwef/docs/other/6044217646/erlang-sqlite3-branch-win32/erlang-sqlite3/test.erl'
Error generating type specs for "/home/pete/wefwefwef/docs/other/6044217646/erlang-sqlite3-branch-win32/erlang-sqlite3/test.erl"
Generating Type Specs - "/home/pete/wefwefwef/docs/other/6044217646/erlang-sqlite3-branch-win32/erlang-sqlite3/src/sqlite3.erl"
EDoc could not process file '/home/pete/wefwefwef/docs/other/6044217646/erlang-sqlite3-branch-win32/erlang-sqlite3/src/sqlite3.erl'
Error generating type specs for "/home/pete/wefwefwef/docs/other/6044217646/erlang-sqlite3-branch-win32/erlang-sqlite3/src/sqlite3.erl"
Generating Type Specs - "/home/pete/wefwefwef/docs/other/6044217646/erlang-sqlite3-branch-win32/erlang-sqlite3/src/sqlite3_lib.erl"
EDoc could not process file '/home/pete/wefwefwef/docs/other/6044217646/erlang-sqlite3-branch-win32/erlang-sqlite3/src/sqlite3_lib.erl'
Error generating type specs for "/home/pete/wefwefwef/docs/other/6044217646/erlang-sqlite3-branch-win32/erlang-sqlite3/src/sqlite3_lib.erl"
Generating XML for application erlang-sqlite3 "/home/pete/wefwefwef/docs/other/6044217646/erlang-sqlite3-branch-win32/erlang-sqlite3" -> "/home/pete/wefwefwef/docs/other/6044217646/repo/win32/.xml/erlang-sqlite3"
/home/pete/wefwefwef/docs/other/6044217646/erlang-sqlite3-branch-win32/erlang-sqlite3/src/sqlite3_lib.erl, in module header: at line 6: error in XML parser: {system_limit,[{ets,new,[rules,[set|...]],[]},
                                    {xmerl_scan,initial_state,2,[{...}|...]},
                                    {xmerl_scan,int_string,4,[...]},
                                    {xmerl_scan,string,2,...},
                                    {edoc_wiki,parse_xml_1,...},
                                    {edoc_wiki,...},
                                    {...}|...]}.
edoc: skipping source file '/home/pete/wefwefwef/docs/other/6044217646/erlang-sqlite3-branch-win32/erlang-sqlite3/src/sqlite3_lib.erl': {'EXIT',
                                                                                                                                   error}.
/home/pete/wefwefwef/docs/other/6044217646/erlang-sqlite3-branch-win32/erlang-sqlite3/src/sqlite3.erl, in module header: at line 6: error in XML parser: {system_limit,[{ets,new,[rules,[set|...]],[]},
                                    {xmerl_scan,initial_state,2,[{...}|...]},
                                    {xmerl_scan,int_string,4,[...]},
                                    {xmerl_scan,string,2,...},
                                    {edoc_wiki,parse_xml_1,...},
                                    {edoc_wiki,...},
                                    {...}|...]}.
edoc: skipping source file '/home/pete/wefwefwef/docs/other/6044217646/erlang-sqlite3-branch-win32/erlang-sqlite3/src/sqlite3.erl': {'EXIT',
                                                                                                                               error}.
edoc: error in doclet 'edoc_doclet': {'EXIT',error}.
Error generating erlang-sqlite3 XMLs. Using fallback ...
Generating XML erlang-sqlite3 - test "/home/pete/wefwefwef/docs/other/6044217646/erlang-sqlite3-branch-win32/erlang-sqlite3/test.erl" -> "/home/pete/wefwefwef/docs/other/6044217646/repo/win32/.xml/erlang-sqlite3/test.xml"
/home/pete/wefwefwef/docs/other/6044217646/erlang-sqlite3-branch-win32/erlang-sqlite3/test.erl: at line 1: syntax error before: '#'
Error generating XML ("/home/pete/wefwefwef/docs/other/6044217646/erlang-sqlite3-branch-win32/erlang-sqlite3/test.erl"): {'EXIT',
                                                                                                                          error}
Generating XML erlang-sqlite3 - sqlite3 "/home/pete/wefwefwef/docs/other/6044217646/erlang-sqlite3-branch-win32/erlang-sqlite3/src/sqlite3.erl" -> "/home/pete/wefwefwef/docs/other/6044217646/repo/win32/.xml/erlang-sqlite3/sqlite3.xml"
/home/pete/wefwefwef/docs/other/6044217646/erlang-sqlite3-branch-win32/erlang-sqlite3/src/sqlite3.erl, in module header: at line 6: error in XML parser: {system_limit,[{ets,new,[rules,[set|...]],[]},
                                    {xmerl_scan,initial_state,2,[{...}|...]},
                                    {xmerl_scan,int_string,4,[...]},
                                    {xmerl_scan,string,2,...},
                                    {edoc_wiki,parse_xml_1,...},
                                    {edoc_wiki,...},
                                    {...}|...]}.
Error generating XML ("/home/pete/wefwefwef/docs/other/6044217646/erlang-sqlite3-branch-win32/erlang-sqlite3/src/sqlite3.erl"): {'EXIT',
                                                                                                                                 error}
Generating XML erlang-sqlite3 - sqlite3_lib "/home/pete/wefwefwef/docs/other/6044217646/erlang-sqlite3-branch-win32/erlang-sqlite3/src/sqlite3_lib.erl" -> "/home/pete/wefwefwef/docs/other/6044217646/repo/win32/.xml/erlang-sqlite3/sqlite3_lib.xml"
/home/pete/wefwefwef/docs/other/6044217646/erlang-sqlite3-branch-win32/erlang-sqlite3/src/sqlite3_lib.erl, in module header: at line 6: error in XML parser: {system_limit,[{ets,new,[rules,[set|...]],[]},
                                    {xmerl_scan,initial_state,2,[{...}|...]},
                                    {xmerl_scan,int_string,4,[...]},
                                    {xmerl_scan,string,2,...},
                                    {edoc_wiki,parse_xml_1,...},
                                    {edoc_wiki,...},
                                    {...}|...]}.
Error generating XML ("/home/pete/wefwefwef/docs/other/6044217646/erlang-sqlite3-branch-win32/erlang-sqlite3/src/sqlite3_lib.erl"): {'EXIT',
                                                                                                                                     error}
No documentation was generated!
Woot, finished in 0 Minutes 0 Seconds
 :: Discovering other repos
$ 5000  `rm -r '/home/pete/wefwefwef/docs/other/6044217646/erlang-sqlite3-branch-win32'  2>&1`
 :: Finishing up
$ 5000  `rm -r '/home/pete/wefwefwef/docs/other/6044217646/erlang-sqlite3'  2>&1`
$ 5000  `rm -r '/home/pete/wefwefwef/docs/other/6044217646/repo/v1.0'  2>&1`
$ 5000  `rm -r '/home/pete/wefwefwef/docs/other/6044217646/repo/1.0.1.fl.1'  2>&1`
$ 5000  `rm -r '/home/pete/wefwefwef/docs/other/6044217646/repo/1.0.1.fl.2'  2>&1`
$ 5000  `rm -r '/home/pete/wefwefwef/docs/other/6044217646/repo/1.0.1.fl.3'  2>&1`
$ 5000  `rm -r '/home/pete/wefwefwef/docs/other/6044217646/repo/v1.0.1'  2>&1`
$ 5000  `rm -r '/home/pete/wefwefwef/docs/other/6044217646/repo/64bit'  2>&1`
$ 5000  `rm -r '/home/pete/wefwefwef/docs/other/6044217646/repo/correct_scripts'  2>&1`
$ 5000  `rm -r '/home/pete/wefwefwef/docs/other/6044217646/repo/jacek'  2>&1`
$ 5000  `rm -r '/home/pete/wefwefwef/docs/other/6044217646/repo/master'  2>&1`
$ 5000  `rm -r '/home/pete/wefwefwef/docs/other/6044217646/repo/prepared'  2>&1`
$ 5000  `rm -r '/home/pete/wefwefwef/docs/other/6044217646/repo/scripts'  2>&1`
$ 5000  `rm -r '/home/pete/wefwefwef/docs/other/6044217646/repo/win32'  2>&1`
