 :: Extracting meta information
$ 5000  `git ls-remote --heads --tags 'https://github.com/tophitpoker/at'  2>&1`
>>> [repo] 1 branches, 0 tags
 :: Writing meta to "/home/pete/wefwefwef/docs/other/49444564/meta.txt"
 :: Processing https://github.com/tophitpoker/at	{rev,branch,"master","e1ffca0720c37c4dcee059f17e4fe7036168b453",undefined,[],[]}
 :: Fetching repo code
$ cd "/home/pete/wefwefwef/docs/other/49444564/at-branch-master/at"
$ infinity  `curl --fail --silent --show-error --location --output 'master.zip' 'https://github.com/tophitpoker/at/archive/master.zip'  2>&1`
$ cd "/home/pete/wefwefwef/docs/erldocs_other.git"
$ cd "/home/pete/wefwefwef/docs/other/49444564/at-branch-master/at"
$ 5000  `find -P . -type l -delete  2>&1`
$ cd "/home/pete/wefwefwef/docs/erldocs_other.git"
$ cd "/home/pete/wefwefwef/docs/other/49444564/at-branch-master/at"
$ 5000  `find 'at-master' -mindepth 1 -maxdepth 1 -exec mv -t . -- {} +  2>&1`
$ cd "/home/pete/wefwefwef/docs/erldocs_other.git"
 :: Getting dependencies
$ cd "/home/pete/wefwefwef/docs/other/49444564/at-branch-master/at"
$ infinity  `rebar --config '/home/pete/wefwefwef/docs/other/49444564/at-branch-master/rebar_deps' get-deps  2>&1`
$ cd "/home/pete/wefwefwef/docs/erldocs_other.git"
$ cd "/home/pete/wefwefwef/docs/other/49444564/at-branch-master/at"
$ 5000  `find -P . -type l -delete  2>&1`
$ cd "/home/pete/wefwefwef/docs/erldocs_other.git"
$ cd "/home/pete/wefwefwef/docs/other/49444564/at-branch-master/at"
$ 5000  `ls -1 deps/  2>&1`
$ cd "/home/pete/wefwefwef/docs/erldocs_other.git"
>>> [rebar] deps = ["appenv","goldrush","lager"]
 :: Generating erldocs into /home/pete/wefwefwef/docs/other/49444564/repo/master
Building at1
Generating Type Specs - "/home/pete/wefwefwef/docs/other/49444564/at-branch-master/at/apps/at1/src/at1.erl"
/home/pete/wefwefwef/docs/other/49444564/at-branch-master/at/apps/at1/src/at1.erl: at line 4: bad module declaration
EDoc could not process file '/home/pete/wefwefwef/docs/other/49444564/at-branch-master/at/apps/at1/src/at1.erl'
Error generating type specs for "/home/pete/wefwefwef/docs/other/49444564/at-branch-master/at/apps/at1/src/at1.erl"
Generating Type Specs - "/home/pete/wefwefwef/docs/other/49444564/at-branch-master/at/apps/at1/src/at1_app.erl"
/home/pete/wefwefwef/docs/other/49444564/at-branch-master/at/apps/at1/src/at1_app.erl: at line 5: syntax error before: _app
EDoc could not process file '/home/pete/wefwefwef/docs/other/49444564/at-branch-master/at/apps/at1/src/at1_app.erl'
Error generating type specs for "/home/pete/wefwefwef/docs/other/49444564/at-branch-master/at/apps/at1/src/at1_app.erl"
Generating Type Specs - "/home/pete/wefwefwef/docs/other/49444564/at-branch-master/at/apps/at1/src/at1_sup.erl"
/home/pete/wefwefwef/docs/other/49444564/at-branch-master/at/apps/at1/src/at1_sup.erl: at line 4: syntax error before: _sup
EDoc could not process file '/home/pete/wefwefwef/docs/other/49444564/at-branch-master/at/apps/at1/src/at1_sup.erl'
Error generating type specs for "/home/pete/wefwefwef/docs/other/49444564/at-branch-master/at/apps/at1/src/at1_sup.erl"
Generating XML for application at1 "/home/pete/wefwefwef/docs/other/49444564/at-branch-master/at/apps/at1" -> "/home/pete/wefwefwef/docs/other/49444564/repo/master/.xml/at1"
/home/pete/wefwefwef/docs/other/49444564/at-branch-master/at/apps/at1/src/at1_sup.erl: at line 4: syntax error before: _sup
edoc: skipping source file '/home/pete/wefwefwef/docs/other/49444564/at-branch-master/at/apps/at1/src/at1_sup.erl': {'EXIT',
                                                                                                               error}.
/home/pete/wefwefwef/docs/other/49444564/at-branch-master/at/apps/at1/src/at1.erl: at line 4: bad module declaration
edoc: skipping source file '/home/pete/wefwefwef/docs/other/49444564/at-branch-master/at/apps/at1/src/at1.erl': {'EXIT',
                                                                                                           error}.
/home/pete/wefwefwef/docs/other/49444564/at-branch-master/at/apps/at1/src/at1_app.erl: at line 5: syntax error before: _app
edoc: skipping source file '/home/pete/wefwefwef/docs/other/49444564/at-branch-master/at/apps/at1/src/at1_app.erl': {'EXIT',
                                                                                                               error}.
edoc: error in doclet 'edoc_doclet': {'EXIT',error}.
Error generating at1 XMLs. Using fallback ...
Generating XML at1 - at1 "/home/pete/wefwefwef/docs/other/49444564/at-branch-master/at/apps/at1/src/at1.erl" -> "/home/pete/wefwefwef/docs/other/49444564/repo/master/.xml/at1/at1.xml"
/home/pete/wefwefwef/docs/other/49444564/at-branch-master/at/apps/at1/src/at1.erl: at line 4: bad module declaration
Error generating XML ("/home/pete/wefwefwef/docs/other/49444564/at-branch-master/at/apps/at1/src/at1.erl"): {'EXIT',
                                                                                                             error}
Generating XML at1 - at1_app "/home/pete/wefwefwef/docs/other/49444564/at-branch-master/at/apps/at1/src/at1_app.erl" -> "/home/pete/wefwefwef/docs/other/49444564/repo/master/.xml/at1/at1_app.xml"
/home/pete/wefwefwef/docs/other/49444564/at-branch-master/at/apps/at1/src/at1_app.erl: at line 5: syntax error before: _app
Error generating XML ("/home/pete/wefwefwef/docs/other/49444564/at-branch-master/at/apps/at1/src/at1_app.erl"): {'EXIT',
                                                                                                                 error}
Generating XML at1 - at1_sup "/home/pete/wefwefwef/docs/other/49444564/at-branch-master/at/apps/at1/src/at1_sup.erl" -> "/home/pete/wefwefwef/docs/other/49444564/repo/master/.xml/at1/at1_sup.xml"
/home/pete/wefwefwef/docs/other/49444564/at-branch-master/at/apps/at1/src/at1_sup.erl: at line 4: syntax error before: _sup
Error generating XML ("/home/pete/wefwefwef/docs/other/49444564/at-branch-master/at/apps/at1/src/at1_sup.erl"): {'EXIT',
                                                                                                                 error}
Building at
Generating XML for application at "/home/pete/wefwefwef/docs/other/49444564/at-branch-master/at" -> "/home/pete/wefwefwef/docs/other/49444564/repo/master/.xml/at"
/home/pete/wefwefwef/docs/other/49444564/at-branch-master/at/apps/at1/src/at1_sup.erl: at line 4: syntax error before: _sup
edoc: skipping source file '/home/pete/wefwefwef/docs/other/49444564/at-branch-master/at/apps/at1/src/at1_sup.erl': {'EXIT',
                                                                                                               error}.
/home/pete/wefwefwef/docs/other/49444564/at-branch-master/at/apps/at1/src/at1.erl: at line 4: bad module declaration
edoc: skipping source file '/home/pete/wefwefwef/docs/other/49444564/at-branch-master/at/apps/at1/src/at1.erl': {'EXIT',
                                                                                                           error}.
/home/pete/wefwefwef/docs/other/49444564/at-branch-master/at/apps/at1/src/at1_app.erl: at line 5: syntax error before: _app
edoc: skipping source file '/home/pete/wefwefwef/docs/other/49444564/at-branch-master/at/apps/at1/src/at1_app.erl': {'EXIT',
                                                                                                               error}.
/home/pete/wefwefwef/docs/other/49444564/at-branch-master/at/deps/goldrush/src/glc.erl, in module footer: at line 307: tag @private not allowed here.
edoc: skipping source file '/home/pete/wefwefwef/docs/other/49444564/at-branch-master/at/deps/goldrush/src/glc.erl': {'EXIT',
                                                                                                                error}.
/home/pete/wefwefwef/docs/other/49444564/at-branch-master/at/deps/lager/test/pr_nested_record_test.erl: at line 17: undefined macro 'assertEqual/2'
edoc: skipping source file '/home/pete/wefwefwef/docs/other/49444564/at-branch-master/at/deps/lager/test/pr_nested_record_test.erl': {'EXIT',
                                                                                                                                error}.
edoc: error in doclet 'edoc_doclet': {'EXIT',error}.
Error generating at XMLs. Using fallback ...
No documentation was generated!
Woot, finished in 0 Minutes 1 Seconds
 :: Discovering other repos
$ 5000  `rm -r '/home/pete/wefwefwef/docs/other/49444564/at-branch-master'  2>&1`
 :: Finishing up
$ 5000  `rm -r '/home/pete/wefwefwef/docs/other/49444564/at'  2>&1`
$ 5000  `rm -r '/home/pete/wefwefwef/docs/other/49444564/repo/master'  2>&1`
