 :: Extracting meta information
$ 5000  `git ls-remote --heads --tags 'https://github.com/project-z/sourdough'  2>&1`
>>> [repo] 3 branches, 0 tags
 :: Writing meta to "/home/pete/wefwefwef/docs/other/5136410126/meta.txt"
 :: Processing https://github.com/project-z/sourdough	{rev,branch,"develop","285a090aa8b04e8124d96b252d3076e8cdaf90e7"}
 :: Fetching repo code
$ cd "/home/pete/wefwefwef/docs/other/5136410126/sourdough-branch-develop/sourdough"
$ infinity  `curl --fail --silent --show-error --location --output 'develop.zip' 'https://github.com/project-z/sourdough/archive/develop.zip'  2>&1`
$ cd "/home/pete/wefwefwef/docs/erldocs_other.git"
$ cd "/home/pete/wefwefwef/docs/other/5136410126/sourdough-branch-develop/sourdough"
$ 5000  `find -P . -type l -delete  2>&1`
$ cd "/home/pete/wefwefwef/docs/erldocs_other.git"
$ cd "/home/pete/wefwefwef/docs/other/5136410126/sourdough-branch-develop/sourdough"
$ 5000  `find 'sourdough-develop' -mindepth 1 -maxdepth 1 -exec mv -t . -- {} +  2>&1`
$ cd "/home/pete/wefwefwef/docs/erldocs_other.git"
 :: Getting dependencies
$ cd "/home/pete/wefwefwef/docs/other/5136410126/sourdough-branch-develop/sourdough"
$ infinity  `rebar --config '/home/pete/wefwefwef/docs/other/5136410126/sourdough-branch-develop/rebar_deps' get-deps  2>&1`
$ cd "/home/pete/wefwefwef/docs/erldocs_other.git"
$ cd "/home/pete/wefwefwef/docs/other/5136410126/sourdough-branch-develop/sourdough"
$ 5000  `find -P . -type l -delete  2>&1`
$ cd "/home/pete/wefwefwef/docs/erldocs_other.git"
$ cd "/home/pete/wefwefwef/docs/other/5136410126/sourdough-branch-develop/sourdough"
$ 5000  `ls -1 deps/  2>&1`
$ cd "/home/pete/wefwefwef/docs/erldocs_other.git"
>>> [rebar] deps = ["basho_stats","lager","mochiweb","poolboy","protobuffs",
                    "riak_core","riak_sysmon","webmachine"]
 :: Generating erldocs into /home/pete/wefwefwef/docs/other/5136410126/repo/develop
Building sdgh
Generating Type Specs - "/home/pete/wefwefwef/docs/other/5136410126/sourdough-branch-develop/sourdough/apps/sdgh/src/sdgh.erl"
/home/pete/wefwefwef/docs/other/5136410126/sourdough-branch-develop/sourdough/apps/sdgh/src/sdgh.erl: at line 3: can't find include lib "riak_core/include/riak_core_vnode.hrl"
EDoc could not process file '/home/pete/wefwefwef/docs/other/5136410126/sourdough-branch-develop/sourdough/apps/sdgh/src/sdgh.erl'
Error generating type specs for "/home/pete/wefwefwef/docs/other/5136410126/sourdough-branch-develop/sourdough/apps/sdgh/src/sdgh.erl"
Generating Type Specs - "/home/pete/wefwefwef/docs/other/5136410126/sourdough-branch-develop/sourdough/apps/sdgh/src/sdgh_app.erl"
Generating Type Specs - "/home/pete/wefwefwef/docs/other/5136410126/sourdough-branch-develop/sourdough/apps/sdgh/src/sdgh_console.erl"
Generating Type Specs - "/home/pete/wefwefwef/docs/other/5136410126/sourdough-branch-develop/sourdough/apps/sdgh/src/sdgh_node_event_handler.erl"
Generating Type Specs - "/home/pete/wefwefwef/docs/other/5136410126/sourdough-branch-develop/sourdough/apps/sdgh/src/sdgh_ring_event_handler.erl"
Generating Type Specs - "/home/pete/wefwefwef/docs/other/5136410126/sourdough-branch-develop/sourdough/apps/sdgh/src/sdgh_sup.erl"
Generating Type Specs - "/home/pete/wefwefwef/docs/other/5136410126/sourdough-branch-develop/sourdough/apps/sdgh/src/sdgh_vnode.erl"
/home/pete/wefwefwef/docs/other/5136410126/sourdough-branch-develop/sourdough/apps/sdgh/src/sdgh_vnode.erl: at line 4: can't find include lib "riak_core/include/riak_core_vnode.hrl"
EDoc could not process file '/home/pete/wefwefwef/docs/other/5136410126/sourdough-branch-develop/sourdough/apps/sdgh/src/sdgh_vnode.erl'
Error generating type specs for "/home/pete/wefwefwef/docs/other/5136410126/sourdough-branch-develop/sourdough/apps/sdgh/src/sdgh_vnode.erl"
Generating Type Specs - "/home/pete/wefwefwef/docs/other/5136410126/sourdough-branch-develop/sourdough/apps/sdgh/src/sdgh_write_fsm.erl"
Generating Type Specs - "/home/pete/wefwefwef/docs/other/5136410126/sourdough-branch-develop/sourdough/apps/sdgh/src/sdgh_write_fsm_sup.erl"
Generating XML for application sdgh "/home/pete/wefwefwef/docs/other/5136410126/sourdough-branch-develop/sourdough/apps/sdgh" -> "/home/pete/wefwefwef/docs/other/5136410126/repo/develop/.xml/sdgh"
/home/pete/wefwefwef/docs/other/5136410126/sourdough-branch-develop/sourdough/apps/sdgh/src/sdgh_vnode.erl: at line 4: can't find include lib "riak_core/include/riak_core_vnode.hrl"
edoc: skipping source file '/home/pete/wefwefwef/docs/other/5136410126/sourdough-branch-develop/sourdough/apps/sdgh/src/sdgh_vnode.erl': {'EXIT',
                                                                                                                                    error}.
/home/pete/wefwefwef/docs/other/5136410126/sourdough-branch-develop/sourdough/apps/sdgh/src/sdgh.erl: at line 3: can't find include lib "riak_core/include/riak_core_vnode.hrl"
edoc: skipping source file '/home/pete/wefwefwef/docs/other/5136410126/sourdough-branch-develop/sourdough/apps/sdgh/src/sdgh.erl': {'EXIT',
                                                                                                                              error}.
2990- fatal: {invalid_name," index"}
2763- fatal: error_scanning_entity_ref
/home/pete/wefwefwef/docs/other/5136410126/sourdough-branch-develop/sourdough/apps/sdgh/src/sdgh_write_fsm.erl, in module header: at line 1: error in XML parser: {fatal,
                         {error_scanning_entity_ref,
                             {file,file_name_unknown},
                             {line,1},
                             {col,36}}}.
edoc: skipping source file '/home/pete/wefwefwef/docs/other/5136410126/sourdough-branch-develop/sourdough/apps/sdgh/src/sdgh_write_fsm.erl': {'EXIT',
                                                                                                                                        error}.
edoc: error in doclet 'edoc_doclet': {'EXIT',error}.
Error generating sdgh XMLs. Using fallback ...
Generating XML sdgh - sdgh "/home/pete/wefwefwef/docs/other/5136410126/sourdough-branch-develop/sourdough/apps/sdgh/src/sdgh.erl" -> "/home/pete/wefwefwef/docs/other/5136410126/repo/develop/.xml/sdgh/sdgh.xml"
/home/pete/wefwefwef/docs/other/5136410126/sourdough-branch-develop/sourdough/apps/sdgh/src/sdgh.erl: at line 3: can't find include lib "riak_core/include/riak_core_vnode.hrl"
Error generating XML ("/home/pete/wefwefwef/docs/other/5136410126/sourdough-branch-develop/sourdough/apps/sdgh/src/sdgh.erl"): {'EXIT',
                                                                                                                                error}
Generating XML sdgh - sdgh_app "/home/pete/wefwefwef/docs/other/5136410126/sourdough-branch-develop/sourdough/apps/sdgh/src/sdgh_app.erl" -> "/home/pete/wefwefwef/docs/other/5136410126/repo/develop/.xml/sdgh/sdgh_app.xml"
Generating XML sdgh - sdgh_console "/home/pete/wefwefwef/docs/other/5136410126/sourdough-branch-develop/sourdough/apps/sdgh/src/sdgh_console.erl" -> "/home/pete/wefwefwef/docs/other/5136410126/repo/develop/.xml/sdgh/sdgh_console.xml"
Generating XML sdgh - sdgh_node_event_handler "/home/pete/wefwefwef/docs/other/5136410126/sourdough-branch-develop/sourdough/apps/sdgh/src/sdgh_node_event_handler.erl" -> "/home/pete/wefwefwef/docs/other/5136410126/repo/develop/.xml/sdgh/sdgh_node_event_handler.xml"
Generating XML sdgh - sdgh_ring_event_handler "/home/pete/wefwefwef/docs/other/5136410126/sourdough-branch-develop/sourdough/apps/sdgh/src/sdgh_ring_event_handler.erl" -> "/home/pete/wefwefwef/docs/other/5136410126/repo/develop/.xml/sdgh/sdgh_ring_event_handler.xml"
Generating XML sdgh - sdgh_sup "/home/pete/wefwefwef/docs/other/5136410126/sourdough-branch-develop/sourdough/apps/sdgh/src/sdgh_sup.erl" -> "/home/pete/wefwefwef/docs/other/5136410126/repo/develop/.xml/sdgh/sdgh_sup.xml"
Generating XML sdgh - sdgh_vnode "/home/pete/wefwefwef/docs/other/5136410126/sourdough-branch-develop/sourdough/apps/sdgh/src/sdgh_vnode.erl" -> "/home/pete/wefwefwef/docs/other/5136410126/repo/develop/.xml/sdgh/sdgh_vnode.xml"
/home/pete/wefwefwef/docs/other/5136410126/sourdough-branch-develop/sourdough/apps/sdgh/src/sdgh_vnode.erl: at line 4: can't find include lib "riak_core/include/riak_core_vnode.hrl"
Error generating XML ("/home/pete/wefwefwef/docs/other/5136410126/sourdough-branch-develop/sourdough/apps/sdgh/src/sdgh_vnode.erl"): {'EXIT',
                                                                                                                                      error}
Generating XML sdgh - sdgh_write_fsm "/home/pete/wefwefwef/docs/other/5136410126/sourdough-branch-develop/sourdough/apps/sdgh/src/sdgh_write_fsm.erl" -> "/home/pete/wefwefwef/docs/other/5136410126/repo/develop/.xml/sdgh/sdgh_write_fsm.xml"
2990- fatal: {invalid_name," index"}
2763- fatal: error_scanning_entity_ref
/home/pete/wefwefwef/docs/other/5136410126/sourdough-branch-develop/sourdough/apps/sdgh/src/sdgh_write_fsm.erl, in module header: at line 1: error in XML parser: {fatal,
                         {error_scanning_entity_ref,
                             {file,file_name_unknown},
                             {line,1},
                             {col,36}}}.
Error generating XML ("/home/pete/wefwefwef/docs/other/5136410126/sourdough-branch-develop/sourdough/apps/sdgh/src/sdgh_write_fsm.erl"): {'EXIT',
                                                                                                                                          error}
Generating XML sdgh - sdgh_write_fsm_sup "/home/pete/wefwefwef/docs/other/5136410126/sourdough-branch-develop/sourdough/apps/sdgh/src/sdgh_write_fsm_sup.erl" -> "/home/pete/wefwefwef/docs/other/5136410126/repo/develop/.xml/sdgh/sdgh_write_fsm_sup.xml"
Generating HTML - sdgh_write_fsm_sup "/home/pete/wefwefwef/docs/other/5136410126/repo/develop/.xml/sdgh/sdgh_write_fsm_sup.xml"
Generating HTML - sdgh_sup "/home/pete/wefwefwef/docs/other/5136410126/repo/develop/.xml/sdgh/sdgh_sup.xml"
Generating HTML - sdgh_ring_event_handler "/home/pete/wefwefwef/docs/other/5136410126/repo/develop/.xml/sdgh/sdgh_ring_event_handler.xml"
Generating HTML - sdgh_app "/home/pete/wefwefwef/docs/other/5136410126/repo/develop/.xml/sdgh/sdgh_app.xml"
Reading XML for "/home/pete/wefwefwef/docs/other/5136410126/repo/develop/.xml/sdgh/sdgh_write_fsm_sup.xml"
Reading XML for "/home/pete/wefwefwef/docs/other/5136410126/repo/develop/.xml/sdgh/sdgh_sup.xml"
Reading XML for "/home/pete/wefwefwef/docs/other/5136410126/repo/develop/.xml/sdgh/sdgh_ring_event_handler.xml"
Reading XML for "/home/pete/wefwefwef/docs/other/5136410126/repo/develop/.xml/sdgh/sdgh_app.xml"
Reading XML for "/home/pete/wefwefwef/docs/other/5136410126/repo/develop/.xml/specs_sdgh_sup.xml"
Reading XML for "/home/pete/wefwefwef/docs/other/5136410126/repo/develop/.xml/specs_sdgh_write_fsm_sup.xml"
Reading XML for "/home/pete/wefwefwef/docs/other/5136410126/repo/develop/.xml/specs_sdgh_ring_event_handler.xml"
Reading XML for "/home/pete/wefwefwef/docs/other/5136410126/repo/develop/.xml/specs_sdgh_app.xml"
Generating HTML - sdgh_console "/home/pete/wefwefwef/docs/other/5136410126/repo/develop/.xml/sdgh/sdgh_console.xml"
Reading XML for "/home/pete/wefwefwef/docs/other/5136410126/repo/develop/.xml/sdgh/sdgh_console.xml"
Reading XML for "/home/pete/wefwefwef/docs/other/5136410126/repo/develop/.xml/specs_sdgh_console.xml"
Generating HTML - sdgh_node_event_handler "/home/pete/wefwefwef/docs/other/5136410126/repo/develop/.xml/sdgh/sdgh_node_event_handler.xml"
Reading XML for "/home/pete/wefwefwef/docs/other/5136410126/repo/develop/.xml/sdgh/sdgh_node_event_handler.xml"
Reading XML for "/home/pete/wefwefwef/docs/other/5136410126/repo/develop/.xml/specs_sdgh_node_event_handler.xml"
Building sourdough
Generating XML for application sourdough "/home/pete/wefwefwef/docs/other/5136410126/sourdough-branch-develop/sourdough" -> "/home/pete/wefwefwef/docs/other/5136410126/repo/develop/.xml/sourdough"
/home/pete/wefwefwef/docs/other/5136410126/sourdough-branch-develop/sourdough/test/eunit_fsm.erl: at line 12: syntax error before: '.'
edoc: skipping source file '/home/pete/wefwefwef/docs/other/5136410126/sourdough-branch-develop/sourdough/test/eunit_fsm.erl': {'EXIT',
                                                                                                                          error}.
2990- fatal: {invalid_name," index"}
2763- fatal: error_scanning_entity_ref
/home/pete/wefwefwef/docs/other/5136410126/sourdough-branch-develop/sourdough/apps/sdgh/src/sdgh_write_fsm.erl, in module header: at line 1: error in XML parser: {fatal,
                         {error_scanning_entity_ref,
                             {file,file_name_unknown},
                             {line,1},
                             {col,36}}}.
edoc: skipping source file '/home/pete/wefwefwef/docs/other/5136410126/sourdough-branch-develop/sourdough/apps/sdgh/src/sdgh_write_fsm.erl': {'EXIT',
                                                                                                                                        error}.
/home/pete/wefwefwef/docs/other/5136410126/sourdough-branch-develop/sourdough/deps/protobuffs/test/erlang_protobuffs_SUITE.erl, function init_per_suite/1: at line 24: unknown error parsing specification: {26,edoc_parser,
                                      ["syntax error before: ","'='"]}.
edoc: skipping source file '/home/pete/wefwefwef/docs/other/5136410126/sourdough-branch-develop/sourdough/deps/protobuffs/test/erlang_protobuffs_SUITE.erl': {'EXIT',
                                                                                                                                                        error}.
/home/pete/wefwefwef/docs/other/5136410126/sourdough-branch-develop/sourdough/deps/webmachine/src/webmachine_dispatcher.erl, function dispatch/3: at line 29: @spec arity does not match.
edoc: skipping source file '/home/pete/wefwefwef/docs/other/5136410126/sourdough-branch-develop/sourdough/deps/webmachine/src/webmachine_dispatcher.erl': {'EXIT',
                                                                                                                                                     error}.
/home/pete/wefwefwef/docs/other/5136410126/sourdough-branch-develop/sourdough/deps/webmachine/priv/templates/src/wmskel_sup.erl: at line 6: syntax error before: _sup
edoc: skipping source file '/home/pete/wefwefwef/docs/other/5136410126/sourdough-branch-develop/sourdough/deps/webmachine/priv/templates/src/wmskel_sup.erl': {'EXIT',
                                                                                                                                                         error}.
/home/pete/wefwefwef/docs/other/5136410126/sourdough-branch-develop/sourdough/deps/webmachine/priv/templates/src/wmskel.erl: at line 6: bad module declaration
edoc: skipping source file '/home/pete/wefwefwef/docs/other/5136410126/sourdough-branch-develop/sourdough/deps/webmachine/priv/templates/src/wmskel.erl': {'EXIT',
                                                                                                                                                     error}.
/home/pete/wefwefwef/docs/other/5136410126/sourdough-branch-develop/sourdough/deps/webmachine/priv/templates/src/wmskel_app.erl: at line 6: syntax error before: _app
edoc: skipping source file '/home/pete/wefwefwef/docs/other/5136410126/sourdough-branch-develop/sourdough/deps/webmachine/priv/templates/src/wmskel_app.erl': {'EXIT',
                                                                                                                                                         error}.
/home/pete/wefwefwef/docs/other/5136410126/sourdough-branch-develop/sourdough/deps/webmachine/priv/templates/src/wmskel_resource.erl: at line 5: syntax error before: _resource
edoc: skipping source file '/home/pete/wefwefwef/docs/other/5136410126/sourdough-branch-develop/sourdough/deps/webmachine/priv/templates/src/wmskel_resource.erl': {'EXIT',
                                                                                                                                                              error}.
/home/pete/wefwefwef/docs/other/5136410126/sourdough-branch-develop/sourdough/deps/riak_core/src/vclock.erl, in module footer: at line 200: tag @doc not allowed here.
edoc: skipping source file '/home/pete/wefwefwef/docs/other/5136410126/sourdough-branch-develop/sourdough/deps/riak_core/src/vclock.erl': {'EXIT',
                                                                                                                                     error}.
/home/pete/wefwefwef/docs/other/5136410126/sourdough-branch-develop/sourdough/deps/riak_core/src/riak_core_stat.erl, function gossip_stats/2: at line 179: @spec name does not match.
edoc: skipping source file '/home/pete/wefwefwef/docs/other/5136410126/sourdough-branch-develop/sourdough/deps/riak_core/src/riak_core_stat.erl': {'EXIT',
                                                                                                                                             error}.
edoc: error in layout 'docgen_edoc_xml_cb': {'EXIT',
                                       {function_clause,
                                        [{docgen_edoc_xml_cb,t_type,
                                          [[{xmlElement,paren,[],[],
                                             {xmlNamespace,[],[]},
                                             [{type,1},{union,...},{...}|...],
                                             1,[],
                                             [...],...}]],
                                          [{file,"docgen_edoc_xml_cb.erl"},
                                           {line,1003}]},
                                         {docgen_edoc_xml_cb,seq,4,
                                          [{file,"docgen_edoc_xml_cb.erl"},
                                           {line,1116}]},
                                         {docgen_edoc_xml_cb,typedef,1,
                                          [{file,"docgen_edoc_xml_cb.erl"},
                                           {line,870}]},
                                         {docgen_edoc_xml_cb,typedecl,2,
                                          [{file,"docgen_edoc_xml_cb.erl"},
                                           {line,857}]},
                                         {lists,flatmap,2,
                                          [{file,"lists.erl"},{line,1248}]},
                                         {lists,flatmap,2,
                                          [{file,"lists.erl"},{line,1248}]},
                                         {docgen_edoc_xml_cb,types,1,
                                          [{file,"docgen_edoc_xml_cb.erl"},
                                           {line,851}]},
                                         {docgen_edoc_xml_cb,layout_module,2,
                                          [{file,[...]},{line,...}]}]}}.
edoc: error in doclet 'edoc_doclet': {'EXIT',error}.
Error generating sourdough XMLs. Using fallback ...
Creating index.html ...
Creating erldocs_index.js ...
Woot, finished in 0 Minutes 3 Seconds
 :: Discovering other repos
$ 5000  `rm -r '/home/pete/wefwefwef/docs/other/5136410126/sourdough-branch-develop'  2>&1`
 :: Processing https://github.com/project-z/sourdough	{rev,branch,"master","9b691ea0be5a8cbeaae5d7a8af0d0488f1945edf"}
 :: Fetching repo code
$ cd "/home/pete/wefwefwef/docs/other/5136410126/sourdough-branch-master/sourdough"
$ infinity  `curl --fail --silent --show-error --location --output 'master.zip' 'https://github.com/project-z/sourdough/archive/master.zip'  2>&1`
$ cd "/home/pete/wefwefwef/docs/erldocs_other.git"
$ cd "/home/pete/wefwefwef/docs/other/5136410126/sourdough-branch-master/sourdough"
$ 5000  `find -P . -type l -delete  2>&1`
$ cd "/home/pete/wefwefwef/docs/erldocs_other.git"
$ cd "/home/pete/wefwefwef/docs/other/5136410126/sourdough-branch-master/sourdough"
$ 5000  `find 'sourdough-master' -mindepth 1 -maxdepth 1 -exec mv -t . -- {} +  2>&1`
$ cd "/home/pete/wefwefwef/docs/erldocs_other.git"
 :: Getting dependencies
$ cd "/home/pete/wefwefwef/docs/other/5136410126/sourdough-branch-master/sourdough"
$ 5000  `ls -1 deps/  2>&1`
$ cd "/home/pete/wefwefwef/docs/erldocs_other.git"
>>> [rebar] deps = []
 :: Generating erldocs into /home/pete/wefwefwef/docs/other/5136410126/repo/master
Building sdgh
Generating Type Specs - "/home/pete/wefwefwef/docs/other/5136410126/sourdough-branch-master/sourdough/apps/sdgh/src/mnsr.erl"
Generating Type Specs - "/home/pete/wefwefwef/docs/other/5136410126/sourdough-branch-master/sourdough/apps/sdgh/src/mnsr_app.erl"
Generating Type Specs - "/home/pete/wefwefwef/docs/other/5136410126/sourdough-branch-master/sourdough/apps/sdgh/src/mnsr_event_proc.erl"
/home/pete/wefwefwef/docs/other/5136410126/sourdough-branch-master/sourdough/apps/sdgh/src/mnsr_event_proc.erl: at line 20: can't find include lib "webmachine/include/webmachine.hrl"
EDoc could not process file '/home/pete/wefwefwef/docs/other/5136410126/sourdough-branch-master/sourdough/apps/sdgh/src/mnsr_event_proc.erl'
Error generating type specs for "/home/pete/wefwefwef/docs/other/5136410126/sourdough-branch-master/sourdough/apps/sdgh/src/mnsr_event_proc.erl"
Generating Type Specs - "/home/pete/wefwefwef/docs/other/5136410126/sourdough-branch-master/sourdough/apps/sdgh/src/mnsr_resource.erl"
/home/pete/wefwefwef/docs/other/5136410126/sourdough-branch-master/sourdough/apps/sdgh/src/mnsr_resource.erl: at line 8: can't find include lib "webmachine/include/webmachine.hrl"
EDoc could not process file '/home/pete/wefwefwef/docs/other/5136410126/sourdough-branch-master/sourdough/apps/sdgh/src/mnsr_resource.erl'
Error generating type specs for "/home/pete/wefwefwef/docs/other/5136410126/sourdough-branch-master/sourdough/apps/sdgh/src/mnsr_resource.erl"
Generating Type Specs - "/home/pete/wefwefwef/docs/other/5136410126/sourdough-branch-master/sourdough/apps/sdgh/src/mnsr_sup.erl"
Generating Type Specs - "/home/pete/wefwefwef/docs/other/5136410126/sourdough-branch-master/sourdough/apps/sdgh/src/sdgh.erl"
/home/pete/wefwefwef/docs/other/5136410126/sourdough-branch-master/sourdough/apps/sdgh/src/sdgh.erl: at line 4: can't find include lib "riak_core/include/riak_core_vnode.hrl"
EDoc could not process file '/home/pete/wefwefwef/docs/other/5136410126/sourdough-branch-master/sourdough/apps/sdgh/src/sdgh.erl'
Error generating type specs for "/home/pete/wefwefwef/docs/other/5136410126/sourdough-branch-master/sourdough/apps/sdgh/src/sdgh.erl"
Generating Type Specs - "/home/pete/wefwefwef/docs/other/5136410126/sourdough-branch-master/sourdough/apps/sdgh/src/sdgh_app.erl"
Generating Type Specs - "/home/pete/wefwefwef/docs/other/5136410126/sourdough-branch-master/sourdough/apps/sdgh/src/sdgh_console.erl"
Generating Type Specs - "/home/pete/wefwefwef/docs/other/5136410126/sourdough-branch-master/sourdough/apps/sdgh/src/sdgh_node_event_handler.erl"
Generating Type Specs - "/home/pete/wefwefwef/docs/other/5136410126/sourdough-branch-master/sourdough/apps/sdgh/src/sdgh_ring_event_handler.erl"
Generating Type Specs - "/home/pete/wefwefwef/docs/other/5136410126/sourdough-branch-master/sourdough/apps/sdgh/src/sdgh_sup.erl"
Generating Type Specs - "/home/pete/wefwefwef/docs/other/5136410126/sourdough-branch-master/sourdough/apps/sdgh/src/sdgh_vnode.erl"
/home/pete/wefwefwef/docs/other/5136410126/sourdough-branch-master/sourdough/apps/sdgh/src/sdgh_vnode.erl: at line 5: can't find include lib "riak_core/include/riak_core_vnode.hrl"
EDoc could not process file '/home/pete/wefwefwef/docs/other/5136410126/sourdough-branch-master/sourdough/apps/sdgh/src/sdgh_vnode.erl'
Error generating type specs for "/home/pete/wefwefwef/docs/other/5136410126/sourdough-branch-master/sourdough/apps/sdgh/src/sdgh_vnode.erl"
Generating Type Specs - "/home/pete/wefwefwef/docs/other/5136410126/sourdough-branch-master/sourdough/apps/sdgh/src/sdgh_write_fsm.erl"
Generating Type Specs - "/home/pete/wefwefwef/docs/other/5136410126/sourdough-branch-master/sourdough/apps/sdgh/src/sdgh_write_fsm_sup.erl"
Generating XML for application sdgh "/home/pete/wefwefwef/docs/other/5136410126/sourdough-branch-master/sourdough/apps/sdgh" -> "/home/pete/wefwefwef/docs/other/5136410126/repo/master/.xml/sdgh"
/home/pete/wefwefwef/docs/other/5136410126/sourdough-branch-master/sourdough/apps/sdgh/src/sdgh_vnode.erl: at line 5: can't find include lib "riak_core/include/riak_core_vnode.hrl"
edoc: skipping source file '/home/pete/wefwefwef/docs/other/5136410126/sourdough-branch-master/sourdough/apps/sdgh/src/sdgh_vnode.erl': {'EXIT',
                                                                                                                                   error}.
/home/pete/wefwefwef/docs/other/5136410126/sourdough-branch-master/sourdough/apps/sdgh/src/mnsr_event_proc.erl: at line 20: can't find include lib "webmachine/include/webmachine.hrl"
edoc: skipping source file '/home/pete/wefwefwef/docs/other/5136410126/sourdough-branch-master/sourdough/apps/sdgh/src/mnsr_event_proc.erl': {'EXIT',
                                                                                                                                        error}.
/home/pete/wefwefwef/docs/other/5136410126/sourdough-branch-master/sourdough/apps/sdgh/src/sdgh.erl: at line 4: can't find include lib "riak_core/include/riak_core_vnode.hrl"
edoc: skipping source file '/home/pete/wefwefwef/docs/other/5136410126/sourdough-branch-master/sourdough/apps/sdgh/src/sdgh.erl': {'EXIT',
                                                                                                                             error}.
2990- fatal: {invalid_name," index"}
2763- fatal: error_scanning_entity_ref
/home/pete/wefwefwef/docs/other/5136410126/sourdough-branch-master/sourdough/apps/sdgh/src/sdgh_write_fsm.erl, in module header: at line 1: error in XML parser: {fatal,
                         {error_scanning_entity_ref,
                             {file,file_name_unknown},
                             {line,1},
                             {col,36}}}.
edoc: skipping source file '/home/pete/wefwefwef/docs/other/5136410126/sourdough-branch-master/sourdough/apps/sdgh/src/sdgh_write_fsm.erl': {'EXIT',
                                                                                                                                       error}.
/home/pete/wefwefwef/docs/other/5136410126/sourdough-branch-master/sourdough/apps/sdgh/src/mnsr_resource.erl: at line 8: can't find include lib "webmachine/include/webmachine.hrl"
edoc: skipping source file '/home/pete/wefwefwef/docs/other/5136410126/sourdough-branch-master/sourdough/apps/sdgh/src/mnsr_resource.erl': {'EXIT',
                                                                                                                                      error}.
edoc: error in doclet 'edoc_doclet': {'EXIT',error}.
Error generating sdgh XMLs. Using fallback ...
Generating XML sdgh - mnsr "/home/pete/wefwefwef/docs/other/5136410126/sourdough-branch-master/sourdough/apps/sdgh/src/mnsr.erl" -> "/home/pete/wefwefwef/docs/other/5136410126/repo/master/.xml/sdgh/mnsr.xml"
Generating XML sdgh - mnsr_app "/home/pete/wefwefwef/docs/other/5136410126/sourdough-branch-master/sourdough/apps/sdgh/src/mnsr_app.erl" -> "/home/pete/wefwefwef/docs/other/5136410126/repo/master/.xml/sdgh/mnsr_app.xml"
Generating XML sdgh - mnsr_event_proc "/home/pete/wefwefwef/docs/other/5136410126/sourdough-branch-master/sourdough/apps/sdgh/src/mnsr_event_proc.erl" -> "/home/pete/wefwefwef/docs/other/5136410126/repo/master/.xml/sdgh/mnsr_event_proc.xml"
/home/pete/wefwefwef/docs/other/5136410126/sourdough-branch-master/sourdough/apps/sdgh/src/mnsr_event_proc.erl: at line 20: can't find include lib "webmachine/include/webmachine.hrl"
Error generating XML ("/home/pete/wefwefwef/docs/other/5136410126/sourdough-branch-master/sourdough/apps/sdgh/src/mnsr_event_proc.erl"): {'EXIT',
                                                                                                                                          error}
Generating XML sdgh - mnsr_resource "/home/pete/wefwefwef/docs/other/5136410126/sourdough-branch-master/sourdough/apps/sdgh/src/mnsr_resource.erl" -> "/home/pete/wefwefwef/docs/other/5136410126/repo/master/.xml/sdgh/mnsr_resource.xml"
/home/pete/wefwefwef/docs/other/5136410126/sourdough-branch-master/sourdough/apps/sdgh/src/mnsr_resource.erl: at line 8: can't find include lib "webmachine/include/webmachine.hrl"
Error generating XML ("/home/pete/wefwefwef/docs/other/5136410126/sourdough-branch-master/sourdough/apps/sdgh/src/mnsr_resource.erl"): {'EXIT',
                                                                                                                                        error}
Generating XML sdgh - mnsr_sup "/home/pete/wefwefwef/docs/other/5136410126/sourdough-branch-master/sourdough/apps/sdgh/src/mnsr_sup.erl" -> "/home/pete/wefwefwef/docs/other/5136410126/repo/master/.xml/sdgh/mnsr_sup.xml"
Generating XML sdgh - sdgh "/home/pete/wefwefwef/docs/other/5136410126/sourdough-branch-master/sourdough/apps/sdgh/src/sdgh.erl" -> "/home/pete/wefwefwef/docs/other/5136410126/repo/master/.xml/sdgh/sdgh.xml"
/home/pete/wefwefwef/docs/other/5136410126/sourdough-branch-master/sourdough/apps/sdgh/src/sdgh.erl: at line 4: can't find include lib "riak_core/include/riak_core_vnode.hrl"
Error generating XML ("/home/pete/wefwefwef/docs/other/5136410126/sourdough-branch-master/sourdough/apps/sdgh/src/sdgh.erl"): {'EXIT',
                                                                                                                               error}
Generating XML sdgh - sdgh_app "/home/pete/wefwefwef/docs/other/5136410126/sourdough-branch-master/sourdough/apps/sdgh/src/sdgh_app.erl" -> "/home/pete/wefwefwef/docs/other/5136410126/repo/master/.xml/sdgh/sdgh_app.xml"
Generating XML sdgh - sdgh_console "/home/pete/wefwefwef/docs/other/5136410126/sourdough-branch-master/sourdough/apps/sdgh/src/sdgh_console.erl" -> "/home/pete/wefwefwef/docs/other/5136410126/repo/master/.xml/sdgh/sdgh_console.xml"
Generating XML sdgh - sdgh_node_event_handler "/home/pete/wefwefwef/docs/other/5136410126/sourdough-branch-master/sourdough/apps/sdgh/src/sdgh_node_event_handler.erl" -> "/home/pete/wefwefwef/docs/other/5136410126/repo/master/.xml/sdgh/sdgh_node_event_handler.xml"
Generating XML sdgh - sdgh_ring_event_handler "/home/pete/wefwefwef/docs/other/5136410126/sourdough-branch-master/sourdough/apps/sdgh/src/sdgh_ring_event_handler.erl" -> "/home/pete/wefwefwef/docs/other/5136410126/repo/master/.xml/sdgh/sdgh_ring_event_handler.xml"
Generating XML sdgh - sdgh_sup "/home/pete/wefwefwef/docs/other/5136410126/sourdough-branch-master/sourdough/apps/sdgh/src/sdgh_sup.erl" -> "/home/pete/wefwefwef/docs/other/5136410126/repo/master/.xml/sdgh/sdgh_sup.xml"
Generating XML sdgh - sdgh_vnode "/home/pete/wefwefwef/docs/other/5136410126/sourdough-branch-master/sourdough/apps/sdgh/src/sdgh_vnode.erl" -> "/home/pete/wefwefwef/docs/other/5136410126/repo/master/.xml/sdgh/sdgh_vnode.xml"
/home/pete/wefwefwef/docs/other/5136410126/sourdough-branch-master/sourdough/apps/sdgh/src/sdgh_vnode.erl: at line 5: can't find include lib "riak_core/include/riak_core_vnode.hrl"
Error generating XML ("/home/pete/wefwefwef/docs/other/5136410126/sourdough-branch-master/sourdough/apps/sdgh/src/sdgh_vnode.erl"): {'EXIT',
                                                                                                                                     error}
Generating XML sdgh - sdgh_write_fsm "/home/pete/wefwefwef/docs/other/5136410126/sourdough-branch-master/sourdough/apps/sdgh/src/sdgh_write_fsm.erl" -> "/home/pete/wefwefwef/docs/other/5136410126/repo/master/.xml/sdgh/sdgh_write_fsm.xml"
2990- fatal: {invalid_name," index"}
2763- fatal: error_scanning_entity_ref
/home/pete/wefwefwef/docs/other/5136410126/sourdough-branch-master/sourdough/apps/sdgh/src/sdgh_write_fsm.erl, in module header: at line 1: error in XML parser: {fatal,
                         {error_scanning_entity_ref,
                             {file,file_name_unknown},
                             {line,1},
                             {col,36}}}.
Error generating XML ("/home/pete/wefwefwef/docs/other/5136410126/sourdough-branch-master/sourdough/apps/sdgh/src/sdgh_write_fsm.erl"): {'EXIT',
                                                                                                                                         error}
Generating XML sdgh - sdgh_write_fsm_sup "/home/pete/wefwefwef/docs/other/5136410126/sourdough-branch-master/sourdough/apps/sdgh/src/sdgh_write_fsm_sup.erl" -> "/home/pete/wefwefwef/docs/other/5136410126/repo/master/.xml/sdgh/sdgh_write_fsm_sup.xml"
Generating HTML - sdgh_sup "/home/pete/wefwefwef/docs/other/5136410126/repo/master/.xml/sdgh/sdgh_sup.xml"
Generating HTML - sdgh_node_event_handler "/home/pete/wefwefwef/docs/other/5136410126/repo/master/.xml/sdgh/sdgh_node_event_handler.xml"
Generating HTML - sdgh_app "/home/pete/wefwefwef/docs/other/5136410126/repo/master/.xml/sdgh/sdgh_app.xml"
Generating HTML - mnsr "/home/pete/wefwefwef/docs/other/5136410126/repo/master/.xml/sdgh/mnsr.xml"
Reading XML for "/home/pete/wefwefwef/docs/other/5136410126/repo/master/.xml/sdgh/sdgh_sup.xml"
Reading XML for "/home/pete/wefwefwef/docs/other/5136410126/repo/master/.xml/sdgh/sdgh_node_event_handler.xml"
Reading XML for "/home/pete/wefwefwef/docs/other/5136410126/repo/master/.xml/sdgh/sdgh_app.xml"
Reading XML for "/home/pete/wefwefwef/docs/other/5136410126/repo/master/.xml/sdgh/mnsr.xml"
Reading XML for "/home/pete/wefwefwef/docs/other/5136410126/repo/master/.xml/specs_sdgh_sup.xml"
Generating HTML - sdgh_write_fsm_sup "/home/pete/wefwefwef/docs/other/5136410126/repo/master/.xml/sdgh/sdgh_write_fsm_sup.xml"
Reading XML for "/home/pete/wefwefwef/docs/other/5136410126/repo/master/.xml/sdgh/sdgh_write_fsm_sup.xml"
Reading XML for "/home/pete/wefwefwef/docs/other/5136410126/repo/master/.xml/specs_sdgh_app.xml"
Reading XML for "/home/pete/wefwefwef/docs/other/5136410126/repo/master/.xml/specs_sdgh_node_event_handler.xml"
Reading XML for "/home/pete/wefwefwef/docs/other/5136410126/repo/master/.xml/specs_mnsr.xml"
Generating HTML - sdgh_console "/home/pete/wefwefwef/docs/other/5136410126/repo/master/.xml/sdgh/sdgh_console.xml"
Reading XML for "/home/pete/wefwefwef/docs/other/5136410126/repo/master/.xml/sdgh/sdgh_console.xml"
Generating HTML - sdgh_ring_event_handler "/home/pete/wefwefwef/docs/other/5136410126/repo/master/.xml/sdgh/sdgh_ring_event_handler.xml"
Reading XML for "/home/pete/wefwefwef/docs/other/5136410126/repo/master/.xml/sdgh/sdgh_ring_event_handler.xml"
Generating HTML - mnsr_app "/home/pete/wefwefwef/docs/other/5136410126/repo/master/.xml/sdgh/mnsr_app.xml"
Reading XML for "/home/pete/wefwefwef/docs/other/5136410126/repo/master/.xml/sdgh/mnsr_app.xml"
Reading XML for "/home/pete/wefwefwef/docs/other/5136410126/repo/master/.xml/specs_sdgh_console.xml"
Reading XML for "/home/pete/wefwefwef/docs/other/5136410126/repo/master/.xml/specs_sdgh_write_fsm_sup.xml"
Reading XML for "/home/pete/wefwefwef/docs/other/5136410126/repo/master/.xml/specs_sdgh_ring_event_handler.xml"
Reading XML for "/home/pete/wefwefwef/docs/other/5136410126/repo/master/.xml/specs_mnsr_app.xml"
Generating HTML - mnsr_sup "/home/pete/wefwefwef/docs/other/5136410126/repo/master/.xml/sdgh/mnsr_sup.xml"
Reading XML for "/home/pete/wefwefwef/docs/other/5136410126/repo/master/.xml/sdgh/mnsr_sup.xml"
Reading XML for "/home/pete/wefwefwef/docs/other/5136410126/repo/master/.xml/specs_mnsr_sup.xml"
Building sourdough
Generating XML for application sourdough "/home/pete/wefwefwef/docs/other/5136410126/sourdough-branch-master/sourdough" -> "/home/pete/wefwefwef/docs/other/5136410126/repo/master/.xml/sourdough"
/home/pete/wefwefwef/docs/other/5136410126/sourdough-branch-master/sourdough/apps/sdgh/src/sdgh_vnode.erl: at line 5: can't find include lib "riak_core/include/riak_core_vnode.hrl"
edoc: skipping source file '/home/pete/wefwefwef/docs/other/5136410126/sourdough-branch-master/sourdough/apps/sdgh/src/sdgh_vnode.erl': {'EXIT',
                                                                                                                                   error}.
/home/pete/wefwefwef/docs/other/5136410126/sourdough-branch-master/sourdough/apps/sdgh/src/mnsr_event_proc.erl: at line 20: can't find include lib "webmachine/include/webmachine.hrl"
edoc: skipping source file '/home/pete/wefwefwef/docs/other/5136410126/sourdough-branch-master/sourdough/apps/sdgh/src/mnsr_event_proc.erl': {'EXIT',
                                                                                                                                        error}.
/home/pete/wefwefwef/docs/other/5136410126/sourdough-branch-master/sourdough/apps/sdgh/src/sdgh.erl: at line 4: can't find include lib "riak_core/include/riak_core_vnode.hrl"
edoc: skipping source file '/home/pete/wefwefwef/docs/other/5136410126/sourdough-branch-master/sourdough/apps/sdgh/src/sdgh.erl': {'EXIT',
                                                                                                                             error}.
2990- fatal: {invalid_name," index"}
2763- fatal: error_scanning_entity_ref
/home/pete/wefwefwef/docs/other/5136410126/sourdough-branch-master/sourdough/apps/sdgh/src/sdgh_write_fsm.erl, in module header: at line 1: error in XML parser: {fatal,
                         {error_scanning_entity_ref,
                             {file,file_name_unknown},
                             {line,1},
                             {col,36}}}.
edoc: skipping source file '/home/pete/wefwefwef/docs/other/5136410126/sourdough-branch-master/sourdough/apps/sdgh/src/sdgh_write_fsm.erl': {'EXIT',
                                                                                                                                       error}.
/home/pete/wefwefwef/docs/other/5136410126/sourdough-branch-master/sourdough/apps/sdgh/src/mnsr_resource.erl: at line 8: can't find include lib "webmachine/include/webmachine.hrl"
edoc: skipping source file '/home/pete/wefwefwef/docs/other/5136410126/sourdough-branch-master/sourdough/apps/sdgh/src/mnsr_resource.erl': {'EXIT',
                                                                                                                                      error}.
edoc: error in doclet 'edoc_doclet': {'EXIT',error}.
Error generating sourdough XMLs. Using fallback ...
Creating index.html ...
Creating erldocs_index.js ...
Woot, finished in 0 Minutes 1 Seconds
 :: Discovering other repos
$ 5000  `rm -r '/home/pete/wefwefwef/docs/other/5136410126/sourdough-branch-master'  2>&1`
 :: Processing https://github.com/project-z/sourdough	{rev,branch,"misfit_fsm","9e62c6094fbad1099ff9eeba088d5a7cc2e151da"}
 :: Fetching repo code
$ cd "/home/pete/wefwefwef/docs/other/5136410126/sourdough-branch-misfit_fsm/sourdough"
$ infinity  `curl --fail --silent --show-error --location --output 'misfit_fsm.zip' 'https://github.com/project-z/sourdough/archive/misfit_fsm.zip'  2>&1`
$ cd "/home/pete/wefwefwef/docs/erldocs_other.git"
$ cd "/home/pete/wefwefwef/docs/other/5136410126/sourdough-branch-misfit_fsm/sourdough"
$ 5000  `find -P . -type l -delete  2>&1`
$ cd "/home/pete/wefwefwef/docs/erldocs_other.git"
$ cd "/home/pete/wefwefwef/docs/other/5136410126/sourdough-branch-misfit_fsm/sourdough"
$ 5000  `find 'sourdough-misfit_fsm' -mindepth 1 -maxdepth 1 -exec mv -t . -- {} +  2>&1`
$ cd "/home/pete/wefwefwef/docs/erldocs_other.git"
 :: Getting dependencies
$ cd "/home/pete/wefwefwef/docs/other/5136410126/sourdough-branch-misfit_fsm/sourdough"
$ infinity  `rebar --config '/home/pete/wefwefwef/docs/other/5136410126/sourdough-branch-misfit_fsm/rebar_deps' get-deps  2>&1`
$ cd "/home/pete/wefwefwef/docs/erldocs_other.git"
$ cd "/home/pete/wefwefwef/docs/other/5136410126/sourdough-branch-misfit_fsm/sourdough"
$ 5000  `find -P . -type l -delete  2>&1`
$ cd "/home/pete/wefwefwef/docs/erldocs_other.git"
$ cd "/home/pete/wefwefwef/docs/other/5136410126/sourdough-branch-misfit_fsm/sourdough"
$ 5000  `ls -1 deps/  2>&1`
$ cd "/home/pete/wefwefwef/docs/erldocs_other.git"
>>> [rebar] deps = ["basho_stats","lager","mochiweb","poolboy","protobuffs",
                    "riak_core","riak_sysmon","webmachine"]
 :: Generating erldocs into /home/pete/wefwefwef/docs/other/5136410126/repo/misfit_fsm
Building sdgh
Generating Type Specs - "/home/pete/wefwefwef/docs/other/5136410126/sourdough-branch-misfit_fsm/sourdough/apps/sdgh/src/sdgh.erl"
/home/pete/wefwefwef/docs/other/5136410126/sourdough-branch-misfit_fsm/sourdough/apps/sdgh/src/sdgh.erl: at line 3: can't find include lib "riak_core/include/riak_core_vnode.hrl"
EDoc could not process file '/home/pete/wefwefwef/docs/other/5136410126/sourdough-branch-misfit_fsm/sourdough/apps/sdgh/src/sdgh.erl'
Error generating type specs for "/home/pete/wefwefwef/docs/other/5136410126/sourdough-branch-misfit_fsm/sourdough/apps/sdgh/src/sdgh.erl"
Generating Type Specs - "/home/pete/wefwefwef/docs/other/5136410126/sourdough-branch-misfit_fsm/sourdough/apps/sdgh/src/sdgh_app.erl"
Generating Type Specs - "/home/pete/wefwefwef/docs/other/5136410126/sourdough-branch-misfit_fsm/sourdough/apps/sdgh/src/sdgh_console.erl"
Generating Type Specs - "/home/pete/wefwefwef/docs/other/5136410126/sourdough-branch-misfit_fsm/sourdough/apps/sdgh/src/sdgh_node_event_handler.erl"
Generating Type Specs - "/home/pete/wefwefwef/docs/other/5136410126/sourdough-branch-misfit_fsm/sourdough/apps/sdgh/src/sdgh_ring_event_handler.erl"
Generating Type Specs - "/home/pete/wefwefwef/docs/other/5136410126/sourdough-branch-misfit_fsm/sourdough/apps/sdgh/src/sdgh_sup.erl"
Generating Type Specs - "/home/pete/wefwefwef/docs/other/5136410126/sourdough-branch-misfit_fsm/sourdough/apps/sdgh/src/sdgh_vnode.erl"
/home/pete/wefwefwef/docs/other/5136410126/sourdough-branch-misfit_fsm/sourdough/apps/sdgh/src/sdgh_vnode.erl: at line 4: can't find include lib "riak_core/include/riak_core_vnode.hrl"
EDoc could not process file '/home/pete/wefwefwef/docs/other/5136410126/sourdough-branch-misfit_fsm/sourdough/apps/sdgh/src/sdgh_vnode.erl'
Error generating type specs for "/home/pete/wefwefwef/docs/other/5136410126/sourdough-branch-misfit_fsm/sourdough/apps/sdgh/src/sdgh_vnode.erl"
Generating Type Specs - "/home/pete/wefwefwef/docs/other/5136410126/sourdough-branch-misfit_fsm/sourdough/apps/sdgh/src/sdgh_write_fsm.erl"
Generating Type Specs - "/home/pete/wefwefwef/docs/other/5136410126/sourdough-branch-misfit_fsm/sourdough/apps/sdgh/src/sdgh_write_fsm_sup.erl"
Generating XML for application sdgh "/home/pete/wefwefwef/docs/other/5136410126/sourdough-branch-misfit_fsm/sourdough/apps/sdgh" -> "/home/pete/wefwefwef/docs/other/5136410126/repo/misfit_fsm/.xml/sdgh"
/home/pete/wefwefwef/docs/other/5136410126/sourdough-branch-misfit_fsm/sourdough/apps/sdgh/src/sdgh_vnode.erl: at line 4: can't find include lib "riak_core/include/riak_core_vnode.hrl"
edoc: skipping source file '/home/pete/wefwefwef/docs/other/5136410126/sourdough-branch-misfit_fsm/sourdough/apps/sdgh/src/sdgh_vnode.erl': {'EXIT',
                                                                                                                                       error}.
/home/pete/wefwefwef/docs/other/5136410126/sourdough-branch-misfit_fsm/sourdough/apps/sdgh/src/sdgh.erl: at line 3: can't find include lib "riak_core/include/riak_core_vnode.hrl"
edoc: skipping source file '/home/pete/wefwefwef/docs/other/5136410126/sourdough-branch-misfit_fsm/sourdough/apps/sdgh/src/sdgh.erl': {'EXIT',
                                                                                                                                 error}.
2990- fatal: {invalid_name," index"}
2763- fatal: error_scanning_entity_ref
/home/pete/wefwefwef/docs/other/5136410126/sourdough-branch-misfit_fsm/sourdough/apps/sdgh/src/sdgh_write_fsm.erl, in module header: at line 1: error in XML parser: {fatal,
                         {error_scanning_entity_ref,
                             {file,file_name_unknown},
                             {line,1},
                             {col,36}}}.
edoc: skipping source file '/home/pete/wefwefwef/docs/other/5136410126/sourdough-branch-misfit_fsm/sourdough/apps/sdgh/src/sdgh_write_fsm.erl': {'EXIT',
                                                                                                                                           error}.
edoc: error in doclet 'edoc_doclet': {'EXIT',error}.
Error generating sdgh XMLs. Using fallback ...
Generating XML sdgh - sdgh "/home/pete/wefwefwef/docs/other/5136410126/sourdough-branch-misfit_fsm/sourdough/apps/sdgh/src/sdgh.erl" -> "/home/pete/wefwefwef/docs/other/5136410126/repo/misfit_fsm/.xml/sdgh/sdgh.xml"
/home/pete/wefwefwef/docs/other/5136410126/sourdough-branch-misfit_fsm/sourdough/apps/sdgh/src/sdgh.erl: at line 3: can't find include lib "riak_core/include/riak_core_vnode.hrl"
Error generating XML ("/home/pete/wefwefwef/docs/other/5136410126/sourdough-branch-misfit_fsm/sourdough/apps/sdgh/src/sdgh.erl"): {'EXIT',
                                                                                                                                   error}
Generating XML sdgh - sdgh_app "/home/pete/wefwefwef/docs/other/5136410126/sourdough-branch-misfit_fsm/sourdough/apps/sdgh/src/sdgh_app.erl" -> "/home/pete/wefwefwef/docs/other/5136410126/repo/misfit_fsm/.xml/sdgh/sdgh_app.xml"
Generating XML sdgh - sdgh_console "/home/pete/wefwefwef/docs/other/5136410126/sourdough-branch-misfit_fsm/sourdough/apps/sdgh/src/sdgh_console.erl" -> "/home/pete/wefwefwef/docs/other/5136410126/repo/misfit_fsm/.xml/sdgh/sdgh_console.xml"
Generating XML sdgh - sdgh_node_event_handler "/home/pete/wefwefwef/docs/other/5136410126/sourdough-branch-misfit_fsm/sourdough/apps/sdgh/src/sdgh_node_event_handler.erl" -> "/home/pete/wefwefwef/docs/other/5136410126/repo/misfit_fsm/.xml/sdgh/sdgh_node_event_handler.xml"
Generating XML sdgh - sdgh_ring_event_handler "/home/pete/wefwefwef/docs/other/5136410126/sourdough-branch-misfit_fsm/sourdough/apps/sdgh/src/sdgh_ring_event_handler.erl" -> "/home/pete/wefwefwef/docs/other/5136410126/repo/misfit_fsm/.xml/sdgh/sdgh_ring_event_handler.xml"
Generating XML sdgh - sdgh_sup "/home/pete/wefwefwef/docs/other/5136410126/sourdough-branch-misfit_fsm/sourdough/apps/sdgh/src/sdgh_sup.erl" -> "/home/pete/wefwefwef/docs/other/5136410126/repo/misfit_fsm/.xml/sdgh/sdgh_sup.xml"
Generating XML sdgh - sdgh_vnode "/home/pete/wefwefwef/docs/other/5136410126/sourdough-branch-misfit_fsm/sourdough/apps/sdgh/src/sdgh_vnode.erl" -> "/home/pete/wefwefwef/docs/other/5136410126/repo/misfit_fsm/.xml/sdgh/sdgh_vnode.xml"
/home/pete/wefwefwef/docs/other/5136410126/sourdough-branch-misfit_fsm/sourdough/apps/sdgh/src/sdgh_vnode.erl: at line 4: can't find include lib "riak_core/include/riak_core_vnode.hrl"
Error generating XML ("/home/pete/wefwefwef/docs/other/5136410126/sourdough-branch-misfit_fsm/sourdough/apps/sdgh/src/sdgh_vnode.erl"): {'EXIT',
                                                                                                                                         error}
Generating XML sdgh - sdgh_write_fsm "/home/pete/wefwefwef/docs/other/5136410126/sourdough-branch-misfit_fsm/sourdough/apps/sdgh/src/sdgh_write_fsm.erl" -> "/home/pete/wefwefwef/docs/other/5136410126/repo/misfit_fsm/.xml/sdgh/sdgh_write_fsm.xml"
2990- fatal: {invalid_name," index"}
2763- fatal: error_scanning_entity_ref
/home/pete/wefwefwef/docs/other/5136410126/sourdough-branch-misfit_fsm/sourdough/apps/sdgh/src/sdgh_write_fsm.erl, in module header: at line 1: error in XML parser: {fatal,
                         {error_scanning_entity_ref,
                             {file,file_name_unknown},
                             {line,1},
                             {col,36}}}.
Error generating XML ("/home/pete/wefwefwef/docs/other/5136410126/sourdough-branch-misfit_fsm/sourdough/apps/sdgh/src/sdgh_write_fsm.erl"): {'EXIT',
                                                                                                                                             error}
Generating XML sdgh - sdgh_write_fsm_sup "/home/pete/wefwefwef/docs/other/5136410126/sourdough-branch-misfit_fsm/sourdough/apps/sdgh/src/sdgh_write_fsm_sup.erl" -> "/home/pete/wefwefwef/docs/other/5136410126/repo/misfit_fsm/.xml/sdgh/sdgh_write_fsm_sup.xml"
Generating HTML - sdgh_write_fsm_sup "/home/pete/wefwefwef/docs/other/5136410126/repo/misfit_fsm/.xml/sdgh/sdgh_write_fsm_sup.xml"
Generating HTML - sdgh_sup "/home/pete/wefwefwef/docs/other/5136410126/repo/misfit_fsm/.xml/sdgh/sdgh_sup.xml"
Generating HTML - sdgh_ring_event_handler "/home/pete/wefwefwef/docs/other/5136410126/repo/misfit_fsm/.xml/sdgh/sdgh_ring_event_handler.xml"
Generating HTML - sdgh_app "/home/pete/wefwefwef/docs/other/5136410126/repo/misfit_fsm/.xml/sdgh/sdgh_app.xml"
Reading XML for "/home/pete/wefwefwef/docs/other/5136410126/repo/misfit_fsm/.xml/sdgh/sdgh_write_fsm_sup.xml"
Reading XML for "/home/pete/wefwefwef/docs/other/5136410126/repo/misfit_fsm/.xml/sdgh/sdgh_sup.xml"
Reading XML for "/home/pete/wefwefwef/docs/other/5136410126/repo/misfit_fsm/.xml/sdgh/sdgh_ring_event_handler.xml"
Reading XML for "/home/pete/wefwefwef/docs/other/5136410126/repo/misfit_fsm/.xml/sdgh/sdgh_app.xml"
Reading XML for "/home/pete/wefwefwef/docs/other/5136410126/repo/misfit_fsm/.xml/specs_sdgh_write_fsm_sup.xml"
Reading XML for "/home/pete/wefwefwef/docs/other/5136410126/repo/misfit_fsm/.xml/specs_sdgh_sup.xml"
Reading XML for "/home/pete/wefwefwef/docs/other/5136410126/repo/misfit_fsm/.xml/specs_sdgh_app.xml"
Reading XML for "/home/pete/wefwefwef/docs/other/5136410126/repo/misfit_fsm/.xml/specs_sdgh_ring_event_handler.xml"
Generating HTML - sdgh_console "/home/pete/wefwefwef/docs/other/5136410126/repo/misfit_fsm/.xml/sdgh/sdgh_console.xml"
Reading XML for "/home/pete/wefwefwef/docs/other/5136410126/repo/misfit_fsm/.xml/sdgh/sdgh_console.xml"
Reading XML for "/home/pete/wefwefwef/docs/other/5136410126/repo/misfit_fsm/.xml/specs_sdgh_console.xml"
Generating HTML - sdgh_node_event_handler "/home/pete/wefwefwef/docs/other/5136410126/repo/misfit_fsm/.xml/sdgh/sdgh_node_event_handler.xml"
Reading XML for "/home/pete/wefwefwef/docs/other/5136410126/repo/misfit_fsm/.xml/sdgh/sdgh_node_event_handler.xml"
Reading XML for "/home/pete/wefwefwef/docs/other/5136410126/repo/misfit_fsm/.xml/specs_sdgh_node_event_handler.xml"
Building sourdough
Generating XML for application sourdough "/home/pete/wefwefwef/docs/other/5136410126/sourdough-branch-misfit_fsm/sourdough" -> "/home/pete/wefwefwef/docs/other/5136410126/repo/misfit_fsm/.xml/sourdough"
2990- fatal: {invalid_name," index"}
2763- fatal: error_scanning_entity_ref
/home/pete/wefwefwef/docs/other/5136410126/sourdough-branch-misfit_fsm/sourdough/apps/sdgh/src/sdgh_write_fsm.erl, in module header: at line 1: error in XML parser: {fatal,
                         {error_scanning_entity_ref,
                             {file,file_name_unknown},
                             {line,1},
                             {col,36}}}.
edoc: skipping source file '/home/pete/wefwefwef/docs/other/5136410126/sourdough-branch-misfit_fsm/sourdough/apps/sdgh/src/sdgh_write_fsm.erl': {'EXIT',
                                                                                                                                           error}.
/home/pete/wefwefwef/docs/other/5136410126/sourdough-branch-misfit_fsm/sourdough/deps/protobuffs/test/erlang_protobuffs_SUITE.erl, function init_per_suite/1: at line 24: unknown error parsing specification: {26,edoc_parser,
                                      ["syntax error before: ","'='"]}.
edoc: skipping source file '/home/pete/wefwefwef/docs/other/5136410126/sourdough-branch-misfit_fsm/sourdough/deps/protobuffs/test/erlang_protobuffs_SUITE.erl': {'EXIT',
                                                                                                                                                           error}.
/home/pete/wefwefwef/docs/other/5136410126/sourdough-branch-misfit_fsm/sourdough/deps/webmachine/src/webmachine_dispatcher.erl, function dispatch/3: at line 29: @spec arity does not match.
edoc: skipping source file '/home/pete/wefwefwef/docs/other/5136410126/sourdough-branch-misfit_fsm/sourdough/deps/webmachine/src/webmachine_dispatcher.erl': {'EXIT',
                                                                                                                                                        error}.
/home/pete/wefwefwef/docs/other/5136410126/sourdough-branch-misfit_fsm/sourdough/deps/webmachine/priv/templates/src/wmskel_sup.erl: at line 6: syntax error before: _sup
edoc: skipping source file '/home/pete/wefwefwef/docs/other/5136410126/sourdough-branch-misfit_fsm/sourdough/deps/webmachine/priv/templates/src/wmskel_sup.erl': {'EXIT',
                                                                                                                                                            error}.
/home/pete/wefwefwef/docs/other/5136410126/sourdough-branch-misfit_fsm/sourdough/deps/webmachine/priv/templates/src/wmskel.erl: at line 6: bad module declaration
edoc: skipping source file '/home/pete/wefwefwef/docs/other/5136410126/sourdough-branch-misfit_fsm/sourdough/deps/webmachine/priv/templates/src/wmskel.erl': {'EXIT',
                                                                                                                                                        error}.
/home/pete/wefwefwef/docs/other/5136410126/sourdough-branch-misfit_fsm/sourdough/deps/webmachine/priv/templates/src/wmskel_app.erl: at line 6: syntax error before: _app
edoc: skipping source file '/home/pete/wefwefwef/docs/other/5136410126/sourdough-branch-misfit_fsm/sourdough/deps/webmachine/priv/templates/src/wmskel_app.erl': {'EXIT',
                                                                                                                                                            error}.
/home/pete/wefwefwef/docs/other/5136410126/sourdough-branch-misfit_fsm/sourdough/deps/webmachine/priv/templates/src/wmskel_resource.erl: at line 5: syntax error before: _resource
edoc: skipping source file '/home/pete/wefwefwef/docs/other/5136410126/sourdough-branch-misfit_fsm/sourdough/deps/webmachine/priv/templates/src/wmskel_resource.erl': {'EXIT',
                                                                                                                                                                 error}.
/home/pete/wefwefwef/docs/other/5136410126/sourdough-branch-misfit_fsm/sourdough/deps/riak_core/src/vclock.erl, in module footer: at line 200: tag @doc not allowed here.
edoc: skipping source file '/home/pete/wefwefwef/docs/other/5136410126/sourdough-branch-misfit_fsm/sourdough/deps/riak_core/src/vclock.erl': {'EXIT',
                                                                                                                                        error}.
/home/pete/wefwefwef/docs/other/5136410126/sourdough-branch-misfit_fsm/sourdough/deps/riak_core/src/riak_core_stat.erl, function gossip_stats/2: at line 179: @spec name does not match.
edoc: skipping source file '/home/pete/wefwefwef/docs/other/5136410126/sourdough-branch-misfit_fsm/sourdough/deps/riak_core/src/riak_core_stat.erl': {'EXIT',
                                                                                                                                                error}.
edoc: error in layout 'docgen_edoc_xml_cb': {'EXIT',
                                       {function_clause,
                                        [{docgen_edoc_xml_cb,t_type,
                                          [[{xmlElement,paren,[],[],
                                             {xmlNamespace,[],[]},
                                             [{type,1},{union,...},{...}|...],
                                             1,[],
                                             [...],...}]],
                                          [{file,"docgen_edoc_xml_cb.erl"},
                                           {line,1003}]},
                                         {docgen_edoc_xml_cb,seq,4,
                                          [{file,"docgen_edoc_xml_cb.erl"},
                                           {line,1116}]},
                                         {docgen_edoc_xml_cb,typedef,1,
                                          [{file,"docgen_edoc_xml_cb.erl"},
                                           {line,870}]},
                                         {docgen_edoc_xml_cb,typedecl,2,
                                          [{file,"docgen_edoc_xml_cb.erl"},
                                           {line,857}]},
                                         {lists,flatmap,2,
                                          [{file,"lists.erl"},{line,1248}]},
                                         {lists,flatmap,2,
                                          [{file,"lists.erl"},{line,1248}]},
                                         {docgen_edoc_xml_cb,types,1,
                                          [{file,"docgen_edoc_xml_cb.erl"},
                                           {line,851}]},
                                         {docgen_edoc_xml_cb,layout_module,2,
                                          [{file,[...]},{line,...}]}]}}.
edoc: error in doclet 'edoc_doclet': {'EXIT',error}.
Error generating sourdough XMLs. Using fallback ...
Creating index.html ...
Creating erldocs_index.js ...
Woot, finished in 0 Minutes 3 Seconds
 :: Discovering other repos
$ 5000  `rm -r '/home/pete/wefwefwef/docs/other/5136410126/sourdough-branch-misfit_fsm'  2>&1`
 :: Erldocs finishing up
$ 5000  `rm -r '/home/pete/wefwefwef/docs/other/5136410126/sourdough'  2>&1`
