 :: Extracting meta information
$ 5000  `git ls-remote --heads --tags 'https://github.com/erlang-communitivity/hermes'  2>&1`
>>> [repo] 1 branches, 0 tags
 :: Writing meta to "/home/pete/wefwefwef/docs/other/2722324873/meta.txt"
 :: Processing https://github.com/erlang-communitivity/hermes	{rev,branch,"master","cab2f1b074e5216f47dcf7c4241f0657494c49a6"}
 :: Fetching repo code
$ cd "/home/pete/wefwefwef/docs/other/2722324873/hermes-branch-master/hermes"
$ infinity  `curl --fail --silent --show-error --location --output 'master.zip' 'https://github.com/erlang-communitivity/hermes/archive/master.zip'  2>&1`
$ cd "/home/pete/wefwefwef/docs/erldocs_other.git"
$ cd "/home/pete/wefwefwef/docs/other/2722324873/hermes-branch-master/hermes"
$ 5000  `find -P . -type l -delete  2>&1`
$ cd "/home/pete/wefwefwef/docs/erldocs_other.git"
$ cd "/home/pete/wefwefwef/docs/other/2722324873/hermes-branch-master/hermes"
$ 5000  `find 'hermes-master' -mindepth 1 -maxdepth 1 -exec mv -t . -- {} +  2>&1`
$ cd "/home/pete/wefwefwef/docs/erldocs_other.git"
 :: Getting dependencies
$ cd "/home/pete/wefwefwef/docs/other/2722324873/hermes-branch-master/hermes"
$ infinity  `rebar --config '/home/pete/wefwefwef/docs/other/2722324873/hermes-branch-master/rebar_deps' get-deps  2>&1`
$ cd "/home/pete/wefwefwef/docs/erldocs_other.git"
$ cd "/home/pete/wefwefwef/docs/other/2722324873/hermes-branch-master/hermes"
$ 5000  `find -P . -type l -delete  2>&1`
$ cd "/home/pete/wefwefwef/docs/erldocs_other.git"
$ cd "/home/pete/wefwefwef/docs/other/2722324873/hermes-branch-master/hermes"
$ 5000  `ls -1 deps/  2>&1`
$ cd "/home/pete/wefwefwef/docs/erldocs_other.git"
>>> [rebar] deps = ["gen_smtp_client","riak_kv"]
 :: Generating erldocs into /home/pete/wefwefwef/docs/other/2722324873/repo/master
Building smtp_server
Generating Type Specs - "/home/pete/wefwefwef/docs/other/2722324873/hermes-branch-master/hermes/apps/smtp_server/src/conn_fsm_controller.erl"
Generating Type Specs - "/home/pete/wefwefwef/docs/other/2722324873/hermes-branch-master/hermes/apps/smtp_server/src/gen_fsm2.erl"
Generating Type Specs - "/home/pete/wefwefwef/docs/other/2722324873/hermes-branch-master/hermes/apps/smtp_server/src/gen_nb_fsm_server.erl"
Generating Type Specs - "/home/pete/wefwefwef/docs/other/2722324873/hermes-branch-master/hermes/apps/smtp_server/src/gen_nb_server.erl"
Generating Type Specs - "/home/pete/wefwefwef/docs/other/2722324873/hermes-branch-master/hermes/apps/smtp_server/src/smtp_connection_fsm.erl"
Generating Type Specs - "/home/pete/wefwefwef/docs/other/2722324873/hermes-branch-master/hermes/apps/smtp_server/src/smtp_server_app.erl"
Generating Type Specs - "/home/pete/wefwefwef/docs/other/2722324873/hermes-branch-master/hermes/apps/smtp_server/src/smtp_server_sup.erl"
Generating Type Specs - "/home/pete/wefwefwef/docs/other/2722324873/hermes-branch-master/hermes/apps/smtp_server/src/tcp_connection.erl"
Generating XML for application smtp_server "/home/pete/wefwefwef/docs/other/2722324873/hermes-branch-master/hermes/apps/smtp_server" -> "/home/pete/wefwefwef/docs/other/2722324873/repo/master/.xml/smtp_server"
/home/pete/wefwefwef/docs/other/2722324873/hermes-branch-master/hermes/apps/smtp_server/src/gen_nb_fsm_server.erl, function start_link/2: at line 34: @spec arity does not match.
edoc: skipping source file '/home/pete/wefwefwef/docs/other/2722324873/hermes-branch-master/hermes/apps/smtp_server/src/gen_nb_fsm_server.erl': {'EXIT',
                                                                                                                                           error}.
/home/pete/wefwefwef/docs/other/2722324873/hermes-branch-master/hermes/apps/smtp_server/src/tcp_connection.erl, function start_link/1: at line 40: @spec arity does not match.
edoc: skipping source file '/home/pete/wefwefwef/docs/other/2722324873/hermes-branch-master/hermes/apps/smtp_server/src/tcp_connection.erl': {'EXIT',
                                                                                                                                        error}.
/home/pete/wefwefwef/docs/other/2722324873/hermes-branch-master/hermes/apps/smtp_server/src/smtp_connection_fsm.erl, function start_link/1: at line 56: @spec arity does not match.
edoc: skipping source file '/home/pete/wefwefwef/docs/other/2722324873/hermes-branch-master/hermes/apps/smtp_server/src/smtp_connection_fsm.erl': {'EXIT',
                                                                                                                                             error}.
/home/pete/wefwefwef/docs/other/2722324873/hermes-branch-master/hermes/apps/smtp_server/src/conn_fsm_controller.erl, function start_link/1: at line 26: @spec arity does not match.
edoc: skipping source file '/home/pete/wefwefwef/docs/other/2722324873/hermes-branch-master/hermes/apps/smtp_server/src/conn_fsm_controller.erl': {'EXIT',
                                                                                                                                             error}.
edoc: error in doclet 'edoc_doclet': {'EXIT',error}.
Error generating smtp_server XMLs. Using fallback ...
Generating XML smtp_server - conn_fsm_controller "/home/pete/wefwefwef/docs/other/2722324873/hermes-branch-master/hermes/apps/smtp_server/src/conn_fsm_controller.erl" -> "/home/pete/wefwefwef/docs/other/2722324873/repo/master/.xml/smtp_server/conn_fsm_controller.xml"
/home/pete/wefwefwef/docs/other/2722324873/hermes-branch-master/hermes/apps/smtp_server/src/conn_fsm_controller.erl, function start_link/1: at line 26: @spec arity does not match.
Error generating XML ("/home/pete/wefwefwef/docs/other/2722324873/hermes-branch-master/hermes/apps/smtp_server/src/conn_fsm_controller.erl"): {'EXIT',
                                                                                                                                               error}
Generating XML smtp_server - gen_fsm2 "/home/pete/wefwefwef/docs/other/2722324873/hermes-branch-master/hermes/apps/smtp_server/src/gen_fsm2.erl" -> "/home/pete/wefwefwef/docs/other/2722324873/repo/master/.xml/smtp_server/gen_fsm2.xml"
Generating XML smtp_server - gen_nb_fsm_server "/home/pete/wefwefwef/docs/other/2722324873/hermes-branch-master/hermes/apps/smtp_server/src/gen_nb_fsm_server.erl" -> "/home/pete/wefwefwef/docs/other/2722324873/repo/master/.xml/smtp_server/gen_nb_fsm_server.xml"
/home/pete/wefwefwef/docs/other/2722324873/hermes-branch-master/hermes/apps/smtp_server/src/gen_nb_fsm_server.erl, function start_link/2: at line 34: @spec arity does not match.
Error generating XML ("/home/pete/wefwefwef/docs/other/2722324873/hermes-branch-master/hermes/apps/smtp_server/src/gen_nb_fsm_server.erl"): {'EXIT',
                                                                                                                                             error}
Generating XML smtp_server - gen_nb_server "/home/pete/wefwefwef/docs/other/2722324873/hermes-branch-master/hermes/apps/smtp_server/src/gen_nb_server.erl" -> "/home/pete/wefwefwef/docs/other/2722324873/repo/master/.xml/smtp_server/gen_nb_server.xml"
Generating XML smtp_server - smtp_connection_fsm "/home/pete/wefwefwef/docs/other/2722324873/hermes-branch-master/hermes/apps/smtp_server/src/smtp_connection_fsm.erl" -> "/home/pete/wefwefwef/docs/other/2722324873/repo/master/.xml/smtp_server/smtp_connection_fsm.xml"
/home/pete/wefwefwef/docs/other/2722324873/hermes-branch-master/hermes/apps/smtp_server/src/smtp_connection_fsm.erl, function start_link/1: at line 56: @spec arity does not match.
Error generating XML ("/home/pete/wefwefwef/docs/other/2722324873/hermes-branch-master/hermes/apps/smtp_server/src/smtp_connection_fsm.erl"): {'EXIT',
                                                                                                                                               error}
Generating XML smtp_server - smtp_server_app "/home/pete/wefwefwef/docs/other/2722324873/hermes-branch-master/hermes/apps/smtp_server/src/smtp_server_app.erl" -> "/home/pete/wefwefwef/docs/other/2722324873/repo/master/.xml/smtp_server/smtp_server_app.xml"
Generating XML smtp_server - smtp_server_sup "/home/pete/wefwefwef/docs/other/2722324873/hermes-branch-master/hermes/apps/smtp_server/src/smtp_server_sup.erl" -> "/home/pete/wefwefwef/docs/other/2722324873/repo/master/.xml/smtp_server/smtp_server_sup.xml"
Generating XML smtp_server - tcp_connection "/home/pete/wefwefwef/docs/other/2722324873/hermes-branch-master/hermes/apps/smtp_server/src/tcp_connection.erl" -> "/home/pete/wefwefwef/docs/other/2722324873/repo/master/.xml/smtp_server/tcp_connection.xml"
/home/pete/wefwefwef/docs/other/2722324873/hermes-branch-master/hermes/apps/smtp_server/src/tcp_connection.erl, function start_link/1: at line 40: @spec arity does not match.
Error generating XML ("/home/pete/wefwefwef/docs/other/2722324873/hermes-branch-master/hermes/apps/smtp_server/src/tcp_connection.erl"): {'EXIT',
                                                                                                                                          error}
Generating HTML - smtp_server_sup "/home/pete/wefwefwef/docs/other/2722324873/repo/master/.xml/smtp_server/smtp_server_sup.xml"
Generating HTML - smtp_server_app "/home/pete/wefwefwef/docs/other/2722324873/repo/master/.xml/smtp_server/smtp_server_app.xml"
Generating HTML - gen_nb_server "/home/pete/wefwefwef/docs/other/2722324873/repo/master/.xml/smtp_server/gen_nb_server.xml"
Generating HTML - gen_fsm2 "/home/pete/wefwefwef/docs/other/2722324873/repo/master/.xml/smtp_server/gen_fsm2.xml"
Reading XML for "/home/pete/wefwefwef/docs/other/2722324873/repo/master/.xml/smtp_server/smtp_server_sup.xml"
Reading XML for "/home/pete/wefwefwef/docs/other/2722324873/repo/master/.xml/smtp_server/smtp_server_app.xml"
Reading XML for "/home/pete/wefwefwef/docs/other/2722324873/repo/master/.xml/smtp_server/gen_nb_server.xml"
Reading XML for "/home/pete/wefwefwef/docs/other/2722324873/repo/master/.xml/smtp_server/gen_fsm2.xml"
Reading XML for "/home/pete/wefwefwef/docs/other/2722324873/repo/master/.xml/specs_smtp_server_sup.xml"
Reading XML for "/home/pete/wefwefwef/docs/other/2722324873/repo/master/.xml/specs_smtp_server_app.xml"
Reading XML for "/home/pete/wefwefwef/docs/other/2722324873/repo/master/.xml/specs_gen_nb_server.xml"
Reading XML for "/home/pete/wefwefwef/docs/other/2722324873/repo/master/.xml/specs_gen_fsm2.xml"
Building hermes_core
Generating Type Specs - "/home/pete/wefwefwef/docs/other/2722324873/hermes-branch-master/hermes/apps/hermes_core/src/c2.erl"
/home/pete/wefwefwef/docs/other/2722324873/hermes-branch-master/hermes/apps/hermes_core/src/c2.erl: at line 7: can't find include file "couch_db.hrl"
EDoc could not process file '/home/pete/wefwefwef/docs/other/2722324873/hermes-branch-master/hermes/apps/hermes_core/src/c2.erl'
Error generating type specs for "/home/pete/wefwefwef/docs/other/2722324873/hermes-branch-master/hermes/apps/hermes_core/src/c2.erl"
Generating Type Specs - "/home/pete/wefwefwef/docs/other/2722324873/hermes-branch-master/hermes/apps/hermes_core/src/generic_tcp_server.erl"
Generating Type Specs - "/home/pete/wefwefwef/docs/other/2722324873/hermes-branch-master/hermes/apps/hermes_core/src/hermes_core_app.erl"
Generating Type Specs - "/home/pete/wefwefwef/docs/other/2722324873/hermes-branch-master/hermes/apps/hermes_core/src/hermes_core_sup.erl"
Generating Type Specs - "/home/pete/wefwefwef/docs/other/2722324873/hermes-branch-master/hermes/apps/hermes_core/src/rfc2822.erl"
Generating Type Specs - "/home/pete/wefwefwef/docs/other/2722324873/hermes-branch-master/hermes/apps/hermes_core/src/smtp_util.erl"
Generating XML for application hermes_core "/home/pete/wefwefwef/docs/other/2722324873/hermes-branch-master/hermes/apps/hermes_core" -> "/home/pete/wefwefwef/docs/other/2722324873/repo/master/.xml/hermes_core"
/home/pete/wefwefwef/docs/other/2722324873/hermes-branch-master/hermes/apps/hermes_core/src/c2.erl: at line 7: can't find include file "couch_db.hrl"
edoc: skipping source file '/home/pete/wefwefwef/docs/other/2722324873/hermes-branch-master/hermes/apps/hermes_core/src/c2.erl': {'EXIT',
                                                                                                                            error}.
edoc: error in doclet 'edoc_doclet': {'EXIT',error}.
Error generating hermes_core XMLs. Using fallback ...
Generating XML hermes_core - c2 "/home/pete/wefwefwef/docs/other/2722324873/hermes-branch-master/hermes/apps/hermes_core/src/c2.erl" -> "/home/pete/wefwefwef/docs/other/2722324873/repo/master/.xml/hermes_core/c2.xml"
/home/pete/wefwefwef/docs/other/2722324873/hermes-branch-master/hermes/apps/hermes_core/src/c2.erl: at line 7: can't find include file "couch_db.hrl"
Error generating XML ("/home/pete/wefwefwef/docs/other/2722324873/hermes-branch-master/hermes/apps/hermes_core/src/c2.erl"): {'EXIT',
                                                                                                                              error}
Generating XML hermes_core - generic_tcp_server "/home/pete/wefwefwef/docs/other/2722324873/hermes-branch-master/hermes/apps/hermes_core/src/generic_tcp_server.erl" -> "/home/pete/wefwefwef/docs/other/2722324873/repo/master/.xml/hermes_core/generic_tcp_server.xml"
Generating XML hermes_core - hermes_core_app "/home/pete/wefwefwef/docs/other/2722324873/hermes-branch-master/hermes/apps/hermes_core/src/hermes_core_app.erl" -> "/home/pete/wefwefwef/docs/other/2722324873/repo/master/.xml/hermes_core/hermes_core_app.xml"
Generating XML hermes_core - hermes_core_sup "/home/pete/wefwefwef/docs/other/2722324873/hermes-branch-master/hermes/apps/hermes_core/src/hermes_core_sup.erl" -> "/home/pete/wefwefwef/docs/other/2722324873/repo/master/.xml/hermes_core/hermes_core_sup.xml"
Generating XML hermes_core - rfc2822 "/home/pete/wefwefwef/docs/other/2722324873/hermes-branch-master/hermes/apps/hermes_core/src/rfc2822.erl" -> "/home/pete/wefwefwef/docs/other/2722324873/repo/master/.xml/hermes_core/rfc2822.xml"
Generating XML hermes_core - smtp_util "/home/pete/wefwefwef/docs/other/2722324873/hermes-branch-master/hermes/apps/hermes_core/src/smtp_util.erl" -> "/home/pete/wefwefwef/docs/other/2722324873/repo/master/.xml/hermes_core/smtp_util.xml"
Generating HTML - smtp_util "/home/pete/wefwefwef/docs/other/2722324873/repo/master/.xml/hermes_core/smtp_util.xml"
Generating HTML - rfc2822 "/home/pete/wefwefwef/docs/other/2722324873/repo/master/.xml/hermes_core/rfc2822.xml"
Generating HTML - hermes_core_sup "/home/pete/wefwefwef/docs/other/2722324873/repo/master/.xml/hermes_core/hermes_core_sup.xml"
Generating HTML - generic_tcp_server "/home/pete/wefwefwef/docs/other/2722324873/repo/master/.xml/hermes_core/generic_tcp_server.xml"
Reading XML for "/home/pete/wefwefwef/docs/other/2722324873/repo/master/.xml/hermes_core/smtp_util.xml"
Reading XML for "/home/pete/wefwefwef/docs/other/2722324873/repo/master/.xml/hermes_core/rfc2822.xml"
Reading XML for "/home/pete/wefwefwef/docs/other/2722324873/repo/master/.xml/hermes_core/hermes_core_sup.xml"
Reading XML for "/home/pete/wefwefwef/docs/other/2722324873/repo/master/.xml/hermes_core/generic_tcp_server.xml"
Reading XML for "/home/pete/wefwefwef/docs/other/2722324873/repo/master/.xml/specs_smtp_util.xml"
Reading XML for "/home/pete/wefwefwef/docs/other/2722324873/repo/master/.xml/specs_rfc2822.xml"
Reading XML for "/home/pete/wefwefwef/docs/other/2722324873/repo/master/.xml/specs_hermes_core_sup.xml"
Reading XML for "/home/pete/wefwefwef/docs/other/2722324873/repo/master/.xml/specs_generic_tcp_server.xml"
Generating HTML - hermes_core_app "/home/pete/wefwefwef/docs/other/2722324873/repo/master/.xml/hermes_core/hermes_core_app.xml"
Reading XML for "/home/pete/wefwefwef/docs/other/2722324873/repo/master/.xml/hermes_core/hermes_core_app.xml"
Reading XML for "/home/pete/wefwefwef/docs/other/2722324873/repo/master/.xml/specs_hermes_core_app.xml"
Building hermes
Generating Type Specs - "/home/pete/wefwefwef/docs/other/2722324873/hermes-branch-master/hermes/apps/hermes/src/hermes_app.erl"
Generating Type Specs - "/home/pete/wefwefwef/docs/other/2722324873/hermes-branch-master/hermes/apps/hermes/src/hermes_sup.erl"
Generating XML for application hermes "/home/pete/wefwefwef/docs/other/2722324873/hermes-branch-master/hermes/apps/hermes" -> "/home/pete/wefwefwef/docs/other/2722324873/repo/master/.xml/hermes"
Generated hermes XMLs: ["/home/pete/wefwefwef/docs/other/2722324873/repo/master/.xml/hermes/hermes_sup.xml",
                        "/home/pete/wefwefwef/docs/other/2722324873/repo/master/.xml/hermes/hermes_app.xml"]
Generating HTML - hermes_app "/home/pete/wefwefwef/docs/other/2722324873/repo/master/.xml/hermes/hermes_app.xml"
Reading XML for "/home/pete/wefwefwef/docs/other/2722324873/repo/master/.xml/hermes/hermes_app.xml"
Reading XML for "/home/pete/wefwefwef/docs/other/2722324873/repo/master/.xml/specs_hermes_app.xml"
Generating HTML - hermes_sup "/home/pete/wefwefwef/docs/other/2722324873/repo/master/.xml/hermes/hermes_sup.xml"
Reading XML for "/home/pete/wefwefwef/docs/other/2722324873/repo/master/.xml/hermes/hermes_sup.xml"
Reading XML for "/home/pete/wefwefwef/docs/other/2722324873/repo/master/.xml/specs_hermes_sup.xml"
Building hermes
Generating XML for application hermes "/home/pete/wefwefwef/docs/other/2722324873/hermes-branch-master/hermes" -> "/home/pete/wefwefwef/docs/other/2722324873/repo/master/.xml/hermes"
/home/pete/wefwefwef/docs/other/2722324873/hermes-branch-master/hermes/apps/smtp_server/src/gen_nb_fsm_server.erl, function start_link/2: at line 34: @spec arity does not match.
edoc: skipping source file '/home/pete/wefwefwef/docs/other/2722324873/hermes-branch-master/hermes/apps/smtp_server/src/gen_nb_fsm_server.erl': {'EXIT',
                                                                                                                                           error}.
/home/pete/wefwefwef/docs/other/2722324873/hermes-branch-master/hermes/apps/smtp_server/src/tcp_connection.erl, function start_link/1: at line 40: @spec arity does not match.
edoc: skipping source file '/home/pete/wefwefwef/docs/other/2722324873/hermes-branch-master/hermes/apps/smtp_server/src/tcp_connection.erl': {'EXIT',
                                                                                                                                        error}.
/home/pete/wefwefwef/docs/other/2722324873/hermes-branch-master/hermes/apps/smtp_server/src/smtp_connection_fsm.erl, function start_link/1: at line 56: @spec arity does not match.
edoc: skipping source file '/home/pete/wefwefwef/docs/other/2722324873/hermes-branch-master/hermes/apps/smtp_server/src/smtp_connection_fsm.erl': {'EXIT',
                                                                                                                                             error}.
/home/pete/wefwefwef/docs/other/2722324873/hermes-branch-master/hermes/apps/smtp_server/src/conn_fsm_controller.erl, function start_link/1: at line 26: @spec arity does not match.
edoc: skipping source file '/home/pete/wefwefwef/docs/other/2722324873/hermes-branch-master/hermes/apps/smtp_server/src/conn_fsm_controller.erl': {'EXIT',
                                                                                                                                             error}.
/home/pete/wefwefwef/docs/other/2722324873/hermes-branch-master/hermes/apps/hermes_core/src/c2.erl: at line 7: can't find include file "couch_db.hrl"
edoc: skipping source file '/home/pete/wefwefwef/docs/other/2722324873/hermes-branch-master/hermes/apps/hermes_core/src/c2.erl': {'EXIT',
                                                                                                                            error}.
/home/pete/wefwefwef/docs/other/2722324873/hermes-branch-master/hermes/deps/riak_kv/src/riak_kv_put_fsm.erl: at line 1: can't find include lib "riak_core/include/riak_core_vnode.hrl"
edoc: skipping source file '/home/pete/wefwefwef/docs/other/2722324873/hermes-branch-master/hermes/deps/riak_kv/src/riak_kv_put_fsm.erl': {'EXIT',
                                                                                                                                     error}.
/home/pete/wefwefwef/docs/other/2722324873/hermes-branch-master/hermes/deps/riak_kv/src/riak_kv_buckets_fsm.erl: at line 1: can't find include lib "riak_core/include/riak_core_vnode.hrl"
edoc: skipping source file '/home/pete/wefwefwef/docs/other/2722324873/hermes-branch-master/hermes/deps/riak_kv/src/riak_kv_buckets_fsm.erl': {'EXIT',
                                                                                                                                         error}.
/home/pete/wefwefwef/docs/other/2722324873/hermes-branch-master/hermes/deps/riak_kv/src/riak_kv_wm_keylist.erl: at line 64: can't find include lib "webmachine/include/webmachine.hrl"
edoc: skipping source file '/home/pete/wefwefwef/docs/other/2722324873/hermes-branch-master/hermes/deps/riak_kv/src/riak_kv_wm_keylist.erl': {'EXIT',
                                                                                                                                        error}.
/home/pete/wefwefwef/docs/other/2722324873/hermes-branch-master/hermes/deps/riak_kv/src/riak_kv_multi_backend.erl, in module footer: at line 455: tag @private not allowed here.
/home/pete/wefwefwef/docs/other/2722324873/hermes-branch-master/hermes/deps/riak_kv/src/riak_kv_multi_backend.erl, in module footer: at line 531: multiple @private tag.
edoc: skipping source file '/home/pete/wefwefwef/docs/other/2722324873/hermes-branch-master/hermes/deps/riak_kv/src/riak_kv_multi_backend.erl': {'EXIT',
                                                                                                                                           error}.
/home/pete/wefwefwef/docs/other/2722324873/hermes-branch-master/hermes/deps/riak_kv/src/riak_kv_stat.erl, function update1/3: at line 437: @spec name does not match.
edoc: skipping source file '/home/pete/wefwefwef/docs/other/2722324873/hermes-branch-master/hermes/deps/riak_kv/src/riak_kv_stat.erl': {'EXIT',
                                                                                                                                  error}.
/home/pete/wefwefwef/docs/other/2722324873/hermes-branch-master/hermes/deps/riak_kv/src/riak_kv_mrc_map.erl: at line 61: can't find include lib "riak_pipe/include/riak_pipe.hrl"
edoc: skipping source file '/home/pete/wefwefwef/docs/other/2722324873/hermes-branch-master/hermes/deps/riak_kv/src/riak_kv_mrc_map.erl': {'EXIT',
                                                                                                                                     error}.
/home/pete/wefwefwef/docs/other/2722324873/hermes-branch-master/hermes/deps/riak_kv/src/riak_kv_memory_backend.erl, in module footer: at line 460: tag @private not allowed here.
edoc: skipping source file '/home/pete/wefwefwef/docs/other/2722324873/hermes-branch-master/hermes/deps/riak_kv/src/riak_kv_memory_backend.erl': {'EXIT',
                                                                                                                                            error}.
/home/pete/wefwefwef/docs/other/2722324873/hermes-branch-master/hermes/deps/riak_kv/src/riak_kv_wm_object.erl: at line 148: can't find include lib "webmachine/include/webmachine.hrl"
edoc: skipping source file '/home/pete/wefwefwef/docs/other/2722324873/hermes-branch-master/hermes/deps/riak_kv/src/riak_kv_wm_object.erl': {'EXIT',
                                                                                                                                       error}.
/home/pete/wefwefwef/docs/other/2722324873/hermes-branch-master/hermes/deps/riak_kv/src/riak_kv_mrc_pipe.erl: at line 130: can't find include lib "riak_pipe/include/riak_pipe.hrl"
edoc: skipping source file '/home/pete/wefwefwef/docs/other/2722324873/hermes-branch-master/hermes/deps/riak_kv/src/riak_kv_mrc_pipe.erl': {'EXIT',
                                                                                                                                      error}.
/home/pete/wefwefwef/docs/other/2722324873/hermes-branch-master/hermes/deps/riak_kv/src/riak_kv_pipe_listkeys.erl: at line 48: can't find include lib "riak_pipe/include/riak_pipe.hrl"
edoc: skipping source file '/home/pete/wefwefwef/docs/other/2722324873/hermes-branch-master/hermes/deps/riak_kv/src/riak_kv_pipe_listkeys.erl': {'EXIT',
                                                                                                                                           error}.
/home/pete/wefwefwef/docs/other/2722324873/hermes-branch-master/hermes/deps/riak_kv/src/riak_kv_w_reduce.erl: at line 111: can't find include lib "riak_pipe/include/riak_pipe.hrl"
edoc: skipping source file '/home/pete/wefwefwef/docs/other/2722324873/hermes-branch-master/hermes/deps/riak_kv/src/riak_kv_w_reduce.erl': {'EXIT',
                                                                                                                                      error}.
/home/pete/wefwefwef/docs/other/2722324873/hermes-branch-master/hermes/deps/riak_kv/src/riak_kv_wm_link_walker.erl: at line 136: can't find include lib "webmachine/include/webmachine.hrl"
edoc: skipping source file '/home/pete/wefwefwef/docs/other/2722324873/hermes-branch-master/hermes/deps/riak_kv/src/riak_kv_wm_link_walker.erl': {'EXIT',
                                                                                                                                            error}.
/home/pete/wefwefwef/docs/other/2722324873/hermes-branch-master/hermes/deps/riak_kv/src/riak_kv_keys_fsm_legacy.erl: at line 1: can't find include lib "riak_core/include/riak_core_vnode.hrl"
edoc: skipping source file '/home/pete/wefwefwef/docs/other/2722324873/hermes-branch-master/hermes/deps/riak_kv/src/riak_kv_keys_fsm_legacy.erl': {'EXIT',
                                                                                                                                             error}.
/home/pete/wefwefwef/docs/other/2722324873/hermes-branch-master/hermes/deps/riak_kv/src/riak_kv_vnode.erl: at line 1: can't find include lib "riak_core/include/riak_core_vnode.hrl"
edoc: skipping source file '/home/pete/wefwefwef/docs/other/2722324873/hermes-branch-master/hermes/deps/riak_kv/src/riak_kv_vnode.erl': {'EXIT',
                                                                                                                                   error}.
/home/pete/wefwefwef/docs/other/2722324873/hermes-branch-master/hermes/deps/riak_kv/src/riak_kv_wm_stats.erl: at line 36: can't find include lib "webmachine/include/webmachine.hrl"
edoc: skipping source file '/home/pete/wefwefwef/docs/other/2722324873/hermes-branch-master/hermes/deps/riak_kv/src/riak_kv_wm_stats.erl': {'EXIT',
                                                                                                                                      error}.
/home/pete/wefwefwef/docs/other/2722324873/hermes-branch-master/hermes/deps/riak_kv/src/riak_kv_wm_index.erl: at line 50: can't find include lib "webmachine/include/webmachine.hrl"
edoc: skipping source file '/home/pete/wefwefwef/docs/other/2722324873/hermes-branch-master/hermes/deps/riak_kv/src/riak_kv_wm_index.erl': {'EXIT',
                                                                                                                                      error}.
/home/pete/wefwefwef/docs/other/2722324873/hermes-branch-master/hermes/deps/riak_kv/src/riak_kv_pipe_index.erl: at line 1: can't find include lib "riak_core/include/riak_core_vnode.hrl"
edoc: skipping source file '/home/pete/wefwefwef/docs/other/2722324873/hermes-branch-master/hermes/deps/riak_kv/src/riak_kv_pipe_index.erl': {'EXIT',
                                                                                                                                        error}.
/home/pete/wefwefwef/docs/other/2722324873/hermes-branch-master/hermes/deps/riak_kv/src/riak_kv_delete.erl, function delete/8: at line 49: @spec arity does not match.
edoc: skipping source file '/home/pete/wefwefwef/docs/other/2722324873/hermes-branch-master/hermes/deps/riak_kv/src/riak_kv_delete.erl': {'EXIT',
                                                                                                                                    error}.
/home/pete/wefwefwef/docs/other/2722324873/hermes-branch-master/hermes/deps/riak_kv/src/riak_kv_wm_buckets.erl: at line 52: can't find include lib "webmachine/include/webmachine.hrl"
edoc: skipping source file '/home/pete/wefwefwef/docs/other/2722324873/hermes-branch-master/hermes/deps/riak_kv/src/riak_kv_wm_buckets.erl': {'EXIT',
                                                                                                                                        error}.
/home/pete/wefwefwef/docs/other/2722324873/hermes-branch-master/hermes/deps/riak_kv/src/riak_client.erl, function put/2: at line 283: unknown error parsing specification: {283,edoc_parser,
                                      ["syntax error before: ","'::'"]}.
edoc: skipping source file '/home/pete/wefwefwef/docs/other/2722324873/hermes-branch-master/hermes/deps/riak_kv/src/riak_client.erl': {'EXIT',
                                                                                                                                 error}.
/home/pete/wefwefwef/docs/other/2722324873/hermes-branch-master/hermes/deps/riak_kv/src/riak_kv_get_fsm.erl: at line 1: can't find include lib "riak_core/include/riak_core_vnode.hrl"
edoc: skipping source file '/home/pete/wefwefwef/docs/other/2722324873/hermes-branch-master/hermes/deps/riak_kv/src/riak_kv_get_fsm.erl': {'EXIT',
                                                                                                                                     error}.
/home/pete/wefwefwef/docs/other/2722324873/hermes-branch-master/hermes/deps/riak_kv/src/riak_kv_wm_ping.erl: at line 34: can't find include lib "webmachine/include/webmachine.hrl"
edoc: skipping source file '/home/pete/wefwefwef/docs/other/2722324873/hermes-branch-master/hermes/deps/riak_kv/src/riak_kv_wm_ping.erl': {'EXIT',
                                                                                                                                     error}.
/home/pete/wefwefwef/docs/other/2722324873/hermes-branch-master/hermes/deps/riak_kv/src/riak_kv_pipe_get.erl: at line 1: can't find include lib "riak_core/include/riak_core_vnode.hrl"
edoc: skipping source file '/home/pete/wefwefwef/docs/other/2722324873/hermes-branch-master/hermes/deps/riak_kv/src/riak_kv_pipe_get.erl': {'EXIT',
                                                                                                                                      error}.
/home/pete/wefwefwef/docs/other/2722324873/hermes-branch-master/hermes/deps/riak_kv/src/riak_kv_status.erl: at line 1: can't find include lib "riak_core/include/riak_core_vnode.hrl"
edoc: skipping source file '/home/pete/wefwefwef/docs/other/2722324873/hermes-branch-master/hermes/deps/riak_kv/src/riak_kv_status.erl': {'EXIT',
                                                                                                                                    error}.
/home/pete/wefwefwef/docs/other/2722324873/hermes-branch-master/hermes/deps/riak_kv/src/riak_index.erl, function mapred_index/2: at line 45: unknown error parsing type definition: {45,edoc_parser,
                                        ["syntax error before: ","'::'"]}.
edoc: skipping source file '/home/pete/wefwefwef/docs/other/2722324873/hermes-branch-master/hermes/deps/riak_kv/src/riak_index.erl': {'EXIT',
                                                                                                                                error}.
/home/pete/wefwefwef/docs/other/2722324873/hermes-branch-master/hermes/deps/riak_kv/src/riak_kv_bitcask_backend.erl: at line 53: can't find include lib "bitcask/include/bitcask.hrl"
edoc: skipping source file '/home/pete/wefwefwef/docs/other/2722324873/hermes-branch-master/hermes/deps/riak_kv/src/riak_kv_bitcask_backend.erl': {'EXIT',
                                                                                                                                             error}.
/home/pete/wefwefwef/docs/other/2722324873/hermes-branch-master/hermes/deps/riak_kv/src/riak_kv_keys_fsm.erl: at line 1: can't find include lib "riak_core/include/riak_core_vnode.hrl"
edoc: skipping source file '/home/pete/wefwefwef/docs/other/2722324873/hermes-branch-master/hermes/deps/riak_kv/src/riak_kv_keys_fsm.erl': {'EXIT',
                                                                                                                                      error}.
/home/pete/wefwefwef/docs/other/2722324873/hermes-branch-master/hermes/deps/riak_kv/src/riak_kv_wm_mapred.erl: at line 31: can't find include lib "webmachine/include/webmachine.hrl"
edoc: skipping source file '/home/pete/wefwefwef/docs/other/2722324873/hermes-branch-master/hermes/deps/riak_kv/src/riak_kv_wm_mapred.erl': {'EXIT',
                                                                                                                                       error}.
/home/pete/wefwefwef/docs/other/2722324873/hermes-branch-master/hermes/deps/riak_kv/src/riak_kv_legacy_vnode.erl: at line 1: can't find include lib "riak_core/include/riak_core_vnode.hrl"
edoc: skipping source file '/home/pete/wefwefwef/docs/other/2722324873/hermes-branch-master/hermes/deps/riak_kv/src/riak_kv_legacy_vnode.erl': {'EXIT',
                                                                                                                                          error}.
/home/pete/wefwefwef/docs/other/2722324873/hermes-branch-master/hermes/deps/riak_kv/src/riak_kv_worker.erl: at line 1: can't find include lib "riak_core/include/riak_core_vnode.hrl"
edoc: skipping source file '/home/pete/wefwefwef/docs/other/2722324873/hermes-branch-master/hermes/deps/riak_kv/src/riak_kv_worker.erl': {'EXIT',
                                                                                                                                    error}.
/home/pete/wefwefwef/docs/other/2722324873/hermes-branch-master/hermes/deps/riak_kv/src/riak_kv_pb_socket.erl: at line 29: can't find include lib "riakc/include/riakclient_pb.hrl"
edoc: skipping source file '/home/pete/wefwefwef/docs/other/2722324873/hermes-branch-master/hermes/deps/riak_kv/src/riak_kv_pb_socket.erl': {'EXIT',
                                                                                                                                       error}.
/home/pete/wefwefwef/docs/other/2722324873/hermes-branch-master/hermes/deps/riak_kv/src/riak_kv_wm_utils.erl: at line 41: can't find include lib "webmachine/include/webmachine.hrl"
edoc: skipping source file '/home/pete/wefwefwef/docs/other/2722324873/hermes-branch-master/hermes/deps/riak_kv/src/riak_kv_wm_utils.erl': {'EXIT',
                                                                                                                                      error}.
/home/pete/wefwefwef/docs/other/2722324873/hermes-branch-master/hermes/deps/riak_kv/src/riak_kv_index_fsm.erl: at line 1: can't find include lib "riak_core/include/riak_core_vnode.hrl"
edoc: skipping source file '/home/pete/wefwefwef/docs/other/2722324873/hermes-branch-master/hermes/deps/riak_kv/src/riak_kv_index_fsm.erl': {'EXIT',
                                                                                                                                       error}.
/home/pete/wefwefwef/docs/other/2722324873/hermes-branch-master/hermes/deps/riak_kv/src/riak_kv_wm_props.erl: at line 73: can't find include lib "webmachine/include/webmachine.hrl"
edoc: skipping source file '/home/pete/wefwefwef/docs/other/2722324873/hermes-branch-master/hermes/deps/riak_kv/src/riak_kv_wm_props.erl': {'EXIT',
                                                                                                                                      error}.
/home/pete/wefwefwef/docs/other/2722324873/hermes-branch-master/hermes/deps/riak_kv/src/riak_kv_util.erl: at line 1: can't find include lib "riak_core/include/riak_core_vnode.hrl"
edoc: skipping source file '/home/pete/wefwefwef/docs/other/2722324873/hermes-branch-master/hermes/deps/riak_kv/src/riak_kv_util.erl': {'EXIT',
                                                                                                                                  error}.
/home/pete/wefwefwef/docs/other/2722324873/hermes-branch-master/hermes/deps/riak_kv/test/fsm_eqc_vnode.erl: at line 1: can't find include lib "riak_core/include/riak_core_vnode.hrl"
edoc: skipping source file '/home/pete/wefwefwef/docs/other/2722324873/hermes-branch-master/hermes/deps/riak_kv/test/fsm_eqc_vnode.erl': {'EXIT',
                                                                                                                                    error}.
/home/pete/wefwefwef/docs/other/2722324873/hermes-branch-master/hermes/deps/riak_kv/test/backend_eqc.erl, in module footer: at line 212: tag @private not allowed here.
/home/pete/wefwefwef/docs/other/2722324873/hermes-branch-master/hermes/deps/riak_kv/test/backend_eqc.erl, in module footer: at line 218: multiple @private tag.
edoc: skipping source file '/home/pete/wefwefwef/docs/other/2722324873/hermes-branch-master/hermes/deps/riak_kv/test/backend_eqc.erl': {'EXIT',
                                                                                                                                  error}.
/home/pete/wefwefwef/docs/other/2722324873/hermes-branch-master/hermes/deps/riak_kv/test/rest_url_encoding_test.erl: module name missing.
edoc: skipping source file '/home/pete/wefwefwef/docs/other/2722324873/hermes-branch-master/hermes/deps/riak_kv/test/rest_url_encoding_test.erl': {'EXIT',
                                                                                                                                             error}.
edoc: error in doclet 'edoc_doclet': {'EXIT',error}.
Error generating hermes XMLs. Using fallback ...
Creating index.html ...
Creating erldocs_index.js ...
Woot, finished in 0 Minutes 5 Seconds
 :: Discovering other repos
$ 5000  `rm -r '/home/pete/wefwefwef/docs/other/2722324873/hermes-branch-master'  2>&1`
 :: Erldocs finishing up
$ 5000  `rm -r '/home/pete/wefwefwef/docs/other/2722324873/hermes'  2>&1`
