 :: Extracting meta information
$ infinity  `git ls-remote --heads --tags 'https://github.com/nansiken/test_120510'  2>&1`
>>> [repo] 4 branches, 0 tags
 :: Writing meta to "/home/pete/wefwefwef/docs/other/dc59404913de739604a66e1376d9a8c5/meta.txt"
 :: Processing https://github.com/nansiken/test_120510	{rev,branch,"nanna","8cc4176458acdc358d10d9b21bf77fbe01592629",undefined,[],[]}
 :: Fetching repo code
$ cd '/home/pete/wefwefwef/docs/other/dc59404913de739604a66e1376d9a8c5/test_120510-branch-nanna'
$ infinity  `curl --fail --silent --show-error --location --output repo.tar.gz 'https://codeload.github.com/nansiken/test_120510/legacy.tar.gz/nanna'  2>&1`
$ cd '/home/pete/wefwefwef/docs/erldocs_other.git'
$ cd '/home/pete/wefwefwef/docs/other/dc59404913de739604a66e1376d9a8c5/test_120510-branch-nanna/Nansiken-Test_120510-8cc4176'
$ 5000  `find -P . -type l -delete  2>&1`
$ cd '/home/pete/wefwefwef/docs/erldocs_other.git'
$ 5000  `mv '/home/pete/wefwefwef/docs/other/dc59404913de739604a66e1376d9a8c5/test_120510-branch-nanna/Nansiken-Test_120510-8cc4176' '/home/pete/wefwefwef/docs/other/dc59404913de739604a66e1376d9a8c5/test_120510-branch-nanna/test_120510'  2>&1`
 :: Getting dependencies
 :: Generating erldocs into /home/pete/wefwefwef/docs/other/dc59404913de739604a66e1376d9a8c5/repo/nanna
Building test_120510
Generating Type Specs - "/home/pete/wefwefwef/docs/other/dc59404913de739604a66e1376d9a8c5/test_120510-branch-nanna/test_120510/testfil1.erl"
/home/pete/wefwefwef/docs/other/dc59404913de739604a66e1376d9a8c5/test_120510-branch-nanna/test_120510/testfil1.erl: at line 3: syntax error before: Nu
EDoc could not process file '/home/pete/wefwefwef/docs/other/dc59404913de739604a66e1376d9a8c5/test_120510-branch-nanna/test_120510/testfil1.erl'
Error generating type specs for "/home/pete/wefwefwef/docs/other/dc59404913de739604a66e1376d9a8c5/test_120510-branch-nanna/test_120510/testfil1.erl"
Generating Type Specs - "/home/pete/wefwefwef/docs/other/dc59404913de739604a66e1376d9a8c5/test_120510-branch-nanna/test_120510/testfil2.erl"
/home/pete/wefwefwef/docs/other/dc59404913de739604a66e1376d9a8c5/test_120510-branch-nanna/test_120510/testfil2.erl: module name missing.
EDoc could not process file '/home/pete/wefwefwef/docs/other/dc59404913de739604a66e1376d9a8c5/test_120510-branch-nanna/test_120510/testfil2.erl'
Error generating type specs for "/home/pete/wefwefwef/docs/other/dc59404913de739604a66e1376d9a8c5/test_120510-branch-nanna/test_120510/testfil2.erl"
Generating Type Specs - "/home/pete/wefwefwef/docs/other/dc59404913de739604a66e1376d9a8c5/test_120510-branch-nanna/test_120510/testfil3.erl"
/home/pete/wefwefwef/docs/other/dc59404913de739604a66e1376d9a8c5/test_120510-branch-nanna/test_120510/testfil3.erl: module name missing.
EDoc could not process file '/home/pete/wefwefwef/docs/other/dc59404913de739604a66e1376d9a8c5/test_120510-branch-nanna/test_120510/testfil3.erl'
Error generating type specs for "/home/pete/wefwefwef/docs/other/dc59404913de739604a66e1376d9a8c5/test_120510-branch-nanna/test_120510/testfil3.erl"
Generating XML for application test_120510 "/home/pete/wefwefwef/docs/other/dc59404913de739604a66e1376d9a8c5/test_120510-branch-nanna/test_120510" -> "/home/pete/wefwefwef/docs/other/dc59404913de739604a66e1376d9a8c5/repo/nanna/.xml/test_120510"
/home/pete/wefwefwef/docs/other/dc59404913de739604a66e1376d9a8c5/test_120510-branch-nanna/test_120510/testfil2.erl: module name missing.
edoc: skipping source file '/home/pete/wefwefwef/docs/other/dc59404913de739604a66e1376d9a8c5/test_120510-branch-nanna/test_120510/testfil2.erl': {'EXIT',
                                                                                                                                            error}.
/home/pete/wefwefwef/docs/other/dc59404913de739604a66e1376d9a8c5/test_120510-branch-nanna/test_120510/testfil3.erl: module name missing.
edoc: skipping source file '/home/pete/wefwefwef/docs/other/dc59404913de739604a66e1376d9a8c5/test_120510-branch-nanna/test_120510/testfil3.erl': {'EXIT',
                                                                                                                                            error}.
/home/pete/wefwefwef/docs/other/dc59404913de739604a66e1376d9a8c5/test_120510-branch-nanna/test_120510/testfil1.erl: at line 3: syntax error before: Nu
edoc: skipping source file '/home/pete/wefwefwef/docs/other/dc59404913de739604a66e1376d9a8c5/test_120510-branch-nanna/test_120510/testfil1.erl': {'EXIT',
                                                                                                                                            error}.
edoc: error in doclet 'edoc_doclet': {'EXIT',error}.
Error generating test_120510 XMLs. Using fallback ...
Generating XML test_120510 - testfil1 "/home/pete/wefwefwef/docs/other/dc59404913de739604a66e1376d9a8c5/test_120510-branch-nanna/test_120510/testfil1.erl" -> "/home/pete/wefwefwef/docs/other/dc59404913de739604a66e1376d9a8c5/repo/nanna/.xml/test_120510/testfil1.xml"
/home/pete/wefwefwef/docs/other/dc59404913de739604a66e1376d9a8c5/test_120510-branch-nanna/test_120510/testfil1.erl: at line 3: syntax error before: Nu
Error generating XML ("/home/pete/wefwefwef/docs/other/dc59404913de739604a66e1376d9a8c5/test_120510-branch-nanna/test_120510/testfil1.erl"): {'EXIT',
                                                                                                                                              error}
Generating XML test_120510 - testfil2 "/home/pete/wefwefwef/docs/other/dc59404913de739604a66e1376d9a8c5/test_120510-branch-nanna/test_120510/testfil2.erl" -> "/home/pete/wefwefwef/docs/other/dc59404913de739604a66e1376d9a8c5/repo/nanna/.xml/test_120510/testfil2.xml"
/home/pete/wefwefwef/docs/other/dc59404913de739604a66e1376d9a8c5/test_120510-branch-nanna/test_120510/testfil2.erl: module name missing.
Error generating XML ("/home/pete/wefwefwef/docs/other/dc59404913de739604a66e1376d9a8c5/test_120510-branch-nanna/test_120510/testfil2.erl"): {'EXIT',
                                                                                                                                              error}
Generating XML test_120510 - testfil3 "/home/pete/wefwefwef/docs/other/dc59404913de739604a66e1376d9a8c5/test_120510-branch-nanna/test_120510/testfil3.erl" -> "/home/pete/wefwefwef/docs/other/dc59404913de739604a66e1376d9a8c5/repo/nanna/.xml/test_120510/testfil3.xml"
/home/pete/wefwefwef/docs/other/dc59404913de739604a66e1376d9a8c5/test_120510-branch-nanna/test_120510/testfil3.erl: module name missing.
Error generating XML ("/home/pete/wefwefwef/docs/other/dc59404913de739604a66e1376d9a8c5/test_120510-branch-nanna/test_120510/testfil3.erl"): {'EXIT',
                                                                                                                                              error}
No documentation was generated!
Woot, finished in 0 Minutes 0 Seconds
 :: Discovering other repos
$ 5000  `rm -r '/home/pete/wefwefwef/docs/other/dc59404913de739604a66e1376d9a8c5/test_120510-branch-nanna'  2>&1`
 :: Processing https://github.com/nansiken/test_120510	{rev,branch,"master","8cc4176458acdc358d10d9b21bf77fbe01592629",undefined,[],[]}
 :: Fetching repo code
$ cd '/home/pete/wefwefwef/docs/other/dc59404913de739604a66e1376d9a8c5/test_120510-branch-master'
$ infinity  `curl --fail --silent --show-error --location --output repo.tar.gz 'https://codeload.github.com/nansiken/test_120510/legacy.tar.gz/master'  2>&1`
$ cd '/home/pete/wefwefwef/docs/erldocs_other.git'
$ cd '/home/pete/wefwefwef/docs/other/dc59404913de739604a66e1376d9a8c5/test_120510-branch-master/Nansiken-Test_120510-8cc4176'
$ 5000  `find -P . -type l -delete  2>&1`
$ cd '/home/pete/wefwefwef/docs/erldocs_other.git'
$ 5000  `mv '/home/pete/wefwefwef/docs/other/dc59404913de739604a66e1376d9a8c5/test_120510-branch-master/Nansiken-Test_120510-8cc4176' '/home/pete/wefwefwef/docs/other/dc59404913de739604a66e1376d9a8c5/test_120510-branch-master/test_120510'  2>&1`
 :: Getting dependencies
 :: Generating erldocs into /home/pete/wefwefwef/docs/other/dc59404913de739604a66e1376d9a8c5/repo/master
Building test_120510
Generating Type Specs - "/home/pete/wefwefwef/docs/other/dc59404913de739604a66e1376d9a8c5/test_120510-branch-master/test_120510/testfil1.erl"
/home/pete/wefwefwef/docs/other/dc59404913de739604a66e1376d9a8c5/test_120510-branch-master/test_120510/testfil1.erl: at line 3: syntax error before: Nu
EDoc could not process file '/home/pete/wefwefwef/docs/other/dc59404913de739604a66e1376d9a8c5/test_120510-branch-master/test_120510/testfil1.erl'
Error generating type specs for "/home/pete/wefwefwef/docs/other/dc59404913de739604a66e1376d9a8c5/test_120510-branch-master/test_120510/testfil1.erl"
Generating Type Specs - "/home/pete/wefwefwef/docs/other/dc59404913de739604a66e1376d9a8c5/test_120510-branch-master/test_120510/testfil2.erl"
/home/pete/wefwefwef/docs/other/dc59404913de739604a66e1376d9a8c5/test_120510-branch-master/test_120510/testfil2.erl: module name missing.
EDoc could not process file '/home/pete/wefwefwef/docs/other/dc59404913de739604a66e1376d9a8c5/test_120510-branch-master/test_120510/testfil2.erl'
Error generating type specs for "/home/pete/wefwefwef/docs/other/dc59404913de739604a66e1376d9a8c5/test_120510-branch-master/test_120510/testfil2.erl"
Generating Type Specs - "/home/pete/wefwefwef/docs/other/dc59404913de739604a66e1376d9a8c5/test_120510-branch-master/test_120510/testfil3.erl"
/home/pete/wefwefwef/docs/other/dc59404913de739604a66e1376d9a8c5/test_120510-branch-master/test_120510/testfil3.erl: module name missing.
EDoc could not process file '/home/pete/wefwefwef/docs/other/dc59404913de739604a66e1376d9a8c5/test_120510-branch-master/test_120510/testfil3.erl'
Error generating type specs for "/home/pete/wefwefwef/docs/other/dc59404913de739604a66e1376d9a8c5/test_120510-branch-master/test_120510/testfil3.erl"
Generating XML for application test_120510 "/home/pete/wefwefwef/docs/other/dc59404913de739604a66e1376d9a8c5/test_120510-branch-master/test_120510" -> "/home/pete/wefwefwef/docs/other/dc59404913de739604a66e1376d9a8c5/repo/master/.xml/test_120510"
/home/pete/wefwefwef/docs/other/dc59404913de739604a66e1376d9a8c5/test_120510-branch-master/test_120510/testfil2.erl: module name missing.
edoc: skipping source file '/home/pete/wefwefwef/docs/other/dc59404913de739604a66e1376d9a8c5/test_120510-branch-master/test_120510/testfil2.erl': {'EXIT',
                                                                                                                                             error}.
/home/pete/wefwefwef/docs/other/dc59404913de739604a66e1376d9a8c5/test_120510-branch-master/test_120510/testfil3.erl: module name missing.
edoc: skipping source file '/home/pete/wefwefwef/docs/other/dc59404913de739604a66e1376d9a8c5/test_120510-branch-master/test_120510/testfil3.erl': {'EXIT',
                                                                                                                                             error}.
/home/pete/wefwefwef/docs/other/dc59404913de739604a66e1376d9a8c5/test_120510-branch-master/test_120510/testfil1.erl: at line 3: syntax error before: Nu
edoc: skipping source file '/home/pete/wefwefwef/docs/other/dc59404913de739604a66e1376d9a8c5/test_120510-branch-master/test_120510/testfil1.erl': {'EXIT',
                                                                                                                                             error}.
edoc: error in doclet 'edoc_doclet': {'EXIT',error}.
Error generating test_120510 XMLs. Using fallback ...
Generating XML test_120510 - testfil1 "/home/pete/wefwefwef/docs/other/dc59404913de739604a66e1376d9a8c5/test_120510-branch-master/test_120510/testfil1.erl" -> "/home/pete/wefwefwef/docs/other/dc59404913de739604a66e1376d9a8c5/repo/master/.xml/test_120510/testfil1.xml"
/home/pete/wefwefwef/docs/other/dc59404913de739604a66e1376d9a8c5/test_120510-branch-master/test_120510/testfil1.erl: at line 3: syntax error before: Nu
Error generating XML ("/home/pete/wefwefwef/docs/other/dc59404913de739604a66e1376d9a8c5/test_120510-branch-master/test_120510/testfil1.erl"): {'EXIT',
                                                                                                                                               error}
Generating XML test_120510 - testfil2 "/home/pete/wefwefwef/docs/other/dc59404913de739604a66e1376d9a8c5/test_120510-branch-master/test_120510/testfil2.erl" -> "/home/pete/wefwefwef/docs/other/dc59404913de739604a66e1376d9a8c5/repo/master/.xml/test_120510/testfil2.xml"
/home/pete/wefwefwef/docs/other/dc59404913de739604a66e1376d9a8c5/test_120510-branch-master/test_120510/testfil2.erl: module name missing.
Error generating XML ("/home/pete/wefwefwef/docs/other/dc59404913de739604a66e1376d9a8c5/test_120510-branch-master/test_120510/testfil2.erl"): {'EXIT',
                                                                                                                                               error}
Generating XML test_120510 - testfil3 "/home/pete/wefwefwef/docs/other/dc59404913de739604a66e1376d9a8c5/test_120510-branch-master/test_120510/testfil3.erl" -> "/home/pete/wefwefwef/docs/other/dc59404913de739604a66e1376d9a8c5/repo/master/.xml/test_120510/testfil3.xml"
/home/pete/wefwefwef/docs/other/dc59404913de739604a66e1376d9a8c5/test_120510-branch-master/test_120510/testfil3.erl: module name missing.
Error generating XML ("/home/pete/wefwefwef/docs/other/dc59404913de739604a66e1376d9a8c5/test_120510-branch-master/test_120510/testfil3.erl"): {'EXIT',
                                                                                                                                               error}
No documentation was generated!
Woot, finished in 0 Minutes 0 Seconds
 :: Discovering other repos
$ 5000  `rm -r '/home/pete/wefwefwef/docs/other/dc59404913de739604a66e1376d9a8c5/test_120510-branch-master'  2>&1`
 :: Processing https://github.com/nansiken/test_120510	{rev,branch,"Nanna3","940457f7002378e6fc58608b9fd09906e60ff5c6",undefined,[],[]}
 :: Fetching repo code
$ cd '/home/pete/wefwefwef/docs/other/dc59404913de739604a66e1376d9a8c5/test_120510-branch-Nanna3'
$ infinity  `curl --fail --silent --show-error --location --output repo.tar.gz 'https://codeload.github.com/nansiken/test_120510/legacy.tar.gz/Nanna3'  2>&1`
$ cd '/home/pete/wefwefwef/docs/erldocs_other.git'
$ cd '/home/pete/wefwefwef/docs/other/dc59404913de739604a66e1376d9a8c5/test_120510-branch-Nanna3/Nansiken-Test_120510-940457f'
$ 5000  `find -P . -type l -delete  2>&1`
$ cd '/home/pete/wefwefwef/docs/erldocs_other.git'
$ 5000  `mv '/home/pete/wefwefwef/docs/other/dc59404913de739604a66e1376d9a8c5/test_120510-branch-Nanna3/Nansiken-Test_120510-940457f' '/home/pete/wefwefwef/docs/other/dc59404913de739604a66e1376d9a8c5/test_120510-branch-Nanna3/test_120510'  2>&1`
 :: Getting dependencies
 :: Generating erldocs into /home/pete/wefwefwef/docs/other/dc59404913de739604a66e1376d9a8c5/repo/Nanna3
Building test_120510
Generating Type Specs - "/home/pete/wefwefwef/docs/other/dc59404913de739604a66e1376d9a8c5/test_120510-branch-Nanna3/test_120510/testfil1.erl"
/home/pete/wefwefwef/docs/other/dc59404913de739604a66e1376d9a8c5/test_120510-branch-Nanna3/test_120510/testfil1.erl: at line 3: syntax error before: Nu
EDoc could not process file '/home/pete/wefwefwef/docs/other/dc59404913de739604a66e1376d9a8c5/test_120510-branch-Nanna3/test_120510/testfil1.erl'
Error generating type specs for "/home/pete/wefwefwef/docs/other/dc59404913de739604a66e1376d9a8c5/test_120510-branch-Nanna3/test_120510/testfil1.erl"
Generating Type Specs - "/home/pete/wefwefwef/docs/other/dc59404913de739604a66e1376d9a8c5/test_120510-branch-Nanna3/test_120510/testfil2.erl"
/home/pete/wefwefwef/docs/other/dc59404913de739604a66e1376d9a8c5/test_120510-branch-Nanna3/test_120510/testfil2.erl: module name missing.
EDoc could not process file '/home/pete/wefwefwef/docs/other/dc59404913de739604a66e1376d9a8c5/test_120510-branch-Nanna3/test_120510/testfil2.erl'
Error generating type specs for "/home/pete/wefwefwef/docs/other/dc59404913de739604a66e1376d9a8c5/test_120510-branch-Nanna3/test_120510/testfil2.erl"
Generating Type Specs - "/home/pete/wefwefwef/docs/other/dc59404913de739604a66e1376d9a8c5/test_120510-branch-Nanna3/test_120510/testfil3.erl"
/home/pete/wefwefwef/docs/other/dc59404913de739604a66e1376d9a8c5/test_120510-branch-Nanna3/test_120510/testfil3.erl: module name missing.
EDoc could not process file '/home/pete/wefwefwef/docs/other/dc59404913de739604a66e1376d9a8c5/test_120510-branch-Nanna3/test_120510/testfil3.erl'
Error generating type specs for "/home/pete/wefwefwef/docs/other/dc59404913de739604a66e1376d9a8c5/test_120510-branch-Nanna3/test_120510/testfil3.erl"
Generating XML for application test_120510 "/home/pete/wefwefwef/docs/other/dc59404913de739604a66e1376d9a8c5/test_120510-branch-Nanna3/test_120510" -> "/home/pete/wefwefwef/docs/other/dc59404913de739604a66e1376d9a8c5/repo/Nanna3/.xml/test_120510"
/home/pete/wefwefwef/docs/other/dc59404913de739604a66e1376d9a8c5/test_120510-branch-Nanna3/test_120510/testfil2.erl: module name missing.
edoc: skipping source file '/home/pete/wefwefwef/docs/other/dc59404913de739604a66e1376d9a8c5/test_120510-branch-Nanna3/test_120510/testfil2.erl': {'EXIT',
                                                                                                                                             error}.
/home/pete/wefwefwef/docs/other/dc59404913de739604a66e1376d9a8c5/test_120510-branch-Nanna3/test_120510/testfil3.erl: module name missing.
edoc: skipping source file '/home/pete/wefwefwef/docs/other/dc59404913de739604a66e1376d9a8c5/test_120510-branch-Nanna3/test_120510/testfil3.erl': {'EXIT',
                                                                                                                                             error}.
/home/pete/wefwefwef/docs/other/dc59404913de739604a66e1376d9a8c5/test_120510-branch-Nanna3/test_120510/testfil1.erl: at line 3: syntax error before: Nu
edoc: skipping source file '/home/pete/wefwefwef/docs/other/dc59404913de739604a66e1376d9a8c5/test_120510-branch-Nanna3/test_120510/testfil1.erl': {'EXIT',
                                                                                                                                             error}.
edoc: error in doclet 'edoc_doclet': {'EXIT',error}.
Error generating test_120510 XMLs. Using fallback ...
Generating XML test_120510 - testfil1 "/home/pete/wefwefwef/docs/other/dc59404913de739604a66e1376d9a8c5/test_120510-branch-Nanna3/test_120510/testfil1.erl" -> "/home/pete/wefwefwef/docs/other/dc59404913de739604a66e1376d9a8c5/repo/Nanna3/.xml/test_120510/testfil1.xml"
/home/pete/wefwefwef/docs/other/dc59404913de739604a66e1376d9a8c5/test_120510-branch-Nanna3/test_120510/testfil1.erl: at line 3: syntax error before: Nu
Error generating XML ("/home/pete/wefwefwef/docs/other/dc59404913de739604a66e1376d9a8c5/test_120510-branch-Nanna3/test_120510/testfil1.erl"): {'EXIT',
                                                                                                                                               error}
Generating XML test_120510 - testfil2 "/home/pete/wefwefwef/docs/other/dc59404913de739604a66e1376d9a8c5/test_120510-branch-Nanna3/test_120510/testfil2.erl" -> "/home/pete/wefwefwef/docs/other/dc59404913de739604a66e1376d9a8c5/repo/Nanna3/.xml/test_120510/testfil2.xml"
/home/pete/wefwefwef/docs/other/dc59404913de739604a66e1376d9a8c5/test_120510-branch-Nanna3/test_120510/testfil2.erl: module name missing.
Error generating XML ("/home/pete/wefwefwef/docs/other/dc59404913de739604a66e1376d9a8c5/test_120510-branch-Nanna3/test_120510/testfil2.erl"): {'EXIT',
                                                                                                                                               error}
Generating XML test_120510 - testfil3 "/home/pete/wefwefwef/docs/other/dc59404913de739604a66e1376d9a8c5/test_120510-branch-Nanna3/test_120510/testfil3.erl" -> "/home/pete/wefwefwef/docs/other/dc59404913de739604a66e1376d9a8c5/repo/Nanna3/.xml/test_120510/testfil3.xml"
/home/pete/wefwefwef/docs/other/dc59404913de739604a66e1376d9a8c5/test_120510-branch-Nanna3/test_120510/testfil3.erl: module name missing.
Error generating XML ("/home/pete/wefwefwef/docs/other/dc59404913de739604a66e1376d9a8c5/test_120510-branch-Nanna3/test_120510/testfil3.erl"): {'EXIT',
                                                                                                                                               error}
No documentation was generated!
Woot, finished in 0 Minutes 0 Seconds
 :: Discovering other repos
$ 5000  `rm -r '/home/pete/wefwefwef/docs/other/dc59404913de739604a66e1376d9a8c5/test_120510-branch-Nanna3'  2>&1`
 :: Processing https://github.com/nansiken/test_120510	{rev,branch,"Nanna2","23d104bd73b44fc754070805e9316776e7aadaf4",undefined,[],[]}
 :: Fetching repo code
$ cd '/home/pete/wefwefwef/docs/other/dc59404913de739604a66e1376d9a8c5/test_120510-branch-Nanna2'
$ infinity  `curl --fail --silent --show-error --location --output repo.tar.gz 'https://codeload.github.com/nansiken/test_120510/legacy.tar.gz/Nanna2'  2>&1`
$ cd '/home/pete/wefwefwef/docs/erldocs_other.git'
$ cd '/home/pete/wefwefwef/docs/other/dc59404913de739604a66e1376d9a8c5/test_120510-branch-Nanna2/Nansiken-Test_120510-23d104b'
$ 5000  `find -P . -type l -delete  2>&1`
$ cd '/home/pete/wefwefwef/docs/erldocs_other.git'
$ 5000  `mv '/home/pete/wefwefwef/docs/other/dc59404913de739604a66e1376d9a8c5/test_120510-branch-Nanna2/Nansiken-Test_120510-23d104b' '/home/pete/wefwefwef/docs/other/dc59404913de739604a66e1376d9a8c5/test_120510-branch-Nanna2/test_120510'  2>&1`
 :: Getting dependencies
 :: Generating erldocs into /home/pete/wefwefwef/docs/other/dc59404913de739604a66e1376d9a8c5/repo/Nanna2
Building test_120510
Generating Type Specs - "/home/pete/wefwefwef/docs/other/dc59404913de739604a66e1376d9a8c5/test_120510-branch-Nanna2/test_120510/testfil1.erl"
/home/pete/wefwefwef/docs/other/dc59404913de739604a66e1376d9a8c5/test_120510-branch-Nanna2/test_120510/testfil1.erl: at line 3: syntax error before: Nu
EDoc could not process file '/home/pete/wefwefwef/docs/other/dc59404913de739604a66e1376d9a8c5/test_120510-branch-Nanna2/test_120510/testfil1.erl'
Error generating type specs for "/home/pete/wefwefwef/docs/other/dc59404913de739604a66e1376d9a8c5/test_120510-branch-Nanna2/test_120510/testfil1.erl"
Generating Type Specs - "/home/pete/wefwefwef/docs/other/dc59404913de739604a66e1376d9a8c5/test_120510-branch-Nanna2/test_120510/testfil2.erl"
/home/pete/wefwefwef/docs/other/dc59404913de739604a66e1376d9a8c5/test_120510-branch-Nanna2/test_120510/testfil2.erl: module name missing.
EDoc could not process file '/home/pete/wefwefwef/docs/other/dc59404913de739604a66e1376d9a8c5/test_120510-branch-Nanna2/test_120510/testfil2.erl'
Error generating type specs for "/home/pete/wefwefwef/docs/other/dc59404913de739604a66e1376d9a8c5/test_120510-branch-Nanna2/test_120510/testfil2.erl"
Generating Type Specs - "/home/pete/wefwefwef/docs/other/dc59404913de739604a66e1376d9a8c5/test_120510-branch-Nanna2/test_120510/testfil3.erl"
/home/pete/wefwefwef/docs/other/dc59404913de739604a66e1376d9a8c5/test_120510-branch-Nanna2/test_120510/testfil3.erl: module name missing.
EDoc could not process file '/home/pete/wefwefwef/docs/other/dc59404913de739604a66e1376d9a8c5/test_120510-branch-Nanna2/test_120510/testfil3.erl'
Error generating type specs for "/home/pete/wefwefwef/docs/other/dc59404913de739604a66e1376d9a8c5/test_120510-branch-Nanna2/test_120510/testfil3.erl"
Generating XML for application test_120510 "/home/pete/wefwefwef/docs/other/dc59404913de739604a66e1376d9a8c5/test_120510-branch-Nanna2/test_120510" -> "/home/pete/wefwefwef/docs/other/dc59404913de739604a66e1376d9a8c5/repo/Nanna2/.xml/test_120510"
/home/pete/wefwefwef/docs/other/dc59404913de739604a66e1376d9a8c5/test_120510-branch-Nanna2/test_120510/testfil2.erl: module name missing.
edoc: skipping source file '/home/pete/wefwefwef/docs/other/dc59404913de739604a66e1376d9a8c5/test_120510-branch-Nanna2/test_120510/testfil2.erl': {'EXIT',
                                                                                                                                             error}.
/home/pete/wefwefwef/docs/other/dc59404913de739604a66e1376d9a8c5/test_120510-branch-Nanna2/test_120510/testfil3.erl: module name missing.
edoc: skipping source file '/home/pete/wefwefwef/docs/other/dc59404913de739604a66e1376d9a8c5/test_120510-branch-Nanna2/test_120510/testfil3.erl': {'EXIT',
                                                                                                                                             error}.
/home/pete/wefwefwef/docs/other/dc59404913de739604a66e1376d9a8c5/test_120510-branch-Nanna2/test_120510/testfil1.erl: at line 3: syntax error before: Nu
edoc: skipping source file '/home/pete/wefwefwef/docs/other/dc59404913de739604a66e1376d9a8c5/test_120510-branch-Nanna2/test_120510/testfil1.erl': {'EXIT',
                                                                                                                                             error}.
edoc: error in doclet 'edoc_doclet': {'EXIT',error}.
Error generating test_120510 XMLs. Using fallback ...
Generating XML test_120510 - testfil1 "/home/pete/wefwefwef/docs/other/dc59404913de739604a66e1376d9a8c5/test_120510-branch-Nanna2/test_120510/testfil1.erl" -> "/home/pete/wefwefwef/docs/other/dc59404913de739604a66e1376d9a8c5/repo/Nanna2/.xml/test_120510/testfil1.xml"
/home/pete/wefwefwef/docs/other/dc59404913de739604a66e1376d9a8c5/test_120510-branch-Nanna2/test_120510/testfil1.erl: at line 3: syntax error before: Nu
Error generating XML ("/home/pete/wefwefwef/docs/other/dc59404913de739604a66e1376d9a8c5/test_120510-branch-Nanna2/test_120510/testfil1.erl"): {'EXIT',
                                                                                                                                               error}
Generating XML test_120510 - testfil2 "/home/pete/wefwefwef/docs/other/dc59404913de739604a66e1376d9a8c5/test_120510-branch-Nanna2/test_120510/testfil2.erl" -> "/home/pete/wefwefwef/docs/other/dc59404913de739604a66e1376d9a8c5/repo/Nanna2/.xml/test_120510/testfil2.xml"
/home/pete/wefwefwef/docs/other/dc59404913de739604a66e1376d9a8c5/test_120510-branch-Nanna2/test_120510/testfil2.erl: module name missing.
Error generating XML ("/home/pete/wefwefwef/docs/other/dc59404913de739604a66e1376d9a8c5/test_120510-branch-Nanna2/test_120510/testfil2.erl"): {'EXIT',
                                                                                                                                               error}
Generating XML test_120510 - testfil3 "/home/pete/wefwefwef/docs/other/dc59404913de739604a66e1376d9a8c5/test_120510-branch-Nanna2/test_120510/testfil3.erl" -> "/home/pete/wefwefwef/docs/other/dc59404913de739604a66e1376d9a8c5/repo/Nanna2/.xml/test_120510/testfil3.xml"
/home/pete/wefwefwef/docs/other/dc59404913de739604a66e1376d9a8c5/test_120510-branch-Nanna2/test_120510/testfil3.erl: module name missing.
Error generating XML ("/home/pete/wefwefwef/docs/other/dc59404913de739604a66e1376d9a8c5/test_120510-branch-Nanna2/test_120510/testfil3.erl"): {'EXIT',
                                                                                                                                               error}
No documentation was generated!
Woot, finished in 0 Minutes 0 Seconds
 :: Discovering other repos
$ 5000  `rm -r '/home/pete/wefwefwef/docs/other/dc59404913de739604a66e1376d9a8c5/test_120510-branch-Nanna2'  2>&1`
 :: Finishing up
$ 5000  `rm -r '/home/pete/wefwefwef/docs/other/dc59404913de739604a66e1376d9a8c5/test_120510'  2>&1`
$ 5000  `rm -r '/home/pete/wefwefwef/docs/other/dc59404913de739604a66e1376d9a8c5/repo/Nanna2'  2>&1`
$ 5000  `rm -r '/home/pete/wefwefwef/docs/other/dc59404913de739604a66e1376d9a8c5/repo/Nanna3'  2>&1`
$ 5000  `rm -r '/home/pete/wefwefwef/docs/other/dc59404913de739604a66e1376d9a8c5/repo/master'  2>&1`
$ 5000  `rm -r '/home/pete/wefwefwef/docs/other/dc59404913de739604a66e1376d9a8c5/repo/nanna'  2>&1`
