 :: Extracting meta information
$ 5000  `git ls-remote --heads --tags 'https://github.com/simonmacmullen/rabbitmq-auth-backend-http'  2>&1`
>>> [repo] 7 branches, 0 tags
 :: Writing meta to "/home/pete/wefwefwef/docs/other/4861677214/meta.txt"
 :: Processing https://github.com/simonmacmullen/rabbitmq-auth-backend-http	{rev,branch,"master","fe9401c6c127edf3e381cba3dcbab396e2c1a1af",undefined,[],[]}
 :: Fetching repo code
$ cd "/home/pete/wefwefwef/docs/other/4861677214/rabbitmq-auth-backend-http-branch-master/rabbitmq-auth-backend-http"
$ infinity  `curl --fail --silent --show-error --location --output 'master.zip' 'https://github.com/simonmacmullen/rabbitmq-auth-backend-http/archive/master.zip'  2>&1`
$ cd "/home/pete/wefwefwef/docs/erldocs_other.git"
$ cd "/home/pete/wefwefwef/docs/other/4861677214/rabbitmq-auth-backend-http-branch-master/rabbitmq-auth-backend-http"
$ 5000  `find -P . -type l -delete  2>&1`
$ cd "/home/pete/wefwefwef/docs/erldocs_other.git"
$ cd "/home/pete/wefwefwef/docs/other/4861677214/rabbitmq-auth-backend-http-branch-master/rabbitmq-auth-backend-http"
$ 5000  `find 'rabbitmq-auth-backend-http-master' -mindepth 1 -maxdepth 1 -exec mv -t . -- {} +  2>&1`
$ cd "/home/pete/wefwefwef/docs/erldocs_other.git"
 :: Getting dependencies
 :: Generating erldocs into /home/pete/wefwefwef/docs/other/4861677214/repo/master
Building rabbitmq-auth-backend-http
Generating Type Specs - "/home/pete/wefwefwef/docs/other/4861677214/rabbitmq-auth-backend-http-branch-master/rabbitmq-auth-backend-http/src/rabbit_auth_backend_http.erl"
/home/pete/wefwefwef/docs/other/4861677214/rabbitmq-auth-backend-http-branch-master/rabbitmq-auth-backend-http/src/rabbit_auth_backend_http.erl: at line 19: can't find include lib "rabbit_common/include/rabbit.hrl"
EDoc could not process file '/home/pete/wefwefwef/docs/other/4861677214/rabbitmq-auth-backend-http-branch-master/rabbitmq-auth-backend-http/src/rabbit_auth_backend_http.erl'
Error generating type specs for "/home/pete/wefwefwef/docs/other/4861677214/rabbitmq-auth-backend-http-branch-master/rabbitmq-auth-backend-http/src/rabbit_auth_backend_http.erl"
Generating Type Specs - "/home/pete/wefwefwef/docs/other/4861677214/rabbitmq-auth-backend-http-branch-master/rabbitmq-auth-backend-http/src/rabbit_auth_backend_http_app.erl"
Generating XML for application rabbitmq-auth-backend-http "/home/pete/wefwefwef/docs/other/4861677214/rabbitmq-auth-backend-http-branch-master/rabbitmq-auth-backend-http" -> "/home/pete/wefwefwef/docs/other/4861677214/repo/master/.xml/rabbitmq-auth-backend-http"
/home/pete/wefwefwef/docs/other/4861677214/rabbitmq-auth-backend-http-branch-master/rabbitmq-auth-backend-http/src/rabbit_auth_backend_http.erl: at line 19: can't find include lib "rabbit_common/include/rabbit.hrl"
edoc: skipping source file '/home/pete/wefwefwef/docs/other/4861677214/rabbitmq-auth-backend-http-branch-master/rabbitmq-auth-backend-http/src/rabbit_auth_backend_http.erl': {'EXIT',
                                                                                                                                                                         error}.
edoc: error in doclet 'edoc_doclet': {'EXIT',error}.
Error generating rabbitmq-auth-backend-http XMLs. Using fallback ...
Generating XML rabbitmq-auth-backend-http - rabbit_auth_backend_http "/home/pete/wefwefwef/docs/other/4861677214/rabbitmq-auth-backend-http-branch-master/rabbitmq-auth-backend-http/src/rabbit_auth_backend_http.erl" -> "/home/pete/wefwefwef/docs/other/4861677214/repo/master/.xml/rabbitmq-auth-backend-http/rabbit_auth_backend_http.xml"
/home/pete/wefwefwef/docs/other/4861677214/rabbitmq-auth-backend-http-branch-master/rabbitmq-auth-backend-http/src/rabbit_auth_backend_http.erl: at line 19: can't find include lib "rabbit_common/include/rabbit.hrl"
Error generating XML ("/home/pete/wefwefwef/docs/other/4861677214/rabbitmq-auth-backend-http-branch-master/rabbitmq-auth-backend-http/src/rabbit_auth_backend_http.erl"): {'EXIT',
                                                                                                                                                                           error}
Generating XML rabbitmq-auth-backend-http - rabbit_auth_backend_http_app "/home/pete/wefwefwef/docs/other/4861677214/rabbitmq-auth-backend-http-branch-master/rabbitmq-auth-backend-http/src/rabbit_auth_backend_http_app.erl" -> "/home/pete/wefwefwef/docs/other/4861677214/repo/master/.xml/rabbitmq-auth-backend-http/rabbit_auth_backend_http_app.xml"
Generating HTML - rabbit_auth_backend_http_app "/home/pete/wefwefwef/docs/other/4861677214/repo/master/.xml/rabbitmq-auth-backend-http/rabbit_auth_backend_http_app.xml"
Reading XML for "/home/pete/wefwefwef/docs/other/4861677214/repo/master/.xml/rabbitmq-auth-backend-http/rabbit_auth_backend_http_app.xml"
Reading XML for "/home/pete/wefwefwef/docs/other/4861677214/repo/master/.xml/specs_rabbit_auth_backend_http_app.xml"
Creating index.html ...
Creating erldocs_index.js ...
Woot, finished in 0 Minutes 0 Seconds
 :: Discovering other repos
$ 5000  `rm -r '/home/pete/wefwefwef/docs/other/4861677214/rabbitmq-auth-backend-http-branch-master'  2>&1`
 :: Processing https://github.com/simonmacmullen/rabbitmq-auth-backend-http	{rev,branch,"rabbitmq_v2_3_1","28365ee5c3c05196caed0bfa8c08227afeb8f8fc",undefined,[],[]}
 :: Fetching repo code
$ cd "/home/pete/wefwefwef/docs/other/4861677214/rabbitmq-auth-backend-http-branch-rabbitmq_v2_3_1/rabbitmq-auth-backend-http"
$ infinity  `curl --fail --silent --show-error --location --output 'rabbitmq_v2_3_1.zip' 'https://github.com/simonmacmullen/rabbitmq-auth-backend-http/archive/rabbitmq_v2_3_1.zip'  2>&1`
$ cd "/home/pete/wefwefwef/docs/erldocs_other.git"
$ cd "/home/pete/wefwefwef/docs/other/4861677214/rabbitmq-auth-backend-http-branch-rabbitmq_v2_3_1/rabbitmq-auth-backend-http"
$ 5000  `find -P . -type l -delete  2>&1`
$ cd "/home/pete/wefwefwef/docs/erldocs_other.git"
$ cd "/home/pete/wefwefwef/docs/other/4861677214/rabbitmq-auth-backend-http-branch-rabbitmq_v2_3_1/rabbitmq-auth-backend-http"
$ 5000  `find 'rabbitmq-auth-backend-http-rabbitmq_v2_3_1' -mindepth 1 -maxdepth 1 -exec mv -t . -- {} +  2>&1`
$ cd "/home/pete/wefwefwef/docs/erldocs_other.git"
 :: Getting dependencies
 :: Generating erldocs into /home/pete/wefwefwef/docs/other/4861677214/repo/rabbitmq_v2_3_1
Building rabbitmq-auth-backend-http
Generating Type Specs - "/home/pete/wefwefwef/docs/other/4861677214/rabbitmq-auth-backend-http-branch-rabbitmq_v2_3_1/rabbitmq-auth-backend-http/src/rabbit_auth_backend_http.erl"
/home/pete/wefwefwef/docs/other/4861677214/rabbitmq-auth-backend-http-branch-rabbitmq_v2_3_1/rabbitmq-auth-backend-http/src/rabbit_auth_backend_http.erl: at line 19: can't find include lib "rabbit_common/include/rabbit.hrl"
EDoc could not process file '/home/pete/wefwefwef/docs/other/4861677214/rabbitmq-auth-backend-http-branch-rabbitmq_v2_3_1/rabbitmq-auth-backend-http/src/rabbit_auth_backend_http.erl'
Error generating type specs for "/home/pete/wefwefwef/docs/other/4861677214/rabbitmq-auth-backend-http-branch-rabbitmq_v2_3_1/rabbitmq-auth-backend-http/src/rabbit_auth_backend_http.erl"
Generating Type Specs - "/home/pete/wefwefwef/docs/other/4861677214/rabbitmq-auth-backend-http-branch-rabbitmq_v2_3_1/rabbitmq-auth-backend-http/src/rabbit_auth_backend_http_app.erl"
Generating XML for application rabbitmq-auth-backend-http "/home/pete/wefwefwef/docs/other/4861677214/rabbitmq-auth-backend-http-branch-rabbitmq_v2_3_1/rabbitmq-auth-backend-http" -> "/home/pete/wefwefwef/docs/other/4861677214/repo/rabbitmq_v2_3_1/.xml/rabbitmq-auth-backend-http"
/home/pete/wefwefwef/docs/other/4861677214/rabbitmq-auth-backend-http-branch-rabbitmq_v2_3_1/rabbitmq-auth-backend-http/src/rabbit_auth_backend_http.erl: at line 19: can't find include lib "rabbit_common/include/rabbit.hrl"
edoc: skipping source file '/home/pete/wefwefwef/docs/other/4861677214/rabbitmq-auth-backend-http-branch-rabbitmq_v2_3_1/rabbitmq-auth-backend-http/src/rabbit_auth_backend_http.erl': {'EXIT',
                                                                                                                                                                                  error}.
edoc: error in doclet 'edoc_doclet': {'EXIT',error}.
Error generating rabbitmq-auth-backend-http XMLs. Using fallback ...
Generating XML rabbitmq-auth-backend-http - rabbit_auth_backend_http "/home/pete/wefwefwef/docs/other/4861677214/rabbitmq-auth-backend-http-branch-rabbitmq_v2_3_1/rabbitmq-auth-backend-http/src/rabbit_auth_backend_http.erl" -> "/home/pete/wefwefwef/docs/other/4861677214/repo/rabbitmq_v2_3_1/.xml/rabbitmq-auth-backend-http/rabbit_auth_backend_http.xml"
/home/pete/wefwefwef/docs/other/4861677214/rabbitmq-auth-backend-http-branch-rabbitmq_v2_3_1/rabbitmq-auth-backend-http/src/rabbit_auth_backend_http.erl: at line 19: can't find include lib "rabbit_common/include/rabbit.hrl"
Error generating XML ("/home/pete/wefwefwef/docs/other/4861677214/rabbitmq-auth-backend-http-branch-rabbitmq_v2_3_1/rabbitmq-auth-backend-http/src/rabbit_auth_backend_http.erl"): {'EXIT',
                                                                                                                                                                                    error}
Generating XML rabbitmq-auth-backend-http - rabbit_auth_backend_http_app "/home/pete/wefwefwef/docs/other/4861677214/rabbitmq-auth-backend-http-branch-rabbitmq_v2_3_1/rabbitmq-auth-backend-http/src/rabbit_auth_backend_http_app.erl" -> "/home/pete/wefwefwef/docs/other/4861677214/repo/rabbitmq_v2_3_1/.xml/rabbitmq-auth-backend-http/rabbit_auth_backend_http_app.xml"
Generating HTML - rabbit_auth_backend_http_app "/home/pete/wefwefwef/docs/other/4861677214/repo/rabbitmq_v2_3_1/.xml/rabbitmq-auth-backend-http/rabbit_auth_backend_http_app.xml"
Reading XML for "/home/pete/wefwefwef/docs/other/4861677214/repo/rabbitmq_v2_3_1/.xml/rabbitmq-auth-backend-http/rabbit_auth_backend_http_app.xml"
Reading XML for "/home/pete/wefwefwef/docs/other/4861677214/repo/rabbitmq_v2_3_1/.xml/specs_rabbit_auth_backend_http_app.xml"
Creating index.html ...
Creating erldocs_index.js ...
Woot, finished in 0 Minutes 0 Seconds
 :: Discovering other repos
$ 5000  `rm -r '/home/pete/wefwefwef/docs/other/4861677214/rabbitmq-auth-backend-http-branch-rabbitmq_v2_3_1'  2>&1`
 :: Processing https://github.com/simonmacmullen/rabbitmq-auth-backend-http	{rev,branch,"rabbitmq_v2_4_0","28365ee5c3c05196caed0bfa8c08227afeb8f8fc",undefined,[],[]}
 :: Fetching repo code
$ cd "/home/pete/wefwefwef/docs/other/4861677214/rabbitmq-auth-backend-http-branch-rabbitmq_v2_4_0/rabbitmq-auth-backend-http"
$ infinity  `curl --fail --silent --show-error --location --output 'rabbitmq_v2_4_0.zip' 'https://github.com/simonmacmullen/rabbitmq-auth-backend-http/archive/rabbitmq_v2_4_0.zip'  2>&1`
$ cd "/home/pete/wefwefwef/docs/erldocs_other.git"
$ cd "/home/pete/wefwefwef/docs/other/4861677214/rabbitmq-auth-backend-http-branch-rabbitmq_v2_4_0/rabbitmq-auth-backend-http"
$ 5000  `find -P . -type l -delete  2>&1`
$ cd "/home/pete/wefwefwef/docs/erldocs_other.git"
$ cd "/home/pete/wefwefwef/docs/other/4861677214/rabbitmq-auth-backend-http-branch-rabbitmq_v2_4_0/rabbitmq-auth-backend-http"
$ 5000  `find 'rabbitmq-auth-backend-http-rabbitmq_v2_4_0' -mindepth 1 -maxdepth 1 -exec mv -t . -- {} +  2>&1`
$ cd "/home/pete/wefwefwef/docs/erldocs_other.git"
 :: Getting dependencies
 :: Generating erldocs into /home/pete/wefwefwef/docs/other/4861677214/repo/rabbitmq_v2_4_0
Building rabbitmq-auth-backend-http
Generating Type Specs - "/home/pete/wefwefwef/docs/other/4861677214/rabbitmq-auth-backend-http-branch-rabbitmq_v2_4_0/rabbitmq-auth-backend-http/src/rabbit_auth_backend_http.erl"
/home/pete/wefwefwef/docs/other/4861677214/rabbitmq-auth-backend-http-branch-rabbitmq_v2_4_0/rabbitmq-auth-backend-http/src/rabbit_auth_backend_http.erl: at line 19: can't find include lib "rabbit_common/include/rabbit.hrl"
EDoc could not process file '/home/pete/wefwefwef/docs/other/4861677214/rabbitmq-auth-backend-http-branch-rabbitmq_v2_4_0/rabbitmq-auth-backend-http/src/rabbit_auth_backend_http.erl'
Error generating type specs for "/home/pete/wefwefwef/docs/other/4861677214/rabbitmq-auth-backend-http-branch-rabbitmq_v2_4_0/rabbitmq-auth-backend-http/src/rabbit_auth_backend_http.erl"
Generating Type Specs - "/home/pete/wefwefwef/docs/other/4861677214/rabbitmq-auth-backend-http-branch-rabbitmq_v2_4_0/rabbitmq-auth-backend-http/src/rabbit_auth_backend_http_app.erl"
Generating XML for application rabbitmq-auth-backend-http "/home/pete/wefwefwef/docs/other/4861677214/rabbitmq-auth-backend-http-branch-rabbitmq_v2_4_0/rabbitmq-auth-backend-http" -> "/home/pete/wefwefwef/docs/other/4861677214/repo/rabbitmq_v2_4_0/.xml/rabbitmq-auth-backend-http"
/home/pete/wefwefwef/docs/other/4861677214/rabbitmq-auth-backend-http-branch-rabbitmq_v2_4_0/rabbitmq-auth-backend-http/src/rabbit_auth_backend_http.erl: at line 19: can't find include lib "rabbit_common/include/rabbit.hrl"
edoc: skipping source file '/home/pete/wefwefwef/docs/other/4861677214/rabbitmq-auth-backend-http-branch-rabbitmq_v2_4_0/rabbitmq-auth-backend-http/src/rabbit_auth_backend_http.erl': {'EXIT',
                                                                                                                                                                                  error}.
edoc: error in doclet 'edoc_doclet': {'EXIT',error}.
Error generating rabbitmq-auth-backend-http XMLs. Using fallback ...
Generating XML rabbitmq-auth-backend-http - rabbit_auth_backend_http "/home/pete/wefwefwef/docs/other/4861677214/rabbitmq-auth-backend-http-branch-rabbitmq_v2_4_0/rabbitmq-auth-backend-http/src/rabbit_auth_backend_http.erl" -> "/home/pete/wefwefwef/docs/other/4861677214/repo/rabbitmq_v2_4_0/.xml/rabbitmq-auth-backend-http/rabbit_auth_backend_http.xml"
/home/pete/wefwefwef/docs/other/4861677214/rabbitmq-auth-backend-http-branch-rabbitmq_v2_4_0/rabbitmq-auth-backend-http/src/rabbit_auth_backend_http.erl: at line 19: can't find include lib "rabbit_common/include/rabbit.hrl"
Error generating XML ("/home/pete/wefwefwef/docs/other/4861677214/rabbitmq-auth-backend-http-branch-rabbitmq_v2_4_0/rabbitmq-auth-backend-http/src/rabbit_auth_backend_http.erl"): {'EXIT',
                                                                                                                                                                                    error}
Generating XML rabbitmq-auth-backend-http - rabbit_auth_backend_http_app "/home/pete/wefwefwef/docs/other/4861677214/rabbitmq-auth-backend-http-branch-rabbitmq_v2_4_0/rabbitmq-auth-backend-http/src/rabbit_auth_backend_http_app.erl" -> "/home/pete/wefwefwef/docs/other/4861677214/repo/rabbitmq_v2_4_0/.xml/rabbitmq-auth-backend-http/rabbit_auth_backend_http_app.xml"
Generating HTML - rabbit_auth_backend_http_app "/home/pete/wefwefwef/docs/other/4861677214/repo/rabbitmq_v2_4_0/.xml/rabbitmq-auth-backend-http/rabbit_auth_backend_http_app.xml"
Reading XML for "/home/pete/wefwefwef/docs/other/4861677214/repo/rabbitmq_v2_4_0/.xml/rabbitmq-auth-backend-http/rabbit_auth_backend_http_app.xml"
Reading XML for "/home/pete/wefwefwef/docs/other/4861677214/repo/rabbitmq_v2_4_0/.xml/specs_rabbit_auth_backend_http_app.xml"
Creating index.html ...
Creating erldocs_index.js ...
Woot, finished in 0 Minutes 0 Seconds
 :: Discovering other repos
$ 5000  `rm -r '/home/pete/wefwefwef/docs/other/4861677214/rabbitmq-auth-backend-http-branch-rabbitmq_v2_4_0'  2>&1`
 :: Processing https://github.com/simonmacmullen/rabbitmq-auth-backend-http	{rev,branch,"rabbitmq_v2_4_1","28365ee5c3c05196caed0bfa8c08227afeb8f8fc",undefined,[],[]}
 :: Fetching repo code
$ cd "/home/pete/wefwefwef/docs/other/4861677214/rabbitmq-auth-backend-http-branch-rabbitmq_v2_4_1/rabbitmq-auth-backend-http"
$ infinity  `curl --fail --silent --show-error --location --output 'rabbitmq_v2_4_1.zip' 'https://github.com/simonmacmullen/rabbitmq-auth-backend-http/archive/rabbitmq_v2_4_1.zip'  2>&1`
$ cd "/home/pete/wefwefwef/docs/erldocs_other.git"
$ cd "/home/pete/wefwefwef/docs/other/4861677214/rabbitmq-auth-backend-http-branch-rabbitmq_v2_4_1/rabbitmq-auth-backend-http"
$ 5000  `find -P . -type l -delete  2>&1`
$ cd "/home/pete/wefwefwef/docs/erldocs_other.git"
$ cd "/home/pete/wefwefwef/docs/other/4861677214/rabbitmq-auth-backend-http-branch-rabbitmq_v2_4_1/rabbitmq-auth-backend-http"
$ 5000  `find 'rabbitmq-auth-backend-http-rabbitmq_v2_4_1' -mindepth 1 -maxdepth 1 -exec mv -t . -- {} +  2>&1`
$ cd "/home/pete/wefwefwef/docs/erldocs_other.git"
 :: Getting dependencies
 :: Generating erldocs into /home/pete/wefwefwef/docs/other/4861677214/repo/rabbitmq_v2_4_1
Building rabbitmq-auth-backend-http
Generating Type Specs - "/home/pete/wefwefwef/docs/other/4861677214/rabbitmq-auth-backend-http-branch-rabbitmq_v2_4_1/rabbitmq-auth-backend-http/src/rabbit_auth_backend_http.erl"
/home/pete/wefwefwef/docs/other/4861677214/rabbitmq-auth-backend-http-branch-rabbitmq_v2_4_1/rabbitmq-auth-backend-http/src/rabbit_auth_backend_http.erl: at line 19: can't find include lib "rabbit_common/include/rabbit.hrl"
EDoc could not process file '/home/pete/wefwefwef/docs/other/4861677214/rabbitmq-auth-backend-http-branch-rabbitmq_v2_4_1/rabbitmq-auth-backend-http/src/rabbit_auth_backend_http.erl'
Error generating type specs for "/home/pete/wefwefwef/docs/other/4861677214/rabbitmq-auth-backend-http-branch-rabbitmq_v2_4_1/rabbitmq-auth-backend-http/src/rabbit_auth_backend_http.erl"
Generating Type Specs - "/home/pete/wefwefwef/docs/other/4861677214/rabbitmq-auth-backend-http-branch-rabbitmq_v2_4_1/rabbitmq-auth-backend-http/src/rabbit_auth_backend_http_app.erl"
Generating XML for application rabbitmq-auth-backend-http "/home/pete/wefwefwef/docs/other/4861677214/rabbitmq-auth-backend-http-branch-rabbitmq_v2_4_1/rabbitmq-auth-backend-http" -> "/home/pete/wefwefwef/docs/other/4861677214/repo/rabbitmq_v2_4_1/.xml/rabbitmq-auth-backend-http"
/home/pete/wefwefwef/docs/other/4861677214/rabbitmq-auth-backend-http-branch-rabbitmq_v2_4_1/rabbitmq-auth-backend-http/src/rabbit_auth_backend_http.erl: at line 19: can't find include lib "rabbit_common/include/rabbit.hrl"
edoc: skipping source file '/home/pete/wefwefwef/docs/other/4861677214/rabbitmq-auth-backend-http-branch-rabbitmq_v2_4_1/rabbitmq-auth-backend-http/src/rabbit_auth_backend_http.erl': {'EXIT',
                                                                                                                                                                                  error}.
edoc: error in doclet 'edoc_doclet': {'EXIT',error}.
Error generating rabbitmq-auth-backend-http XMLs. Using fallback ...
Generating XML rabbitmq-auth-backend-http - rabbit_auth_backend_http "/home/pete/wefwefwef/docs/other/4861677214/rabbitmq-auth-backend-http-branch-rabbitmq_v2_4_1/rabbitmq-auth-backend-http/src/rabbit_auth_backend_http.erl" -> "/home/pete/wefwefwef/docs/other/4861677214/repo/rabbitmq_v2_4_1/.xml/rabbitmq-auth-backend-http/rabbit_auth_backend_http.xml"
/home/pete/wefwefwef/docs/other/4861677214/rabbitmq-auth-backend-http-branch-rabbitmq_v2_4_1/rabbitmq-auth-backend-http/src/rabbit_auth_backend_http.erl: at line 19: can't find include lib "rabbit_common/include/rabbit.hrl"
Error generating XML ("/home/pete/wefwefwef/docs/other/4861677214/rabbitmq-auth-backend-http-branch-rabbitmq_v2_4_1/rabbitmq-auth-backend-http/src/rabbit_auth_backend_http.erl"): {'EXIT',
                                                                                                                                                                                    error}
Generating XML rabbitmq-auth-backend-http - rabbit_auth_backend_http_app "/home/pete/wefwefwef/docs/other/4861677214/rabbitmq-auth-backend-http-branch-rabbitmq_v2_4_1/rabbitmq-auth-backend-http/src/rabbit_auth_backend_http_app.erl" -> "/home/pete/wefwefwef/docs/other/4861677214/repo/rabbitmq_v2_4_1/.xml/rabbitmq-auth-backend-http/rabbit_auth_backend_http_app.xml"
Generating HTML - rabbit_auth_backend_http_app "/home/pete/wefwefwef/docs/other/4861677214/repo/rabbitmq_v2_4_1/.xml/rabbitmq-auth-backend-http/rabbit_auth_backend_http_app.xml"
Reading XML for "/home/pete/wefwefwef/docs/other/4861677214/repo/rabbitmq_v2_4_1/.xml/rabbitmq-auth-backend-http/rabbit_auth_backend_http_app.xml"
Reading XML for "/home/pete/wefwefwef/docs/other/4861677214/repo/rabbitmq_v2_4_1/.xml/specs_rabbit_auth_backend_http_app.xml"
Creating index.html ...
Creating erldocs_index.js ...
Woot, finished in 0 Minutes 0 Seconds
 :: Discovering other repos
$ 5000  `rm -r '/home/pete/wefwefwef/docs/other/4861677214/rabbitmq-auth-backend-http-branch-rabbitmq_v2_4_1'  2>&1`
 :: Processing https://github.com/simonmacmullen/rabbitmq-auth-backend-http	{rev,branch,"rabbitmq_v2_5_0","0032e2e1852b837dc3cab6aa121d018b05e4b5fb",undefined,[],[]}
 :: Fetching repo code
$ cd "/home/pete/wefwefwef/docs/other/4861677214/rabbitmq-auth-backend-http-branch-rabbitmq_v2_5_0/rabbitmq-auth-backend-http"
$ infinity  `curl --fail --silent --show-error --location --output 'rabbitmq_v2_5_0.zip' 'https://github.com/simonmacmullen/rabbitmq-auth-backend-http/archive/rabbitmq_v2_5_0.zip'  2>&1`
$ cd "/home/pete/wefwefwef/docs/erldocs_other.git"
$ cd "/home/pete/wefwefwef/docs/other/4861677214/rabbitmq-auth-backend-http-branch-rabbitmq_v2_5_0/rabbitmq-auth-backend-http"
$ 5000  `find -P . -type l -delete  2>&1`
$ cd "/home/pete/wefwefwef/docs/erldocs_other.git"
$ cd "/home/pete/wefwefwef/docs/other/4861677214/rabbitmq-auth-backend-http-branch-rabbitmq_v2_5_0/rabbitmq-auth-backend-http"
$ 5000  `find 'rabbitmq-auth-backend-http-rabbitmq_v2_5_0' -mindepth 1 -maxdepth 1 -exec mv -t . -- {} +  2>&1`
$ cd "/home/pete/wefwefwef/docs/erldocs_other.git"
 :: Getting dependencies
 :: Generating erldocs into /home/pete/wefwefwef/docs/other/4861677214/repo/rabbitmq_v2_5_0
Building rabbitmq-auth-backend-http
Generating Type Specs - "/home/pete/wefwefwef/docs/other/4861677214/rabbitmq-auth-backend-http-branch-rabbitmq_v2_5_0/rabbitmq-auth-backend-http/src/rabbit_auth_backend_http.erl"
/home/pete/wefwefwef/docs/other/4861677214/rabbitmq-auth-backend-http-branch-rabbitmq_v2_5_0/rabbitmq-auth-backend-http/src/rabbit_auth_backend_http.erl: at line 19: can't find include lib "rabbit_common/include/rabbit.hrl"
EDoc could not process file '/home/pete/wefwefwef/docs/other/4861677214/rabbitmq-auth-backend-http-branch-rabbitmq_v2_5_0/rabbitmq-auth-backend-http/src/rabbit_auth_backend_http.erl'
Error generating type specs for "/home/pete/wefwefwef/docs/other/4861677214/rabbitmq-auth-backend-http-branch-rabbitmq_v2_5_0/rabbitmq-auth-backend-http/src/rabbit_auth_backend_http.erl"
Generating Type Specs - "/home/pete/wefwefwef/docs/other/4861677214/rabbitmq-auth-backend-http-branch-rabbitmq_v2_5_0/rabbitmq-auth-backend-http/src/rabbit_auth_backend_http_app.erl"
Generating XML for application rabbitmq-auth-backend-http "/home/pete/wefwefwef/docs/other/4861677214/rabbitmq-auth-backend-http-branch-rabbitmq_v2_5_0/rabbitmq-auth-backend-http" -> "/home/pete/wefwefwef/docs/other/4861677214/repo/rabbitmq_v2_5_0/.xml/rabbitmq-auth-backend-http"
/home/pete/wefwefwef/docs/other/4861677214/rabbitmq-auth-backend-http-branch-rabbitmq_v2_5_0/rabbitmq-auth-backend-http/src/rabbit_auth_backend_http.erl: at line 19: can't find include lib "rabbit_common/include/rabbit.hrl"
edoc: skipping source file '/home/pete/wefwefwef/docs/other/4861677214/rabbitmq-auth-backend-http-branch-rabbitmq_v2_5_0/rabbitmq-auth-backend-http/src/rabbit_auth_backend_http.erl': {'EXIT',
                                                                                                                                                                                  error}.
edoc: error in doclet 'edoc_doclet': {'EXIT',error}.
Error generating rabbitmq-auth-backend-http XMLs. Using fallback ...
Generating XML rabbitmq-auth-backend-http - rabbit_auth_backend_http "/home/pete/wefwefwef/docs/other/4861677214/rabbitmq-auth-backend-http-branch-rabbitmq_v2_5_0/rabbitmq-auth-backend-http/src/rabbit_auth_backend_http.erl" -> "/home/pete/wefwefwef/docs/other/4861677214/repo/rabbitmq_v2_5_0/.xml/rabbitmq-auth-backend-http/rabbit_auth_backend_http.xml"
/home/pete/wefwefwef/docs/other/4861677214/rabbitmq-auth-backend-http-branch-rabbitmq_v2_5_0/rabbitmq-auth-backend-http/src/rabbit_auth_backend_http.erl: at line 19: can't find include lib "rabbit_common/include/rabbit.hrl"
Error generating XML ("/home/pete/wefwefwef/docs/other/4861677214/rabbitmq-auth-backend-http-branch-rabbitmq_v2_5_0/rabbitmq-auth-backend-http/src/rabbit_auth_backend_http.erl"): {'EXIT',
                                                                                                                                                                                    error}
Generating XML rabbitmq-auth-backend-http - rabbit_auth_backend_http_app "/home/pete/wefwefwef/docs/other/4861677214/rabbitmq-auth-backend-http-branch-rabbitmq_v2_5_0/rabbitmq-auth-backend-http/src/rabbit_auth_backend_http_app.erl" -> "/home/pete/wefwefwef/docs/other/4861677214/repo/rabbitmq_v2_5_0/.xml/rabbitmq-auth-backend-http/rabbit_auth_backend_http_app.xml"
Generating HTML - rabbit_auth_backend_http_app "/home/pete/wefwefwef/docs/other/4861677214/repo/rabbitmq_v2_5_0/.xml/rabbitmq-auth-backend-http/rabbit_auth_backend_http_app.xml"
Reading XML for "/home/pete/wefwefwef/docs/other/4861677214/repo/rabbitmq_v2_5_0/.xml/rabbitmq-auth-backend-http/rabbit_auth_backend_http_app.xml"
Reading XML for "/home/pete/wefwefwef/docs/other/4861677214/repo/rabbitmq_v2_5_0/.xml/specs_rabbit_auth_backend_http_app.xml"
Creating index.html ...
Creating erldocs_index.js ...
Woot, finished in 0 Minutes 0 Seconds
 :: Discovering other repos
$ 5000  `rm -r '/home/pete/wefwefwef/docs/other/4861677214/rabbitmq-auth-backend-http-branch-rabbitmq_v2_5_0'  2>&1`
 :: Processing https://github.com/simonmacmullen/rabbitmq-auth-backend-http	{rev,branch,"rabbitmq_v2_5_1","0032e2e1852b837dc3cab6aa121d018b05e4b5fb",undefined,[],[]}
 :: Fetching repo code
$ cd "/home/pete/wefwefwef/docs/other/4861677214/rabbitmq-auth-backend-http-branch-rabbitmq_v2_5_1/rabbitmq-auth-backend-http"
$ infinity  `curl --fail --silent --show-error --location --output 'rabbitmq_v2_5_1.zip' 'https://github.com/simonmacmullen/rabbitmq-auth-backend-http/archive/rabbitmq_v2_5_1.zip'  2>&1`
$ cd "/home/pete/wefwefwef/docs/erldocs_other.git"
$ cd "/home/pete/wefwefwef/docs/other/4861677214/rabbitmq-auth-backend-http-branch-rabbitmq_v2_5_1/rabbitmq-auth-backend-http"
$ 5000  `find -P . -type l -delete  2>&1`
$ cd "/home/pete/wefwefwef/docs/erldocs_other.git"
$ cd "/home/pete/wefwefwef/docs/other/4861677214/rabbitmq-auth-backend-http-branch-rabbitmq_v2_5_1/rabbitmq-auth-backend-http"
$ 5000  `find 'rabbitmq-auth-backend-http-rabbitmq_v2_5_1' -mindepth 1 -maxdepth 1 -exec mv -t . -- {} +  2>&1`
$ cd "/home/pete/wefwefwef/docs/erldocs_other.git"
 :: Getting dependencies
 :: Generating erldocs into /home/pete/wefwefwef/docs/other/4861677214/repo/rabbitmq_v2_5_1
Building rabbitmq-auth-backend-http
Generating Type Specs - "/home/pete/wefwefwef/docs/other/4861677214/rabbitmq-auth-backend-http-branch-rabbitmq_v2_5_1/rabbitmq-auth-backend-http/src/rabbit_auth_backend_http.erl"
/home/pete/wefwefwef/docs/other/4861677214/rabbitmq-auth-backend-http-branch-rabbitmq_v2_5_1/rabbitmq-auth-backend-http/src/rabbit_auth_backend_http.erl: at line 19: can't find include lib "rabbit_common/include/rabbit.hrl"
EDoc could not process file '/home/pete/wefwefwef/docs/other/4861677214/rabbitmq-auth-backend-http-branch-rabbitmq_v2_5_1/rabbitmq-auth-backend-http/src/rabbit_auth_backend_http.erl'
Error generating type specs for "/home/pete/wefwefwef/docs/other/4861677214/rabbitmq-auth-backend-http-branch-rabbitmq_v2_5_1/rabbitmq-auth-backend-http/src/rabbit_auth_backend_http.erl"
Generating Type Specs - "/home/pete/wefwefwef/docs/other/4861677214/rabbitmq-auth-backend-http-branch-rabbitmq_v2_5_1/rabbitmq-auth-backend-http/src/rabbit_auth_backend_http_app.erl"
Generating XML for application rabbitmq-auth-backend-http "/home/pete/wefwefwef/docs/other/4861677214/rabbitmq-auth-backend-http-branch-rabbitmq_v2_5_1/rabbitmq-auth-backend-http" -> "/home/pete/wefwefwef/docs/other/4861677214/repo/rabbitmq_v2_5_1/.xml/rabbitmq-auth-backend-http"
/home/pete/wefwefwef/docs/other/4861677214/rabbitmq-auth-backend-http-branch-rabbitmq_v2_5_1/rabbitmq-auth-backend-http/src/rabbit_auth_backend_http.erl: at line 19: can't find include lib "rabbit_common/include/rabbit.hrl"
edoc: skipping source file '/home/pete/wefwefwef/docs/other/4861677214/rabbitmq-auth-backend-http-branch-rabbitmq_v2_5_1/rabbitmq-auth-backend-http/src/rabbit_auth_backend_http.erl': {'EXIT',
                                                                                                                                                                                  error}.
edoc: error in doclet 'edoc_doclet': {'EXIT',error}.
Error generating rabbitmq-auth-backend-http XMLs. Using fallback ...
Generating XML rabbitmq-auth-backend-http - rabbit_auth_backend_http "/home/pete/wefwefwef/docs/other/4861677214/rabbitmq-auth-backend-http-branch-rabbitmq_v2_5_1/rabbitmq-auth-backend-http/src/rabbit_auth_backend_http.erl" -> "/home/pete/wefwefwef/docs/other/4861677214/repo/rabbitmq_v2_5_1/.xml/rabbitmq-auth-backend-http/rabbit_auth_backend_http.xml"
/home/pete/wefwefwef/docs/other/4861677214/rabbitmq-auth-backend-http-branch-rabbitmq_v2_5_1/rabbitmq-auth-backend-http/src/rabbit_auth_backend_http.erl: at line 19: can't find include lib "rabbit_common/include/rabbit.hrl"
Error generating XML ("/home/pete/wefwefwef/docs/other/4861677214/rabbitmq-auth-backend-http-branch-rabbitmq_v2_5_1/rabbitmq-auth-backend-http/src/rabbit_auth_backend_http.erl"): {'EXIT',
                                                                                                                                                                                    error}
Generating XML rabbitmq-auth-backend-http - rabbit_auth_backend_http_app "/home/pete/wefwefwef/docs/other/4861677214/rabbitmq-auth-backend-http-branch-rabbitmq_v2_5_1/rabbitmq-auth-backend-http/src/rabbit_auth_backend_http_app.erl" -> "/home/pete/wefwefwef/docs/other/4861677214/repo/rabbitmq_v2_5_1/.xml/rabbitmq-auth-backend-http/rabbit_auth_backend_http_app.xml"
Generating HTML - rabbit_auth_backend_http_app "/home/pete/wefwefwef/docs/other/4861677214/repo/rabbitmq_v2_5_1/.xml/rabbitmq-auth-backend-http/rabbit_auth_backend_http_app.xml"
Reading XML for "/home/pete/wefwefwef/docs/other/4861677214/repo/rabbitmq_v2_5_1/.xml/rabbitmq-auth-backend-http/rabbit_auth_backend_http_app.xml"
Reading XML for "/home/pete/wefwefwef/docs/other/4861677214/repo/rabbitmq_v2_5_1/.xml/specs_rabbit_auth_backend_http_app.xml"
Creating index.html ...
Creating erldocs_index.js ...
Woot, finished in 0 Minutes 0 Seconds
 :: Discovering other repos
$ 5000  `rm -r '/home/pete/wefwefwef/docs/other/4861677214/rabbitmq-auth-backend-http-branch-rabbitmq_v2_5_1'  2>&1`
 :: Processing https://github.com/simonmacmullen/rabbitmq-auth-backend-http	{rev,branch,"rabbitmq_v2_7_0","f5e8a40ae0a61c3362eb6d840da7cd0fd0f49d94",undefined,[],[]}
 :: Fetching repo code
$ cd "/home/pete/wefwefwef/docs/other/4861677214/rabbitmq-auth-backend-http-branch-rabbitmq_v2_7_0/rabbitmq-auth-backend-http"
$ infinity  `curl --fail --silent --show-error --location --output 'rabbitmq_v2_7_0.zip' 'https://github.com/simonmacmullen/rabbitmq-auth-backend-http/archive/rabbitmq_v2_7_0.zip'  2>&1`
$ cd "/home/pete/wefwefwef/docs/erldocs_other.git"
$ cd "/home/pete/wefwefwef/docs/other/4861677214/rabbitmq-auth-backend-http-branch-rabbitmq_v2_7_0/rabbitmq-auth-backend-http"
$ 5000  `find -P . -type l -delete  2>&1`
$ cd "/home/pete/wefwefwef/docs/erldocs_other.git"
$ cd "/home/pete/wefwefwef/docs/other/4861677214/rabbitmq-auth-backend-http-branch-rabbitmq_v2_7_0/rabbitmq-auth-backend-http"
$ 5000  `find 'rabbitmq-auth-backend-http-rabbitmq_v2_7_0' -mindepth 1 -maxdepth 1 -exec mv -t . -- {} +  2>&1`
$ cd "/home/pete/wefwefwef/docs/erldocs_other.git"
 :: Getting dependencies
 :: Generating erldocs into /home/pete/wefwefwef/docs/other/4861677214/repo/rabbitmq_v2_7_0
Building rabbitmq-auth-backend-http
Generating Type Specs - "/home/pete/wefwefwef/docs/other/4861677214/rabbitmq-auth-backend-http-branch-rabbitmq_v2_7_0/rabbitmq-auth-backend-http/src/rabbit_auth_backend_http.erl"
/home/pete/wefwefwef/docs/other/4861677214/rabbitmq-auth-backend-http-branch-rabbitmq_v2_7_0/rabbitmq-auth-backend-http/src/rabbit_auth_backend_http.erl: at line 19: can't find include lib "rabbit_common/include/rabbit.hrl"
EDoc could not process file '/home/pete/wefwefwef/docs/other/4861677214/rabbitmq-auth-backend-http-branch-rabbitmq_v2_7_0/rabbitmq-auth-backend-http/src/rabbit_auth_backend_http.erl'
Error generating type specs for "/home/pete/wefwefwef/docs/other/4861677214/rabbitmq-auth-backend-http-branch-rabbitmq_v2_7_0/rabbitmq-auth-backend-http/src/rabbit_auth_backend_http.erl"
Generating Type Specs - "/home/pete/wefwefwef/docs/other/4861677214/rabbitmq-auth-backend-http-branch-rabbitmq_v2_7_0/rabbitmq-auth-backend-http/src/rabbit_auth_backend_http_app.erl"
Generating XML for application rabbitmq-auth-backend-http "/home/pete/wefwefwef/docs/other/4861677214/rabbitmq-auth-backend-http-branch-rabbitmq_v2_7_0/rabbitmq-auth-backend-http" -> "/home/pete/wefwefwef/docs/other/4861677214/repo/rabbitmq_v2_7_0/.xml/rabbitmq-auth-backend-http"
/home/pete/wefwefwef/docs/other/4861677214/rabbitmq-auth-backend-http-branch-rabbitmq_v2_7_0/rabbitmq-auth-backend-http/src/rabbit_auth_backend_http.erl: at line 19: can't find include lib "rabbit_common/include/rabbit.hrl"
edoc: skipping source file '/home/pete/wefwefwef/docs/other/4861677214/rabbitmq-auth-backend-http-branch-rabbitmq_v2_7_0/rabbitmq-auth-backend-http/src/rabbit_auth_backend_http.erl': {'EXIT',
                                                                                                                                                                                  error}.
edoc: error in doclet 'edoc_doclet': {'EXIT',error}.
Error generating rabbitmq-auth-backend-http XMLs. Using fallback ...
Generating XML rabbitmq-auth-backend-http - rabbit_auth_backend_http "/home/pete/wefwefwef/docs/other/4861677214/rabbitmq-auth-backend-http-branch-rabbitmq_v2_7_0/rabbitmq-auth-backend-http/src/rabbit_auth_backend_http.erl" -> "/home/pete/wefwefwef/docs/other/4861677214/repo/rabbitmq_v2_7_0/.xml/rabbitmq-auth-backend-http/rabbit_auth_backend_http.xml"
/home/pete/wefwefwef/docs/other/4861677214/rabbitmq-auth-backend-http-branch-rabbitmq_v2_7_0/rabbitmq-auth-backend-http/src/rabbit_auth_backend_http.erl: at line 19: can't find include lib "rabbit_common/include/rabbit.hrl"
Error generating XML ("/home/pete/wefwefwef/docs/other/4861677214/rabbitmq-auth-backend-http-branch-rabbitmq_v2_7_0/rabbitmq-auth-backend-http/src/rabbit_auth_backend_http.erl"): {'EXIT',
                                                                                                                                                                                    error}
Generating XML rabbitmq-auth-backend-http - rabbit_auth_backend_http_app "/home/pete/wefwefwef/docs/other/4861677214/rabbitmq-auth-backend-http-branch-rabbitmq_v2_7_0/rabbitmq-auth-backend-http/src/rabbit_auth_backend_http_app.erl" -> "/home/pete/wefwefwef/docs/other/4861677214/repo/rabbitmq_v2_7_0/.xml/rabbitmq-auth-backend-http/rabbit_auth_backend_http_app.xml"
Generating HTML - rabbit_auth_backend_http_app "/home/pete/wefwefwef/docs/other/4861677214/repo/rabbitmq_v2_7_0/.xml/rabbitmq-auth-backend-http/rabbit_auth_backend_http_app.xml"
Reading XML for "/home/pete/wefwefwef/docs/other/4861677214/repo/rabbitmq_v2_7_0/.xml/rabbitmq-auth-backend-http/rabbit_auth_backend_http_app.xml"
Reading XML for "/home/pete/wefwefwef/docs/other/4861677214/repo/rabbitmq_v2_7_0/.xml/specs_rabbit_auth_backend_http_app.xml"
Creating index.html ...
Creating erldocs_index.js ...
Woot, finished in 0 Minutes 0 Seconds
 :: Discovering other repos
$ 5000  `rm -r '/home/pete/wefwefwef/docs/other/4861677214/rabbitmq-auth-backend-http-branch-rabbitmq_v2_7_0'  2>&1`
 :: Finishing up
$ 5000  `rm -r '/home/pete/wefwefwef/docs/other/4861677214/rabbitmq-auth-backend-http'  2>&1`
